{"level":"\u001b[32minfo\u001b[39m","message":"{\"method\":\"GET\",\"url\":\"/api/users/notification\",\"status\":\"401\",\"responseTime\":\"21.191\"}","timestamp":"2025-02-06T08:42:44.299Z"}
{"level":"\u001b[32minfo\u001b[39m","message":"{\"method\":\"GET\",\"url\":\"/api/users/notification\",\"status\":\"401\",\"responseTime\":\"3.117\"}","timestamp":"2025-02-06T08:42:44.358Z"}
{"level":"\u001b[32minfo\u001b[39m","message":"{\"method\":\"GET\",\"url\":\"/api/posts\",\"status\":\"200\",\"responseTime\":\"1552.578\"}","timestamp":"2025-02-06T08:42:45.566Z"}
{"level":"\u001b[32minfo\u001b[39m","message":"{\"method\":\"GET\",\"url\":\"/api/posts\",\"status\":\"304\",\"responseTime\":\"77.890\"}","timestamp":"2025-02-06T08:42:45.650Z"}
{"level":"\u001b[32minfo\u001b[39m","message":"{\"method\":\"GET\",\"url\":\"/api/posts\",\"status\":\"200\",\"responseTime\":\"75.192\"}","timestamp":"2025-02-06T08:42:45.729Z"}
{"level":"\u001b[32minfo\u001b[39m","message":"{\"method\":\"GET\",\"url\":\"/api/posts\",\"status\":\"200\",\"responseTime\":\"72.904\"}","timestamp":"2025-02-06T08:42:45.825Z"}
{"level":"\u001b[32minfo\u001b[39m","message":"{\"method\":\"GET\",\"url\":\"/api/posts\",\"status\":\"200\",\"responseTime\":\"107.357\"}","timestamp":"2025-02-06T08:42:52.678Z"}
{"level":"\u001b[32minfo\u001b[39m","message":"{\"method\":\"GET\",\"url\":\"/api/users/notification\",\"status\":\"401\",\"responseTime\":\"4.050\"}","timestamp":"2025-02-06T08:42:52.755Z"}
{"level":"\u001b[32minfo\u001b[39m","message":"{\"method\":\"GET\",\"url\":\"/api/users/notification\",\"status\":\"401\",\"responseTime\":\"3.724\"}","timestamp":"2025-02-06T08:42:52.781Z"}
{"level":"\u001b[32minfo\u001b[39m","message":"{\"method\":\"GET\",\"url\":\"/api/posts\",\"status\":\"304\",\"responseTime\":\"103.896\"}","timestamp":"2025-02-06T08:42:52.791Z"}
{"level":"\u001b[32minfo\u001b[39m","message":"{\"method\":\"GET\",\"url\":\"/api/users/profilePosts\",\"status\":\"401\",\"responseTime\":\"0.692\"}","timestamp":"2025-02-06T08:43:31.139Z"}
{"level":"\u001b[32minfo\u001b[39m","message":"{\"method\":\"GET\",\"url\":\"/api/users/notification\",\"status\":\"401\",\"responseTime\":\"1.279\"}","timestamp":"2025-02-06T08:43:31.201Z"}
{"level":"\u001b[32minfo\u001b[39m","message":"{\"method\":\"GET\",\"url\":\"/api/users/notification\",\"status\":\"401\",\"responseTime\":\"2.312\"}","timestamp":"2025-02-06T08:43:31.211Z"}
{"level":"\u001b[32minfo\u001b[39m","message":"{\"method\":\"GET\",\"url\":\"/api/users/profilePosts\",\"status\":\"401\",\"responseTime\":\"2.589\"}","timestamp":"2025-02-06T08:43:35.015Z"}
{"level":"\u001b[32minfo\u001b[39m","message":"{\"method\":\"GET\",\"url\":\"/api/users/profilePosts\",\"status\":\"401\",\"responseTime\":\"1.352\"}","timestamp":"2025-02-06T08:43:35.038Z"}
{"level":"\u001b[32minfo\u001b[39m","message":"{\"method\":\"GET\",\"url\":\"/api/users/notification\",\"status\":\"401\",\"responseTime\":\"1.362\"}","timestamp":"2025-02-06T08:43:35.145Z"}
{"level":"\u001b[32minfo\u001b[39m","message":"{\"method\":\"GET\",\"url\":\"/api/users/notification\",\"status\":\"401\",\"responseTime\":\"1.140\"}","timestamp":"2025-02-06T08:43:35.160Z"}
{"level":"\u001b[32minfo\u001b[39m","message":"undefined logged out successfully","timestamp":"2025-02-06T08:44:00.273Z"}
{"level":"\u001b[32minfo\u001b[39m","message":"{\"method\":\"POST\",\"url\":\"/api/auth/logout\",\"status\":\"200\",\"responseTime\":\"2.747\"}","timestamp":"2025-02-06T08:44:00.277Z"}
{"level":"\u001b[32minfo\u001b[39m","message":"{\"method\":\"GET\",\"url\":\"/api/posts\",\"status\":\"304\",\"responseTime\":\"102.912\"}","timestamp":"2025-02-06T08:44:00.428Z"}
{"level":"\u001b[32minfo\u001b[39m","message":"User-1 logged in successfully","timestamp":"2025-02-06T08:45:12.588Z"}
{"level":"\u001b[32minfo\u001b[39m","message":"{\"method\":\"POST\",\"url\":\"/api/auth/login\",\"status\":\"200\",\"responseTime\":\"252.621\"}","timestamp":"2025-02-06T08:45:12.591Z"}
{"level":"\u001b[32minfo\u001b[39m","message":"{\"method\":\"GET\",\"url\":\"/api/posts\",\"status\":\"304\",\"responseTime\":\"89.564\"}","timestamp":"2025-02-06T08:45:12.714Z"}
{"level":"\u001b[32minfo\u001b[39m","message":"{\"method\":\"GET\",\"url\":\"/api/users/notification\",\"status\":\"200\",\"responseTime\":\"1932.968\"}","timestamp":"2025-02-06T08:45:14.586Z"}
{"level":"\u001b[32minfo\u001b[39m","message":"{\"method\":\"GET\",\"url\":\"/api/users/notification\",\"status\":\"304\",\"responseTime\":\"161.574\"}","timestamp":"2025-02-06T08:45:15.876Z"}
{"level":"\u001b[32minfo\u001b[39m","message":"{\"method\":\"GET\",\"url\":\"/api/users/notification\",\"status\":\"304\",\"responseTime\":\"73.443\"}","timestamp":"2025-02-06T08:45:15.959Z"}
{"level":"\u001b[32minfo\u001b[39m","message":"{\"method\":\"GET\",\"url\":\"/api/users/profilePosts\",\"status\":\"200\",\"responseTime\":\"385.708\"}","timestamp":"2025-02-06T08:45:16.035Z"}
{"level":"\u001b[32minfo\u001b[39m","message":"undefined logged out successfully","timestamp":"2025-02-06T08:45:33.729Z"}
{"level":"\u001b[32minfo\u001b[39m","message":"{\"method\":\"POST\",\"url\":\"/api/auth/logout\",\"status\":\"200\",\"responseTime\":\"1.114\"}","timestamp":"2025-02-06T08:45:33.731Z"}
{"level":"\u001b[32minfo\u001b[39m","message":"{\"method\":\"GET\",\"url\":\"/api/posts\",\"status\":\"304\",\"responseTime\":\"112.195\"}","timestamp":"2025-02-06T08:45:33.879Z"}
{"level":"\u001b[32minfo\u001b[39m","message":"{\"method\":\"GET\",\"url\":\"/api/posts\",\"status\":\"304\",\"responseTime\":\"92.630\"}","timestamp":"2025-02-06T08:45:42.470Z"}
{"level":"\u001b[32minfo\u001b[39m","message":"{\"method\":\"GET\",\"url\":\"/api/posts\",\"status\":\"304\",\"responseTime\":\"86.148\"}","timestamp":"2025-02-06T08:45:42.562Z"}
{"level":"\u001b[32minfo\u001b[39m","message":"User-1 logged in successfully","timestamp":"2025-02-06T08:45:52.051Z"}
{"level":"\u001b[32minfo\u001b[39m","message":"{\"method\":\"POST\",\"url\":\"/api/auth/login\",\"status\":\"200\",\"responseTime\":\"226.631\"}","timestamp":"2025-02-06T08:45:52.052Z"}
{"level":"\u001b[32minfo\u001b[39m","message":"{\"method\":\"GET\",\"url\":\"/api/users/notification\",\"status\":\"304\",\"responseTime\":\"63.773\"}","timestamp":"2025-02-06T08:45:52.162Z"}
{"level":"\u001b[32minfo\u001b[39m","message":"{\"method\":\"GET\",\"url\":\"/api/posts\",\"status\":\"304\",\"responseTime\":\"84.817\"}","timestamp":"2025-02-06T08:45:52.169Z"}
{"level":"\u001b[32minfo\u001b[39m","message":"{\"method\":\"GET\",\"url\":\"/api/users/notification\",\"status\":\"304\",\"responseTime\":\"67.472\"}","timestamp":"2025-02-06T08:45:57.059Z"}
{"level":"\u001b[32minfo\u001b[39m","message":"{\"method\":\"GET\",\"url\":\"/api/users/notification\",\"status\":\"304\",\"responseTime\":\"78.711\"}","timestamp":"2025-02-06T08:45:57.142Z"}
{"level":"\u001b[32minfo\u001b[39m","message":"{\"method\":\"GET\",\"url\":\"/api/chats\",\"status\":\"200\",\"responseTime\":\"225.494\"}","timestamp":"2025-02-06T08:45:57.184Z"}
{"level":"\u001b[32minfo\u001b[39m","message":"{\"method\":\"GET\",\"url\":\"/api/users/profilePosts\",\"status\":\"304\",\"responseTime\":\"249.657\"}","timestamp":"2025-02-06T08:45:59.686Z"}
{"level":"\u001b[32minfo\u001b[39m","message":"{\"method\":\"GET\",\"url\":\"/api/posts/6752d6e78f50cda3550dcf26\",\"status\":\"304\",\"responseTime\":\"298.003\"}","timestamp":"2025-02-06T08:46:06.203Z"}
{"level":"\u001b[32minfo\u001b[39m","message":"{\"method\":\"GET\",\"url\":\"/api/users/notification\",\"status\":\"304\",\"responseTime\":\"88.658\"}","timestamp":"2025-02-06T08:46:06.405Z"}
{"level":"\u001b[32minfo\u001b[39m","message":"{\"method\":\"GET\",\"url\":\"/api/users/notification\",\"status\":\"304\",\"responseTime\":\"62.070\"}","timestamp":"2025-02-06T08:46:06.472Z"}
{"level":"\u001b[32minfo\u001b[39m","message":"{\"method\":\"GET\",\"url\":\"/api/posts\",\"status\":\"304\",\"responseTime\":\"94.979\"}","timestamp":"2025-02-06T08:46:15.159Z"}
{"level":"\u001b[32minfo\u001b[39m","message":"{\"method\":\"GET\",\"url\":\"/api/users/notification\",\"status\":\"304\",\"responseTime\":\"69.289\"}","timestamp":"2025-02-06T08:46:15.236Z"}
{"level":"\u001b[32minfo\u001b[39m","message":"{\"method\":\"GET\",\"url\":\"/api/posts\",\"status\":\"304\",\"responseTime\":\"64.934\"}","timestamp":"2025-02-06T08:46:15.240Z"}
{"level":"\u001b[32minfo\u001b[39m","message":"{\"method\":\"GET\",\"url\":\"/api/users/notification\",\"status\":\"304\",\"responseTime\":\"73.933\"}","timestamp":"2025-02-06T08:46:15.317Z"}
{"level":"\u001b[32minfo\u001b[39m","message":"{\"method\":\"GET\",\"url\":\"/api/users/notification\",\"status\":\"304\",\"responseTime\":\"122.694\"}","timestamp":"2025-02-06T08:46:18.178Z"}
{"level":"\u001b[32minfo\u001b[39m","message":"{\"method\":\"GET\",\"url\":\"/api/users/notification\",\"status\":\"304\",\"responseTime\":\"82.957\"}","timestamp":"2025-02-06T08:46:18.268Z"}
{"level":"\u001b[32minfo\u001b[39m","message":"{\"method\":\"GET\",\"url\":\"/api/users/profilePosts\",\"status\":\"304\",\"responseTime\":\"342.392\"}","timestamp":"2025-02-06T08:46:18.346Z"}
{"level":"\u001b[32minfo\u001b[39m","message":"{\"method\":\"GET\",\"url\":\"/api/posts/6752db7b8f50cda3550dcf2a\",\"status\":\"304\",\"responseTime\":\"323.792\"}","timestamp":"2025-02-06T08:46:21.754Z"}
{"level":"\u001b[32minfo\u001b[39m","message":"{\"method\":\"GET\",\"url\":\"/api/users/notification\",\"status\":\"304\",\"responseTime\":\"81.071\"}","timestamp":"2025-02-06T08:46:21.941Z"}
{"level":"\u001b[32minfo\u001b[39m","message":"{\"method\":\"GET\",\"url\":\"/api/users/notification\",\"status\":\"304\",\"responseTime\":\"85.165\"}","timestamp":"2025-02-06T08:46:22.033Z"}
{"level":"\u001b[32minfo\u001b[39m","message":"{\"method\":\"GET\",\"url\":\"/api/users/notification\",\"status\":\"304\",\"responseTime\":\"88.469\"}","timestamp":"2025-02-06T08:46:28.172Z"}
{"level":"\u001b[32minfo\u001b[39m","message":"{\"method\":\"GET\",\"url\":\"/api/users/notification\",\"status\":\"304\",\"responseTime\":\"81.327\"}","timestamp":"2025-02-06T08:46:28.257Z"}
{"level":"\u001b[32minfo\u001b[39m","message":"{\"method\":\"GET\",\"url\":\"/api/users/profilePosts\",\"status\":\"304\",\"responseTime\":\"231.300\"}","timestamp":"2025-02-06T08:46:28.263Z"}
{"level":"\u001b[32minfo\u001b[39m","message":"{\"method\":\"GET\",\"url\":\"/api/posts\",\"status\":\"304\",\"responseTime\":\"92.348\"}","timestamp":"2025-02-06T08:46:34.468Z"}
{"level":"\u001b[32minfo\u001b[39m","message":"{\"method\":\"GET\",\"url\":\"/api/posts\",\"status\":\"304\",\"responseTime\":\"67.937\"}","timestamp":"2025-02-06T08:46:34.550Z"}
{"level":"\u001b[32minfo\u001b[39m","message":"{\"method\":\"GET\",\"url\":\"/api/users/notification\",\"status\":\"304\",\"responseTime\":\"63.357\"}","timestamp":"2025-02-06T08:46:34.559Z"}
{"level":"\u001b[32minfo\u001b[39m","message":"{\"method\":\"GET\",\"url\":\"/api/users/notification\",\"status\":\"304\",\"responseTime\":\"88.223\"}","timestamp":"2025-02-06T08:46:34.654Z"}
{"level":"\u001b[32minfo\u001b[39m","message":"{\"method\":\"GET\",\"url\":\"/api/posts/67741a2a0d94e7ed5ab1b40e\",\"status\":\"304\",\"responseTime\":\"316.881\"}","timestamp":"2025-02-06T08:46:37.673Z"}
{"level":"\u001b[32minfo\u001b[39m","message":"{\"method\":\"POST\",\"url\":\"/api/users/save\",\"status\":\"200\",\"responseTime\":\"404.197\"}","timestamp":"2025-02-06T08:46:40.836Z"}
{"level":"\u001b[32minfo\u001b[39m","message":"{\"method\":\"GET\",\"url\":\"/api/users/notification\",\"status\":\"304\",\"responseTime\":\"86.534\"}","timestamp":"2025-02-06T08:46:42.533Z"}
{"level":"\u001b[32minfo\u001b[39m","message":"{\"method\":\"GET\",\"url\":\"/api/users/notification\",\"status\":\"304\",\"responseTime\":\"78.018\"}","timestamp":"2025-02-06T08:46:42.617Z"}
{"level":"\u001b[32minfo\u001b[39m","message":"{\"method\":\"GET\",\"url\":\"/api/users/profilePosts\",\"status\":\"200\",\"responseTime\":\"233.071\"}","timestamp":"2025-02-06T08:46:42.624Z"}
{"level":"\u001b[32minfo\u001b[39m","message":"{\"method\":\"GET\",\"url\":\"/api/posts/67741a2a0d94e7ed5ab1b40e\",\"status\":\"200\",\"responseTime\":\"328.015\"}","timestamp":"2025-02-06T08:46:46.393Z"}
{"level":"\u001b[32minfo\u001b[39m","message":"{\"method\":\"GET\",\"url\":\"/api/users/notification\",\"status\":\"304\",\"responseTime\":\"82.409\"}","timestamp":"2025-02-06T08:46:46.558Z"}
{"level":"\u001b[32minfo\u001b[39m","message":"{\"method\":\"GET\",\"url\":\"/api/users/notification\",\"status\":\"304\",\"responseTime\":\"71.649\"}","timestamp":"2025-02-06T08:46:46.633Z"}
{"level":"\u001b[32minfo\u001b[39m","message":"{\"method\":\"GET\",\"url\":\"/api/users/notification\",\"status\":\"304\",\"responseTime\":\"98.863\"}","timestamp":"2025-02-06T08:46:50.773Z"}
{"level":"\u001b[32minfo\u001b[39m","message":"{\"method\":\"GET\",\"url\":\"/api/users/notification\",\"status\":\"304\",\"responseTime\":\"85.722\"}","timestamp":"2025-02-06T08:46:50.863Z"}
{"level":"\u001b[32minfo\u001b[39m","message":"{\"method\":\"GET\",\"url\":\"/api/users/profilePosts\",\"status\":\"304\",\"responseTime\":\"311.075\"}","timestamp":"2025-02-06T08:46:50.937Z"}
{"level":"\u001b[32minfo\u001b[39m","message":"{\"method\":\"GET\",\"url\":\"/api/posts/67530640bf37655f4e18d391\",\"status\":\"304\",\"responseTime\":\"322.850\"}","timestamp":"2025-02-06T08:46:53.513Z"}
{"level":"\u001b[32minfo\u001b[39m","message":"{\"method\":\"GET\",\"url\":\"/api/users/notification\",\"status\":\"304\",\"responseTime\":\"95.326\"}","timestamp":"2025-02-06T08:46:53.703Z"}
{"level":"\u001b[32minfo\u001b[39m","message":"{\"method\":\"GET\",\"url\":\"/api/users/notification\",\"status\":\"304\",\"responseTime\":\"79.638\"}","timestamp":"2025-02-06T08:46:53.787Z"}
{"level":"\u001b[32minfo\u001b[39m","message":"{\"method\":\"GET\",\"url\":\"/api/users/notification\",\"status\":\"304\",\"responseTime\":\"65.784\"}","timestamp":"2025-02-06T08:46:57.589Z"}
{"level":"\u001b[32minfo\u001b[39m","message":"{\"method\":\"GET\",\"url\":\"/api/users/notification\",\"status\":\"304\",\"responseTime\":\"61.382\"}","timestamp":"2025-02-06T08:46:57.653Z"}
{"level":"\u001b[32minfo\u001b[39m","message":"{\"method\":\"GET\",\"url\":\"/api/users/profilePosts\",\"status\":\"304\",\"responseTime\":\"265.471\"}","timestamp":"2025-02-06T08:46:57.738Z"}
{"level":"\u001b[32minfo\u001b[39m","message":"{\"method\":\"GET\",\"url\":\"/api/posts/6752e0ca8f50cda3550dcf30\",\"status\":\"304\",\"responseTime\":\"332.553\"}","timestamp":"2025-02-06T08:47:02.623Z"}
{"level":"\u001b[32minfo\u001b[39m","message":"{\"method\":\"GET\",\"url\":\"/api/users/notification\",\"status\":\"304\",\"responseTime\":\"86.321\"}","timestamp":"2025-02-06T08:47:02.795Z"}
{"level":"\u001b[32minfo\u001b[39m","message":"{\"method\":\"GET\",\"url\":\"/api/users/notification\",\"status\":\"304\",\"responseTime\":\"64.675\"}","timestamp":"2025-02-06T08:47:02.873Z"}
{"level":"\u001b[32minfo\u001b[39m","message":"{\"method\":\"GET\",\"url\":\"/api/users/notification\",\"status\":\"304\",\"responseTime\":\"72.224\"}","timestamp":"2025-02-06T08:47:05.287Z"}
{"level":"\u001b[32minfo\u001b[39m","message":"{\"method\":\"GET\",\"url\":\"/api/users/notification\",\"status\":\"304\",\"responseTime\":\"93.099\"}","timestamp":"2025-02-06T08:47:05.384Z"}
{"level":"\u001b[32minfo\u001b[39m","message":"{\"method\":\"GET\",\"url\":\"/api/users/profilePosts\",\"status\":\"304\",\"responseTime\":\"286.745\"}","timestamp":"2025-02-06T08:47:05.459Z"}
{"level":"\u001b[32minfo\u001b[39m","message":"{\"method\":\"GET\",\"url\":\"/api/posts\",\"status\":\"304\",\"responseTime\":\"100.355\"}","timestamp":"2025-02-06T08:47:07.857Z"}
{"level":"\u001b[32minfo\u001b[39m","message":"{\"method\":\"GET\",\"url\":\"/api/users/notification\",\"status\":\"304\",\"responseTime\":\"75.329\"}","timestamp":"2025-02-06T08:47:07.923Z"}
{"level":"\u001b[32minfo\u001b[39m","message":"{\"method\":\"GET\",\"url\":\"/api/posts\",\"status\":\"304\",\"responseTime\":\"93.171\"}","timestamp":"2025-02-06T08:47:07.957Z"}
{"level":"\u001b[32minfo\u001b[39m","message":"{\"method\":\"GET\",\"url\":\"/api/users/notification\",\"status\":\"304\",\"responseTime\":\"67.369\"}","timestamp":"2025-02-06T08:47:07.994Z"}
{"level":"\u001b[32minfo\u001b[39m","message":"{\"method\":\"GET\",\"url\":\"/api/posts\",\"status\":\"304\",\"responseTime\":\"92.861\"}","timestamp":"2025-02-06T08:47:57.698Z"}
{"level":"\u001b[32minfo\u001b[39m","message":"{\"method\":\"GET\",\"url\":\"/api/users/notification\",\"status\":\"304\",\"responseTime\":\"87.364\"}","timestamp":"2025-02-06T08:47:57.801Z"}
{"level":"\u001b[32minfo\u001b[39m","message":"{\"method\":\"GET\",\"url\":\"/api/posts\",\"status\":\"304\",\"responseTime\":\"112.317\"}","timestamp":"2025-02-06T08:47:57.822Z"}
{"level":"\u001b[32minfo\u001b[39m","message":"{\"method\":\"GET\",\"url\":\"/api/users/notification\",\"status\":\"304\",\"responseTime\":\"69.847\"}","timestamp":"2025-02-06T08:47:57.884Z"}
{"level":"\u001b[32minfo\u001b[39m","message":"{\"method\":\"GET\",\"url\":\"/api/posts?page=1&limit=10\",\"status\":\"200\",\"responseTime\":\"99.885\"}","timestamp":"2025-02-06T09:07:42.284Z"}
{"level":"\u001b[32minfo\u001b[39m","message":"{\"method\":\"GET\",\"url\":\"/api/posts?page=1&limit=10\",\"status\":\"304\",\"responseTime\":\"78.272\"}","timestamp":"2025-02-06T09:07:42.369Z"}
{"level":"\u001b[32minfo\u001b[39m","message":"{\"method\":\"GET\",\"url\":\"/api/posts\",\"status\":\"304\",\"responseTime\":\"93.973\"}","timestamp":"2025-02-06T09:07:42.494Z"}
{"level":"\u001b[32minfo\u001b[39m","message":"{\"method\":\"GET\",\"url\":\"/api/posts\",\"status\":\"304\",\"responseTime\":\"84.091\"}","timestamp":"2025-02-06T09:07:46.693Z"}
{"level":"\u001b[32minfo\u001b[39m","message":"{\"method\":\"GET\",\"url\":\"/api/posts\",\"status\":\"304\",\"responseTime\":\"90.480\"}","timestamp":"2025-02-06T09:07:46.792Z"}
{"level":"\u001b[32minfo\u001b[39m","message":"{\"method\":\"GET\",\"url\":\"/api/users/notification\",\"status\":\"304\",\"responseTime\":\"79.219\"}","timestamp":"2025-02-06T09:07:46.836Z"}
{"level":"\u001b[32minfo\u001b[39m","message":"{\"method\":\"GET\",\"url\":\"/api/users/notification\",\"status\":\"304\",\"responseTime\":\"70.550\"}","timestamp":"2025-02-06T09:07:46.912Z"}
{"level":"\u001b[32minfo\u001b[39m","message":"{\"method\":\"GET\",\"url\":\"/api/posts?page=1&limit=10\",\"status\":\"304\",\"responseTime\":\"1749.509\"}","timestamp":"2025-02-06T09:07:48.515Z"}
{"level":"\u001b[32minfo\u001b[39m","message":"{\"method\":\"GET\",\"url\":\"/api/posts?page=1&limit=10\",\"status\":\"304\",\"responseTime\":\"94.973\"}","timestamp":"2025-02-06T09:07:48.616Z"}
{"level":"\u001b[32minfo\u001b[39m","message":"{\"method\":\"GET\",\"url\":\"/api/posts\",\"status\":\"304\",\"responseTime\":\"91.866\"}","timestamp":"2025-02-06T09:07:48.768Z"}
{"level":"\u001b[32minfo\u001b[39m","message":"{\"method\":\"GET\",\"url\":\"/api/posts?page=1&limit=10\",\"status\":\"304\",\"responseTime\":\"75.218\"}","timestamp":"2025-02-06T09:07:49.559Z"}
{"level":"\u001b[32minfo\u001b[39m","message":"{\"method\":\"GET\",\"url\":\"/api/posts?page=1&limit=10\",\"status\":\"304\",\"responseTime\":\"84.037\"}","timestamp":"2025-02-06T09:07:49.648Z"}
{"level":"\u001b[32minfo\u001b[39m","message":"{\"method\":\"GET\",\"url\":\"/api/posts?page=1&limit=10\",\"status\":\"304\",\"responseTime\":\"68.648\"}","timestamp":"2025-02-06T09:07:49.722Z"}
{"level":"\u001b[32minfo\u001b[39m","message":"{\"method\":\"GET\",\"url\":\"/api/posts?page=1&limit=10\",\"status\":\"304\",\"responseTime\":\"80.989\"}","timestamp":"2025-02-06T09:07:49.811Z"}
{"level":"\u001b[32minfo\u001b[39m","message":"{\"method\":\"GET\",\"url\":\"/api/posts?page=1&limit=10\",\"status\":\"304\",\"responseTime\":\"76.868\"}","timestamp":"2025-02-06T09:07:49.897Z"}
{"level":"\u001b[32minfo\u001b[39m","message":"{\"method\":\"GET\",\"url\":\"/api/posts?page=1&limit=10\",\"status\":\"304\",\"responseTime\":\"78.263\"}","timestamp":"2025-02-06T09:07:49.979Z"}
{"level":"\u001b[32minfo\u001b[39m","message":"{\"method\":\"GET\",\"url\":\"/api/posts?page=1&limit=10\",\"status\":\"304\",\"responseTime\":\"83.138\"}","timestamp":"2025-02-06T09:07:50.067Z"}
{"level":"\u001b[32minfo\u001b[39m","message":"{\"method\":\"GET\",\"url\":\"/api/posts?page=1&limit=10\",\"status\":\"304\",\"responseTime\":\"68.849\"}","timestamp":"2025-02-06T09:07:50.142Z"}
{"level":"\u001b[32minfo\u001b[39m","message":"{\"method\":\"GET\",\"url\":\"/api/posts?page=1&limit=10\",\"status\":\"304\",\"responseTime\":\"81.956\"}","timestamp":"2025-02-06T09:07:50.230Z"}
{"level":"\u001b[32minfo\u001b[39m","message":"{\"method\":\"GET\",\"url\":\"/api/posts?page=1&limit=10\",\"status\":\"304\",\"responseTime\":\"68.847\"}","timestamp":"2025-02-06T09:07:50.308Z"}
{"level":"\u001b[32minfo\u001b[39m","message":"{\"method\":\"GET\",\"url\":\"/api/posts?page=1&limit=10\",\"status\":\"304\",\"responseTime\":\"70.704\"}","timestamp":"2025-02-06T09:07:50.383Z"}
{"level":"\u001b[32minfo\u001b[39m","message":"{\"method\":\"GET\",\"url\":\"/api/posts?page=1&limit=10\",\"status\":\"304\",\"responseTime\":\"78.117\"}","timestamp":"2025-02-06T09:07:50.465Z"}
{"level":"\u001b[32minfo\u001b[39m","message":"{\"method\":\"GET\",\"url\":\"/api/posts?page=1&limit=10\",\"status\":\"304\",\"responseTime\":\"68.181\"}","timestamp":"2025-02-06T09:07:50.537Z"}
{"level":"\u001b[32minfo\u001b[39m","message":"{\"method\":\"GET\",\"url\":\"/api/posts?page=1&limit=10\",\"status\":\"304\",\"responseTime\":\"64.938\"}","timestamp":"2025-02-06T09:07:50.609Z"}
{"level":"\u001b[32minfo\u001b[39m","message":"{\"method\":\"GET\",\"url\":\"/api/posts?page=1&limit=10\",\"status\":\"304\",\"responseTime\":\"64.572\"}","timestamp":"2025-02-06T09:07:50.678Z"}
{"level":"\u001b[32minfo\u001b[39m","message":"{\"method\":\"GET\",\"url\":\"/api/posts?page=1&limit=10\",\"status\":\"304\",\"responseTime\":\"65.581\"}","timestamp":"2025-02-06T09:07:50.748Z"}
{"level":"\u001b[32minfo\u001b[39m","message":"{\"method\":\"GET\",\"url\":\"/api/posts?page=1&limit=10\",\"status\":\"304\",\"responseTime\":\"66.772\"}","timestamp":"2025-02-06T09:07:50.819Z"}
{"level":"\u001b[32minfo\u001b[39m","message":"{\"method\":\"GET\",\"url\":\"/api/posts?page=1&limit=10\",\"status\":\"304\",\"responseTime\":\"88.770\"}","timestamp":"2025-02-06T09:07:50.918Z"}
{"level":"\u001b[32minfo\u001b[39m","message":"{\"method\":\"GET\",\"url\":\"/api/posts?page=1&limit=10\",\"status\":\"304\",\"responseTime\":\"72.003\"}","timestamp":"2025-02-06T09:07:50.994Z"}
{"level":"\u001b[32minfo\u001b[39m","message":"{\"method\":\"GET\",\"url\":\"/api/posts?page=1&limit=10\",\"status\":\"304\",\"responseTime\":\"80.891\"}","timestamp":"2025-02-06T09:07:51.078Z"}
{"level":"\u001b[32minfo\u001b[39m","message":"{\"method\":\"GET\",\"url\":\"/api/posts?page=1&limit=10\",\"status\":\"304\",\"responseTime\":\"64.231\"}","timestamp":"2025-02-06T09:07:51.146Z"}
{"level":"\u001b[32minfo\u001b[39m","message":"{\"method\":\"GET\",\"url\":\"/api/posts?page=1&limit=10\",\"status\":\"304\",\"responseTime\":\"84.965\"}","timestamp":"2025-02-06T09:07:51.359Z"}
{"level":"\u001b[32minfo\u001b[39m","message":"{\"method\":\"GET\",\"url\":\"/api/posts?page=1&limit=10\",\"status\":\"304\",\"responseTime\":\"78.651\"}","timestamp":"2025-02-06T09:07:51.442Z"}
{"level":"\u001b[32minfo\u001b[39m","message":"{\"method\":\"GET\",\"url\":\"/api/posts?page=1&limit=10\",\"status\":\"304\",\"responseTime\":\"82.680\"}","timestamp":"2025-02-06T09:07:51.528Z"}
{"level":"\u001b[32minfo\u001b[39m","message":"{\"method\":\"GET\",\"url\":\"/api/posts?page=1&limit=10\",\"status\":\"304\",\"responseTime\":\"81.218\"}","timestamp":"2025-02-06T09:07:51.613Z"}
{"level":"\u001b[32minfo\u001b[39m","message":"{\"method\":\"GET\",\"url\":\"/api/posts?page=1&limit=10\",\"status\":\"304\",\"responseTime\":\"78.101\"}","timestamp":"2025-02-06T09:07:51.695Z"}
{"level":"\u001b[32minfo\u001b[39m","message":"{\"method\":\"GET\",\"url\":\"/api/posts?page=1&limit=10\",\"status\":\"304\",\"responseTime\":\"92.484\"}","timestamp":"2025-02-06T09:07:51.910Z"}
{"level":"\u001b[32minfo\u001b[39m","message":"{\"method\":\"GET\",\"url\":\"/api/posts?page=1&limit=10\",\"status\":\"304\",\"responseTime\":\"80.333\"}","timestamp":"2025-02-06T09:07:51.996Z"}
{"level":"\u001b[32minfo\u001b[39m","message":"{\"method\":\"GET\",\"url\":\"/api/posts?page=1&limit=10\",\"status\":\"304\",\"responseTime\":\"77.421\"}","timestamp":"2025-02-06T09:07:52.079Z"}
{"level":"\u001b[32minfo\u001b[39m","message":"{\"method\":\"GET\",\"url\":\"/api/posts?page=1&limit=10\",\"status\":\"304\",\"responseTime\":\"112.385\"}","timestamp":"2025-02-06T09:07:52.195Z"}
{"level":"\u001b[32minfo\u001b[39m","message":"{\"method\":\"GET\",\"url\":\"/api/posts?page=1&limit=10\",\"status\":\"304\",\"responseTime\":\"82.305\"}","timestamp":"2025-02-06T09:07:52.410Z"}
{"level":"\u001b[32minfo\u001b[39m","message":"{\"method\":\"GET\",\"url\":\"/api/posts?page=1&limit=10\",\"status\":\"304\",\"responseTime\":\"76.669\"}","timestamp":"2025-02-06T09:07:52.695Z"}
{"level":"\u001b[32minfo\u001b[39m","message":"{\"method\":\"GET\",\"url\":\"/api/posts?page=1&limit=10\",\"status\":\"304\",\"responseTime\":\"68.557\"}","timestamp":"2025-02-06T09:07:52.767Z"}
{"level":"\u001b[32minfo\u001b[39m","message":"{\"method\":\"GET\",\"url\":\"/api/posts?page=1&limit=10\",\"status\":\"304\",\"responseTime\":\"86.073\"}","timestamp":"2025-02-06T09:07:53.016Z"}
{"level":"\u001b[32minfo\u001b[39m","message":"{\"method\":\"GET\",\"url\":\"/api/posts?page=1&limit=10\",\"status\":\"304\",\"responseTime\":\"70.388\"}","timestamp":"2025-02-06T09:07:53.213Z"}
{"level":"\u001b[32minfo\u001b[39m","message":"{\"method\":\"GET\",\"url\":\"/api/posts?page=1&limit=10\",\"status\":\"304\",\"responseTime\":\"96.611\"}","timestamp":"2025-02-06T09:07:53.484Z"}
{"level":"\u001b[32minfo\u001b[39m","message":"{\"method\":\"GET\",\"url\":\"/api/posts?page=1&limit=10\",\"status\":\"304\",\"responseTime\":\"119.887\"}","timestamp":"2025-02-06T09:07:53.610Z"}
{"level":"\u001b[32minfo\u001b[39m","message":"{\"method\":\"GET\",\"url\":\"/api/posts?page=1&limit=10\",\"status\":\"304\",\"responseTime\":\"61.417\"}","timestamp":"2025-02-06T09:07:53.675Z"}
{"level":"\u001b[32minfo\u001b[39m","message":"{\"method\":\"GET\",\"url\":\"/api/posts?page=1&limit=10\",\"status\":\"304\",\"responseTime\":\"85.023\"}","timestamp":"2025-02-06T09:07:53.968Z"}
{"level":"\u001b[32minfo\u001b[39m","message":"{\"method\":\"GET\",\"url\":\"/api/posts?page=1&limit=10\",\"status\":\"304\",\"responseTime\":\"79.097\"}","timestamp":"2025-02-06T09:07:54.216Z"}
{"level":"\u001b[32minfo\u001b[39m","message":"{\"method\":\"GET\",\"url\":\"/api/posts?page=1&limit=10\",\"status\":\"304\",\"responseTime\":\"75.373\"}","timestamp":"2025-02-06T09:07:54.527Z"}
{"level":"\u001b[32minfo\u001b[39m","message":"{\"method\":\"GET\",\"url\":\"/api/posts?page=1&limit=10\",\"status\":\"304\",\"responseTime\":\"84.232\"}","timestamp":"2025-02-06T09:07:54.778Z"}
{"level":"\u001b[32minfo\u001b[39m","message":"{\"method\":\"GET\",\"url\":\"/api/posts?page=1&limit=10\",\"status\":\"304\",\"responseTime\":\"91.164\"}","timestamp":"2025-02-06T09:07:55.120Z"}
{"level":"\u001b[32minfo\u001b[39m","message":"{\"method\":\"GET\",\"url\":\"/api/posts?page=1&limit=10\",\"status\":\"304\",\"responseTime\":\"77.262\"}","timestamp":"2025-02-06T09:07:55.417Z"}
{"level":"\u001b[32minfo\u001b[39m","message":"{\"method\":\"GET\",\"url\":\"/api/posts?page=1&limit=10\",\"status\":\"304\",\"responseTime\":\"383.309\"}","timestamp":"2025-02-06T09:07:56.004Z"}
{"level":"\u001b[32minfo\u001b[39m","message":"{\"method\":\"GET\",\"url\":\"/api/posts?page=1&limit=10\",\"status\":\"304\",\"responseTime\":\"75.912\"}","timestamp":"2025-02-06T09:07:56.085Z"}
{"level":"\u001b[32minfo\u001b[39m","message":"{\"method\":\"GET\",\"url\":\"/api/posts?page=1&limit=10\",\"status\":\"304\",\"responseTime\":\"71.038\"}","timestamp":"2025-02-06T09:07:56.161Z"}
{"level":"\u001b[32minfo\u001b[39m","message":"{\"method\":\"GET\",\"url\":\"/api/posts?page=1&limit=10\",\"status\":\"304\",\"responseTime\":\"81.661\"}","timestamp":"2025-02-06T09:07:56.248Z"}
{"level":"\u001b[32minfo\u001b[39m","message":"{\"method\":\"GET\",\"url\":\"/api/posts?page=1&limit=10\",\"status\":\"304\",\"responseTime\":\"79.960\"}","timestamp":"2025-02-06T09:07:56.339Z"}
{"level":"\u001b[32minfo\u001b[39m","message":"{\"method\":\"GET\",\"url\":\"/api/posts?page=1&limit=10\",\"status\":\"304\",\"responseTime\":\"67.214\"}","timestamp":"2025-02-06T09:07:56.414Z"}
{"level":"\u001b[32minfo\u001b[39m","message":"{\"method\":\"GET\",\"url\":\"/api/posts?page=1&limit=10\",\"status\":\"304\",\"responseTime\":\"79.134\"}","timestamp":"2025-02-06T09:07:56.497Z"}
{"level":"\u001b[32minfo\u001b[39m","message":"{\"method\":\"GET\",\"url\":\"/api/posts?page=1&limit=10\",\"status\":\"304\",\"responseTime\":\"105.085\"}","timestamp":"2025-02-06T09:07:56.606Z"}
{"level":"\u001b[32minfo\u001b[39m","message":"{\"method\":\"GET\",\"url\":\"/api/posts?page=1&limit=10\",\"status\":\"304\",\"responseTime\":\"78.590\"}","timestamp":"2025-02-06T09:07:56.691Z"}
{"level":"\u001b[32minfo\u001b[39m","message":"{\"method\":\"GET\",\"url\":\"/api/posts?page=1&limit=10\",\"status\":\"304\",\"responseTime\":\"64.135\"}","timestamp":"2025-02-06T09:07:56.759Z"}
{"level":"\u001b[32minfo\u001b[39m","message":"{\"method\":\"GET\",\"url\":\"/api/posts?page=1&limit=10\",\"status\":\"304\",\"responseTime\":\"75.349\"}","timestamp":"2025-02-06T09:07:56.838Z"}
{"level":"\u001b[32minfo\u001b[39m","message":"{\"method\":\"GET\",\"url\":\"/api/posts?page=1&limit=10\",\"status\":\"304\",\"responseTime\":\"71.917\"}","timestamp":"2025-02-06T09:07:56.913Z"}
{"level":"\u001b[32minfo\u001b[39m","message":"{\"method\":\"GET\",\"url\":\"/api/posts?page=1&limit=10\",\"status\":\"304\",\"responseTime\":\"73.102\"}","timestamp":"2025-02-06T09:07:56.991Z"}
{"level":"\u001b[32minfo\u001b[39m","message":"{\"method\":\"GET\",\"url\":\"/api/posts?page=1&limit=10\",\"status\":\"304\",\"responseTime\":\"77.300\"}","timestamp":"2025-02-06T09:07:57.077Z"}
{"level":"\u001b[32minfo\u001b[39m","message":"{\"method\":\"GET\",\"url\":\"/api/posts?page=1&limit=10\",\"status\":\"304\",\"responseTime\":\"67.461\"}","timestamp":"2025-02-06T09:07:57.148Z"}
{"level":"\u001b[32minfo\u001b[39m","message":"{\"method\":\"GET\",\"url\":\"/api/posts?page=1&limit=10\",\"status\":\"304\",\"responseTime\":\"66.671\"}","timestamp":"2025-02-06T09:07:57.220Z"}
{"level":"\u001b[32minfo\u001b[39m","message":"{\"method\":\"GET\",\"url\":\"/api/posts?page=1&limit=10\",\"status\":\"304\",\"responseTime\":\"106.200\"}","timestamp":"2025-02-06T09:07:57.776Z"}
{"level":"\u001b[32minfo\u001b[39m","message":"{\"method\":\"GET\",\"url\":\"/api/posts?page=1&limit=10\",\"status\":\"304\",\"responseTime\":\"110.196\"}","timestamp":"2025-02-06T09:07:58.228Z"}
{"level":"\u001b[32minfo\u001b[39m","message":"{\"method\":\"GET\",\"url\":\"/api/posts?page=1&limit=10\",\"status\":\"304\",\"responseTime\":\"75.133\"}","timestamp":"2025-02-06T09:07:58.538Z"}
{"level":"\u001b[32minfo\u001b[39m","message":"{\"method\":\"GET\",\"url\":\"/api/posts?page=1&limit=10\",\"status\":\"304\",\"responseTime\":\"152.163\"}","timestamp":"2025-02-06T09:07:59.086Z"}
{"level":"\u001b[32minfo\u001b[39m","message":"{\"method\":\"GET\",\"url\":\"/api/posts?page=1&limit=10\",\"status\":\"304\",\"responseTime\":\"78.132\"}","timestamp":"2025-02-06T09:07:59.427Z"}
{"level":"\u001b[32minfo\u001b[39m","message":"{\"method\":\"GET\",\"url\":\"/api/posts?page=1&limit=10\",\"status\":\"304\",\"responseTime\":\"109.811\"}","timestamp":"2025-02-06T09:07:59.877Z"}
{"level":"\u001b[32minfo\u001b[39m","message":"{\"method\":\"GET\",\"url\":\"/api/posts?page=1&limit=10\",\"status\":\"304\",\"responseTime\":\"97.791\"}","timestamp":"2025-02-06T09:08:00.259Z"}
{"level":"\u001b[32minfo\u001b[39m","message":"{\"method\":\"GET\",\"url\":\"/api/posts?page=1&limit=10\",\"status\":\"304\",\"responseTime\":\"74.697\"}","timestamp":"2025-02-06T09:08:00.698Z"}
{"level":"\u001b[32minfo\u001b[39m","message":"{\"method\":\"GET\",\"url\":\"/api/posts?page=1&limit=10\",\"status\":\"304\",\"responseTime\":\"107.192\"}","timestamp":"2025-02-06T09:08:01.240Z"}
{"level":"\u001b[32minfo\u001b[39m","message":"{\"method\":\"GET\",\"url\":\"/api/posts?page=1&limit=10\",\"status\":\"304\",\"responseTime\":\"105.705\"}","timestamp":"2025-02-06T09:08:01.780Z"}
{"level":"\u001b[32minfo\u001b[39m","message":"{\"method\":\"GET\",\"url\":\"/api/posts?page=1&limit=10\",\"status\":\"304\",\"responseTime\":\"132.597\"}","timestamp":"2025-02-06T09:08:02.267Z"}
{"level":"\u001b[32minfo\u001b[39m","message":"{\"method\":\"GET\",\"url\":\"/api/posts?page=1&limit=10\",\"status\":\"304\",\"responseTime\":\"108.749\"}","timestamp":"2025-02-06T09:08:02.757Z"}
{"level":"\u001b[32minfo\u001b[39m","message":"{\"method\":\"GET\",\"url\":\"/api/posts?page=1&limit=10\",\"status\":\"304\",\"responseTime\":\"108.835\"}","timestamp":"2025-02-06T09:08:03.251Z"}
{"level":"\u001b[32minfo\u001b[39m","message":"{\"method\":\"GET\",\"url\":\"/api/posts?page=1&limit=10\",\"status\":\"304\",\"responseTime\":\"138.425\"}","timestamp":"2025-02-06T09:08:03.705Z"}
{"level":"\u001b[32minfo\u001b[39m","message":"{\"method\":\"GET\",\"url\":\"/api/posts?page=1&limit=10\",\"status\":\"304\",\"responseTime\":\"102.218\"}","timestamp":"2025-02-06T09:08:04.229Z"}
{"level":"\u001b[32minfo\u001b[39m","message":"{\"method\":\"GET\",\"url\":\"/api/posts?page=1&limit=10\",\"status\":\"304\",\"responseTime\":\"77.907\"}","timestamp":"2025-02-06T09:08:04.398Z"}
{"level":"\u001b[32minfo\u001b[39m","message":"{\"method\":\"GET\",\"url\":\"/api/posts?page=1&limit=10\",\"status\":\"304\",\"responseTime\":\"89.827\"}","timestamp":"2025-02-06T09:08:04.707Z"}
{"level":"\u001b[32minfo\u001b[39m","message":"{\"method\":\"GET\",\"url\":\"/api/posts?page=1&limit=10\",\"status\":\"304\",\"responseTime\":\"101.449\"}","timestamp":"2025-02-06T09:09:09.308Z"}
{"level":"\u001b[32minfo\u001b[39m","message":"{\"method\":\"GET\",\"url\":\"/api/posts?page=1&limit=10\",\"status\":\"304\",\"responseTime\":\"107.477\"}","timestamp":"2025-02-06T09:09:09.966Z"}
{"level":"\u001b[32minfo\u001b[39m","message":"{\"method\":\"GET\",\"url\":\"/api/posts?page=1&limit=10\",\"status\":\"304\",\"responseTime\":\"120.580\"}","timestamp":"2025-02-06T09:09:10.624Z"}
{"level":"\u001b[32minfo\u001b[39m","message":"{\"method\":\"GET\",\"url\":\"/api/posts?page=1&limit=10\",\"status\":\"304\",\"responseTime\":\"82.924\"}","timestamp":"2025-02-06T09:09:11.188Z"}
{"level":"\u001b[32minfo\u001b[39m","message":"{\"method\":\"GET\",\"url\":\"/api/posts?page=1&limit=10\",\"status\":\"304\",\"responseTime\":\"102.995\"}","timestamp":"2025-02-06T09:09:11.788Z"}
{"level":"\u001b[32minfo\u001b[39m","message":"{\"method\":\"GET\",\"url\":\"/api/posts?page=1&limit=10\",\"status\":\"304\",\"responseTime\":\"101.498\"}","timestamp":"2025-02-06T09:09:12.353Z"}
{"level":"\u001b[32minfo\u001b[39m","message":"{\"method\":\"GET\",\"url\":\"/api/posts?page=1&limit=10\",\"status\":\"304\",\"responseTime\":\"77.727\"}","timestamp":"2025-02-06T09:09:12.907Z"}
{"level":"\u001b[32minfo\u001b[39m","message":"{\"method\":\"GET\",\"url\":\"/api/posts?page=1&limit=10\",\"status\":\"304\",\"responseTime\":\"82.646\"}","timestamp":"2025-02-06T09:09:13.453Z"}
{"level":"\u001b[32minfo\u001b[39m","message":"{\"method\":\"GET\",\"url\":\"/api/posts?page=1&limit=10\",\"status\":\"304\",\"responseTime\":\"80.424\"}","timestamp":"2025-02-06T09:09:13.998Z"}
{"level":"\u001b[32minfo\u001b[39m","message":"{\"method\":\"GET\",\"url\":\"/api/posts?page=1&limit=10\",\"status\":\"304\",\"responseTime\":\"89.282\"}","timestamp":"2025-02-06T09:09:14.466Z"}
{"level":"\u001b[32minfo\u001b[39m","message":"{\"method\":\"GET\",\"url\":\"/api/posts?page=1&limit=10\",\"status\":\"304\",\"responseTime\":\"81.494\"}","timestamp":"2025-02-06T09:09:14.958Z"}
{"level":"\u001b[32minfo\u001b[39m","message":"{\"method\":\"GET\",\"url\":\"/api/posts?page=1&limit=10\",\"status\":\"304\",\"responseTime\":\"103.052\"}","timestamp":"2025-02-06T09:09:15.478Z"}
{"level":"\u001b[32minfo\u001b[39m","message":"{\"method\":\"GET\",\"url\":\"/api/posts?page=1&limit=10\",\"status\":\"304\",\"responseTime\":\"76.514\"}","timestamp":"2025-02-06T09:09:15.680Z"}
{"level":"\u001b[32minfo\u001b[39m","message":"{\"method\":\"GET\",\"url\":\"/api/posts?page=93&limit=10\",\"status\":\"200\",\"responseTime\":\"77.442\"}","timestamp":"2025-02-06T09:09:30.040Z"}
{"level":"\u001b[32minfo\u001b[39m","message":"{\"method\":\"GET\",\"url\":\"/api/posts?page=93&limit=10\",\"status\":\"304\",\"responseTime\":\"125.875\"}","timestamp":"2025-02-06T09:09:31.056Z"}
{"level":"\u001b[32minfo\u001b[39m","message":"{\"method\":\"GET\",\"url\":\"/api/posts?page=93&limit=10\",\"status\":\"304\",\"responseTime\":\"83.112\"}","timestamp":"2025-02-06T09:09:31.383Z"}
{"level":"\u001b[32minfo\u001b[39m","message":"{\"method\":\"GET\",\"url\":\"/api/posts?page=93&limit=10\",\"status\":\"304\",\"responseTime\":\"93.965\"}","timestamp":"2025-02-06T09:09:32.059Z"}
{"level":"\u001b[32minfo\u001b[39m","message":"{\"method\":\"GET\",\"url\":\"/api/posts?page=93&limit=10\",\"status\":\"304\",\"responseTime\":\"99.098\"}","timestamp":"2025-02-06T09:09:32.695Z"}
{"level":"\u001b[32minfo\u001b[39m","message":"{\"method\":\"GET\",\"url\":\"/api/posts?page=93&limit=10\",\"status\":\"304\",\"responseTime\":\"80.481\"}","timestamp":"2025-02-06T09:09:33.194Z"}
{"level":"\u001b[32minfo\u001b[39m","message":"{\"method\":\"GET\",\"url\":\"/api/posts?page=93&limit=10\",\"status\":\"304\",\"responseTime\":\"100.179\"}","timestamp":"2025-02-06T09:09:33.802Z"}
{"level":"\u001b[32minfo\u001b[39m","message":"{\"method\":\"GET\",\"url\":\"/api/posts?page=93&limit=10\",\"status\":\"304\",\"responseTime\":\"75.097\"}","timestamp":"2025-02-06T09:09:34.427Z"}
{"level":"\u001b[32minfo\u001b[39m","message":"{\"method\":\"GET\",\"url\":\"/api/posts?page=93&limit=10\",\"status\":\"304\",\"responseTime\":\"82.731\"}","timestamp":"2025-02-06T09:09:35.090Z"}
{"level":"\u001b[32minfo\u001b[39m","message":"{\"method\":\"GET\",\"url\":\"/api/posts?page=93&limit=10\",\"status\":\"304\",\"responseTime\":\"82.988\"}","timestamp":"2025-02-06T09:09:35.389Z"}
{"level":"\u001b[32minfo\u001b[39m","message":"{\"method\":\"GET\",\"url\":\"/api/posts?page=103&limit=10\",\"status\":\"200\",\"responseTime\":\"157.287\"}","timestamp":"2025-02-06T09:09:40.699Z"}
{"level":"\u001b[32minfo\u001b[39m","message":"{\"method\":\"GET\",\"url\":\"/api/posts\",\"status\":\"304\",\"responseTime\":\"80.141\"}","timestamp":"2025-02-06T09:14:15.900Z"}
{"level":"\u001b[32minfo\u001b[39m","message":"{\"method\":\"GET\",\"url\":\"/api/posts\",\"status\":\"304\",\"responseTime\":\"86.285\"}","timestamp":"2025-02-06T09:14:15.995Z"}
{"level":"\u001b[32minfo\u001b[39m","message":"{\"method\":\"GET\",\"url\":\"/api/users/notification\",\"status\":\"304\",\"responseTime\":\"79.838\"}","timestamp":"2025-02-06T09:14:16.063Z"}
{"level":"\u001b[32minfo\u001b[39m","message":"{\"method\":\"GET\",\"url\":\"/api/posts\",\"status\":\"304\",\"responseTime\":\"70.416\"}","timestamp":"2025-02-06T09:14:16.131Z"}
{"level":"\u001b[32minfo\u001b[39m","message":"{\"method\":\"GET\",\"url\":\"/api/users/notification\",\"status\":\"304\",\"responseTime\":\"72.583\"}","timestamp":"2025-02-06T09:14:16.142Z"}
{"level":"\u001b[32minfo\u001b[39m","message":"{\"method\":\"GET\",\"url\":\"/api/posts\",\"status\":\"304\",\"responseTime\":\"79.685\"}","timestamp":"2025-02-06T09:16:17.386Z"}
{"level":"\u001b[32minfo\u001b[39m","message":"{\"method\":\"GET\",\"url\":\"/api/users/notification\",\"status\":\"304\",\"responseTime\":\"67.851\"}","timestamp":"2025-02-06T09:16:17.488Z"}
{"level":"\u001b[32minfo\u001b[39m","message":"{\"method\":\"GET\",\"url\":\"/api/posts\",\"status\":\"304\",\"responseTime\":\"74.851\"}","timestamp":"2025-02-06T09:16:17.492Z"}
{"level":"\u001b[32minfo\u001b[39m","message":"{\"method\":\"GET\",\"url\":\"/api/users/notification\",\"status\":\"304\",\"responseTime\":\"63.827\"}","timestamp":"2025-02-06T09:16:17.559Z"}
{"level":"\u001b[32minfo\u001b[39m","message":"{\"method\":\"GET\",\"url\":\"/api/posts\",\"status\":\"304\",\"responseTime\":\"65.277\"}","timestamp":"2025-02-06T09:16:17.575Z"}
{"level":"\u001b[32minfo\u001b[39m","message":"{\"method\":\"GET\",\"url\":\"/api/posts\",\"status\":\"304\",\"responseTime\":\"80.108\"}","timestamp":"2025-02-06T09:16:19.522Z"}
{"level":"\u001b[32minfo\u001b[39m","message":"{\"method\":\"GET\",\"url\":\"/api/posts\",\"status\":\"304\",\"responseTime\":\"78.378\"}","timestamp":"2025-02-06T09:16:19.616Z"}
{"level":"\u001b[32minfo\u001b[39m","message":"{\"method\":\"GET\",\"url\":\"/api/users/notification\",\"status\":\"304\",\"responseTime\":\"86.821\"}","timestamp":"2025-02-06T09:16:19.675Z"}
{"level":"\u001b[32minfo\u001b[39m","message":"{\"method\":\"GET\",\"url\":\"/api/users/notification\",\"status\":\"304\",\"responseTime\":\"79.628\"}","timestamp":"2025-02-06T09:16:19.767Z"}
{"level":"\u001b[32minfo\u001b[39m","message":"{\"method\":\"GET\",\"url\":\"/api/users/notification\",\"status\":\"304\",\"responseTime\":\"1503.960\"}","timestamp":"2025-02-06T13:36:28.526Z"}
{"level":"\u001b[32minfo\u001b[39m","message":"{\"method\":\"GET\",\"url\":\"/api/posts\",\"status\":\"304\",\"responseTime\":\"1796.227\"}","timestamp":"2025-02-06T13:36:28.546Z"}
{"level":"\u001b[32minfo\u001b[39m","message":"{\"method\":\"GET\",\"url\":\"/api/users/notification\",\"status\":\"304\",\"responseTime\":\"82.323\"}","timestamp":"2025-02-06T13:36:28.636Z"}
{"level":"\u001b[32minfo\u001b[39m","message":"{\"method\":\"GET\",\"url\":\"/api/posts\",\"status\":\"304\",\"responseTime\":\"79.646\"}","timestamp":"2025-02-06T13:36:28.641Z"}
{"level":"\u001b[32minfo\u001b[39m","message":"{\"method\":\"GET\",\"url\":\"/api/posts\",\"status\":\"304\",\"responseTime\":\"74.483\"}","timestamp":"2025-02-06T13:36:28.743Z"}
{"level":"\u001b[32minfo\u001b[39m","message":"{\"method\":\"GET\",\"url\":\"/api/posts\",\"status\":\"304\",\"responseTime\":\"95.553\"}","timestamp":"2025-02-06T13:37:48.483Z"}
{"level":"\u001b[32minfo\u001b[39m","message":"{\"method\":\"GET\",\"url\":\"/api/users/notification\",\"status\":\"304\",\"responseTime\":\"84.812\"}","timestamp":"2025-02-06T13:37:48.585Z"}
{"level":"\u001b[32minfo\u001b[39m","message":"{\"method\":\"GET\",\"url\":\"/api/posts\",\"status\":\"304\",\"responseTime\":\"88.414\"}","timestamp":"2025-02-06T13:37:48.598Z"}
{"level":"\u001b[32minfo\u001b[39m","message":"{\"method\":\"GET\",\"url\":\"/api/users/notification\",\"status\":\"304\",\"responseTime\":\"62.901\"}","timestamp":"2025-02-06T13:37:48.655Z"}
{"level":"\u001b[32minfo\u001b[39m","message":"{\"method\":\"GET\",\"url\":\"/api/posts\",\"status\":\"304\",\"responseTime\":\"77.733\"}","timestamp":"2025-02-06T13:37:48.689Z"}
{"level":"\u001b[32minfo\u001b[39m","message":"{\"method\":\"GET\",\"url\":\"/api/posts\",\"status\":\"304\",\"responseTime\":\"89.019\"}","timestamp":"2025-02-06T13:37:51.196Z"}
{"level":"\u001b[32minfo\u001b[39m","message":"{\"method\":\"GET\",\"url\":\"/api/posts\",\"status\":\"304\",\"responseTime\":\"64.698\"}","timestamp":"2025-02-06T13:37:51.269Z"}
{"level":"\u001b[32minfo\u001b[39m","message":"{\"method\":\"GET\",\"url\":\"/api/users/notification\",\"status\":\"304\",\"responseTime\":\"65.663\"}","timestamp":"2025-02-06T13:37:51.279Z"}
{"level":"\u001b[32minfo\u001b[39m","message":"{\"method\":\"GET\",\"url\":\"/api/users/notification\",\"status\":\"304\",\"responseTime\":\"73.329\"}","timestamp":"2025-02-06T13:37:51.358Z"}
{"level":"\u001b[32minfo\u001b[39m","message":"{\"method\":\"GET\",\"url\":\"/api/posts\",\"status\":\"304\",\"responseTime\":\"85.203\"}","timestamp":"2025-02-06T13:40:41.686Z"}
{"level":"\u001b[32minfo\u001b[39m","message":"{\"method\":\"GET\",\"url\":\"/api/users/notification\",\"status\":\"304\",\"responseTime\":\"75.176\"}","timestamp":"2025-02-06T13:40:41.724Z"}
{"level":"\u001b[32minfo\u001b[39m","message":"{\"method\":\"GET\",\"url\":\"/api/posts\",\"status\":\"304\",\"responseTime\":\"68.617\"}","timestamp":"2025-02-06T13:40:41.760Z"}
{"level":"\u001b[32minfo\u001b[39m","message":"{\"method\":\"GET\",\"url\":\"/api/posts\",\"status\":\"304\",\"responseTime\":\"103.358\"}","timestamp":"2025-02-06T13:41:10.547Z"}
{"level":"\u001b[32minfo\u001b[39m","message":"{\"method\":\"GET\",\"url\":\"/api/posts\",\"status\":\"304\",\"responseTime\":\"96.716\"}","timestamp":"2025-02-06T13:41:10.651Z"}
{"level":"\u001b[32minfo\u001b[39m","message":"{\"method\":\"GET\",\"url\":\"/api/users/notification\",\"status\":\"304\",\"responseTime\":\"71.364\"}","timestamp":"2025-02-06T13:41:10.706Z"}
{"level":"\u001b[32minfo\u001b[39m","message":"{\"method\":\"GET\",\"url\":\"/api/users/notification\",\"status\":\"304\",\"responseTime\":\"69.996\"}","timestamp":"2025-02-06T13:41:10.783Z"}
{"level":"\u001b[32minfo\u001b[39m","message":"{\"method\":\"GET\",\"url\":\"/api/users/notification\",\"status\":\"304\",\"responseTime\":\"75.179\"}","timestamp":"2025-02-06T13:41:22.234Z"}
{"level":"\u001b[32minfo\u001b[39m","message":"{\"method\":\"GET\",\"url\":\"/api/users/notification\",\"status\":\"304\",\"responseTime\":\"94.144\"}","timestamp":"2025-02-06T13:41:22.336Z"}
{"level":"\u001b[32minfo\u001b[39m","message":"{\"method\":\"GET\",\"url\":\"/api/users/profilePosts\",\"status\":\"304\",\"responseTime\":\"254.932\"}","timestamp":"2025-02-06T13:41:22.357Z"}
{"level":"\u001b[32minfo\u001b[39m","message":"undefined logged out successfully","timestamp":"2025-02-06T13:41:23.799Z"}
{"level":"\u001b[32minfo\u001b[39m","message":"{\"method\":\"POST\",\"url\":\"/api/auth/logout\",\"status\":\"200\",\"responseTime\":\"3.232\"}","timestamp":"2025-02-06T13:41:23.801Z"}
{"level":"\u001b[32minfo\u001b[39m","message":"{\"method\":\"GET\",\"url\":\"/api/posts\",\"status\":\"304\",\"responseTime\":\"95.356\"}","timestamp":"2025-02-06T13:41:23.929Z"}
{"level":"\u001b[32minfo\u001b[39m","message":"{\"method\":\"GET\",\"url\":\"/api/posts\",\"status\":\"304\",\"responseTime\":\"85.920\"}","timestamp":"2025-02-06T13:41:31.161Z"}
{"level":"\u001b[32minfo\u001b[39m","message":"{\"method\":\"GET\",\"url\":\"/api/posts\",\"status\":\"304\",\"responseTime\":\"86.025\"}","timestamp":"2025-02-06T13:41:31.257Z"}
{"level":"\u001b[32minfo\u001b[39m","message":"User-1 logged in successfully","timestamp":"2025-02-06T13:41:40.834Z"}
{"level":"\u001b[32minfo\u001b[39m","message":"{\"method\":\"POST\",\"url\":\"/api/auth/login\",\"status\":\"200\",\"responseTime\":\"189.304\"}","timestamp":"2025-02-06T13:41:40.835Z"}
{"level":"\u001b[32minfo\u001b[39m","message":"{\"method\":\"GET\",\"url\":\"/api/posts\",\"status\":\"304\",\"responseTime\":\"75.732\"}","timestamp":"2025-02-06T13:41:40.957Z"}
{"level":"\u001b[32minfo\u001b[39m","message":"{\"method\":\"GET\",\"url\":\"/api/users/notification\",\"status\":\"304\",\"responseTime\":\"66.582\"}","timestamp":"2025-02-06T13:41:40.962Z"}
{"level":"\u001b[32minfo\u001b[39m","message":"{\"method\":\"GET\",\"url\":\"/api/users/notification\",\"status\":\"304\",\"responseTime\":\"65.960\"}","timestamp":"2025-02-06T13:41:47.262Z"}
{"level":"\u001b[32minfo\u001b[39m","message":"{\"method\":\"GET\",\"url\":\"/api/users/notification\",\"status\":\"304\",\"responseTime\":\"71.333\"}","timestamp":"2025-02-06T13:41:47.337Z"}
{"level":"\u001b[32minfo\u001b[39m","message":"{\"method\":\"GET\",\"url\":\"/api/users/profilePosts\",\"status\":\"304\",\"responseTime\":\"211.196\"}","timestamp":"2025-02-06T13:41:47.379Z"}
{"level":"\u001b[32minfo\u001b[39m","message":"{\"method\":\"GET\",\"url\":\"/api/chats\",\"status\":\"304\",\"responseTime\":\"216.856\"}","timestamp":"2025-02-06T13:41:52.006Z"}
{"level":"\u001b[32minfo\u001b[39m","message":"{\"method\":\"GET\",\"url\":\"/api/posts\",\"status\":\"304\",\"responseTime\":\"113.806\"}","timestamp":"2025-02-06T13:42:08.958Z"}
{"level":"\u001b[32minfo\u001b[39m","message":"{\"method\":\"GET\",\"url\":\"/api/users/notification\",\"status\":\"304\",\"responseTime\":\"86.359\"}","timestamp":"2025-02-06T13:42:09.031Z"}
{"level":"\u001b[32minfo\u001b[39m","message":"{\"method\":\"GET\",\"url\":\"/api/posts\",\"status\":\"304\",\"responseTime\":\"70.507\"}","timestamp":"2025-02-06T13:42:09.036Z"}
{"level":"\u001b[32minfo\u001b[39m","message":"{\"method\":\"GET\",\"url\":\"/api/users/notification\",\"status\":\"304\",\"responseTime\":\"78.004\"}","timestamp":"2025-02-06T13:42:09.118Z"}
{"level":"\u001b[32minfo\u001b[39m","message":"{\"method\":\"GET\",\"url\":\"/api/posts/6752d6e78f50cda3550dcf26\",\"status\":\"304\",\"responseTime\":\"323.547\"}","timestamp":"2025-02-06T13:42:11.866Z"}
{"level":"\u001b[32minfo\u001b[39m","message":"{\"method\":\"GET\",\"url\":\"/api/posts\",\"status\":\"304\",\"responseTime\":\"102.161\"}","timestamp":"2025-02-06T13:42:16.259Z"}
{"level":"\u001b[32minfo\u001b[39m","message":"{\"method\":\"GET\",\"url\":\"/api/users/notification\",\"status\":\"304\",\"responseTime\":\"62.372\"}","timestamp":"2025-02-06T13:42:16.348Z"}
{"level":"\u001b[32minfo\u001b[39m","message":"{\"method\":\"GET\",\"url\":\"/api/posts\",\"status\":\"304\",\"responseTime\":\"91.271\"}","timestamp":"2025-02-06T13:42:16.361Z"}
{"level":"\u001b[32minfo\u001b[39m","message":"{\"method\":\"GET\",\"url\":\"/api/users/notification\",\"status\":\"304\",\"responseTime\":\"75.966\"}","timestamp":"2025-02-06T13:42:16.427Z"}
{"level":"\u001b[32minfo\u001b[39m","message":"{\"method\":\"GET\",\"url\":\"/api/users/notification\",\"status\":\"304\",\"responseTime\":\"73.254\"}","timestamp":"2025-02-06T13:42:19.307Z"}
{"level":"\u001b[32minfo\u001b[39m","message":"{\"method\":\"GET\",\"url\":\"/api/users/notification\",\"status\":\"304\",\"responseTime\":\"75.746\"}","timestamp":"2025-02-06T13:42:19.386Z"}
{"level":"\u001b[32minfo\u001b[39m","message":"{\"method\":\"GET\",\"url\":\"/api/users/profilePosts\",\"status\":\"304\",\"responseTime\":\"230.240\"}","timestamp":"2025-02-06T13:42:19.420Z"}
{"level":"\u001b[32minfo\u001b[39m","message":"{\"method\":\"GET\",\"url\":\"/api/posts\",\"status\":\"304\",\"responseTime\":\"116.998\"}","timestamp":"2025-02-06T13:42:26.961Z"}
{"level":"\u001b[32minfo\u001b[39m","message":"{\"method\":\"GET\",\"url\":\"/api/users/notification\",\"status\":\"304\",\"responseTime\":\"91.349\"}","timestamp":"2025-02-06T13:42:27.057Z"}
{"level":"\u001b[32minfo\u001b[39m","message":"{\"method\":\"GET\",\"url\":\"/api/posts\",\"status\":\"304\",\"responseTime\":\"84.445\"}","timestamp":"2025-02-06T13:42:27.062Z"}
{"level":"\u001b[32minfo\u001b[39m","message":"{\"method\":\"GET\",\"url\":\"/api/users/notification\",\"status\":\"304\",\"responseTime\":\"92.050\"}","timestamp":"2025-02-06T13:42:27.158Z"}
{"level":"\u001b[32minfo\u001b[39m","message":"{\"method\":\"GET\",\"url\":\"/api/posts/67530640bf37655f4e18d391\",\"status\":\"304\",\"responseTime\":\"330.950\"}","timestamp":"2025-02-06T13:42:30.737Z"}
{"level":"\u001b[32minfo\u001b[39m","message":"{\"method\":\"GET\",\"url\":\"/api/users/notification\",\"status\":\"304\",\"responseTime\":\"97.597\"}","timestamp":"2025-02-06T13:42:33.667Z"}
{"level":"\u001b[32minfo\u001b[39m","message":"{\"method\":\"GET\",\"url\":\"/api/chats\",\"status\":\"304\",\"responseTime\":\"234.683\"}","timestamp":"2025-02-06T13:42:33.746Z"}
{"level":"\u001b[32minfo\u001b[39m","message":"{\"method\":\"GET\",\"url\":\"/api/users/notification\",\"status\":\"304\",\"responseTime\":\"77.948\"}","timestamp":"2025-02-06T13:42:33.749Z"}
{"level":"\u001b[32minfo\u001b[39m","message":"{\"method\":\"GET\",\"url\":\"/api/posts/67530640bf37655f4e18d391\",\"status\":\"304\",\"responseTime\":\"285.988\"}","timestamp":"2025-02-06T13:42:37.926Z"}
{"level":"\u001b[32minfo\u001b[39m","message":"{\"method\":\"GET\",\"url\":\"/api/posts/67530640bf37655f4e18d391\",\"status\":\"304\",\"responseTime\":\"262.024\"}","timestamp":"2025-02-06T13:42:38.192Z"}
{"level":"\u001b[32minfo\u001b[39m","message":"{\"method\":\"GET\",\"url\":\"/api/users/notification\",\"status\":\"304\",\"responseTime\":\"62.180\"}","timestamp":"2025-02-06T13:42:38.291Z"}
{"level":"\u001b[32minfo\u001b[39m","message":"{\"method\":\"GET\",\"url\":\"/api/users/notification\",\"status\":\"304\",\"responseTime\":\"80.915\"}","timestamp":"2025-02-06T13:42:38.376Z"}
{"level":"\u001b[32minfo\u001b[39m","message":"{\"method\":\"GET\",\"url\":\"/api/posts\",\"status\":\"304\",\"responseTime\":\"85.352\"}","timestamp":"2025-02-06T13:43:05.640Z"}
{"level":"\u001b[32minfo\u001b[39m","message":"{\"method\":\"GET\",\"url\":\"/api/users/notification\",\"status\":\"304\",\"responseTime\":\"75.848\"}","timestamp":"2025-02-06T13:43:05.744Z"}
{"level":"\u001b[32minfo\u001b[39m","message":"{\"method\":\"GET\",\"url\":\"/api/posts\",\"status\":\"304\",\"responseTime\":\"76.025\"}","timestamp":"2025-02-06T13:43:05.748Z"}
{"level":"\u001b[32minfo\u001b[39m","message":"{\"method\":\"GET\",\"url\":\"/api/users/notification\",\"status\":\"304\",\"responseTime\":\"72.767\"}","timestamp":"2025-02-06T13:43:05.825Z"}
{"level":"\u001b[32minfo\u001b[39m","message":"{\"method\":\"GET\",\"url\":\"/api/posts/6753076fbf37655f4e18d393\",\"status\":\"304\",\"responseTime\":\"333.288\"}","timestamp":"2025-02-06T13:43:09.051Z"}
{"level":"\u001b[32minfo\u001b[39m","message":"{\"method\":\"GET\",\"url\":\"/api/posts\",\"status\":\"304\",\"responseTime\":\"90.817\"}","timestamp":"2025-02-06T13:43:12.049Z"}
{"level":"\u001b[32minfo\u001b[39m","message":"{\"method\":\"GET\",\"url\":\"/api/posts\",\"status\":\"304\",\"responseTime\":\"90.450\"}","timestamp":"2025-02-06T13:43:12.158Z"}
{"level":"\u001b[32minfo\u001b[39m","message":"{\"method\":\"GET\",\"url\":\"/api/users/notification\",\"status\":\"304\",\"responseTime\":\"89.543\"}","timestamp":"2025-02-06T13:43:12.176Z"}
{"level":"\u001b[32minfo\u001b[39m","message":"{\"method\":\"GET\",\"url\":\"/api/users/notification\",\"status\":\"304\",\"responseTime\":\"79.192\"}","timestamp":"2025-02-06T13:43:12.262Z"}
{"level":"\u001b[32minfo\u001b[39m","message":"{\"method\":\"GET\",\"url\":\"/api/posts/6753081ebf37655f4e18d395\",\"status\":\"304\",\"responseTime\":\"275.174\"}","timestamp":"2025-02-06T13:43:15.721Z"}
{"level":"\u001b[32minfo\u001b[39m","message":"{\"method\":\"GET\",\"url\":\"/api/posts\",\"status\":\"304\",\"responseTime\":\"89.282\"}","timestamp":"2025-02-06T13:43:18.811Z"}
{"level":"\u001b[32minfo\u001b[39m","message":"{\"method\":\"GET\",\"url\":\"/api/posts\",\"status\":\"304\",\"responseTime\":\"130.394\"}","timestamp":"2025-02-06T13:43:18.969Z"}
{"level":"\u001b[32minfo\u001b[39m","message":"{\"method\":\"GET\",\"url\":\"/api/users/notification\",\"status\":\"304\",\"responseTime\":\"84.544\"}","timestamp":"2025-02-06T13:43:18.990Z"}
{"level":"\u001b[32minfo\u001b[39m","message":"{\"method\":\"GET\",\"url\":\"/api/users/notification\",\"status\":\"304\",\"responseTime\":\"81.161\"}","timestamp":"2025-02-06T13:43:19.085Z"}
{"level":"\u001b[32minfo\u001b[39m","message":"{\"method\":\"GET\",\"url\":\"/api/posts/67741a2a0d94e7ed5ab1b40e\",\"status\":\"304\",\"responseTime\":\"274.229\"}","timestamp":"2025-02-06T13:43:22.551Z"}
{"level":"\u001b[32minfo\u001b[39m","message":"{\"method\":\"GET\",\"url\":\"/api/users/notification\",\"status\":\"304\",\"responseTime\":\"64.998\"}","timestamp":"2025-02-06T13:43:25.918Z"}
{"level":"\u001b[32minfo\u001b[39m","message":"{\"method\":\"GET\",\"url\":\"/api/users/notification\",\"status\":\"304\",\"responseTime\":\"78.351\"}","timestamp":"2025-02-06T13:43:26.000Z"}
{"level":"\u001b[32minfo\u001b[39m","message":"{\"method\":\"GET\",\"url\":\"/api/chats\",\"status\":\"304\",\"responseTime\":\"230.531\"}","timestamp":"2025-02-06T13:43:26.039Z"}
{"level":"\u001b[32minfo\u001b[39m","message":"{\"method\":\"GET\",\"url\":\"/api/chats/67530b8bbf37655f4e18d398\",\"status\":\"200\",\"responseTime\":\"570.540\"}","timestamp":"2025-02-06T13:43:30.794Z"}
{"level":"\u001b[32minfo\u001b[39m","message":"{\"method\":\"GET\",\"url\":\"/api/chats\",\"status\":\"200\",\"responseTime\":\"244.245\"}","timestamp":"2025-02-06T13:53:30.123Z"}
{"level":"\u001b[32minfo\u001b[39m","message":"{\"method\":\"GET\",\"url\":\"/api/users/notification\",\"status\":\"304\",\"responseTime\":\"88.745\"}","timestamp":"2025-02-06T13:53:30.127Z"}
{"level":"\u001b[32minfo\u001b[39m","message":"{\"method\":\"GET\",\"url\":\"/api/users/notification\",\"status\":\"304\",\"responseTime\":\"62.914\"}","timestamp":"2025-02-06T13:53:30.203Z"}
{"level":"\u001b[32minfo\u001b[39m","message":"{\"method\":\"GET\",\"url\":\"/api/chats\",\"status\":\"304\",\"responseTime\":\"212.481\"}","timestamp":"2025-02-06T13:53:30.344Z"}
{"level":"\u001b[32minfo\u001b[39m","message":"{\"method\":\"GET\",\"url\":\"/api/posts\",\"status\":\"304\",\"responseTime\":\"82.163\"}","timestamp":"2025-02-06T13:53:31.752Z"}
{"level":"\u001b[32minfo\u001b[39m","message":"{\"method\":\"GET\",\"url\":\"/api/posts\",\"status\":\"304\",\"responseTime\":\"76.291\"}","timestamp":"2025-02-06T13:53:31.847Z"}
{"level":"\u001b[32minfo\u001b[39m","message":"{\"method\":\"GET\",\"url\":\"/api/users/notification\",\"status\":\"304\",\"responseTime\":\"80.647\"}","timestamp":"2025-02-06T13:53:31.941Z"}
{"level":"\u001b[32minfo\u001b[39m","message":"{\"method\":\"GET\",\"url\":\"/api/users/notification\",\"status\":\"304\",\"responseTime\":\"78.275\"}","timestamp":"2025-02-06T13:53:32.025Z"}
{"level":"\u001b[32minfo\u001b[39m","message":"{\"method\":\"GET\",\"url\":\"/api/posts/6753081ebf37655f4e18d395\",\"status\":\"304\",\"responseTime\":\"334.444\"}","timestamp":"2025-02-06T13:53:35.994Z"}
{"level":"\u001b[32minfo\u001b[39m","message":"{\"method\":\"GET\",\"url\":\"/api/users/notification\",\"status\":\"304\",\"responseTime\":\"95.708\"}","timestamp":"2025-02-06T13:53:38.734Z"}
{"level":"\u001b[32minfo\u001b[39m","message":"{\"method\":\"GET\",\"url\":\"/api/users/notification\",\"status\":\"304\",\"responseTime\":\"75.894\"}","timestamp":"2025-02-06T13:53:38.813Z"}
{"level":"\u001b[32minfo\u001b[39m","message":"{\"method\":\"GET\",\"url\":\"/api/chats\",\"status\":\"304\",\"responseTime\":\"246.167\"}","timestamp":"2025-02-06T13:53:38.817Z"}
{"level":"\u001b[32minfo\u001b[39m","message":"{\"method\":\"GET\",\"url\":\"/api/chats/675304f4bf37655f4e18d390\",\"status\":\"500\",\"responseTime\":\"93.012\"}","timestamp":"2025-02-06T13:53:38.925Z"}
{"level":"\u001b[32minfo\u001b[39m","message":"{\"method\":\"GET\",\"url\":\"/api/chats/675304f4bf37655f4e18d390\",\"status\":\"500\",\"responseTime\":\"76.642\"}","timestamp":"2025-02-06T13:53:39.006Z"}
{"level":"\u001b[32minfo\u001b[39m","message":"{\"method\":\"GET\",\"url\":\"/api/posts\",\"status\":\"304\",\"responseTime\":\"117.478\"}","timestamp":"2025-02-06T13:53:41.790Z"}
{"level":"\u001b[32minfo\u001b[39m","message":"{\"method\":\"GET\",\"url\":\"/api/users/notification\",\"status\":\"304\",\"responseTime\":\"83.338\"}","timestamp":"2025-02-06T13:53:41.858Z"}
{"level":"\u001b[32minfo\u001b[39m","message":"{\"method\":\"GET\",\"url\":\"/api/posts\",\"status\":\"304\",\"responseTime\":\"67.648\"}","timestamp":"2025-02-06T13:53:41.863Z"}
{"level":"\u001b[32minfo\u001b[39m","message":"{\"method\":\"GET\",\"url\":\"/api/users/notification\",\"status\":\"304\",\"responseTime\":\"77.599\"}","timestamp":"2025-02-06T13:53:41.949Z"}
{"level":"\u001b[32minfo\u001b[39m","message":"{\"method\":\"GET\",\"url\":\"/api/posts/67741a2a0d94e7ed5ab1b40e\",\"status\":\"304\",\"responseTime\":\"317.462\"}","timestamp":"2025-02-06T13:53:45.303Z"}
{"level":"\u001b[32minfo\u001b[39m","message":"{\"method\":\"GET\",\"url\":\"/api/users/notification\",\"status\":\"304\",\"responseTime\":\"66.319\"}","timestamp":"2025-02-06T13:53:47.653Z"}
{"level":"\u001b[32minfo\u001b[39m","message":"{\"method\":\"GET\",\"url\":\"/api/users/notification\",\"status\":\"304\",\"responseTime\":\"71.855\"}","timestamp":"2025-02-06T13:53:47.729Z"}
{"level":"\u001b[32minfo\u001b[39m","message":"{\"method\":\"GET\",\"url\":\"/api/chats\",\"status\":\"304\",\"responseTime\":\"212.990\"}","timestamp":"2025-02-06T13:53:47.784Z"}
{"level":"\u001b[32minfo\u001b[39m","message":"{\"method\":\"GET\",\"url\":\"/api/chats/6758793b6bdc79b401c30ab4\",\"status\":\"500\",\"responseTime\":\"90.096\"}","timestamp":"2025-02-06T13:53:47.889Z"}
{"level":"\u001b[32minfo\u001b[39m","message":"{\"method\":\"GET\",\"url\":\"/api/chats/6758793b6bdc79b401c30ab4\",\"status\":\"500\",\"responseTime\":\"98.188\"}","timestamp":"2025-02-06T13:53:47.992Z"}
{"level":"\u001b[32minfo\u001b[39m","message":"{\"method\":\"GET\",\"url\":\"/api/chats\",\"status\":\"304\",\"responseTime\":\"220.221\"}","timestamp":"2025-02-06T13:56:33.875Z"}
{"level":"\u001b[32minfo\u001b[39m","message":"{\"method\":\"GET\",\"url\":\"/api/users/notification\",\"status\":\"304\",\"responseTime\":\"78.901\"}","timestamp":"2025-02-06T13:56:33.887Z"}
{"level":"\u001b[32minfo\u001b[39m","message":"{\"method\":\"GET\",\"url\":\"/api/users/notification\",\"status\":\"304\",\"responseTime\":\"72.758\"}","timestamp":"2025-02-06T13:56:33.978Z"}
{"level":"\u001b[32minfo\u001b[39m","message":"{\"method\":\"GET\",\"url\":\"/api/chats\",\"status\":\"304\",\"responseTime\":\"254.206\"}","timestamp":"2025-02-06T13:56:34.147Z"}
{"level":"\u001b[32minfo\u001b[39m","message":"{\"method\":\"GET\",\"url\":\"/api/chats/6758793b6bdc79b401c30ab4\",\"status\":\"500\",\"responseTime\":\"89.346\"}","timestamp":"2025-02-06T13:56:34.306Z"}
{"level":"\u001b[32minfo\u001b[39m","message":"{\"method\":\"GET\",\"url\":\"/api/chats/6758793b6bdc79b401c30ab4\",\"status\":\"500\",\"responseTime\":\"82.592\"}","timestamp":"2025-02-06T13:56:34.393Z"}
{"level":"\u001b[32minfo\u001b[39m","message":"{\"method\":\"GET\",\"url\":\"/api/posts\",\"status\":\"304\",\"responseTime\":\"83.633\"}","timestamp":"2025-02-06T13:56:43.605Z"}
{"level":"\u001b[32minfo\u001b[39m","message":"{\"method\":\"GET\",\"url\":\"/api/posts\",\"status\":\"304\",\"responseTime\":\"91.597\"}","timestamp":"2025-02-06T13:56:43.828Z"}
{"level":"\u001b[32minfo\u001b[39m","message":"{\"method\":\"GET\",\"url\":\"/api/users/notification\",\"status\":\"304\",\"responseTime\":\"93.569\"}","timestamp":"2025-02-06T13:56:43.833Z"}
{"level":"\u001b[32minfo\u001b[39m","message":"{\"method\":\"GET\",\"url\":\"/api/users/notification\",\"status\":\"304\",\"responseTime\":\"92.557\"}","timestamp":"2025-02-06T13:56:43.957Z"}
{"level":"\u001b[32minfo\u001b[39m","message":"{\"method\":\"GET\",\"url\":\"/api/posts/67741a2a0d94e7ed5ab1b40e\",\"status\":\"304\",\"responseTime\":\"298.104\"}","timestamp":"2025-02-06T13:56:52.621Z"}
{"level":"\u001b[32minfo\u001b[39m","message":"{\"method\":\"GET\",\"url\":\"/api/users/notification\",\"status\":\"304\",\"responseTime\":\"78.209\"}","timestamp":"2025-02-06T13:56:55.515Z"}
{"level":"\u001b[32minfo\u001b[39m","message":"{\"method\":\"GET\",\"url\":\"/api/chats\",\"status\":\"304\",\"responseTime\":\"208.750\"}","timestamp":"2025-02-06T13:56:55.591Z"}
{"level":"\u001b[32minfo\u001b[39m","message":"{\"method\":\"GET\",\"url\":\"/api/users/notification\",\"status\":\"304\",\"responseTime\":\"73.992\"}","timestamp":"2025-02-06T13:56:55.595Z"}
{"level":"\u001b[32minfo\u001b[39m","message":"{\"method\":\"GET\",\"url\":\"/api/chats/6758793b6bdc79b401c30ab4\",\"status\":\"500\",\"responseTime\":\"83.811\"}","timestamp":"2025-02-06T13:56:55.692Z"}
{"level":"\u001b[32minfo\u001b[39m","message":"{\"method\":\"GET\",\"url\":\"/api/chats/6758793b6bdc79b401c30ab4\",\"status\":\"500\",\"responseTime\":\"86.899\"}","timestamp":"2025-02-06T13:56:55.783Z"}
