{"level":"\u001b[32minfo\u001b[39m","message":"User-1 logged in successfully","timestamp":"2025-02-27T13:00:40.467Z"}
{"level":"\u001b[32minfo\u001b[39m","message":"{\"method\":\"POST\",\"url\":\"/api/auth/login\",\"status\":\"200\",\"responseTime\":\"2432.882\"}","timestamp":"2025-02-27T13:00:40.478Z"}
{"level":"\u001b[32minfo\u001b[39m","message":"{\"method\":\"GET\",\"url\":\"/api/posts\",\"status\":\"304\",\"responseTime\":\"77.043\"}","timestamp":"2025-02-27T13:00:40.625Z"}
{"level":"\u001b[32minfo\u001b[39m","message":"{\"method\":\"GET\",\"url\":\"/api/users/notification\",\"status\":\"304\",\"responseTime\":\"411.426\"}","timestamp":"2025-02-27T13:00:40.976Z"}
{"level":"\u001b[32minfo\u001b[39m","message":"{\"method\":\"GET\",\"url\":\"/api/users/notification\",\"status\":\"304\",\"responseTime\":\"70.276\"}","timestamp":"2025-02-27T13:01:44.913Z"}
{"level":"\u001b[32minfo\u001b[39m","message":"{\"method\":\"GET\",\"url\":\"/api/users/notification\",\"status\":\"304\",\"responseTime\":\"65.892\"}","timestamp":"2025-02-27T13:01:44.988Z"}
{"level":"\u001b[32minfo\u001b[39m","message":"{\"method\":\"GET\",\"url\":\"/api/users/profilePosts\",\"status\":\"304\",\"responseTime\":\"275.521\"}","timestamp":"2025-02-27T13:01:45.072Z"}
{"level":"\u001b[32minfo\u001b[39m","message":"{\"method\":\"GET\",\"url\":\"/api/posts/6752dc838f50cda3550dcf2c\",\"status\":\"304\",\"responseTime\":\"288.175\"}","timestamp":"2025-02-27T13:04:53.219Z"}
{"level":"\u001b[32minfo\u001b[39m","message":"{\"method\":\"GET\",\"url\":\"/api/users/notification\",\"status\":\"304\",\"responseTime\":\"80.943\"}","timestamp":"2025-02-27T13:04:53.406Z"}
{"level":"\u001b[32minfo\u001b[39m","message":"{\"method\":\"GET\",\"url\":\"/api/users/notification\",\"status\":\"304\",\"responseTime\":\"88.368\"}","timestamp":"2025-02-27T13:04:53.504Z"}
{"level":"\u001b[32minfo\u001b[39m","message":"{\"method\":\"GET\",\"url\":\"/api/posts/6752dc838f50cda3550dcf2c\",\"status\":\"304\",\"responseTime\":\"298.208\"}","timestamp":"2025-02-27T13:14:42.532Z"}
{"level":"\u001b[32minfo\u001b[39m","message":"{\"method\":\"GET\",\"url\":\"/api/posts/6752dc838f50cda3550dcf2c\",\"status\":\"304\",\"responseTime\":\"307.893\"}","timestamp":"2025-02-27T13:14:42.851Z"}
{"level":"\u001b[32minfo\u001b[39m","message":"{\"method\":\"GET\",\"url\":\"/api/users/notification\",\"status\":\"304\",\"responseTime\":\"79.208\"}","timestamp":"2025-02-27T13:16:23.360Z"}
{"level":"\u001b[32minfo\u001b[39m","message":"{\"method\":\"GET\",\"url\":\"/api/posts/6752dc838f50cda3550dcf2c\",\"status\":\"304\",\"responseTime\":\"298.220\"}","timestamp":"2025-02-27T13:16:23.536Z"}
{"level":"\u001b[32minfo\u001b[39m","message":"{\"method\":\"GET\",\"url\":\"/api/posts/6752dc838f50cda3550dcf2c\",\"status\":\"304\",\"responseTime\":\"291.183\"}","timestamp":"2025-02-27T13:16:23.848Z"}
{"level":"\u001b[32minfo\u001b[39m","message":"{\"method\":\"GET\",\"url\":\"/api/posts/6752dc838f50cda3550dcf2c\",\"status\":\"304\",\"responseTime\":\"300.927\"}","timestamp":"2025-02-27T13:19:46.677Z"}
{"level":"\u001b[32minfo\u001b[39m","message":"{\"method\":\"GET\",\"url\":\"/api/posts/6752dc838f50cda3550dcf2c\",\"status\":\"304\",\"responseTime\":\"297.630\"}","timestamp":"2025-02-27T13:19:46.984Z"}
{"level":"\u001b[32minfo\u001b[39m","message":"{\"method\":\"GET\",\"url\":\"/api/users/notification\",\"status\":\"304\",\"responseTime\":\"99.856\"}","timestamp":"2025-02-27T13:19:47.236Z"}
{"level":"\u001b[32minfo\u001b[39m","message":"{\"method\":\"GET\",\"url\":\"/api/users/notification\",\"status\":\"304\",\"responseTime\":\"70.985\"}","timestamp":"2025-02-27T13:19:47.316Z"}
{"level":"\u001b[32minfo\u001b[39m","message":"{\"method\":\"GET\",\"url\":\"/api/posts\",\"status\":\"304\",\"responseTime\":\"113.061\"}","timestamp":"2025-02-27T13:19:58.267Z"}
{"level":"\u001b[32minfo\u001b[39m","message":"{\"method\":\"GET\",\"url\":\"/api/posts\",\"status\":\"304\",\"responseTime\":\"82.267\"}","timestamp":"2025-02-27T13:19:58.362Z"}
{"level":"\u001b[32minfo\u001b[39m","message":"{\"method\":\"GET\",\"url\":\"/api/users/notification\",\"status\":\"304\",\"responseTime\":\"83.951\"}","timestamp":"2025-02-27T13:19:58.423Z"}
{"level":"\u001b[32minfo\u001b[39m","message":"{\"method\":\"GET\",\"url\":\"/api/users/notification\",\"status\":\"304\",\"responseTime\":\"102.873\"}","timestamp":"2025-02-27T13:19:58.536Z"}
{"level":"\u001b[32minfo\u001b[39m","message":"{\"method\":\"GET\",\"url\":\"/api/posts/67741a2a0d94e7ed5ab1b40e\",\"status\":\"304\",\"responseTime\":\"276.464\"}","timestamp":"2025-02-27T13:20:01.942Z"}
{"level":"\u001b[32minfo\u001b[39m","message":"{\"method\":\"GET\",\"url\":\"/api/posts/getOwnerDetails/67741a2a0d94e7ed5ab1b40e\",\"status\":\"403\",\"responseTime\":\"227.899\"}","timestamp":"2025-02-27T13:20:04.883Z"}
{"level":"\u001b[32minfo\u001b[39m","message":"{\"method\":\"GET\",\"url\":\"/api/posts/67741a2a0d94e7ed5ab1b40e\",\"status\":\"304\",\"responseTime\":\"394.563\"}","timestamp":"2025-02-27T13:21:15.430Z"}
{"level":"\u001b[32minfo\u001b[39m","message":"{\"method\":\"GET\",\"url\":\"/api/posts/67741a2a0d94e7ed5ab1b40e\",\"status\":\"304\",\"responseTime\":\"302.817\"}","timestamp":"2025-02-27T13:21:15.755Z"}
{"level":"\u001b[32minfo\u001b[39m","message":"{\"method\":\"GET\",\"url\":\"/api/users/notification\",\"status\":\"304\",\"responseTime\":\"68.432\"}","timestamp":"2025-02-27T13:21:15.972Z"}
{"level":"\u001b[32minfo\u001b[39m","message":"{\"method\":\"GET\",\"url\":\"/api/users/notification\",\"status\":\"304\",\"responseTime\":\"77.686\"}","timestamp":"2025-02-27T13:21:16.151Z"}
{"level":"\u001b[32minfo\u001b[39m","message":"{\"method\":\"GET\",\"url\":\"/api/users/notification\",\"status\":\"304\",\"responseTime\":\"91.848\"}","timestamp":"2025-02-27T13:37:53.351Z"}
{"level":"\u001b[32minfo\u001b[39m","message":"{\"method\":\"GET\",\"url\":\"/api/users/profilePosts\",\"status\":\"304\",\"responseTime\":\"257.545\"}","timestamp":"2025-02-27T13:37:53.494Z"}
{"level":"\u001b[32minfo\u001b[39m","message":"{\"method\":\"GET\",\"url\":\"/api/users/profilePosts\",\"status\":\"304\",\"responseTime\":\"264.679\"}","timestamp":"2025-02-27T13:37:53.772Z"}
{"level":"\u001b[32minfo\u001b[39m","message":"{\"method\":\"GET\",\"url\":\"/api/users/notification\",\"status\":\"304\",\"responseTime\":\"86.668\"}","timestamp":"2025-02-27T13:38:04.386Z"}
{"level":"\u001b[32minfo\u001b[39m","message":"{\"method\":\"GET\",\"url\":\"/api/users/profilePosts\",\"status\":\"304\",\"responseTime\":\"252.673\"}","timestamp":"2025-02-27T13:38:04.453Z"}
{"level":"\u001b[32minfo\u001b[39m","message":"{\"method\":\"GET\",\"url\":\"/api/users/notification\",\"status\":\"304\",\"responseTime\":\"99.645\"}","timestamp":"2025-02-27T13:38:04.506Z"}
{"level":"\u001b[32minfo\u001b[39m","message":"{\"method\":\"GET\",\"url\":\"/api/users/profilePosts\",\"status\":\"304\",\"responseTime\":\"226.064\"}","timestamp":"2025-02-27T13:38:04.686Z"}
{"level":"\u001b[32minfo\u001b[39m","message":"{\"method\":\"GET\",\"url\":\"/api/posts/67741a2a0d94e7ed5ab1b40e\",\"status\":\"304\",\"responseTime\":\"301.475\"}","timestamp":"2025-02-27T13:38:28.482Z"}
{"level":"\u001b[32minfo\u001b[39m","message":"{\"method\":\"GET\",\"url\":\"/api/users/notification\",\"status\":\"304\",\"responseTime\":\"105.093\"}","timestamp":"2025-02-27T13:38:28.736Z"}
{"level":"\u001b[32minfo\u001b[39m","message":"{\"method\":\"GET\",\"url\":\"/api/users/notification\",\"status\":\"304\",\"responseTime\":\"89.242\"}","timestamp":"2025-02-27T13:38:28.843Z"}
{"level":"\u001b[32minfo\u001b[39m","message":"{\"method\":\"GET\",\"url\":\"/api/posts/getOwnerDetails/67741a2a0d94e7ed5ab1b40e\",\"status\":\"403\",\"responseTime\":\"279.766\"}","timestamp":"2025-02-27T13:38:30.885Z"}
{"level":"\u001b[32minfo\u001b[39m","message":"{\"method\":\"GET\",\"url\":\"/api/users/notification\",\"status\":\"304\",\"responseTime\":\"132.889\"}","timestamp":"2025-02-27T13:44:02.393Z"}
{"level":"\u001b[32minfo\u001b[39m","message":"{\"method\":\"GET\",\"url\":\"/api/posts/67741a2a0d94e7ed5ab1b40e\",\"status\":\"304\",\"responseTime\":\"318.676\"}","timestamp":"2025-02-27T13:44:02.547Z"}
{"level":"\u001b[32minfo\u001b[39m","message":"{\"method\":\"GET\",\"url\":\"/api/posts/67741a2a0d94e7ed5ab1b40e\",\"status\":\"304\",\"responseTime\":\"312.972\"}","timestamp":"2025-02-27T13:44:02.866Z"}
{"level":"\u001b[32minfo\u001b[39m","message":"{\"method\":\"GET\",\"url\":\"/api/posts/67741a2a0d94e7ed5ab1b40e\",\"status\":\"304\",\"responseTime\":\"344.463\"}","timestamp":"2025-02-27T13:46:50.664Z"}
{"level":"\u001b[32minfo\u001b[39m","message":"{\"method\":\"GET\",\"url\":\"/api/posts/67741a2a0d94e7ed5ab1b40e\",\"status\":\"304\",\"responseTime\":\"286.730\"}","timestamp":"2025-02-27T13:46:50.961Z"}
{"level":"\u001b[32minfo\u001b[39m","message":"{\"method\":\"GET\",\"url\":\"/api/users/notification\",\"status\":\"304\",\"responseTime\":\"98.725\"}","timestamp":"2025-02-27T13:46:51.199Z"}
{"level":"\u001b[32minfo\u001b[39m","message":"{\"method\":\"GET\",\"url\":\"/api/users/notification\",\"status\":\"304\",\"responseTime\":\"107.107\"}","timestamp":"2025-02-27T13:46:51.366Z"}
{"level":"\u001b[32minfo\u001b[39m","message":"{\"method\":\"GET\",\"url\":\"/api/users/notification\",\"status\":\"304\",\"responseTime\":\"193.861\"}","timestamp":"2025-02-27T13:47:42.451Z"}
{"level":"\u001b[32minfo\u001b[39m","message":"{\"method\":\"GET\",\"url\":\"/api/posts/67741a2a0d94e7ed5ab1b40e\",\"status\":\"304\",\"responseTime\":\"326.213\"}","timestamp":"2025-02-27T13:47:42.544Z"}
{"level":"\u001b[32minfo\u001b[39m","message":"{\"method\":\"GET\",\"url\":\"/api/posts/67741a2a0d94e7ed5ab1b40e\",\"status\":\"304\",\"responseTime\":\"314.440\"}","timestamp":"2025-02-27T13:47:42.864Z"}
