{"level":"\u001b[32minfo\u001b[39m","message":"{\"method\":\"GET\",\"url\":\"/api/posts\",\"status\":\"304\",\"responseTime\":\"1273.914\"}","timestamp":"2025-04-21T09:12:02.406Z"}
{"level":"\u001b[32minfo\u001b[39m","message":"{\"method\":\"GET\",\"url\":\"/api/posts\",\"status\":\"304\",\"responseTime\":\"70.952\"}","timestamp":"2025-04-21T09:12:02.489Z"}
{"level":"\u001b[32minfo\u001b[39m","message":"{\"method\":\"GET\",\"url\":\"/api/posts\",\"status\":\"304\",\"responseTime\":\"113.550\"}","timestamp":"2025-04-21T09:25:30.985Z"}
{"level":"\u001b[32minfo\u001b[39m","message":"{\"method\":\"GET\",\"url\":\"/api/posts\",\"status\":\"304\",\"responseTime\":\"72.129\"}","timestamp":"2025-04-21T09:25:31.066Z"}
{"level":"\u001b[32minfo\u001b[39m","message":"{\"method\":\"GET\",\"url\":\"/api/posts?type=rent&city=Hyderabad&minPrice=1&maxPrice=111111&bedroom=2\",\"status\":\"200\",\"responseTime\":\"97.258\"}","timestamp":"2025-04-21T09:25:43.237Z"}
{"level":"\u001b[32minfo\u001b[39m","message":"{\"method\":\"GET\",\"url\":\"/api/posts?type=rent&city=Hyderabad&property=&minPrice=1&maxPrice=111111&bedroom=1\",\"status\":\"200\",\"responseTime\":\"74.321\"}","timestamp":"2025-04-21T09:26:03.495Z"}
{"level":"\u001b[32minfo\u001b[39m","message":"{\"method\":\"GET\",\"url\":\"/api/posts?type=rent&city=Hyderabad&property=&minPrice=1&maxPrice=111111&bedroom=1\",\"status\":\"200\",\"responseTime\":\"108.265\"}","timestamp":"2025-04-21T09:26:49.871Z"}
{"level":"\u001b[32minfo\u001b[39m","message":"{\"method\":\"GET\",\"url\":\"/favicon.ico\",\"status\":\"404\",\"responseTime\":\"18.175\"}","timestamp":"2025-04-21T09:26:49.995Z"}
{"level":"\u001b[32minfo\u001b[39m","message":"{\"method\":\"GET\",\"url\":\"/api/posts?type=&city=Hyderabad&property=&minPrice=1&maxPrice=111111&bedroom=1\",\"status\":\"200\",\"responseTime\":\"100.940\"}","timestamp":"2025-04-21T09:27:00.474Z"}
{"level":"\u001b[32minfo\u001b[39m","message":"{\"method\":\"GET\",\"url\":\"/api/auth/login\",\"status\":\"404\",\"responseTime\":\"1.700\"}","timestamp":"2025-04-21T09:39:29.475Z"}
{"level":"\u001b[32minfo\u001b[39m","message":"{\"method\":\"GET\",\"url\":\"/api/auth/login\",\"status\":\"404\",\"responseTime\":\"1.277\"}","timestamp":"2025-04-21T09:41:23.434Z"}
{"level":"\u001b[32minfo\u001b[39m","message":"{\"method\":\"GET\",\"url\":\"/api/auth/login\",\"status\":\"404\",\"responseTime\":\"1.601\"}","timestamp":"2025-04-21T09:41:27.655Z"}
{"level":"\u001b[32minfo\u001b[39m","message":"{\"method\":\"GET\",\"url\":\"/api/auth/login\",\"status\":\"404\",\"responseTime\":\"2.068\"}","timestamp":"2025-04-21T09:45:48.547Z"}
{"level":"\u001b[32minfo\u001b[39m","message":"Amit logged in successfully","timestamp":"2025-04-21T09:46:18.370Z"}
{"level":"\u001b[32minfo\u001b[39m","message":"{\"method\":\"POST\",\"url\":\"/api/auth/login\",\"status\":\"200\",\"responseTime\":\"297.557\"}","timestamp":"2025-04-21T09:46:18.373Z"}
{"level":"\u001b[32minfo\u001b[39m","message":"{\"method\":\"GET\",\"url\":\"/api/posts\",\"status\":\"304\",\"responseTime\":\"80.468\"}","timestamp":"2025-04-21T09:46:18.468Z"}
{"level":"\u001b[32minfo\u001b[39m","message":"{\"method\":\"GET\",\"url\":\"/api/users/notification\",\"status\":\"304\",\"responseTime\":\"90.782\"}","timestamp":"2025-04-21T09:46:18.544Z"}
{"level":"\u001b[32minfo\u001b[39m","message":"{\"method\":\"GET\",\"url\":\"/api/users/profilePosts\",\"status\":\"304\",\"responseTime\":\"190.910\"}","timestamp":"2025-04-21T09:46:34.698Z"}
{"level":"\u001b[32minfo\u001b[39m","message":"{\"method\":\"GET\",\"url\":\"/api/users/notification\",\"status\":\"304\",\"responseTime\":\"586.449\"}","timestamp":"2025-04-21T09:46:35.142Z"}
{"level":"\u001b[32minfo\u001b[39m","message":"{\"method\":\"GET\",\"url\":\"/api/users/notification\",\"status\":\"304\",\"responseTime\":\"77.110\"}","timestamp":"2025-04-21T09:46:35.222Z"}
{"level":"\u001b[32minfo\u001b[39m","message":"undefined logged out successfully","timestamp":"2025-04-21T09:46:36.192Z"}
{"level":"\u001b[32minfo\u001b[39m","message":"{\"method\":\"POST\",\"url\":\"/api/auth/logout\",\"status\":\"200\",\"responseTime\":\"1.381\"}","timestamp":"2025-04-21T09:46:36.231Z"}
{"level":"\u001b[32minfo\u001b[39m","message":"{\"method\":\"GET\",\"url\":\"/api/posts\",\"status\":\"304\",\"responseTime\":\"90.442\"}","timestamp":"2025-04-21T09:46:36.331Z"}
{"level":"\u001b[32minfo\u001b[39m","message":"{\"method\":\"GET\",\"url\":\"/api/posts?type=rent&city=Hyderabad&minPrice=1&maxPrice=111111&bedroom=2\",\"status\":\"200\",\"responseTime\":\"95.626\"}","timestamp":"2025-04-21T09:46:51.203Z"}
{"level":"\u001b[32minfo\u001b[39m","message":"{\"method\":\"GET\",\"url\":\"/api/posts/6752db7b8f50cda3550dcf2a\",\"status\":\"304\",\"responseTime\":\"344.849\"}","timestamp":"2025-04-21T09:46:53.927Z"}
{"level":"\u001b[32minfo\u001b[39m","message":"{\"method\":\"GET\",\"url\":\"/api/posts/6752db7b8f50cda3550dcf2a\",\"status\":\"304\",\"responseTime\":\"375.004\"}","timestamp":"2025-04-21T09:46:59.374Z"}
{"level":"\u001b[32minfo\u001b[39m","message":"{\"method\":\"GET\",\"url\":\"/api/posts/6752db7b8f50cda3550dcf2a\",\"status\":\"304\",\"responseTime\":\"307.377\"}","timestamp":"2025-04-21T09:46:59.687Z"}
{"level":"\u001b[32minfo\u001b[39m","message":"{\"method\":\"GET\",\"url\":\"/api/posts/6752db7b8f50cda3550dcf2a\",\"status\":\"304\",\"responseTime\":\"329.699\"}","timestamp":"2025-04-21T09:47:04.061Z"}
{"level":"\u001b[32minfo\u001b[39m","message":"{\"method\":\"GET\",\"url\":\"/api/posts/6752db7b8f50cda3550dcf2a\",\"status\":\"304\",\"responseTime\":\"318.762\"}","timestamp":"2025-04-21T09:47:04.384Z"}
{"level":"\u001b[32minfo\u001b[39m","message":"{\"method\":\"GET\",\"url\":\"/api/posts/6752db7b8f50cda3550dcf2a\",\"status\":\"304\",\"responseTime\":\"354.636\"}","timestamp":"2025-04-21T09:47:08.882Z"}
{"level":"\u001b[32minfo\u001b[39m","message":"{\"method\":\"GET\",\"url\":\"/api/posts/6752db7b8f50cda3550dcf2a\",\"status\":\"304\",\"responseTime\":\"317.313\"}","timestamp":"2025-04-21T09:47:09.203Z"}
{"level":"\u001b[32minfo\u001b[39m","message":"{\"method\":\"GET\",\"url\":\"/api/posts\",\"status\":\"304\",\"responseTime\":\"126.025\"}","timestamp":"2025-04-21T09:47:27.939Z"}
{"level":"\u001b[32minfo\u001b[39m","message":"{\"method\":\"GET\",\"url\":\"/api/posts\",\"status\":\"304\",\"responseTime\":\"91.081\"}","timestamp":"2025-04-21T09:47:28.035Z"}
{"level":"\u001b[32minfo\u001b[39m","message":"{\"method\":\"GET\",\"url\":\"/api/posts\",\"status\":\"304\",\"responseTime\":\"237.221\"}","timestamp":"2025-04-21T09:48:13.838Z"}
{"level":"\u001b[32minfo\u001b[39m","message":"{\"method\":\"GET\",\"url\":\"/api/posts\",\"status\":\"304\",\"responseTime\":\"83.391\"}","timestamp":"2025-04-21T09:48:13.926Z"}
{"level":"\u001b[32minfo\u001b[39m","message":"{\"method\":\"GET\",\"url\":\"/api/posts?type=rent&city=Hyderabad&minPrice=1&maxPrice=111111&bedroom=2\",\"status\":\"304\",\"responseTime\":\"107.017\"}","timestamp":"2025-04-21T09:48:23.931Z"}
{"level":"\u001b[32minfo\u001b[39m","message":"{\"method\":\"GET\",\"url\":\"/api/posts/6752db7b8f50cda3550dcf2a\",\"status\":\"304\",\"responseTime\":\"344.719\"}","timestamp":"2025-04-21T09:48:29.548Z"}
{"level":"\u001b[32minfo\u001b[39m","message":"{\"method\":\"GET\",\"url\":\"/api/posts\",\"status\":\"304\",\"responseTime\":\"89.243\"}","timestamp":"2025-04-21T09:48:36.508Z"}
{"level":"\u001b[32minfo\u001b[39m","message":"{\"method\":\"GET\",\"url\":\"/api/posts\",\"status\":\"304\",\"responseTime\":\"97.716\"}","timestamp":"2025-04-21T09:48:36.614Z"}
{"level":"\u001b[32minfo\u001b[39m","message":"Amit logged in successfully","timestamp":"2025-04-21T09:58:29.525Z"}
{"level":"\u001b[32minfo\u001b[39m","message":"{\"method\":\"POST\",\"url\":\"/api/auth/login\",\"status\":\"200\",\"responseTime\":\"176.091\"}","timestamp":"2025-04-21T09:58:29.527Z"}
{"level":"\u001b[32minfo\u001b[39m","message":"{\"method\":\"GET\",\"url\":\"/api/posts\",\"status\":\"304\",\"responseTime\":\"90.596\"}","timestamp":"2025-04-21T09:58:29.647Z"}
{"level":"\u001b[32minfo\u001b[39m","message":"{\"method\":\"GET\",\"url\":\"/api/users/notification\",\"status\":\"304\",\"responseTime\":\"75.628\"}","timestamp":"2025-04-21T09:58:29.660Z"}
{"level":"\u001b[32minfo\u001b[39m","message":"{\"method\":\"GET\",\"url\":\"/api/posts\",\"status\":\"304\",\"responseTime\":\"86.912\"}","timestamp":"2025-04-21T10:00:54.793Z"}
{"level":"\u001b[32minfo\u001b[39m","message":"{\"method\":\"GET\",\"url\":\"/api/users/notification\",\"status\":\"304\",\"responseTime\":\"70.623\"}","timestamp":"2025-04-21T10:00:54.877Z"}
{"level":"\u001b[32minfo\u001b[39m","message":"{\"method\":\"GET\",\"url\":\"/api/posts\",\"status\":\"304\",\"responseTime\":\"82.469\"}","timestamp":"2025-04-21T10:00:54.881Z"}
{"level":"\u001b[32minfo\u001b[39m","message":"{\"method\":\"GET\",\"url\":\"/api/users/notification\",\"status\":\"304\",\"responseTime\":\"88.808\"}","timestamp":"2025-04-21T10:00:54.981Z"}
{"level":"\u001b[32minfo\u001b[39m","message":"{\"method\":\"GET\",\"url\":\"/api/posts\",\"status\":\"304\",\"responseTime\":\"85.027\"}","timestamp":"2025-04-21T10:01:46.742Z"}
{"level":"\u001b[32minfo\u001b[39m","message":"{\"method\":\"GET\",\"url\":\"/api/users/notification\",\"status\":\"304\",\"responseTime\":\"69.221\"}","timestamp":"2025-04-21T10:01:46.793Z"}
{"level":"\u001b[32minfo\u001b[39m","message":"{\"method\":\"GET\",\"url\":\"/api/posts\",\"status\":\"304\",\"responseTime\":\"66.604\"}","timestamp":"2025-04-21T10:01:46.813Z"}
{"level":"\u001b[32minfo\u001b[39m","message":"{\"method\":\"GET\",\"url\":\"/api/users/notification\",\"status\":\"304\",\"responseTime\":\"77.080\"}","timestamp":"2025-04-21T10:01:46.874Z"}
{"level":"\u001b[32minfo\u001b[39m","message":"{\"method\":\"GET\",\"url\":\"/api/users/notification\",\"status\":\"304\",\"responseTime\":\"90.251\"}","timestamp":"2025-04-21T10:01:48.985Z"}
{"level":"\u001b[32minfo\u001b[39m","message":"{\"method\":\"GET\",\"url\":\"/api/users/profilePosts\",\"status\":\"304\",\"responseTime\":\"184.753\"}","timestamp":"2025-04-21T10:01:49.015Z"}
{"level":"\u001b[32minfo\u001b[39m","message":"{\"method\":\"GET\",\"url\":\"/api/users/notification\",\"status\":\"304\",\"responseTime\":\"91.333\"}","timestamp":"2025-04-21T10:01:49.080Z"}
{"level":"\u001b[32minfo\u001b[39m","message":"undefined logged out successfully","timestamp":"2025-04-21T10:01:50.252Z"}
{"level":"\u001b[32minfo\u001b[39m","message":"{\"method\":\"POST\",\"url\":\"/api/auth/logout\",\"status\":\"200\",\"responseTime\":\"0.594\"}","timestamp":"2025-04-21T10:01:50.253Z"}
{"level":"\u001b[32minfo\u001b[39m","message":"{\"method\":\"GET\",\"url\":\"/api/posts\",\"status\":\"304\",\"responseTime\":\"83.590\"}","timestamp":"2025-04-21T10:01:50.376Z"}
{"level":"\u001b[32minfo\u001b[39m","message":"{\"method\":\"GET\",\"url\":\"/api/posts\",\"status\":\"304\",\"responseTime\":\"81.463\"}","timestamp":"2025-04-21T10:05:00.441Z"}
{"level":"\u001b[32minfo\u001b[39m","message":"{\"method\":\"GET\",\"url\":\"/api/posts\",\"status\":\"304\",\"responseTime\":\"77.152\"}","timestamp":"2025-04-21T10:05:00.524Z"}
{"level":"\u001b[32minfo\u001b[39m","message":"{\"method\":\"GET\",\"url\":\"/api/posts\",\"status\":\"304\",\"responseTime\":\"108.084\"}","timestamp":"2025-04-21T10:05:07.185Z"}
{"level":"\u001b[32minfo\u001b[39m","message":"{\"method\":\"GET\",\"url\":\"/api/users/profilePosts\",\"status\":\"401\",\"responseTime\":\"7.678\"}","timestamp":"2025-04-21T10:05:10.575Z"}
{"level":"\u001b[32minfo\u001b[39m","message":"{\"method\":\"GET\",\"url\":\"/api/users/profilePosts\",\"status\":\"401\",\"responseTime\":\"1.406\"}","timestamp":"2025-04-21T10:05:10.587Z"}
{"level":"\u001b[32minfo\u001b[39m","message":"{\"method\":\"GET\",\"url\":\"/api/posts\",\"status\":\"304\",\"responseTime\":\"81.609\"}","timestamp":"2025-04-21T10:05:41.148Z"}
{"level":"\u001b[32minfo\u001b[39m","message":"{\"method\":\"GET\",\"url\":\"/api/posts\",\"status\":\"304\",\"responseTime\":\"77.501\"}","timestamp":"2025-04-21T10:06:15.647Z"}
{"level":"\u001b[32minfo\u001b[39m","message":"{\"method\":\"GET\",\"url\":\"/api/posts\",\"status\":\"304\",\"responseTime\":\"75.415\"}","timestamp":"2025-04-21T10:06:15.730Z"}
{"level":"\u001b[32minfo\u001b[39m","message":"{\"method\":\"GET\",\"url\":\"/api/posts\",\"status\":\"304\",\"responseTime\":\"106.006\"}","timestamp":"2025-04-21T10:06:19.201Z"}
{"level":"\u001b[32minfo\u001b[39m","message":"{\"method\":\"GET\",\"url\":\"/api/posts\",\"status\":\"304\",\"responseTime\":\"76.199\"}","timestamp":"2025-04-21T10:07:28.171Z"}
{"level":"\u001b[32minfo\u001b[39m","message":"{\"method\":\"GET\",\"url\":\"/api/posts\",\"status\":\"304\",\"responseTime\":\"79.203\"}","timestamp":"2025-04-21T10:07:28.253Z"}
{"level":"\u001b[32minfo\u001b[39m","message":"{\"method\":\"GET\",\"url\":\"/api/posts\",\"status\":\"304\",\"responseTime\":\"166.076\"}","timestamp":"2025-04-21T10:07:43.902Z"}
{"level":"\u001b[32minfo\u001b[39m","message":"{\"method\":\"GET\",\"url\":\"/api/posts\",\"status\":\"304\",\"responseTime\":\"78.920\"}","timestamp":"2025-04-21T10:10:22.958Z"}
{"level":"\u001b[32minfo\u001b[39m","message":"{\"method\":\"GET\",\"url\":\"/api/posts\",\"status\":\"304\",\"responseTime\":\"94.419\"}","timestamp":"2025-04-21T10:10:23.060Z"}
{"level":"\u001b[32minfo\u001b[39m","message":"{\"method\":\"GET\",\"url\":\"/api/posts\",\"status\":\"304\",\"responseTime\":\"83.457\"}","timestamp":"2025-04-21T10:10:25.827Z"}
{"level":"\u001b[32minfo\u001b[39m","message":"{\"method\":\"GET\",\"url\":\"/api/posts\",\"status\":\"304\",\"responseTime\":\"77.794\"}","timestamp":"2025-04-21T10:16:24.871Z"}
{"level":"\u001b[32minfo\u001b[39m","message":"{\"method\":\"GET\",\"url\":\"/api/posts\",\"status\":\"304\",\"responseTime\":\"86.763\"}","timestamp":"2025-04-21T10:16:24.969Z"}
{"level":"\u001b[32minfo\u001b[39m","message":"{\"method\":\"GET\",\"url\":\"/api/posts\",\"status\":\"304\",\"responseTime\":\"96.049\"}","timestamp":"2025-04-21T10:17:40.562Z"}
{"level":"\u001b[32minfo\u001b[39m","message":"{\"method\":\"GET\",\"url\":\"/api/posts\",\"status\":\"304\",\"responseTime\":\"84.037\"}","timestamp":"2025-04-21T10:17:40.650Z"}
{"level":"\u001b[32minfo\u001b[39m","message":"{\"method\":\"GET\",\"url\":\"/api/posts\",\"status\":\"304\",\"responseTime\":\"86.717\"}","timestamp":"2025-04-21T10:19:51.339Z"}
{"level":"\u001b[32minfo\u001b[39m","message":"{\"method\":\"GET\",\"url\":\"/api/posts\",\"status\":\"304\",\"responseTime\":\"92.713\"}","timestamp":"2025-04-21T10:19:51.440Z"}
{"level":"\u001b[32minfo\u001b[39m","message":"Amit logged in successfully","timestamp":"2025-04-21T10:20:01.761Z"}
{"level":"\u001b[32minfo\u001b[39m","message":"{\"method\":\"POST\",\"url\":\"/api/auth/login\",\"status\":\"200\",\"responseTime\":\"276.092\"}","timestamp":"2025-04-21T10:20:01.765Z"}
{"level":"\u001b[32minfo\u001b[39m","message":"{\"method\":\"GET\",\"url\":\"/api/posts\",\"status\":\"304\",\"responseTime\":\"71.526\"}","timestamp":"2025-04-21T10:20:01.846Z"}
{"level":"\u001b[32minfo\u001b[39m","message":"{\"method\":\"GET\",\"url\":\"/api/users/notification\",\"status\":\"304\",\"responseTime\":\"87.788\"}","timestamp":"2025-04-21T10:20:01.906Z"}
{"level":"\u001b[32minfo\u001b[39m","message":"{\"method\":\"GET\",\"url\":\"/api/users/profilePosts\",\"status\":\"304\",\"responseTime\":\"144.552\"}","timestamp":"2025-04-21T10:20:06.009Z"}
{"level":"\u001b[32minfo\u001b[39m","message":"{\"method\":\"GET\",\"url\":\"/api/users/notification\",\"status\":\"304\",\"responseTime\":\"86.281\"}","timestamp":"2025-04-21T10:20:06.012Z"}
{"level":"\u001b[32minfo\u001b[39m","message":"{\"method\":\"GET\",\"url\":\"/api/users/notification\",\"status\":\"304\",\"responseTime\":\"90.680\"}","timestamp":"2025-04-21T10:20:06.107Z"}
{"level":"\u001b[32minfo\u001b[39m","message":"undefined logged out successfully","timestamp":"2025-04-21T10:20:07.267Z"}
{"level":"\u001b[32minfo\u001b[39m","message":"{\"method\":\"POST\",\"url\":\"/api/auth/logout\",\"status\":\"200\",\"responseTime\":\"0.961\"}","timestamp":"2025-04-21T10:20:07.270Z"}
{"level":"\u001b[32minfo\u001b[39m","message":"{\"method\":\"GET\",\"url\":\"/api/posts\",\"status\":\"304\",\"responseTime\":\"107.381\"}","timestamp":"2025-04-21T10:20:07.404Z"}
{"level":"\u001b[32minfo\u001b[39m","message":"{\"method\":\"GET\",\"url\":\"/api/posts\",\"status\":\"304\",\"responseTime\":\"93.355\"}","timestamp":"2025-04-21T10:24:37.577Z"}
{"level":"\u001b[32minfo\u001b[39m","message":"{\"method\":\"GET\",\"url\":\"/api/posts\",\"status\":\"304\",\"responseTime\":\"103.365\"}","timestamp":"2025-04-21T10:24:37.693Z"}
{"level":"\u001b[32minfo\u001b[39m","message":"{\"method\":\"GET\",\"url\":\"/api/posts\",\"status\":\"304\",\"responseTime\":\"98.394\"}","timestamp":"2025-04-21T10:26:59.669Z"}
{"level":"\u001b[32minfo\u001b[39m","message":"{\"method\":\"GET\",\"url\":\"/api/posts\",\"status\":\"304\",\"responseTime\":\"69.804\"}","timestamp":"2025-04-21T10:26:59.745Z"}
{"level":"\u001b[32minfo\u001b[39m","message":"{\"method\":\"GET\",\"url\":\"/api/posts\",\"status\":\"304\",\"responseTime\":\"101.781\"}","timestamp":"2025-04-21T10:27:17.256Z"}
{"level":"\u001b[32minfo\u001b[39m","message":"{\"method\":\"GET\",\"url\":\"/api/posts\",\"status\":\"304\",\"responseTime\":\"74.636\"}","timestamp":"2025-04-21T10:27:17.342Z"}
{"level":"\u001b[32minfo\u001b[39m","message":"{\"method\":\"GET\",\"url\":\"/api/posts\",\"status\":\"304\",\"responseTime\":\"93.968\"}","timestamp":"2025-04-21T10:28:17.153Z"}
{"level":"\u001b[32minfo\u001b[39m","message":"{\"method\":\"GET\",\"url\":\"/api/posts\",\"status\":\"304\",\"responseTime\":\"75.119\"}","timestamp":"2025-04-21T10:28:17.232Z"}
{"level":"\u001b[32minfo\u001b[39m","message":"{\"method\":\"GET\",\"url\":\"/api/posts\",\"status\":\"304\",\"responseTime\":\"86.286\"}","timestamp":"2025-04-21T10:31:00.358Z"}
{"level":"\u001b[32minfo\u001b[39m","message":"{\"method\":\"GET\",\"url\":\"/api/posts\",\"status\":\"304\",\"responseTime\":\"76.276\"}","timestamp":"2025-04-21T10:31:00.443Z"}
{"level":"\u001b[32minfo\u001b[39m","message":"{\"method\":\"GET\",\"url\":\"/api/posts\",\"status\":\"304\",\"responseTime\":\"87.387\"}","timestamp":"2025-04-21T10:33:07.360Z"}
{"level":"\u001b[32minfo\u001b[39m","message":"{\"method\":\"GET\",\"url\":\"/api/posts\",\"status\":\"304\",\"responseTime\":\"68.966\"}","timestamp":"2025-04-21T10:33:07.436Z"}
{"level":"\u001b[32minfo\u001b[39m","message":"{\"method\":\"GET\",\"url\":\"/api/posts\",\"status\":\"304\",\"responseTime\":\"121.670\"}","timestamp":"2025-04-21T10:33:32.211Z"}
{"level":"\u001b[32minfo\u001b[39m","message":"{\"method\":\"GET\",\"url\":\"/api/posts\",\"status\":\"304\",\"responseTime\":\"99.940\"}","timestamp":"2025-04-21T10:33:32.342Z"}
{"level":"\u001b[32minfo\u001b[39m","message":"Amit logged in successfully","timestamp":"2025-04-21T10:35:22.050Z"}
{"level":"\u001b[32minfo\u001b[39m","message":"{\"method\":\"POST\",\"url\":\"/api/auth/login\",\"status\":\"200\",\"responseTime\":\"337.665\"}","timestamp":"2025-04-21T10:35:22.089Z"}
{"level":"\u001b[32minfo\u001b[39m","message":"{\"method\":\"GET\",\"url\":\"/api/users/notification\",\"status\":\"304\",\"responseTime\":\"80.686\"}","timestamp":"2025-04-21T10:35:22.186Z"}
{"level":"\u001b[32minfo\u001b[39m","message":"{\"method\":\"GET\",\"url\":\"/api/posts\",\"status\":\"304\",\"responseTime\":\"96.979\"}","timestamp":"2025-04-21T10:35:22.190Z"}
{"level":"\u001b[32minfo\u001b[39m","message":"{\"method\":\"GET\",\"url\":\"/api/users/notification\",\"status\":\"304\",\"responseTime\":\"101.887\"}","timestamp":"2025-04-21T10:35:27.525Z"}
{"level":"\u001b[32minfo\u001b[39m","message":"{\"method\":\"GET\",\"url\":\"/api/users/notification\",\"status\":\"304\",\"responseTime\":\"89.909\"}","timestamp":"2025-04-21T10:35:27.624Z"}
{"level":"\u001b[32minfo\u001b[39m","message":"{\"method\":\"GET\",\"url\":\"/api/chats\",\"status\":\"304\",\"responseTime\":\"225.859\"}","timestamp":"2025-04-21T10:35:27.629Z"}
{"level":"\u001b[32minfo\u001b[39m","message":"{\"method\":\"GET\",\"url\":\"/api/users/profilePosts\",\"status\":\"304\",\"responseTime\":\"135.302\"}","timestamp":"2025-04-21T10:35:29.534Z"}
{"level":"\u001b[32minfo\u001b[39m","message":"undefined logged out successfully","timestamp":"2025-04-21T10:35:30.929Z"}
{"level":"\u001b[32minfo\u001b[39m","message":"{\"method\":\"POST\",\"url\":\"/api/auth/logout\",\"status\":\"200\",\"responseTime\":\"0.946\"}","timestamp":"2025-04-21T10:35:30.931Z"}
{"level":"\u001b[32minfo\u001b[39m","message":"{\"method\":\"GET\",\"url\":\"/api/posts\",\"status\":\"304\",\"responseTime\":\"87.627\"}","timestamp":"2025-04-21T10:35:31.059Z"}
