{"level":"\u001b[32minfo\u001b[39m","message":"{\"method\":\"GET\",\"url\":\"/api/users/notification\",\"status\":\"304\",\"responseTime\":\"3590.413\"}","timestamp":"2024-12-21T12:30:14.992Z"}
{"level":"\u001b[32minfo\u001b[39m","message":"{\"method\":\"GET\",\"url\":\"/api/posts\",\"status\":\"304\",\"responseTime\":\"3812.313\"}","timestamp":"2024-12-21T12:30:15.008Z"}
{"level":"\u001b[32minfo\u001b[39m","message":"{\"method\":\"GET\",\"url\":\"/api/users/notification\",\"status\":\"304\",\"responseTime\":\"69.763\"}","timestamp":"2024-12-21T12:30:15.087Z"}
{"level":"\u001b[32minfo\u001b[39m","message":"{\"method\":\"GET\",\"url\":\"/api/posts\",\"status\":\"304\",\"responseTime\":\"74.979\"}","timestamp":"2024-12-21T12:30:15.103Z"}
{"level":"\u001b[32minfo\u001b[39m","message":"{\"method\":\"GET\",\"url\":\"/api/posts\",\"status\":\"304\",\"responseTime\":\"114.947\"}","timestamp":"2024-12-21T12:30:19.038Z"}
{"level":"\u001b[32minfo\u001b[39m","message":"{\"method\":\"GET\",\"url\":\"/api/users/notification\",\"status\":\"304\",\"responseTime\":\"93.336\"}","timestamp":"2024-12-21T12:30:19.150Z"}
{"level":"\u001b[32minfo\u001b[39m","message":"{\"method\":\"GET\",\"url\":\"/api/posts\",\"status\":\"304\",\"responseTime\":\"83.837\"}","timestamp":"2024-12-21T12:30:19.155Z"}
{"level":"\u001b[32minfo\u001b[39m","message":"{\"method\":\"GET\",\"url\":\"/api/users/notification\",\"status\":\"304\",\"responseTime\":\"86.816\"}","timestamp":"2024-12-21T12:30:19.249Z"}
{"level":"\u001b[32minfo\u001b[39m","message":"{\"method\":\"GET\",\"url\":\"/api/chats\",\"status\":\"304\",\"responseTime\":\"292.993\"}","timestamp":"2024-12-21T12:30:35.178Z"}
{"level":"\u001b[32minfo\u001b[39m","message":"{\"method\":\"GET\",\"url\":\"/api/users/profilePosts\",\"status\":\"304\",\"responseTime\":\"312.480\"}","timestamp":"2024-12-21T12:30:35.185Z"}
{"level":"\u001b[32minfo\u001b[39m","message":"{\"method\":\"GET\",\"url\":\"/api/users/notification\",\"status\":\"304\",\"responseTime\":\"538.477\"}","timestamp":"2024-12-21T12:30:35.470Z"}
{"level":"\u001b[32minfo\u001b[39m","message":"{\"method\":\"GET\",\"url\":\"/api/users/notification\",\"status\":\"304\",\"responseTime\":\"67.718\"}","timestamp":"2024-12-21T12:30:35.546Z"}
{"level":"\u001b[32minfo\u001b[39m","message":"{\"method\":\"GET\",\"url\":\"/api/users/notification\",\"status\":\"304\",\"responseTime\":\"113.137\"}","timestamp":"2024-12-21T12:52:24.714Z"}
{"level":"\u001b[32minfo\u001b[39m","message":"{\"method\":\"GET\",\"url\":\"/api/users/notification\",\"status\":\"304\",\"responseTime\":\"79.657\"}","timestamp":"2024-12-21T12:52:24.799Z"}
{"level":"\u001b[32minfo\u001b[39m","message":"{\"method\":\"GET\",\"url\":\"/api/chats\",\"status\":\"304\",\"responseTime\":\"3072.113\"}","timestamp":"2024-12-21T12:55:26.842Z"}
{"level":"\u001b[32minfo\u001b[39m","message":"{\"method\":\"GET\",\"url\":\"/api/users/profilePosts\",\"status\":\"304\",\"responseTime\":\"3168.758\"}","timestamp":"2024-12-21T12:55:26.860Z"}
{"level":"\u001b[32minfo\u001b[39m","message":"{\"method\":\"GET\",\"url\":\"/api/users/notification\",\"status\":\"304\",\"responseTime\":\"3206.466\"}","timestamp":"2024-12-21T12:55:27.019Z"}
{"level":"\u001b[32minfo\u001b[39m","message":"{\"method\":\"GET\",\"url\":\"/api/users/notification\",\"status\":\"304\",\"responseTime\":\"71.536\"}","timestamp":"2024-12-21T12:55:27.096Z"}
{"level":"\u001b[32minfo\u001b[39m","message":"{\"method\":\"GET\",\"url\":\"/api/chats\",\"status\":\"304\",\"responseTime\":\"229.510\"}","timestamp":"2024-12-21T12:55:27.101Z"}
{"level":"\u001b[32minfo\u001b[39m","message":"{\"method\":\"GET\",\"url\":\"/api/users/profilePosts\",\"status\":\"304\",\"responseTime\":\"201.336\"}","timestamp":"2024-12-21T12:55:27.106Z"}
{"level":"\u001b[32minfo\u001b[39m","message":"{\"method\":\"GET\",\"url\":\"/api/users/notification\",\"status\":\"304\",\"responseTime\":\"65.221\"}","timestamp":"2024-12-21T12:57:57.879Z"}
{"level":"\u001b[32minfo\u001b[39m","message":"{\"method\":\"GET\",\"url\":\"/api/posts\",\"status\":\"304\",\"responseTime\":\"88.956\"}","timestamp":"2024-12-21T12:58:19.664Z"}
{"level":"\u001b[32minfo\u001b[39m","message":"{\"method\":\"GET\",\"url\":\"/api/users/notification\",\"status\":\"304\",\"responseTime\":\"106.290\"}","timestamp":"2024-12-21T12:58:19.795Z"}
{"level":"\u001b[32minfo\u001b[39m","message":"{\"method\":\"GET\",\"url\":\"/api/posts\",\"status\":\"304\",\"responseTime\":\"123.351\"}","timestamp":"2024-12-21T12:58:19.803Z"}
{"level":"\u001b[32minfo\u001b[39m","message":"{\"method\":\"GET\",\"url\":\"/api/users/notification\",\"status\":\"304\",\"responseTime\":\"79.663\"}","timestamp":"2024-12-21T12:58:19.889Z"}
{"level":"\u001b[32minfo\u001b[39m","message":"{\"method\":\"GET\",\"url\":\"/api/users/notification\",\"status\":\"304\",\"responseTime\":\"64.119\"}","timestamp":"2024-12-21T12:58:25.535Z"}
{"level":"\u001b[32minfo\u001b[39m","message":"{\"method\":\"GET\",\"url\":\"/api/users/notification\",\"status\":\"304\",\"responseTime\":\"85.650\"}","timestamp":"2024-12-21T12:58:25.625Z"}
{"level":"\u001b[32minfo\u001b[39m","message":"{\"method\":\"GET\",\"url\":\"/api/chats\",\"status\":\"304\",\"responseTime\":\"207.998\"}","timestamp":"2024-12-21T12:58:25.666Z"}
{"level":"\u001b[32minfo\u001b[39m","message":"{\"method\":\"GET\",\"url\":\"/api/users/profilePosts\",\"status\":\"304\",\"responseTime\":\"234.337\"}","timestamp":"2024-12-21T12:58:25.671Z"}
{"level":"\u001b[32minfo\u001b[39m","message":"{\"method\":\"POST\",\"url\":\"/api/auth/logout\",\"status\":\"200\",\"responseTime\":\"2.185\"}","timestamp":"2024-12-21T12:58:27.523Z"}
{"level":"\u001b[32minfo\u001b[39m","message":"{\"method\":\"GET\",\"url\":\"/api/posts\",\"status\":\"304\",\"responseTime\":\"99.635\"}","timestamp":"2024-12-21T12:58:27.661Z"}
{"level":"\u001b[32minfo\u001b[39m","message":"{\"method\":\"GET\",\"url\":\"/api/posts\",\"status\":\"304\",\"responseTime\":\"88.276\"}","timestamp":"2024-12-21T13:02:21.718Z"}
{"level":"\u001b[32minfo\u001b[39m","message":"{\"method\":\"GET\",\"url\":\"/api/users/notification\",\"status\":\"401\",\"responseTime\":\"1.238\"}","timestamp":"2024-12-21T13:02:21.731Z"}
{"level":"\u001b[32minfo\u001b[39m","message":"{\"method\":\"GET\",\"url\":\"/api/posts\",\"status\":\"304\",\"responseTime\":\"72.063\"}","timestamp":"2024-12-21T13:02:21.866Z"}
{"level":"\u001b[32minfo\u001b[39m","message":"{\"method\":\"GET\",\"url\":\"/api/users/notification\",\"status\":\"401\",\"responseTime\":\"1.376\"}","timestamp":"2024-12-21T13:02:21.902Z"}
{"level":"\u001b[32minfo\u001b[39m","message":"{\"method\":\"GET\",\"url\":\"/api/users/profilePosts\",\"status\":\"401\",\"responseTime\":\"1.248\"}","timestamp":"2024-12-21T13:03:08.268Z"}
{"level":"\u001b[32minfo\u001b[39m","message":"{\"method\":\"GET\",\"url\":\"/api/chats\",\"status\":\"401\",\"responseTime\":\"0.893\"}","timestamp":"2024-12-21T13:03:08.307Z"}
{"level":"\u001b[32minfo\u001b[39m","message":"{\"method\":\"GET\",\"url\":\"/api/users/notification\",\"status\":\"401\",\"responseTime\":\"2.021\"}","timestamp":"2024-12-21T13:03:08.333Z"}
{"level":"\u001b[32minfo\u001b[39m","message":"{\"method\":\"GET\",\"url\":\"/api/users/notification\",\"status\":\"401\",\"responseTime\":\"1.234\"}","timestamp":"2024-12-21T13:03:08.503Z"}
{"level":"\u001b[32minfo\u001b[39m","message":"{\"method\":\"POST\",\"url\":\"/api/auth/logout\",\"status\":\"200\",\"responseTime\":\"1.263\"}","timestamp":"2024-12-21T13:03:19.758Z"}
{"level":"\u001b[32minfo\u001b[39m","message":"{\"method\":\"GET\",\"url\":\"/api/posts\",\"status\":\"304\",\"responseTime\":\"85.994\"}","timestamp":"2024-12-21T13:03:19.884Z"}
{"level":"\u001b[32minfo\u001b[39m","message":"User-1 logged in successfully","timestamp":"2024-12-21T13:05:55.201Z"}
{"level":"\u001b[32minfo\u001b[39m","message":"{\"method\":\"POST\",\"url\":\"/api/auth/login\",\"status\":\"200\",\"responseTime\":\"2875.498\"}","timestamp":"2024-12-21T13:05:55.210Z"}
{"level":"\u001b[32minfo\u001b[39m","message":"{\"method\":\"GET\",\"url\":\"/api/posts\",\"status\":\"304\",\"responseTime\":\"110.633\"}","timestamp":"2024-12-21T13:05:55.345Z"}
{"level":"\u001b[32minfo\u001b[39m","message":"{\"method\":\"GET\",\"url\":\"/api/users/notification\",\"status\":\"304\",\"responseTime\":\"91.408\"}","timestamp":"2024-12-21T13:05:55.446Z"}
{"level":"\u001b[32minfo\u001b[39m","message":"{\"method\":\"GET\",\"url\":\"/api/users/notification\",\"status\":\"304\",\"responseTime\":\"74.000\"}","timestamp":"2024-12-21T13:06:05.460Z"}
{"level":"\u001b[32minfo\u001b[39m","message":"{\"method\":\"GET\",\"url\":\"/api/users/notification\",\"status\":\"304\",\"responseTime\":\"94.490\"}","timestamp":"2024-12-21T13:06:05.661Z"}
{"level":"\u001b[32minfo\u001b[39m","message":"{\"method\":\"GET\",\"url\":\"/api/users/profilePosts\",\"status\":\"304\",\"responseTime\":\"570.270\"}","timestamp":"2024-12-21T13:06:05.871Z"}
{"level":"\u001b[32minfo\u001b[39m","message":"{\"method\":\"GET\",\"url\":\"/api/chats\",\"status\":\"304\",\"responseTime\":\"564.877\"}","timestamp":"2024-12-21T13:06:05.943Z"}
