{"level":"\u001b[32minfo\u001b[39m","message":"{\"method\":\"GET\",\"url\":\"/api/users/notification\",\"status\":\"304\",\"responseTime\":\"2028.425\"}","timestamp":"2024-12-31T13:41:58.103Z"}
{"level":"\u001b[32minfo\u001b[39m","message":"{\"method\":\"GET\",\"url\":\"/api/posts\",\"status\":\"304\",\"responseTime\":\"2177.784\"}","timestamp":"2024-12-31T13:41:58.119Z"}
{"level":"\u001b[32minfo\u001b[39m","message":"{\"method\":\"GET\",\"url\":\"/api/users/notification\",\"status\":\"304\",\"responseTime\":\"128.855\"}","timestamp":"2024-12-31T13:41:58.255Z"}
{"level":"\u001b[32minfo\u001b[39m","message":"{\"method\":\"GET\",\"url\":\"/api/posts\",\"status\":\"304\",\"responseTime\":\"124.856\"}","timestamp":"2024-12-31T13:41:58.263Z"}
{"level":"\u001b[32minfo\u001b[39m","message":"{\"method\":\"GET\",\"url\":\"/api/posts\",\"status\":\"304\",\"responseTime\":\"131.033\"}","timestamp":"2024-12-31T13:41:59.205Z"}
{"level":"\u001b[32minfo\u001b[39m","message":"{\"method\":\"GET\",\"url\":\"/api/users/notification\",\"status\":\"304\",\"responseTime\":\"93.448\"}","timestamp":"2024-12-31T13:41:59.263Z"}
{"level":"\u001b[32minfo\u001b[39m","message":"{\"method\":\"GET\",\"url\":\"/api/posts\",\"status\":\"304\",\"responseTime\":\"136.968\"}","timestamp":"2024-12-31T13:41:59.350Z"}
{"level":"\u001b[32minfo\u001b[39m","message":"{\"method\":\"GET\",\"url\":\"/api/users/notification\",\"status\":\"304\",\"responseTime\":\"106.647\"}","timestamp":"2024-12-31T13:41:59.376Z"}
{"level":"\u001b[32minfo\u001b[39m","message":"{\"method\":\"GET\",\"url\":\"/api/users/notification\",\"status\":\"304\",\"responseTime\":\"149.714\"}","timestamp":"2024-12-31T13:42:01.695Z"}
{"level":"\u001b[32minfo\u001b[39m","message":"{\"method\":\"GET\",\"url\":\"/api/users/notification\",\"status\":\"304\",\"responseTime\":\"76.720\"}","timestamp":"2024-12-31T13:42:01.776Z"}
{"level":"\u001b[32minfo\u001b[39m","message":"{\"method\":\"GET\",\"url\":\"/api/users/profilePosts\",\"status\":\"304\",\"responseTime\":\"307.801\"}","timestamp":"2024-12-31T13:42:01.781Z"}
{"level":"\u001b[32minfo\u001b[39m","message":"{\"method\":\"GET\",\"url\":\"/api/posts\",\"status\":\"304\",\"responseTime\":\"91.592\"}","timestamp":"2024-12-31T13:43:37.404Z"}
{"level":"\u001b[32minfo\u001b[39m","message":"{\"method\":\"GET\",\"url\":\"/api/users/notification\",\"status\":\"304\",\"responseTime\":\"91.907\"}","timestamp":"2024-12-31T13:43:37.440Z"}
{"level":"\u001b[32minfo\u001b[39m","message":"{\"method\":\"GET\",\"url\":\"/api/posts\",\"status\":\"304\",\"responseTime\":\"79.652\"}","timestamp":"2024-12-31T13:43:37.574Z"}
{"level":"\u001b[32minfo\u001b[39m","message":"{\"method\":\"GET\",\"url\":\"/api/users/notification\",\"status\":\"304\",\"responseTime\":\"97.950\"}","timestamp":"2024-12-31T13:43:37.628Z"}
{"level":"\u001b[32minfo\u001b[39m","message":"{\"method\":\"GET\",\"url\":\"/api/posts\",\"status\":\"200\",\"responseTime\":\"179.850\"}","timestamp":"2024-12-31T13:43:49.472Z"}
{"level":"\u001b[32minfo\u001b[39m","message":"{\"method\":\"GET\",\"url\":\"/api/posts\",\"status\":\"304\",\"responseTime\":\"167.418\"}","timestamp":"2024-12-31T13:43:49.645Z"}
{"level":"\u001b[32minfo\u001b[39m","message":"User-1 logged in successfully","timestamp":"2024-12-31T13:44:03.735Z"}
{"level":"\u001b[32minfo\u001b[39m","message":"{\"method\":\"POST\",\"url\":\"/api/auth/login\",\"status\":\"200\",\"responseTime\":\"404.179\"}","timestamp":"2024-12-31T13:44:03.738Z"}
{"level":"\u001b[32minfo\u001b[39m","message":"{\"method\":\"GET\",\"url\":\"/api/posts\",\"status\":\"304\",\"responseTime\":\"186.341\"}","timestamp":"2024-12-31T13:44:03.953Z"}
{"level":"\u001b[32minfo\u001b[39m","message":"{\"method\":\"GET\",\"url\":\"/api/users/notification\",\"status\":\"200\",\"responseTime\":\"173.063\"}","timestamp":"2024-12-31T13:44:04.028Z"}
{"level":"\u001b[32minfo\u001b[39m","message":"{\"method\":\"GET\",\"url\":\"/api/users/notification\",\"status\":\"304\",\"responseTime\":\"105.856\"}","timestamp":"2024-12-31T13:44:10.588Z"}
{"level":"\u001b[32minfo\u001b[39m","message":"{\"method\":\"GET\",\"url\":\"/api/users/notification\",\"status\":\"304\",\"responseTime\":\"96.013\"}","timestamp":"2024-12-31T13:44:10.688Z"}
{"level":"\u001b[32minfo\u001b[39m","message":"{\"method\":\"GET\",\"url\":\"/api/users/profilePosts\",\"status\":\"200\",\"responseTime\":\"255.653\"}","timestamp":"2024-12-31T13:44:10.696Z"}
{"level":"\u001b[32minfo\u001b[39m","message":"{\"method\":\"GET\",\"url\":\"/api/posts\",\"status\":\"304\",\"responseTime\":\"101.245\"}","timestamp":"2024-12-31T13:44:45.141Z"}
{"level":"\u001b[32minfo\u001b[39m","message":"{\"method\":\"GET\",\"url\":\"/api/users/notification\",\"status\":\"304\",\"responseTime\":\"74.636\"}","timestamp":"2024-12-31T13:44:45.237Z"}
{"level":"\u001b[32minfo\u001b[39m","message":"{\"method\":\"GET\",\"url\":\"/api/posts\",\"status\":\"304\",\"responseTime\":\"96.868\"}","timestamp":"2024-12-31T13:44:45.244Z"}
{"level":"\u001b[32minfo\u001b[39m","message":"{\"method\":\"GET\",\"url\":\"/api/users/notification\",\"status\":\"304\",\"responseTime\":\"78.151\"}","timestamp":"2024-12-31T13:44:45.319Z"}
{"level":"\u001b[32minfo\u001b[39m","message":"{\"method\":\"POST\",\"url\":\"/api/users/save\",\"status\":\"200\",\"responseTime\":\"186.878\"}","timestamp":"2024-12-31T13:44:47.870Z"}
{"level":"\u001b[32minfo\u001b[39m","message":"{\"method\":\"GET\",\"url\":\"/api/posts\",\"status\":\"304\",\"responseTime\":\"105.504\"}","timestamp":"2024-12-31T13:44:50.730Z"}
{"level":"\u001b[32minfo\u001b[39m","message":"{\"method\":\"GET\",\"url\":\"/api/posts\",\"status\":\"304\",\"responseTime\":\"102.177\"}","timestamp":"2024-12-31T13:44:50.871Z"}
{"level":"\u001b[32minfo\u001b[39m","message":"{\"method\":\"GET\",\"url\":\"/api/users/notification\",\"status\":\"304\",\"responseTime\":\"114.099\"}","timestamp":"2024-12-31T13:44:50.875Z"}
{"level":"\u001b[32minfo\u001b[39m","message":"{\"method\":\"GET\",\"url\":\"/api/users/notification\",\"status\":\"304\",\"responseTime\":\"89.541\"}","timestamp":"2024-12-31T13:44:50.970Z"}
{"level":"\u001b[32minfo\u001b[39m","message":"{\"method\":\"GET\",\"url\":\"/api/users/notification\",\"status\":\"304\",\"responseTime\":\"138.597\"}","timestamp":"2024-12-31T13:44:55.867Z"}
{"level":"\u001b[32minfo\u001b[39m","message":"{\"method\":\"GET\",\"url\":\"/api/users/profilePosts\",\"status\":\"200\",\"responseTime\":\"195.212\"}","timestamp":"2024-12-31T13:44:55.872Z"}
{"level":"\u001b[32minfo\u001b[39m","message":"{\"method\":\"GET\",\"url\":\"/api/users/notification\",\"status\":\"304\",\"responseTime\":\"197.705\"}","timestamp":"2024-12-31T13:44:56.075Z"}
{"level":"\u001b[32minfo\u001b[39m","message":"{\"method\":\"POST\",\"url\":\"/api/users/save\",\"status\":\"200\",\"responseTime\":\"414.587\"}","timestamp":"2024-12-31T13:45:04.095Z"}
{"level":"\u001b[32minfo\u001b[39m","message":"{\"method\":\"GET\",\"url\":\"/api/users/notification\",\"status\":\"304\",\"responseTime\":\"81.693\"}","timestamp":"2024-12-31T13:45:06.067Z"}
{"level":"\u001b[32minfo\u001b[39m","message":"{\"method\":\"GET\",\"url\":\"/api/users/profilePosts\",\"status\":\"200\",\"responseTime\":\"234.955\"}","timestamp":"2024-12-31T13:45:06.138Z"}
{"level":"\u001b[32minfo\u001b[39m","message":"{\"method\":\"GET\",\"url\":\"/api/users/notification\",\"status\":\"304\",\"responseTime\":\"71.090\"}","timestamp":"2024-12-31T13:45:06.142Z"}
{"level":"\u001b[32minfo\u001b[39m","message":"{\"method\":\"GET\",\"url\":\"/api/users/profilePosts\",\"status\":\"304\",\"responseTime\":\"273.652\"}","timestamp":"2024-12-31T13:45:06.424Z"}
{"level":"\u001b[32minfo\u001b[39m","message":"{\"method\":\"GET\",\"url\":\"/api/posts/6752db7b8f50cda3550dcf2a\",\"status\":\"200\",\"responseTime\":\"373.610\"}","timestamp":"2024-12-31T13:45:11.737Z"}
{"level":"\u001b[32minfo\u001b[39m","message":"{\"method\":\"GET\",\"url\":\"/api/users/notification\",\"status\":\"304\",\"responseTime\":\"82.351\"}","timestamp":"2024-12-31T13:45:11.916Z"}
{"level":"\u001b[32minfo\u001b[39m","message":"{\"method\":\"GET\",\"url\":\"/api/users/notification\",\"status\":\"304\",\"responseTime\":\"95.347\"}","timestamp":"2024-12-31T13:45:12.017Z"}
{"level":"\u001b[32minfo\u001b[39m","message":"{\"method\":\"GET\",\"url\":\"/api/users/notification\",\"status\":\"304\",\"responseTime\":\"77.249\"}","timestamp":"2024-12-31T13:45:23.007Z"}
{"level":"\u001b[32minfo\u001b[39m","message":"{\"method\":\"GET\",\"url\":\"/api/users/notification\",\"status\":\"304\",\"responseTime\":\"77.808\"}","timestamp":"2024-12-31T13:45:23.089Z"}
{"level":"\u001b[32minfo\u001b[39m","message":"{\"method\":\"GET\",\"url\":\"/api/users/profilePosts\",\"status\":\"304\",\"responseTime\":\"244.096\"}","timestamp":"2024-12-31T13:45:23.157Z"}
{"level":"\u001b[32minfo\u001b[39m","message":"{\"method\":\"GET\",\"url\":\"/api/users/profilePosts\",\"status\":\"304\",\"responseTime\":\"236.312\"}","timestamp":"2024-12-31T13:45:23.396Z"}
{"level":"\u001b[32minfo\u001b[39m","message":"undefined logout successfully","timestamp":"2024-12-31T13:45:37.933Z"}
{"level":"\u001b[32minfo\u001b[39m","message":"{\"method\":\"POST\",\"url\":\"/api/auth/logout\",\"status\":\"200\",\"responseTime\":\"2.523\"}","timestamp":"2024-12-31T13:45:37.934Z"}
{"level":"\u001b[32minfo\u001b[39m","message":"{\"method\":\"GET\",\"url\":\"/api/posts\",\"status\":\"304\",\"responseTime\":\"97.364\"}","timestamp":"2024-12-31T13:45:38.053Z"}
{"level":"\u001b[32minfo\u001b[39m","message":"{\"method\":\"GET\",\"url\":\"/api/posts\",\"status\":\"304\",\"responseTime\":\"94.359\"}","timestamp":"2024-12-31T13:45:51.792Z"}
{"level":"\u001b[32minfo\u001b[39m","message":"{\"method\":\"GET\",\"url\":\"/api/posts\",\"status\":\"304\",\"responseTime\":\"101.395\"}","timestamp":"2024-12-31T13:45:51.902Z"}
{"level":"\u001b[32minfo\u001b[39m","message":"{\"method\":\"GET\",\"url\":\"/api/users/notification\",\"status\":\"304\",\"responseTime\":\"96.269\"}","timestamp":"2024-12-31T13:45:52.005Z"}
{"level":"\u001b[32minfo\u001b[39m","message":"{\"method\":\"GET\",\"url\":\"/api/users/notification\",\"status\":\"304\",\"responseTime\":\"77.939\"}","timestamp":"2024-12-31T13:45:52.085Z"}
{"level":"\u001b[32minfo\u001b[39m","message":"{\"method\":\"GET\",\"url\":\"/api/posts\",\"status\":\"304\",\"responseTime\":\"108.079\"}","timestamp":"2024-12-31T13:45:55.703Z"}
{"level":"\u001b[32minfo\u001b[39m","message":"{\"method\":\"GET\",\"url\":\"/api/users/notification\",\"status\":\"304\",\"responseTime\":\"79.524\"}","timestamp":"2024-12-31T13:45:55.775Z"}
{"level":"\u001b[32minfo\u001b[39m","message":"{\"method\":\"GET\",\"url\":\"/api/posts\",\"status\":\"304\",\"responseTime\":\"73.007\"}","timestamp":"2024-12-31T13:45:55.786Z"}
{"level":"\u001b[32minfo\u001b[39m","message":"{\"method\":\"GET\",\"url\":\"/api/users/notification\",\"status\":\"304\",\"responseTime\":\"79.567\"}","timestamp":"2024-12-31T13:45:55.861Z"}
{"level":"\u001b[32minfo\u001b[39m","message":"{\"method\":\"GET\",\"url\":\"/api/users/notification\",\"status\":\"304\",\"responseTime\":\"97.797\"}","timestamp":"2024-12-31T13:46:02.891Z"}
{"level":"\u001b[32minfo\u001b[39m","message":"{\"method\":\"GET\",\"url\":\"/api/users/notification\",\"status\":\"304\",\"responseTime\":\"79.638\"}","timestamp":"2024-12-31T13:46:02.976Z"}
{"level":"\u001b[32minfo\u001b[39m","message":"{\"method\":\"GET\",\"url\":\"/api/users/profilePosts\",\"status\":\"304\",\"responseTime\":\"271.872\"}","timestamp":"2024-12-31T13:46:03.046Z"}
{"level":"\u001b[32minfo\u001b[39m","message":"{\"method\":\"GET\",\"url\":\"/api/chats\",\"status\":\"304\",\"responseTime\":\"255.520\"}","timestamp":"2024-12-31T13:46:10.657Z"}
{"level":"\u001b[32minfo\u001b[39m","message":"{\"method\":\"GET\",\"url\":\"/api/chats/67530b8bbf37655f4e18d398\",\"status\":\"200\",\"responseTime\":\"653.562\"}","timestamp":"2024-12-31T13:46:21.238Z"}
{"level":"\u001b[32minfo\u001b[39m","message":"{\"method\":\"POST\",\"url\":\"/api/messages/67530b8bbf37655f4e18d398\",\"status\":\"200\",\"responseTime\":\"682.416\"}","timestamp":"2024-12-31T13:46:33.578Z"}
{"level":"\u001b[32minfo\u001b[39m","message":"{\"method\":\"GET\",\"url\":\"/api/users/profilePosts\",\"status\":\"304\",\"responseTime\":\"249.970\"}","timestamp":"2024-12-31T13:46:43.877Z"}
{"level":"\u001b[32minfo\u001b[39m","message":"undefined logout successfully","timestamp":"2024-12-31T13:46:45.315Z"}
{"level":"\u001b[32minfo\u001b[39m","message":"{\"method\":\"POST\",\"url\":\"/api/auth/logout\",\"status\":\"200\",\"responseTime\":\"0.870\"}","timestamp":"2024-12-31T13:46:45.318Z"}
{"level":"\u001b[32minfo\u001b[39m","message":"{\"method\":\"GET\",\"url\":\"/api/posts\",\"status\":\"304\",\"responseTime\":\"131.886\"}","timestamp":"2024-12-31T13:46:45.490Z"}
{"level":"\u001b[32minfo\u001b[39m","message":"User-2 logged in successfully","timestamp":"2024-12-31T13:46:55.243Z"}
{"level":"\u001b[32minfo\u001b[39m","message":"{\"method\":\"POST\",\"url\":\"/api/auth/login\",\"status\":\"200\",\"responseTime\":\"208.542\"}","timestamp":"2024-12-31T13:46:55.244Z"}
{"level":"\u001b[32minfo\u001b[39m","message":"{\"method\":\"GET\",\"url\":\"/api/posts\",\"status\":\"304\",\"responseTime\":\"91.023\"}","timestamp":"2024-12-31T13:46:55.383Z"}
{"level":"\u001b[32minfo\u001b[39m","message":"{\"method\":\"GET\",\"url\":\"/api/users/notification\",\"status\":\"200\",\"responseTime\":\"102.981\"}","timestamp":"2024-12-31T13:46:55.405Z"}
{"level":"\u001b[32minfo\u001b[39m","message":"{\"method\":\"GET\",\"url\":\"/api/users/notification\",\"status\":\"304\",\"responseTime\":\"75.637\"}","timestamp":"2024-12-31T13:46:57.870Z"}
{"level":"\u001b[32minfo\u001b[39m","message":"{\"method\":\"GET\",\"url\":\"/api/chats\",\"status\":\"200\",\"responseTime\":\"203.474\"}","timestamp":"2024-12-31T13:46:57.958Z"}
{"level":"\u001b[32minfo\u001b[39m","message":"{\"method\":\"GET\",\"url\":\"/api/users/notification\",\"status\":\"304\",\"responseTime\":\"86.643\"}","timestamp":"2024-12-31T13:46:57.963Z"}
{"level":"\u001b[32minfo\u001b[39m","message":"{\"method\":\"GET\",\"url\":\"/api/chats/67530b8bbf37655f4e18d398\",\"status\":\"200\",\"responseTime\":\"614.179\"}","timestamp":"2024-12-31T13:47:00.328Z"}
{"level":"\u001b[32minfo\u001b[39m","message":"{\"method\":\"GET\",\"url\":\"/api/users/profilePosts\",\"status\":\"200\",\"responseTime\":\"198.479\"}","timestamp":"2024-12-31T13:47:16.606Z"}
{"level":"\u001b[32minfo\u001b[39m","message":"{\"method\":\"GET\",\"url\":\"/api/chats\",\"status\":\"200\",\"responseTime\":\"167.393\"}","timestamp":"2024-12-31T13:47:19.436Z"}
{"level":"\u001b[32minfo\u001b[39m","message":"{\"method\":\"GET\",\"url\":\"/api/posts\",\"status\":\"304\",\"responseTime\":\"88.933\"}","timestamp":"2024-12-31T13:47:22.051Z"}
{"level":"\u001b[32minfo\u001b[39m","message":"{\"method\":\"GET\",\"url\":\"/api/users/notification\",\"status\":\"200\",\"responseTime\":\"91.874\"}","timestamp":"2024-12-31T13:47:22.147Z"}
{"level":"\u001b[32minfo\u001b[39m","message":"{\"method\":\"GET\",\"url\":\"/api/posts\",\"status\":\"304\",\"responseTime\":\"90.135\"}","timestamp":"2024-12-31T13:47:22.153Z"}
{"level":"\u001b[32minfo\u001b[39m","message":"{\"method\":\"GET\",\"url\":\"/api/users/notification\",\"status\":\"304\",\"responseTime\":\"87.867\"}","timestamp":"2024-12-31T13:47:22.246Z"}
{"level":"\u001b[32minfo\u001b[39m","message":"{\"method\":\"GET\",\"url\":\"/api/posts/6752d6e78f50cda3550dcf26\",\"status\":\"200\",\"responseTime\":\"342.638\"}","timestamp":"2024-12-31T13:47:27.125Z"}
{"level":"\u001b[32minfo\u001b[39m","message":"{\"method\":\"GET\",\"url\":\"/api/users/notification\",\"status\":\"304\",\"responseTime\":\"91.901\"}","timestamp":"2024-12-31T13:47:33.242Z"}
{"level":"\u001b[32minfo\u001b[39m","message":"{\"method\":\"GET\",\"url\":\"/api/users/profilePosts\",\"status\":\"304\",\"responseTime\":\"173.871\"}","timestamp":"2024-12-31T13:47:33.276Z"}
{"level":"\u001b[32minfo\u001b[39m","message":"{\"method\":\"GET\",\"url\":\"/api/users/notification\",\"status\":\"304\",\"responseTime\":\"88.250\"}","timestamp":"2024-12-31T13:47:33.334Z"}
{"level":"\u001b[32minfo\u001b[39m","message":"{\"method\":\"GET\",\"url\":\"/api/posts\",\"status\":\"304\",\"responseTime\":\"103.348\"}","timestamp":"2024-12-31T13:47:42.843Z"}
{"level":"\u001b[32minfo\u001b[39m","message":"{\"method\":\"GET\",\"url\":\"/api/users/notification\",\"status\":\"304\",\"responseTime\":\"75.942\"}","timestamp":"2024-12-31T13:47:42.907Z"}
{"level":"\u001b[32minfo\u001b[39m","message":"{\"method\":\"GET\",\"url\":\"/api/posts\",\"status\":\"304\",\"responseTime\":\"87.568\"}","timestamp":"2024-12-31T13:47:42.939Z"}
{"level":"\u001b[32minfo\u001b[39m","message":"{\"method\":\"GET\",\"url\":\"/api/users/notification\",\"status\":\"304\",\"responseTime\":\"84.373\"}","timestamp":"2024-12-31T13:47:42.995Z"}
{"level":"\u001b[32minfo\u001b[39m","message":"{\"method\":\"GET\",\"url\":\"/api/users/notification\",\"status\":\"304\",\"responseTime\":\"80.852\"}","timestamp":"2024-12-31T13:47:52.542Z"}
{"level":"\u001b[32minfo\u001b[39m","message":"{\"method\":\"GET\",\"url\":\"/api/chats\",\"status\":\"304\",\"responseTime\":\"181.990\"}","timestamp":"2024-12-31T13:47:52.595Z"}
{"level":"\u001b[32minfo\u001b[39m","message":"{\"method\":\"GET\",\"url\":\"/api/users/notification\",\"status\":\"304\",\"responseTime\":\"88.859\"}","timestamp":"2024-12-31T13:47:52.635Z"}
{"level":"\u001b[32minfo\u001b[39m","message":"{\"method\":\"GET\",\"url\":\"/api/posts\",\"status\":\"304\",\"responseTime\":\"99.496\"}","timestamp":"2024-12-31T13:47:55.423Z"}
{"level":"\u001b[32minfo\u001b[39m","message":"{\"method\":\"GET\",\"url\":\"/api/users/notification\",\"status\":\"304\",\"responseTime\":\"80.110\"}","timestamp":"2024-12-31T13:47:55.494Z"}
{"level":"\u001b[32minfo\u001b[39m","message":"{\"method\":\"GET\",\"url\":\"/api/posts\",\"status\":\"304\",\"responseTime\":\"79.412\"}","timestamp":"2024-12-31T13:47:55.508Z"}
{"level":"\u001b[32minfo\u001b[39m","message":"{\"method\":\"GET\",\"url\":\"/api/users/notification\",\"status\":\"304\",\"responseTime\":\"73.309\"}","timestamp":"2024-12-31T13:47:55.572Z"}
{"level":"\u001b[32minfo\u001b[39m","message":"{\"method\":\"GET\",\"url\":\"/api/posts/6752db7b8f50cda3550dcf2a\",\"status\":\"304\",\"responseTime\":\"323.279\"}","timestamp":"2024-12-31T13:48:18.605Z"}
{"level":"\u001b[32minfo\u001b[39m","message":"{\"method\":\"GET\",\"url\":\"/api/posts/6752db7b8f50cda3550dcf2a\",\"status\":\"304\",\"responseTime\":\"329.842\"}","timestamp":"2024-12-31T13:49:28.743Z"}
{"level":"\u001b[32minfo\u001b[39m","message":"{\"method\":\"GET\",\"url\":\"/api/users/notification\",\"status\":\"304\",\"responseTime\":\"101.270\"}","timestamp":"2024-12-31T13:49:54.596Z"}
{"level":"\u001b[32minfo\u001b[39m","message":"{\"method\":\"GET\",\"url\":\"/api/users/notification\",\"status\":\"304\",\"responseTime\":\"84.017\"}","timestamp":"2024-12-31T13:49:54.685Z"}
{"level":"\u001b[32minfo\u001b[39m","message":"{\"method\":\"GET\",\"url\":\"/api/users/notification\",\"status\":\"304\",\"responseTime\":\"101.761\"}","timestamp":"2024-12-31T13:50:00.087Z"}
{"level":"\u001b[32minfo\u001b[39m","message":"{\"method\":\"GET\",\"url\":\"/api/chats\",\"status\":\"304\",\"responseTime\":\"163.648\"}","timestamp":"2024-12-31T13:50:00.113Z"}
{"level":"\u001b[32minfo\u001b[39m","message":"{\"method\":\"GET\",\"url\":\"/api/users/notification\",\"status\":\"304\",\"responseTime\":\"83.516\"}","timestamp":"2024-12-31T13:50:00.174Z"}
{"level":"\u001b[32minfo\u001b[39m","message":"{\"method\":\"GET\",\"url\":\"/api/users/profilePosts\",\"status\":\"304\",\"responseTime\":\"207.959\"}","timestamp":"2024-12-31T13:50:06.485Z"}
{"level":"\u001b[32minfo\u001b[39m","message":"{\"method\":\"GET\",\"url\":\"/api/posts\",\"status\":\"304\",\"responseTime\":\"103.538\"}","timestamp":"2024-12-31T13:50:19.243Z"}
{"level":"\u001b[32minfo\u001b[39m","message":"{\"method\":\"GET\",\"url\":\"/api/users/notification\",\"status\":\"304\",\"responseTime\":\"80.478\"}","timestamp":"2024-12-31T13:50:19.340Z"}
{"level":"\u001b[32minfo\u001b[39m","message":"{\"method\":\"GET\",\"url\":\"/api/posts\",\"status\":\"304\",\"responseTime\":\"90.079\"}","timestamp":"2024-12-31T13:50:19.347Z"}
{"level":"\u001b[32minfo\u001b[39m","message":"{\"method\":\"GET\",\"url\":\"/api/users/notification\",\"status\":\"304\",\"responseTime\":\"79.918\"}","timestamp":"2024-12-31T13:50:19.423Z"}
{"level":"\u001b[32minfo\u001b[39m","message":"{\"method\":\"GET\",\"url\":\"/api/users/notification\",\"status\":\"304\",\"responseTime\":\"93.408\"}","timestamp":"2024-12-31T13:50:31.492Z"}
{"level":"\u001b[32minfo\u001b[39m","message":"{\"method\":\"GET\",\"url\":\"/api/users/profilePosts\",\"status\":\"304\",\"responseTime\":\"191.371\"}","timestamp":"2024-12-31T13:50:31.532Z"}
{"level":"\u001b[32minfo\u001b[39m","message":"{\"method\":\"GET\",\"url\":\"/api/users/notification\",\"status\":\"304\",\"responseTime\":\"84.627\"}","timestamp":"2024-12-31T13:50:31.580Z"}
{"level":"\u001b[32minfo\u001b[39m","message":"{\"method\":\"GET\",\"url\":\"/api/users/notification\",\"status\":\"304\",\"responseTime\":\"93.511\"}","timestamp":"2024-12-31T13:50:36.867Z"}
{"level":"\u001b[32minfo\u001b[39m","message":"{\"method\":\"GET\",\"url\":\"/api/posts\",\"status\":\"304\",\"responseTime\":\"111.385\"}","timestamp":"2024-12-31T13:50:36.870Z"}
{"level":"\u001b[32minfo\u001b[39m","message":"{\"method\":\"GET\",\"url\":\"/api/users/notification\",\"status\":\"304\",\"responseTime\":\"93.237\"}","timestamp":"2024-12-31T13:50:36.967Z"}
{"level":"\u001b[32minfo\u001b[39m","message":"{\"method\":\"GET\",\"url\":\"/api/posts\",\"status\":\"304\",\"responseTime\":\"91.627\"}","timestamp":"2024-12-31T13:50:36.970Z"}
{"level":"\u001b[32minfo\u001b[39m","message":"{\"method\":\"GET\",\"url\":\"/api/posts\",\"status\":\"304\",\"responseTime\":\"116.061\"}","timestamp":"2024-12-31T13:58:03.914Z"}
{"level":"\u001b[32minfo\u001b[39m","message":"{\"method\":\"GET\",\"url\":\"/api/users/notification\",\"status\":\"304\",\"responseTime\":\"77.766\"}","timestamp":"2024-12-31T13:58:04.000Z"}
{"level":"\u001b[32minfo\u001b[39m","message":"{\"method\":\"GET\",\"url\":\"/api/posts\",\"status\":\"304\",\"responseTime\":\"81.589\"}","timestamp":"2024-12-31T13:58:04.011Z"}
{"level":"\u001b[32minfo\u001b[39m","message":"{\"method\":\"GET\",\"url\":\"/api/users/notification\",\"status\":\"304\",\"responseTime\":\"86.255\"}","timestamp":"2024-12-31T13:58:04.091Z"}
{"level":"\u001b[32minfo\u001b[39m","message":"{\"method\":\"GET\",\"url\":\"/api/users/notification\",\"status\":\"304\",\"responseTime\":\"85.129\"}","timestamp":"2024-12-31T13:58:12.174Z"}
{"level":"\u001b[32minfo\u001b[39m","message":"{\"method\":\"GET\",\"url\":\"/api/users/profilePosts\",\"status\":\"304\",\"responseTime\":\"189.680\"}","timestamp":"2024-12-31T13:58:12.229Z"}
{"level":"\u001b[32minfo\u001b[39m","message":"{\"method\":\"GET\",\"url\":\"/api/users/notification\",\"status\":\"304\",\"responseTime\":\"76.831\"}","timestamp":"2024-12-31T13:58:12.255Z"}
{"level":"\u001b[32minfo\u001b[39m","message":"{\"method\":\"GET\",\"url\":\"/api/chats\",\"status\":\"304\",\"responseTime\":\"198.725\"}","timestamp":"2024-12-31T13:58:17.939Z"}
{"level":"\u001b[32minfo\u001b[39m","message":"{\"method\":\"GET\",\"url\":\"/api/posts\",\"status\":\"304\",\"responseTime\":\"96.061\"}","timestamp":"2024-12-31T13:58:20.694Z"}
{"level":"\u001b[32minfo\u001b[39m","message":"{\"method\":\"GET\",\"url\":\"/api/users/notification\",\"status\":\"304\",\"responseTime\":\"104.011\"}","timestamp":"2024-12-31T13:58:20.808Z"}
{"level":"\u001b[32minfo\u001b[39m","message":"{\"method\":\"GET\",\"url\":\"/api/posts\",\"status\":\"304\",\"responseTime\":\"100.302\"}","timestamp":"2024-12-31T13:58:20.811Z"}
{"level":"\u001b[32minfo\u001b[39m","message":"{\"method\":\"GET\",\"url\":\"/api/users/notification\",\"status\":\"304\",\"responseTime\":\"94.405\"}","timestamp":"2024-12-31T13:58:20.909Z"}
{"level":"\u001b[32minfo\u001b[39m","message":"{\"method\":\"GET\",\"url\":\"/api/posts/6752d6e78f50cda3550dcf26\",\"status\":\"304\",\"responseTime\":\"348.964\"}","timestamp":"2024-12-31T13:58:26.069Z"}
{"level":"\u001b[32minfo\u001b[39m","message":"{\"method\":\"POST\",\"url\":\"/api/users/save\",\"status\":\"200\",\"responseTime\":\"352.322\"}","timestamp":"2024-12-31T13:58:29.313Z"}
{"level":"\u001b[32minfo\u001b[39m","message":"{\"method\":\"GET\",\"url\":\"/api/users/notification\",\"status\":\"304\",\"responseTime\":\"137.229\"}","timestamp":"2024-12-31T13:58:38.105Z"}
{"level":"\u001b[32minfo\u001b[39m","message":"{\"method\":\"GET\",\"url\":\"/api/chats\",\"status\":\"304\",\"responseTime\":\"231.663\"}","timestamp":"2024-12-31T13:58:38.108Z"}
{"level":"\u001b[32minfo\u001b[39m","message":"{\"method\":\"GET\",\"url\":\"/api/users/notification\",\"status\":\"304\",\"responseTime\":\"96.956\"}","timestamp":"2024-12-31T13:58:38.209Z"}
{"level":"\u001b[32minfo\u001b[39m","message":"{\"method\":\"GET\",\"url\":\"/api/users/profilePosts\",\"status\":\"200\",\"responseTime\":\"266.862\"}","timestamp":"2024-12-31T13:58:40.388Z"}
{"level":"\u001b[32minfo\u001b[39m","message":"{\"method\":\"GET\",\"url\":\"/api/posts/6753081ebf37655f4e18d395\",\"status\":\"200\",\"responseTime\":\"348.774\"}","timestamp":"2024-12-31T13:58:50.629Z"}
{"level":"\u001b[32minfo\u001b[39m","message":"{\"method\":\"GET\",\"url\":\"/api/users/notification\",\"status\":\"304\",\"responseTime\":\"106.205\"}","timestamp":"2024-12-31T13:58:50.781Z"}
{"level":"\u001b[32minfo\u001b[39m","message":"{\"method\":\"GET\",\"url\":\"/api/users/notification\",\"status\":\"304\",\"responseTime\":\"78.531\"}","timestamp":"2024-12-31T13:58:50.862Z"}
{"level":"\u001b[32minfo\u001b[39m","message":"{\"method\":\"POST\",\"url\":\"/api/users/save\",\"status\":\"200\",\"responseTime\":\"375.817\"}","timestamp":"2024-12-31T13:58:53.392Z"}
{"level":"\u001b[32minfo\u001b[39m","message":"{\"method\":\"GET\",\"url\":\"/api/users/notification\",\"status\":\"304\",\"responseTime\":\"98.238\"}","timestamp":"2024-12-31T13:58:55.906Z"}
{"level":"\u001b[32minfo\u001b[39m","message":"{\"method\":\"GET\",\"url\":\"/api/chats\",\"status\":\"304\",\"responseTime\":\"215.377\"}","timestamp":"2024-12-31T13:58:55.980Z"}
{"level":"\u001b[32minfo\u001b[39m","message":"{\"method\":\"GET\",\"url\":\"/api/users/notification\",\"status\":\"304\",\"responseTime\":\"78.052\"}","timestamp":"2024-12-31T13:58:55.988Z"}
{"level":"\u001b[32minfo\u001b[39m","message":"{\"method\":\"GET\",\"url\":\"/api/users/profilePosts\",\"status\":\"200\",\"responseTime\":\"270.086\"}","timestamp":"2024-12-31T13:58:57.589Z"}
{"level":"\u001b[32minfo\u001b[39m","message":"{\"method\":\"GET\",\"url\":\"/api/users/notification\",\"status\":\"304\",\"responseTime\":\"89.212\"}","timestamp":"2024-12-31T13:59:05.655Z"}
{"level":"\u001b[32minfo\u001b[39m","message":"{\"method\":\"GET\",\"url\":\"/api/users/notification\",\"status\":\"304\",\"responseTime\":\"110.149\"}","timestamp":"2024-12-31T13:59:05.769Z"}
{"level":"\u001b[32minfo\u001b[39m","message":"{\"method\":\"GET\",\"url\":\"/api/users/profilePosts\",\"status\":\"304\",\"responseTime\":\"243.920\"}","timestamp":"2024-12-31T13:59:05.783Z"}
{"level":"\u001b[32minfo\u001b[39m","message":"{\"method\":\"GET\",\"url\":\"/api/users/profilePosts\",\"status\":\"304\",\"responseTime\":\"241.205\"}","timestamp":"2024-12-31T13:59:06.028Z"}
{"level":"\u001b[32minfo\u001b[39m","message":"{\"method\":\"GET\",\"url\":\"/api/posts\",\"status\":\"304\",\"responseTime\":\"111.164\"}","timestamp":"2024-12-31T13:59:07.975Z"}
{"level":"\u001b[32minfo\u001b[39m","message":"{\"method\":\"GET\",\"url\":\"/api/users/notification\",\"status\":\"304\",\"responseTime\":\"103.624\"}","timestamp":"2024-12-31T13:59:08.053Z"}
{"level":"\u001b[32minfo\u001b[39m","message":"{\"method\":\"GET\",\"url\":\"/api/posts\",\"status\":\"304\",\"responseTime\":\"78.995\"}","timestamp":"2024-12-31T13:59:08.057Z"}
{"level":"\u001b[32minfo\u001b[39m","message":"{\"method\":\"GET\",\"url\":\"/api/users/notification\",\"status\":\"304\",\"responseTime\":\"78.687\"}","timestamp":"2024-12-31T13:59:08.140Z"}
{"level":"\u001b[32minfo\u001b[39m","message":"{\"method\":\"GET\",\"url\":\"/api/users/notification\",\"status\":\"304\",\"responseTime\":\"90.406\"}","timestamp":"2024-12-31T13:59:19.927Z"}
{"level":"\u001b[32minfo\u001b[39m","message":"{\"method\":\"GET\",\"url\":\"/api/users/profilePosts\",\"status\":\"304\",\"responseTime\":\"240.621\"}","timestamp":"2024-12-31T13:59:20.031Z"}
{"level":"\u001b[32minfo\u001b[39m","message":"{\"method\":\"GET\",\"url\":\"/api/users/notification\",\"status\":\"304\",\"responseTime\":\"110.599\"}","timestamp":"2024-12-31T13:59:20.042Z"}
{"level":"\u001b[32minfo\u001b[39m","message":"{\"method\":\"GET\",\"url\":\"/api/posts\",\"status\":\"304\",\"responseTime\":\"113.156\"}","timestamp":"2024-12-31T13:59:29.414Z"}
{"level":"\u001b[32minfo\u001b[39m","message":"{\"method\":\"GET\",\"url\":\"/api/users/notification\",\"status\":\"304\",\"responseTime\":\"108.432\"}","timestamp":"2024-12-31T13:59:29.510Z"}
{"level":"\u001b[32minfo\u001b[39m","message":"{\"method\":\"GET\",\"url\":\"/api/posts\",\"status\":\"304\",\"responseTime\":\"92.979\"}","timestamp":"2024-12-31T13:59:29.515Z"}
{"level":"\u001b[32minfo\u001b[39m","message":"{\"method\":\"GET\",\"url\":\"/api/users/notification\",\"status\":\"304\",\"responseTime\":\"91.233\"}","timestamp":"2024-12-31T13:59:29.613Z"}
{"level":"\u001b[32minfo\u001b[39m","message":"{\"method\":\"GET\",\"url\":\"/api/posts/6752d6e78f50cda3550dcf26\",\"status\":\"200\",\"responseTime\":\"329.422\"}","timestamp":"2024-12-31T13:59:34.489Z"}
{"level":"\u001b[32minfo\u001b[39m","message":"{\"method\":\"GET\",\"url\":\"/api/posts\",\"status\":\"304\",\"responseTime\":\"131.093\"}","timestamp":"2024-12-31T13:59:39.740Z"}
{"level":"\u001b[32minfo\u001b[39m","message":"{\"method\":\"GET\",\"url\":\"/api/posts\",\"status\":\"304\",\"responseTime\":\"92.275\"}","timestamp":"2024-12-31T13:59:39.837Z"}
{"level":"\u001b[32minfo\u001b[39m","message":"{\"method\":\"GET\",\"url\":\"/api/posts/6752d6e78f50cda3550dcf26\",\"status\":\"304\",\"responseTime\":\"344.612\"}","timestamp":"2024-12-31T14:00:14.529Z"}
{"level":"\u001b[32minfo\u001b[39m","message":"{\"method\":\"GET\",\"url\":\"/api/users/notification\",\"status\":\"304\",\"responseTime\":\"83.148\"}","timestamp":"2024-12-31T14:00:19.167Z"}
{"level":"\u001b[32minfo\u001b[39m","message":"{\"method\":\"GET\",\"url\":\"/api/users/notification\",\"status\":\"304\",\"responseTime\":\"78.187\"}","timestamp":"2024-12-31T14:00:19.248Z"}
{"level":"\u001b[32minfo\u001b[39m","message":"{\"method\":\"GET\",\"url\":\"/api/users/profilePosts\",\"status\":\"304\",\"responseTime\":\"288.954\"}","timestamp":"2024-12-31T14:00:19.319Z"}
{"level":"\u001b[32minfo\u001b[39m","message":"undefined logout successfully","timestamp":"2024-12-31T14:01:17.344Z"}
{"level":"\u001b[32minfo\u001b[39m","message":"{\"method\":\"POST\",\"url\":\"/api/auth/logout\",\"status\":\"200\",\"responseTime\":\"0.583\"}","timestamp":"2024-12-31T14:01:17.345Z"}
{"level":"\u001b[32minfo\u001b[39m","message":"{\"method\":\"GET\",\"url\":\"/api/posts\",\"status\":\"304\",\"responseTime\":\"114.922\"}","timestamp":"2024-12-31T14:01:17.498Z"}
{"level":"\u001b[32minfo\u001b[39m","message":"User-1 logged in successfully","timestamp":"2024-12-31T14:01:25.125Z"}
{"level":"\u001b[32minfo\u001b[39m","message":"{\"method\":\"POST\",\"url\":\"/api/auth/login\",\"status\":\"200\",\"responseTime\":\"301.815\"}","timestamp":"2024-12-31T14:01:25.127Z"}
{"level":"\u001b[32minfo\u001b[39m","message":"{\"method\":\"GET\",\"url\":\"/api/users/notification\",\"status\":\"304\",\"responseTime\":\"93.597\"}","timestamp":"2024-12-31T14:01:25.283Z"}
{"level":"\u001b[32minfo\u001b[39m","message":"{\"method\":\"GET\",\"url\":\"/api/posts\",\"status\":\"304\",\"responseTime\":\"123.072\"}","timestamp":"2024-12-31T14:01:25.293Z"}
{"level":"\u001b[32minfo\u001b[39m","message":"{\"method\":\"GET\",\"url\":\"/api/users/notification\",\"status\":\"304\",\"responseTime\":\"81.099\"}","timestamp":"2024-12-31T14:01:30.708Z"}
{"level":"\u001b[32minfo\u001b[39m","message":"{\"method\":\"GET\",\"url\":\"/api/users/notification\",\"status\":\"304\",\"responseTime\":\"74.444\"}","timestamp":"2024-12-31T14:01:30.786Z"}
{"level":"\u001b[32minfo\u001b[39m","message":"{\"method\":\"GET\",\"url\":\"/api/users/profilePosts\",\"status\":\"200\",\"responseTime\":\"285.731\"}","timestamp":"2024-12-31T14:01:30.856Z"}
{"level":"\u001b[32minfo\u001b[39m","message":"undefined logout successfully","timestamp":"2024-12-31T14:01:46.063Z"}
{"level":"\u001b[32minfo\u001b[39m","message":"{\"method\":\"POST\",\"url\":\"/api/auth/logout\",\"status\":\"200\",\"responseTime\":\"0.619\"}","timestamp":"2024-12-31T14:01:46.065Z"}
{"level":"\u001b[32minfo\u001b[39m","message":"{\"method\":\"GET\",\"url\":\"/api/posts\",\"status\":\"304\",\"responseTime\":\"104.964\"}","timestamp":"2024-12-31T14:01:46.210Z"}
{"level":"\u001b[32minfo\u001b[39m","message":"User-2 logged in successfully","timestamp":"2024-12-31T14:01:56.836Z"}
{"level":"\u001b[32minfo\u001b[39m","message":"{\"method\":\"POST\",\"url\":\"/api/auth/login\",\"status\":\"200\",\"responseTime\":\"254.902\"}","timestamp":"2024-12-31T14:01:56.838Z"}
{"level":"\u001b[32minfo\u001b[39m","message":"{\"method\":\"GET\",\"url\":\"/api/posts\",\"status\":\"304\",\"responseTime\":\"103.151\"}","timestamp":"2024-12-31T14:01:56.980Z"}
{"level":"\u001b[32minfo\u001b[39m","message":"{\"method\":\"GET\",\"url\":\"/api/users/notification\",\"status\":\"304\",\"responseTime\":\"87.436\"}","timestamp":"2024-12-31T14:01:56.983Z"}
{"level":"\u001b[32minfo\u001b[39m","message":"{\"method\":\"GET\",\"url\":\"/api/users/notification\",\"status\":\"304\",\"responseTime\":\"105.044\"}","timestamp":"2024-12-31T14:01:59.756Z"}
{"level":"\u001b[32minfo\u001b[39m","message":"{\"method\":\"GET\",\"url\":\"/api/users/notification\",\"status\":\"304\",\"responseTime\":\"95.592\"}","timestamp":"2024-12-31T14:01:59.856Z"}
{"level":"\u001b[32minfo\u001b[39m","message":"{\"method\":\"GET\",\"url\":\"/api/users/profilePosts\",\"status\":\"200\",\"responseTime\":\"274.000\"}","timestamp":"2024-12-31T14:01:59.873Z"}
{"level":"\u001b[32minfo\u001b[39m","message":"undefined logout successfully","timestamp":"2024-12-31T14:02:09.509Z"}
{"level":"\u001b[32minfo\u001b[39m","message":"{\"method\":\"POST\",\"url\":\"/api/auth/logout\",\"status\":\"200\",\"responseTime\":\"0.569\"}","timestamp":"2024-12-31T14:02:09.510Z"}
{"level":"\u001b[32minfo\u001b[39m","message":"{\"method\":\"GET\",\"url\":\"/api/posts\",\"status\":\"304\",\"responseTime\":\"92.942\"}","timestamp":"2024-12-31T14:02:09.637Z"}
{"level":"\u001b[32minfo\u001b[39m","message":"User-3 logged in successfully","timestamp":"2024-12-31T14:02:19.696Z"}
{"level":"\u001b[32minfo\u001b[39m","message":"{\"method\":\"POST\",\"url\":\"/api/auth/login\",\"status\":\"200\",\"responseTime\":\"225.829\"}","timestamp":"2024-12-31T14:02:19.698Z"}
{"level":"\u001b[32minfo\u001b[39m","message":"{\"method\":\"GET\",\"url\":\"/api/users/notification\",\"status\":\"304\",\"responseTime\":\"82.830\"}","timestamp":"2024-12-31T14:02:19.840Z"}
{"level":"\u001b[32minfo\u001b[39m","message":"{\"method\":\"GET\",\"url\":\"/api/posts\",\"status\":\"304\",\"responseTime\":\"107.390\"}","timestamp":"2024-12-31T14:02:19.843Z"}
{"level":"\u001b[32minfo\u001b[39m","message":"{\"method\":\"GET\",\"url\":\"/api/users/notification\",\"status\":\"304\",\"responseTime\":\"120.032\"}","timestamp":"2024-12-31T14:02:30.752Z"}
{"level":"\u001b[32minfo\u001b[39m","message":"{\"method\":\"GET\",\"url\":\"/api/users/profilePosts\",\"status\":\"200\",\"responseTime\":\"174.500\"}","timestamp":"2024-12-31T14:02:30.759Z"}
{"level":"\u001b[32minfo\u001b[39m","message":"{\"method\":\"GET\",\"url\":\"/api/users/notification\",\"status\":\"304\",\"responseTime\":\"80.055\"}","timestamp":"2024-12-31T14:02:30.835Z"}
{"level":"\u001b[32minfo\u001b[39m","message":"{\"method\":\"GET\",\"url\":\"/api/users/profilePosts\",\"status\":\"304\",\"responseTime\":\"174.229\"}","timestamp":"2024-12-31T14:02:36.516Z"}
{"level":"\u001b[32minfo\u001b[39m","message":"{\"method\":\"GET\",\"url\":\"/api/users/notification\",\"status\":\"304\",\"responseTime\":\"118.608\"}","timestamp":"2024-12-31T14:02:36.585Z"}
{"level":"\u001b[32minfo\u001b[39m","message":"{\"method\":\"GET\",\"url\":\"/api/users/notification\",\"status\":\"304\",\"responseTime\":\"84.708\"}","timestamp":"2024-12-31T14:02:36.672Z"}
{"level":"\u001b[32minfo\u001b[39m","message":"{\"method\":\"GET\",\"url\":\"/api/users/profilePosts\",\"status\":\"304\",\"responseTime\":\"194.315\"}","timestamp":"2024-12-31T14:02:36.714Z"}
{"level":"\u001b[32minfo\u001b[39m","message":"{\"method\":\"GET\",\"url\":\"/api/chats\",\"status\":\"200\",\"responseTime\":\"201.273\"}","timestamp":"2024-12-31T14:02:38.936Z"}
{"level":"\u001b[32minfo\u001b[39m","message":"{\"method\":\"GET\",\"url\":\"/api/users/profilePosts\",\"status\":\"304\",\"responseTime\":\"203.876\"}","timestamp":"2024-12-31T14:02:42.616Z"}
{"level":"\u001b[32minfo\u001b[39m","message":"{\"method\":\"GET\",\"url\":\"/api/posts\",\"status\":\"304\",\"responseTime\":\"116.068\"}","timestamp":"2024-12-31T14:03:03.990Z"}
{"level":"\u001b[32minfo\u001b[39m","message":"{\"method\":\"GET\",\"url\":\"/api/users/notification\",\"status\":\"304\",\"responseTime\":\"84.015\"}","timestamp":"2024-12-31T14:03:04.053Z"}
{"level":"\u001b[32minfo\u001b[39m","message":"{\"method\":\"GET\",\"url\":\"/api/posts\",\"status\":\"304\",\"responseTime\":\"78.015\"}","timestamp":"2024-12-31T14:03:04.074Z"}
{"level":"\u001b[32minfo\u001b[39m","message":"{\"method\":\"GET\",\"url\":\"/api/users/notification\",\"status\":\"304\",\"responseTime\":\"89.131\"}","timestamp":"2024-12-31T14:03:04.146Z"}
{"level":"\u001b[32minfo\u001b[39m","message":"{\"method\":\"GET\",\"url\":\"/api/posts/6752d6e78f50cda3550dcf26\",\"status\":\"200\",\"responseTime\":\"367.392\"}","timestamp":"2024-12-31T14:03:07.094Z"}
{"level":"\u001b[32minfo\u001b[39m","message":"{\"method\":\"POST\",\"url\":\"/api/users/save\",\"status\":\"200\",\"responseTime\":\"359.560\"}","timestamp":"2024-12-31T14:03:10.029Z"}
{"level":"\u001b[32minfo\u001b[39m","message":"{\"method\":\"GET\",\"url\":\"/api/users/notification\",\"status\":\"304\",\"responseTime\":\"98.087\"}","timestamp":"2024-12-31T14:03:15.226Z"}
{"level":"\u001b[32minfo\u001b[39m","message":"{\"method\":\"GET\",\"url\":\"/api/chats\",\"status\":\"304\",\"responseTime\":\"178.250\"}","timestamp":"2024-12-31T14:03:15.255Z"}
{"level":"\u001b[32minfo\u001b[39m","message":"{\"method\":\"GET\",\"url\":\"/api/users/notification\",\"status\":\"304\",\"responseTime\":\"85.796\"}","timestamp":"2024-12-31T14:03:15.315Z"}
{"level":"\u001b[32minfo\u001b[39m","message":"{\"method\":\"GET\",\"url\":\"/api/users/profilePosts\",\"status\":\"200\",\"responseTime\":\"320.838\"}","timestamp":"2024-12-31T14:03:17.196Z"}
{"level":"\u001b[32minfo\u001b[39m","message":"{\"method\":\"GET\",\"url\":\"/api/posts\",\"status\":\"304\",\"responseTime\":\"124.032\"}","timestamp":"2024-12-31T14:03:21.323Z"}
{"level":"\u001b[32minfo\u001b[39m","message":"{\"method\":\"GET\",\"url\":\"/api/users/notification\",\"status\":\"304\",\"responseTime\":\"84.351\"}","timestamp":"2024-12-31T14:03:21.372Z"}
{"level":"\u001b[32minfo\u001b[39m","message":"{\"method\":\"GET\",\"url\":\"/api/posts\",\"status\":\"304\",\"responseTime\":\"81.073\"}","timestamp":"2024-12-31T14:03:21.407Z"}
{"level":"\u001b[32minfo\u001b[39m","message":"{\"method\":\"GET\",\"url\":\"/api/users/notification\",\"status\":\"304\",\"responseTime\":\"97.362\"}","timestamp":"2024-12-31T14:03:21.473Z"}
{"level":"\u001b[32minfo\u001b[39m","message":"{\"method\":\"GET\",\"url\":\"/api/posts/6752d6e78f50cda3550dcf26\",\"status\":\"200\",\"responseTime\":\"367.484\"}","timestamp":"2024-12-31T14:03:35.526Z"}
{"level":"\u001b[32minfo\u001b[39m","message":"{\"method\":\"GET\",\"url\":\"/api/users/notification\",\"status\":\"304\",\"responseTime\":\"109.640\"}","timestamp":"2024-12-31T14:03:38.039Z"}
{"level":"\u001b[32minfo\u001b[39m","message":"{\"method\":\"GET\",\"url\":\"/api/chats\",\"status\":\"304\",\"responseTime\":\"178.412\"}","timestamp":"2024-12-31T14:03:38.075Z"}
{"level":"\u001b[32minfo\u001b[39m","message":"{\"method\":\"GET\",\"url\":\"/api/users/notification\",\"status\":\"304\",\"responseTime\":\"93.068\"}","timestamp":"2024-12-31T14:03:38.136Z"}
{"level":"\u001b[32minfo\u001b[39m","message":"{\"method\":\"GET\",\"url\":\"/api/posts\",\"status\":\"304\",\"responseTime\":\"117.106\"}","timestamp":"2024-12-31T14:03:42.725Z"}
{"level":"\u001b[32minfo\u001b[39m","message":"{\"method\":\"GET\",\"url\":\"/api/users/notification\",\"status\":\"304\",\"responseTime\":\"99.820\"}","timestamp":"2024-12-31T14:03:42.797Z"}
{"level":"\u001b[32minfo\u001b[39m","message":"{\"method\":\"GET\",\"url\":\"/api/posts\",\"status\":\"304\",\"responseTime\":\"90.944\"}","timestamp":"2024-12-31T14:03:42.822Z"}
{"level":"\u001b[32minfo\u001b[39m","message":"{\"method\":\"GET\",\"url\":\"/api/users/notification\",\"status\":\"304\",\"responseTime\":\"101.713\"}","timestamp":"2024-12-31T14:03:42.904Z"}
{"level":"\u001b[32minfo\u001b[39m","message":"{\"method\":\"GET\",\"url\":\"/api/users/notification\",\"status\":\"304\",\"responseTime\":\"78.308\"}","timestamp":"2024-12-31T14:03:45.396Z"}
{"level":"\u001b[32minfo\u001b[39m","message":"{\"method\":\"GET\",\"url\":\"/api/users/notification\",\"status\":\"304\",\"responseTime\":\"95.453\"}","timestamp":"2024-12-31T14:03:45.495Z"}
{"level":"\u001b[32minfo\u001b[39m","message":"{\"method\":\"GET\",\"url\":\"/api/users/profilePosts\",\"status\":\"304\",\"responseTime\":\"275.086\"}","timestamp":"2024-12-31T14:03:45.537Z"}
{"level":"\u001b[32minfo\u001b[39m","message":"undefined logout successfully","timestamp":"2024-12-31T14:03:51.678Z"}
{"level":"\u001b[32minfo\u001b[39m","message":"{\"method\":\"POST\",\"url\":\"/api/auth/logout\",\"status\":\"200\",\"responseTime\":\"0.556\"}","timestamp":"2024-12-31T14:03:51.680Z"}
{"level":"\u001b[32minfo\u001b[39m","message":"{\"method\":\"GET\",\"url\":\"/api/posts\",\"status\":\"304\",\"responseTime\":\"105.295\"}","timestamp":"2024-12-31T14:03:51.820Z"}
{"level":"\u001b[32minfo\u001b[39m","message":"User-1 logged in successfully","timestamp":"2024-12-31T14:03:58.866Z"}
{"level":"\u001b[32minfo\u001b[39m","message":"{\"method\":\"POST\",\"url\":\"/api/auth/login\",\"status\":\"200\",\"responseTime\":\"228.129\"}","timestamp":"2024-12-31T14:03:58.868Z"}
{"level":"\u001b[32minfo\u001b[39m","message":"{\"method\":\"GET\",\"url\":\"/api/posts\",\"status\":\"304\",\"responseTime\":\"90.051\"}","timestamp":"2024-12-31T14:03:59.000Z"}
{"level":"\u001b[32minfo\u001b[39m","message":"{\"method\":\"GET\",\"url\":\"/api/users/notification\",\"status\":\"304\",\"responseTime\":\"78.117\"}","timestamp":"2024-12-31T14:03:59.006Z"}
{"level":"\u001b[32minfo\u001b[39m","message":"{\"method\":\"GET\",\"url\":\"/api/users/notification\",\"status\":\"304\",\"responseTime\":\"79.481\"}","timestamp":"2024-12-31T14:04:02.949Z"}
{"level":"\u001b[32minfo\u001b[39m","message":"{\"method\":\"GET\",\"url\":\"/api/users/notification\",\"status\":\"304\",\"responseTime\":\"81.904\"}","timestamp":"2024-12-31T14:04:03.035Z"}
{"level":"\u001b[32minfo\u001b[39m","message":"{\"method\":\"GET\",\"url\":\"/api/users/profilePosts\",\"status\":\"200\",\"responseTime\":\"294.181\"}","timestamp":"2024-12-31T14:04:03.117Z"}
{"level":"\u001b[32minfo\u001b[39m","message":"{\"method\":\"POST\",\"url\":\"/api/users/save\",\"status\":\"200\",\"responseTime\":\"189.369\"}","timestamp":"2024-12-31T14:04:10.601Z"}
{"level":"\u001b[32minfo\u001b[39m","message":"{\"method\":\"GET\",\"url\":\"/api/users/profilePosts\",\"status\":\"200\",\"responseTime\":\"213.110\"}","timestamp":"2024-12-31T14:04:12.737Z"}
{"level":"\u001b[32minfo\u001b[39m","message":"{\"method\":\"GET\",\"url\":\"/api/users/notification\",\"status\":\"304\",\"responseTime\":\"99.012\"}","timestamp":"2024-12-31T14:04:12.774Z"}
{"level":"\u001b[32minfo\u001b[39m","message":"{\"method\":\"GET\",\"url\":\"/api/users/notification\",\"status\":\"304\",\"responseTime\":\"94.706\"}","timestamp":"2024-12-31T14:04:12.872Z"}
{"level":"\u001b[32minfo\u001b[39m","message":"{\"method\":\"GET\",\"url\":\"/api/users/profilePosts\",\"status\":\"304\",\"responseTime\":\"172.766\"}","timestamp":"2024-12-31T14:04:12.915Z"}
{"level":"\u001b[32minfo\u001b[39m","message":"{\"method\":\"GET\",\"url\":\"/api/posts\",\"status\":\"304\",\"responseTime\":\"126.058\"}","timestamp":"2024-12-31T14:04:14.374Z"}
{"level":"\u001b[32minfo\u001b[39m","message":"{\"method\":\"GET\",\"url\":\"/api/users/notification\",\"status\":\"304\",\"responseTime\":\"95.710\"}","timestamp":"2024-12-31T14:04:14.433Z"}
{"level":"\u001b[32minfo\u001b[39m","message":"{\"method\":\"GET\",\"url\":\"/api/posts\",\"status\":\"304\",\"responseTime\":\"82.060\"}","timestamp":"2024-12-31T14:04:14.460Z"}
{"level":"\u001b[32minfo\u001b[39m","message":"{\"method\":\"GET\",\"url\":\"/api/users/notification\",\"status\":\"304\",\"responseTime\":\"97.019\"}","timestamp":"2024-12-31T14:04:14.533Z"}
{"level":"\u001b[32minfo\u001b[39m","message":"{\"method\":\"GET\",\"url\":\"/api/posts/6752db7b8f50cda3550dcf2a\",\"status\":\"304\",\"responseTime\":\"331.812\"}","timestamp":"2024-12-31T14:04:19.478Z"}
{"level":"\u001b[32minfo\u001b[39m","message":"{\"method\":\"POST\",\"url\":\"/api/users/save\",\"status\":\"200\",\"responseTime\":\"367.639\"}","timestamp":"2024-12-31T14:04:22.196Z"}
{"level":"\u001b[32minfo\u001b[39m","message":"{\"method\":\"GET\",\"url\":\"/api/users/notification\",\"status\":\"304\",\"responseTime\":\"107.592\"}","timestamp":"2024-12-31T14:04:25.275Z"}
{"level":"\u001b[32minfo\u001b[39m","message":"{\"method\":\"GET\",\"url\":\"/api/users/notification\",\"status\":\"304\",\"responseTime\":\"97.315\"}","timestamp":"2024-12-31T14:04:25.375Z"}
{"level":"\u001b[32minfo\u001b[39m","message":"{\"method\":\"GET\",\"url\":\"/api/chats\",\"status\":\"200\",\"responseTime\":\"267.115\"}","timestamp":"2024-12-31T14:04:25.384Z"}
{"level":"\u001b[32minfo\u001b[39m","message":"{\"method\":\"GET\",\"url\":\"/api/users/profilePosts\",\"status\":\"200\",\"responseTime\":\"247.575\"}","timestamp":"2024-12-31T14:04:27.455Z"}
{"level":"\u001b[32minfo\u001b[39m","message":"{\"method\":\"GET\",\"url\":\"/api/posts\",\"status\":\"304\",\"responseTime\":\"101.497\"}","timestamp":"2024-12-31T14:04:37.464Z"}
{"level":"\u001b[32minfo\u001b[39m","message":"{\"method\":\"GET\",\"url\":\"/api/users/notification\",\"status\":\"304\",\"responseTime\":\"97.204\"}","timestamp":"2024-12-31T14:04:37.571Z"}
{"level":"\u001b[32minfo\u001b[39m","message":"{\"method\":\"GET\",\"url\":\"/api/posts\",\"status\":\"304\",\"responseTime\":\"96.096\"}","timestamp":"2024-12-31T14:04:37.580Z"}
{"level":"\u001b[32minfo\u001b[39m","message":"{\"method\":\"GET\",\"url\":\"/api/users/notification\",\"status\":\"304\",\"responseTime\":\"76.961\"}","timestamp":"2024-12-31T14:04:37.654Z"}
{"level":"\u001b[32minfo\u001b[39m","message":"{\"method\":\"GET\",\"url\":\"/api/users/notification\",\"status\":\"304\",\"responseTime\":\"96.006\"}","timestamp":"2024-12-31T14:04:42.871Z"}
{"level":"\u001b[32minfo\u001b[39m","message":"{\"method\":\"GET\",\"url\":\"/api/users/notification\",\"status\":\"304\",\"responseTime\":\"107.434\"}","timestamp":"2024-12-31T14:04:42.982Z"}
{"level":"\u001b[32minfo\u001b[39m","message":"{\"method\":\"GET\",\"url\":\"/api/users/profilePosts\",\"status\":\"304\",\"responseTime\":\"290.582\"}","timestamp":"2024-12-31T14:04:43.017Z"}
{"level":"\u001b[32minfo\u001b[39m","message":"{\"method\":\"GET\",\"url\":\"/api/posts/6752db7b8f50cda3550dcf2a\",\"status\":\"200\",\"responseTime\":\"356.217\"}","timestamp":"2024-12-31T14:04:57.916Z"}
{"level":"\u001b[32minfo\u001b[39m","message":"{\"method\":\"GET\",\"url\":\"/api/users/notification\",\"status\":\"304\",\"responseTime\":\"99.259\"}","timestamp":"2024-12-31T14:04:58.088Z"}
{"level":"\u001b[32minfo\u001b[39m","message":"{\"method\":\"GET\",\"url\":\"/api/users/notification\",\"status\":\"304\",\"responseTime\":\"94.472\"}","timestamp":"2024-12-31T14:04:58.195Z"}
{"level":"\u001b[32minfo\u001b[39m","message":"{\"method\":\"GET\",\"url\":\"/api/posts\",\"status\":\"304\",\"responseTime\":\"95.108\"}","timestamp":"2024-12-31T14:05:05.520Z"}
{"level":"\u001b[32minfo\u001b[39m","message":"{\"method\":\"GET\",\"url\":\"/api/users/notification\",\"status\":\"304\",\"responseTime\":\"104.308\"}","timestamp":"2024-12-31T14:05:05.595Z"}
{"level":"\u001b[32minfo\u001b[39m","message":"{\"method\":\"GET\",\"url\":\"/api/posts\",\"status\":\"304\",\"responseTime\":\"89.770\"}","timestamp":"2024-12-31T14:05:05.615Z"}
{"level":"\u001b[32minfo\u001b[39m","message":"{\"method\":\"GET\",\"url\":\"/api/users/notification\",\"status\":\"304\",\"responseTime\":\"78.767\"}","timestamp":"2024-12-31T14:05:05.677Z"}
{"level":"\u001b[32minfo\u001b[39m","message":"{\"method\":\"GET\",\"url\":\"/api/users/notification\",\"status\":\"304\",\"responseTime\":\"101.514\"}","timestamp":"2024-12-31T14:05:11.264Z"}
{"level":"\u001b[32minfo\u001b[39m","message":"{\"method\":\"GET\",\"url\":\"/api/users/notification\",\"status\":\"304\",\"responseTime\":\"92.815\"}","timestamp":"2024-12-31T14:05:11.360Z"}
{"level":"\u001b[32minfo\u001b[39m","message":"{\"method\":\"GET\",\"url\":\"/api/users/profilePosts\",\"status\":\"304\",\"responseTime\":\"238.681\"}","timestamp":"2024-12-31T14:05:11.365Z"}
{"level":"\u001b[32minfo\u001b[39m","message":"{\"method\":\"GET\",\"url\":\"/api/posts/6752db7b8f50cda3550dcf2a\",\"status\":\"304\",\"responseTime\":\"358.173\"}","timestamp":"2024-12-31T14:07:14.573Z"}
{"level":"\u001b[32minfo\u001b[39m","message":"{\"method\":\"GET\",\"url\":\"/api/users/notification\",\"status\":\"304\",\"responseTime\":\"85.692\"}","timestamp":"2024-12-31T14:07:14.735Z"}
{"level":"\u001b[32minfo\u001b[39m","message":"{\"method\":\"GET\",\"url\":\"/api/users/notification\",\"status\":\"304\",\"responseTime\":\"88.646\"}","timestamp":"2024-12-31T14:07:14.834Z"}
{"level":"\u001b[32minfo\u001b[39m","message":"{\"method\":\"GET\",\"url\":\"/api/posts\",\"status\":\"304\",\"responseTime\":\"96.252\"}","timestamp":"2024-12-31T14:07:18.982Z"}
{"level":"\u001b[32minfo\u001b[39m","message":"{\"method\":\"GET\",\"url\":\"/api/users/notification\",\"status\":\"304\",\"responseTime\":\"84.131\"}","timestamp":"2024-12-31T14:07:19.072Z"}
{"level":"\u001b[32minfo\u001b[39m","message":"{\"method\":\"GET\",\"url\":\"/api/posts\",\"status\":\"304\",\"responseTime\":\"89.196\"}","timestamp":"2024-12-31T14:07:19.084Z"}
{"level":"\u001b[32minfo\u001b[39m","message":"{\"method\":\"GET\",\"url\":\"/api/users/notification\",\"status\":\"304\",\"responseTime\":\"77.902\"}","timestamp":"2024-12-31T14:07:19.153Z"}
{"level":"\u001b[32minfo\u001b[39m","message":"{\"method\":\"GET\",\"url\":\"/api/users/notification\",\"status\":\"304\",\"responseTime\":\"84.191\"}","timestamp":"2024-12-31T14:07:22.750Z"}
{"level":"\u001b[32minfo\u001b[39m","message":"{\"method\":\"GET\",\"url\":\"/api/users/notification\",\"status\":\"304\",\"responseTime\":\"97.585\"}","timestamp":"2024-12-31T14:07:22.850Z"}
{"level":"\u001b[32minfo\u001b[39m","message":"{\"method\":\"GET\",\"url\":\"/api/users/profilePosts\",\"status\":\"304\",\"responseTime\":\"248.259\"}","timestamp":"2024-12-31T14:07:22.863Z"}
{"level":"\u001b[32minfo\u001b[39m","message":"{\"method\":\"GET\",\"url\":\"/api/posts/6752db7b8f50cda3550dcf2a\",\"status\":\"304\",\"responseTime\":\"363.711\"}","timestamp":"2024-12-31T14:07:30.596Z"}
{"level":"\u001b[32minfo\u001b[39m","message":"{\"method\":\"GET\",\"url\":\"/api/users/notification\",\"status\":\"304\",\"responseTime\":\"95.279\"}","timestamp":"2024-12-31T14:07:30.738Z"}
{"level":"\u001b[32minfo\u001b[39m","message":"{\"method\":\"GET\",\"url\":\"/api/users/notification\",\"status\":\"304\",\"responseTime\":\"100.948\"}","timestamp":"2024-12-31T14:07:30.854Z"}
{"level":"\u001b[32minfo\u001b[39m","message":"{\"method\":\"GET\",\"url\":\"/api/users/notification\",\"status\":\"304\",\"responseTime\":\"74.571\"}","timestamp":"2024-12-31T14:07:33.440Z"}
{"level":"\u001b[32minfo\u001b[39m","message":"{\"method\":\"GET\",\"url\":\"/api/users/notification\",\"status\":\"304\",\"responseTime\":\"76.431\"}","timestamp":"2024-12-31T14:07:33.519Z"}
{"level":"\u001b[32minfo\u001b[39m","message":"{\"method\":\"GET\",\"url\":\"/api/chats\",\"status\":\"304\",\"responseTime\":\"270.846\"}","timestamp":"2024-12-31T14:07:33.592Z"}
{"level":"\u001b[32minfo\u001b[39m","message":"{\"method\":\"GET\",\"url\":\"/api/posts\",\"status\":\"304\",\"responseTime\":\"117.026\"}","timestamp":"2024-12-31T14:07:37.891Z"}
{"level":"\u001b[32minfo\u001b[39m","message":"{\"method\":\"GET\",\"url\":\"/api/users/notification\",\"status\":\"304\",\"responseTime\":\"103.005\"}","timestamp":"2024-12-31T14:07:37.972Z"}
{"level":"\u001b[32minfo\u001b[39m","message":"{\"method\":\"GET\",\"url\":\"/api/posts\",\"status\":\"304\",\"responseTime\":\"85.947\"}","timestamp":"2024-12-31T14:07:37.980Z"}
{"level":"\u001b[32minfo\u001b[39m","message":"{\"method\":\"GET\",\"url\":\"/api/users/notification\",\"status\":\"304\",\"responseTime\":\"76.800\"}","timestamp":"2024-12-31T14:07:38.054Z"}
{"level":"\u001b[32minfo\u001b[39m","message":"{\"method\":\"GET\",\"url\":\"/api/posts/6752d6e78f50cda3550dcf26\",\"status\":\"200\",\"responseTime\":\"336.404\"}","timestamp":"2024-12-31T14:07:40.074Z"}
{"level":"\u001b[32minfo\u001b[39m","message":"{\"method\":\"GET\",\"url\":\"/api/posts\",\"status\":\"304\",\"responseTime\":\"118.014\"}","timestamp":"2024-12-31T14:08:41.521Z"}
{"level":"\u001b[32minfo\u001b[39m","message":"{\"method\":\"GET\",\"url\":\"/api/users/notification\",\"status\":\"304\",\"responseTime\":\"93.822\"}","timestamp":"2024-12-31T14:08:41.630Z"}
{"level":"\u001b[32minfo\u001b[39m","message":"{\"method\":\"GET\",\"url\":\"/api/posts\",\"status\":\"304\",\"responseTime\":\"109.278\"}","timestamp":"2024-12-31T14:08:41.692Z"}
{"level":"\u001b[32minfo\u001b[39m","message":"{\"method\":\"GET\",\"url\":\"/api/users/notification\",\"status\":\"304\",\"responseTime\":\"92.923\"}","timestamp":"2024-12-31T14:08:41.811Z"}
{"level":"\u001b[32minfo\u001b[39m","message":"{\"method\":\"GET\",\"url\":\"/api/users/notification\",\"status\":\"304\",\"responseTime\":\"100.110\"}","timestamp":"2024-12-31T14:08:45.575Z"}
{"level":"\u001b[32minfo\u001b[39m","message":"{\"method\":\"GET\",\"url\":\"/api/users/profilePosts\",\"status\":\"304\",\"responseTime\":\"283.374\"}","timestamp":"2024-12-31T14:08:45.692Z"}
{"level":"\u001b[32minfo\u001b[39m","message":"{\"method\":\"GET\",\"url\":\"/api/users/notification\",\"status\":\"304\",\"responseTime\":\"102.891\"}","timestamp":"2024-12-31T14:08:45.766Z"}
{"level":"\u001b[32minfo\u001b[39m","message":"{\"method\":\"GET\",\"url\":\"/api/users/notification\",\"status\":\"304\",\"responseTime\":\"99.479\"}","timestamp":"2024-12-31T14:08:55.584Z"}
{"level":"\u001b[32minfo\u001b[39m","message":"{\"method\":\"GET\",\"url\":\"/api/chats\",\"status\":\"304\",\"responseTime\":\"259.781\"}","timestamp":"2024-12-31T14:08:55.589Z"}
{"level":"\u001b[32minfo\u001b[39m","message":"{\"method\":\"GET\",\"url\":\"/api/users/notification\",\"status\":\"304\",\"responseTime\":\"95.062\"}","timestamp":"2024-12-31T14:08:55.762Z"}
{"level":"\u001b[32minfo\u001b[39m","message":"{\"method\":\"GET\",\"url\":\"/api/chats\",\"status\":\"304\",\"responseTime\":\"301.101\"}","timestamp":"2024-12-31T14:08:55.905Z"}
{"level":"\u001b[32minfo\u001b[39m","message":"{\"method\":\"GET\",\"url\":\"/api/chats/67530b8bbf37655f4e18d398\",\"status\":\"200\",\"responseTime\":\"660.107\"}","timestamp":"2024-12-31T14:08:57.764Z"}
{"level":"\u001b[32minfo\u001b[39m","message":"{\"method\":\"GET\",\"url\":\"/api/posts\",\"status\":\"304\",\"responseTime\":\"100.553\"}","timestamp":"2024-12-31T14:09:06.971Z"}
{"level":"\u001b[32minfo\u001b[39m","message":"{\"method\":\"GET\",\"url\":\"/api/users/notification\",\"status\":\"304\",\"responseTime\":\"106.628\"}","timestamp":"2024-12-31T14:09:07.105Z"}
{"level":"\u001b[32minfo\u001b[39m","message":"{\"method\":\"GET\",\"url\":\"/api/posts\",\"status\":\"304\",\"responseTime\":\"107.546\"}","timestamp":"2024-12-31T14:09:07.177Z"}
{"level":"\u001b[32minfo\u001b[39m","message":"{\"method\":\"GET\",\"url\":\"/api/users/notification\",\"status\":\"304\",\"responseTime\":\"104.193\"}","timestamp":"2024-12-31T14:09:07.299Z"}
{"level":"\u001b[32minfo\u001b[39m","message":"{\"method\":\"GET\",\"url\":\"/api/posts/6752d6e78f50cda3550dcf26\",\"status\":\"304\",\"responseTime\":\"399.535\"}","timestamp":"2024-12-31T14:09:10.503Z"}
{"level":"\u001b[32minfo\u001b[39m","message":"{\"method\":\"GET\",\"url\":\"/api/users/notification\",\"status\":\"304\",\"responseTime\":\"104.949\"}","timestamp":"2024-12-31T14:09:13.732Z"}
{"level":"\u001b[32minfo\u001b[39m","message":"{\"method\":\"GET\",\"url\":\"/api/chats\",\"status\":\"200\",\"responseTime\":\"329.917\"}","timestamp":"2024-12-31T14:09:13.881Z"}
{"level":"\u001b[32minfo\u001b[39m","message":"{\"method\":\"GET\",\"url\":\"/api/users/notification\",\"status\":\"304\",\"responseTime\":\"87.946\"}","timestamp":"2024-12-31T14:09:13.905Z"}
{"level":"\u001b[32minfo\u001b[39m","message":"{\"method\":\"GET\",\"url\":\"/api/posts\",\"status\":\"304\",\"responseTime\":\"139.827\"}","timestamp":"2024-12-31T14:09:31.043Z"}
{"level":"\u001b[32minfo\u001b[39m","message":"{\"method\":\"GET\",\"url\":\"/api/posts\",\"status\":\"304\",\"responseTime\":\"100.409\"}","timestamp":"2024-12-31T14:09:31.180Z"}
{"level":"\u001b[32minfo\u001b[39m","message":"{\"method\":\"GET\",\"url\":\"/api/users/notification\",\"status\":\"304\",\"responseTime\":\"105.006\"}","timestamp":"2024-12-31T14:09:31.203Z"}
{"level":"\u001b[32minfo\u001b[39m","message":"{\"method\":\"GET\",\"url\":\"/api/users/notification\",\"status\":\"304\",\"responseTime\":\"108.279\"}","timestamp":"2024-12-31T14:09:31.383Z"}
{"level":"\u001b[32minfo\u001b[39m","message":"{\"method\":\"GET\",\"url\":\"/api/posts/6752d6e78f50cda3550dcf26\",\"status\":\"304\",\"responseTime\":\"340.009\"}","timestamp":"2024-12-31T14:09:33.161Z"}
{"level":"\u001b[32minfo\u001b[39m","message":"{\"method\":\"POST\",\"url\":\"/api/users/save\",\"status\":\"200\",\"responseTime\":\"341.056\"}","timestamp":"2024-12-31T14:09:44.179Z"}
{"level":"\u001b[32minfo\u001b[39m","message":"{\"method\":\"GET\",\"url\":\"/api/users/notification\",\"status\":\"304\",\"responseTime\":\"96.915\"}","timestamp":"2024-12-31T14:09:48.917Z"}
{"level":"\u001b[32minfo\u001b[39m","message":"{\"method\":\"GET\",\"url\":\"/api/users/profilePosts\",\"status\":\"200\",\"responseTime\":\"258.022\"}","timestamp":"2024-12-31T14:09:49.001Z"}
{"level":"\u001b[32minfo\u001b[39m","message":"{\"method\":\"GET\",\"url\":\"/api/users/notification\",\"status\":\"304\",\"responseTime\":\"91.785\"}","timestamp":"2024-12-31T14:09:49.098Z"}
{"level":"\u001b[32minfo\u001b[39m","message":"undefined logout successfully","timestamp":"2024-12-31T14:10:04.776Z"}
{"level":"\u001b[32minfo\u001b[39m","message":"{\"method\":\"POST\",\"url\":\"/api/auth/logout\",\"status\":\"200\",\"responseTime\":\"0.613\"}","timestamp":"2024-12-31T14:10:04.778Z"}
{"level":"\u001b[32minfo\u001b[39m","message":"{\"method\":\"GET\",\"url\":\"/api/posts\",\"status\":\"304\",\"responseTime\":\"134.088\"}","timestamp":"2024-12-31T14:10:05.139Z"}
