{"level":"\u001b[32minfo\u001b[39m","message":"{\"method\":\"GET\",\"url\":\"/api/posts\",\"status\":\"304\",\"responseTime\":\"2508.627\"}","timestamp":"2025-02-26T11:49:37.295Z"}
{"level":"\u001b[32minfo\u001b[39m","message":"{\"method\":\"GET\",\"url\":\"/api/posts\",\"status\":\"304\",\"responseTime\":\"92.102\"}","timestamp":"2025-02-26T11:49:37.399Z"}
{"level":"\u001b[32minfo\u001b[39m","message":"User-1 logged in successfully","timestamp":"2025-02-26T11:49:59.388Z"}
{"level":"\u001b[32minfo\u001b[39m","message":"{\"method\":\"POST\",\"url\":\"/api/auth/login\",\"status\":\"200\",\"responseTime\":\"235.867\"}","timestamp":"2025-02-26T11:49:59.392Z"}
{"level":"\u001b[32minfo\u001b[39m","message":"{\"method\":\"GET\",\"url\":\"/api/posts\",\"status\":\"304\",\"responseTime\":\"94.614\"}","timestamp":"2025-02-26T11:49:59.503Z"}
{"level":"\u001b[32minfo\u001b[39m","message":"{\"method\":\"GET\",\"url\":\"/api/users/notification\",\"status\":\"304\",\"responseTime\":\"763.699\"}","timestamp":"2025-02-26T11:50:00.235Z"}
{"level":"\u001b[32minfo\u001b[39m","message":"{\"method\":\"GET\",\"url\":\"/api/posts/6752db7b8f50cda3550dcf2a\",\"status\":\"200\",\"responseTime\":\"344.881\"}","timestamp":"2025-02-26T11:50:23.105Z"}
{"level":"\u001b[32minfo\u001b[39m","message":"{\"method\":\"GET\",\"url\":\"/api/posts\",\"status\":\"304\",\"responseTime\":\"97.938\"}","timestamp":"2025-02-26T11:50:30.789Z"}
{"level":"\u001b[32minfo\u001b[39m","message":"{\"method\":\"GET\",\"url\":\"/api/posts\",\"status\":\"304\",\"responseTime\":\"99.006\"}","timestamp":"2025-02-26T11:50:30.923Z"}
{"level":"\u001b[32minfo\u001b[39m","message":"{\"method\":\"GET\",\"url\":\"/api/users/notification\",\"status\":\"304\",\"responseTime\":\"97.185\"}","timestamp":"2025-02-26T11:50:30.987Z"}
{"level":"\u001b[32minfo\u001b[39m","message":"{\"method\":\"GET\",\"url\":\"/api/users/notification\",\"status\":\"304\",\"responseTime\":\"92.232\"}","timestamp":"2025-02-26T11:50:31.097Z"}
{"level":"\u001b[32minfo\u001b[39m","message":"{\"method\":\"GET\",\"url\":\"/api/users/notification\",\"status\":\"304\",\"responseTime\":\"91.102\"}","timestamp":"2025-02-26T11:50:33.877Z"}
{"level":"\u001b[32minfo\u001b[39m","message":"{\"method\":\"GET\",\"url\":\"/api/users/profilePosts\",\"status\":\"304\",\"responseTime\":\"240.568\"}","timestamp":"2025-02-26T11:50:33.965Z"}
{"level":"\u001b[32minfo\u001b[39m","message":"{\"method\":\"GET\",\"url\":\"/api/users/notification\",\"status\":\"304\",\"responseTime\":\"88.243\"}","timestamp":"2025-02-26T11:50:33.974Z"}
{"level":"\u001b[32minfo\u001b[39m","message":"{\"method\":\"GET\",\"url\":\"/api/posts/67741a2a0d94e7ed5ab1b40e\",\"status\":\"304\",\"responseTime\":\"581.913\"}","timestamp":"2025-02-26T11:50:39.903Z"}
{"level":"\u001b[32minfo\u001b[39m","message":"{\"method\":\"GET\",\"url\":\"/api/users/notification\",\"status\":\"304\",\"responseTime\":\"91.390\"}","timestamp":"2025-02-26T11:50:40.089Z"}
{"level":"\u001b[32minfo\u001b[39m","message":"{\"method\":\"GET\",\"url\":\"/api/users/notification\",\"status\":\"304\",\"responseTime\":\"84.518\"}","timestamp":"2025-02-26T11:50:40.212Z"}
{"level":"\u001b[32minfo\u001b[39m","message":"{\"method\":\"GET\",\"url\":\"/api/posts/getOwnerDetails/67741a2a0d94e7ed5ab1b40e\",\"status\":\"403\",\"responseTime\":\"240.603\"}","timestamp":"2025-02-26T11:50:48.518Z"}
{"level":"\u001b[32minfo\u001b[39m","message":"{\"method\":\"GET\",\"url\":\"/api/posts/getOwnerDetails/67741a2a0d94e7ed5ab1b40e\",\"status\":\"403\",\"responseTime\":\"245.703\"}","timestamp":"2025-02-26T11:51:24.566Z"}
{"level":"\u001b[32minfo\u001b[39m","message":"{\"method\":\"GET\",\"url\":\"/api/posts/67741a2a0d94e7ed5ab1b40e\",\"status\":\"304\",\"responseTime\":\"325.977\"}","timestamp":"2025-02-26T11:56:55.759Z"}
{"level":"\u001b[32minfo\u001b[39m","message":"{\"method\":\"GET\",\"url\":\"/api/posts/67741a2a0d94e7ed5ab1b40e\",\"status\":\"304\",\"responseTime\":\"326.797\"}","timestamp":"2025-02-26T11:56:56.099Z"}
{"level":"\u001b[32minfo\u001b[39m","message":"{\"method\":\"GET\",\"url\":\"/api/users/notification\",\"status\":\"304\",\"responseTime\":\"79.906\"}","timestamp":"2025-02-26T11:56:56.288Z"}
{"level":"\u001b[32minfo\u001b[39m","message":"{\"method\":\"GET\",\"url\":\"/api/users/notification\",\"status\":\"304\",\"responseTime\":\"83.864\"}","timestamp":"2025-02-26T11:56:56.488Z"}
{"level":"\u001b[32minfo\u001b[39m","message":"{\"method\":\"GET\",\"url\":\"/api/posts/getOwnerDetails/67741a2a0d94e7ed5ab1b40e\",\"status\":\"403\",\"responseTime\":\"229.856\"}","timestamp":"2025-02-26T11:57:00.908Z"}
{"level":"\u001b[32minfo\u001b[39m","message":"{\"method\":\"GET\",\"url\":\"/api/posts/67741a2a0d94e7ed5ab1b40e\",\"status\":\"304\",\"responseTime\":\"343.198\"}","timestamp":"2025-02-26T12:00:00.506Z"}
{"level":"\u001b[32minfo\u001b[39m","message":"{\"method\":\"GET\",\"url\":\"/api/posts/67741a2a0d94e7ed5ab1b40e\",\"status\":\"304\",\"responseTime\":\"325.890\"}","timestamp":"2025-02-26T12:00:00.838Z"}
{"level":"\u001b[32minfo\u001b[39m","message":"{\"method\":\"GET\",\"url\":\"/api/users/notification\",\"status\":\"304\",\"responseTime\":\"80.717\"}","timestamp":"2025-02-26T12:00:00.997Z"}
{"level":"\u001b[32minfo\u001b[39m","message":"{\"method\":\"GET\",\"url\":\"/api/users/notification\",\"status\":\"304\",\"responseTime\":\"89.473\"}","timestamp":"2025-02-26T12:00:01.177Z"}
{"level":"\u001b[32minfo\u001b[39m","message":"{\"method\":\"GET\",\"url\":\"/api/posts/67741a2a0d94e7ed5ab1b40e\",\"status\":\"304\",\"responseTime\":\"361.244\"}","timestamp":"2025-02-26T12:00:39.146Z"}
{"level":"\u001b[32minfo\u001b[39m","message":"{\"method\":\"GET\",\"url\":\"/api/posts/67741a2a0d94e7ed5ab1b40e\",\"status\":\"304\",\"responseTime\":\"320.987\"}","timestamp":"2025-02-26T12:00:39.477Z"}
{"level":"\u001b[32minfo\u001b[39m","message":"{\"method\":\"GET\",\"url\":\"/api/users/notification\",\"status\":\"304\",\"responseTime\":\"86.241\"}","timestamp":"2025-02-26T12:00:39.627Z"}
{"level":"\u001b[32minfo\u001b[39m","message":"{\"method\":\"GET\",\"url\":\"/api/users/notification\",\"status\":\"304\",\"responseTime\":\"83.015\"}","timestamp":"2025-02-26T12:00:39.818Z"}
{"level":"\u001b[32minfo\u001b[39m","message":"{\"method\":\"GET\",\"url\":\"/api/posts/getOwnerDetails/67741a2a0d94e7ed5ab1b40e\",\"status\":\"403\",\"responseTime\":\"254.640\"}","timestamp":"2025-02-26T12:01:46.896Z"}
{"level":"\u001b[32minfo\u001b[39m","message":"{\"method\":\"GET\",\"url\":\"/api/posts/getOwnerDetails/67741a2a0d94e7ed5ab1b40e\",\"status\":\"403\",\"responseTime\":\"227.351\"}","timestamp":"2025-02-26T12:02:37.147Z"}
{"level":"\u001b[32minfo\u001b[39m","message":"{\"method\":\"GET\",\"url\":\"/api/posts/getOwnerDetails/67741a2a0d94e7ed5ab1b40e\",\"status\":\"403\",\"responseTime\":\"336.933\"}","timestamp":"2025-02-26T12:03:27.549Z"}
{"level":"\u001b[32minfo\u001b[39m","message":"{\"method\":\"GET\",\"url\":\"/api/posts/67741a2a0d94e7ed5ab1b40e\",\"status\":\"304\",\"responseTime\":\"350.455\"}","timestamp":"2025-02-26T12:11:39.481Z"}
{"level":"\u001b[32minfo\u001b[39m","message":"{\"method\":\"GET\",\"url\":\"/api/posts/67741a2a0d94e7ed5ab1b40e\",\"status\":\"304\",\"responseTime\":\"314.118\"}","timestamp":"2025-02-26T12:11:39.825Z"}
{"level":"\u001b[32minfo\u001b[39m","message":"{\"method\":\"GET\",\"url\":\"/api/users/notification\",\"status\":\"304\",\"responseTime\":\"113.352\"}","timestamp":"2025-02-26T12:11:40.020Z"}
{"level":"\u001b[32minfo\u001b[39m","message":"{\"method\":\"GET\",\"url\":\"/api/users/notification\",\"status\":\"304\",\"responseTime\":\"90.238\"}","timestamp":"2025-02-26T12:11:40.125Z"}
{"level":"\u001b[32minfo\u001b[39m","message":"{\"method\":\"GET\",\"url\":\"/api/posts/67741a2a0d94e7ed5ab1b40e\",\"status\":\"304\",\"responseTime\":\"340.221\"}","timestamp":"2025-02-26T12:13:46.612Z"}
{"level":"\u001b[32minfo\u001b[39m","message":"{\"method\":\"GET\",\"url\":\"/api/posts/67741a2a0d94e7ed5ab1b40e\",\"status\":\"304\",\"responseTime\":\"308.686\"}","timestamp":"2025-02-26T12:13:46.962Z"}
{"level":"\u001b[32minfo\u001b[39m","message":"{\"method\":\"GET\",\"url\":\"/api/users/notification\",\"status\":\"304\",\"responseTime\":\"86.974\"}","timestamp":"2025-02-26T12:13:47.117Z"}
{"level":"\u001b[32minfo\u001b[39m","message":"{\"method\":\"GET\",\"url\":\"/api/users/notification\",\"status\":\"304\",\"responseTime\":\"83.480\"}","timestamp":"2025-02-26T12:13:47.222Z"}
{"level":"\u001b[32minfo\u001b[39m","message":"{\"method\":\"GET\",\"url\":\"/api/posts/getOwnerDetails/67741a2a0d94e7ed5ab1b40e\",\"status\":\"403\",\"responseTime\":\"263.704\"}","timestamp":"2025-02-26T12:13:57.284Z"}
{"level":"\u001b[32minfo\u001b[39m","message":"{\"method\":\"GET\",\"url\":\"/api/posts/67741a2a0d94e7ed5ab1b40e\",\"status\":\"304\",\"responseTime\":\"338.022\"}","timestamp":"2025-02-26T12:14:41.801Z"}
{"level":"\u001b[32minfo\u001b[39m","message":"{\"method\":\"GET\",\"url\":\"/api/posts/67741a2a0d94e7ed5ab1b40e\",\"status\":\"304\",\"responseTime\":\"366.815\"}","timestamp":"2025-02-26T12:14:42.183Z"}
{"level":"\u001b[32minfo\u001b[39m","message":"{\"method\":\"GET\",\"url\":\"/api/users/notification\",\"status\":\"304\",\"responseTime\":\"96.117\"}","timestamp":"2025-02-26T12:14:42.394Z"}
{"level":"\u001b[32minfo\u001b[39m","message":"{\"method\":\"GET\",\"url\":\"/api/users/notification\",\"status\":\"304\",\"responseTime\":\"92.636\"}","timestamp":"2025-02-26T12:14:42.502Z"}
{"level":"\u001b[32minfo\u001b[39m","message":"{\"method\":\"GET\",\"url\":\"/api/posts/getOwnerDetails/67741a2a0d94e7ed5ab1b40e\",\"status\":\"403\",\"responseTime\":\"230.796\"}","timestamp":"2025-02-26T12:14:46.541Z"}
{"level":"\u001b[32minfo\u001b[39m","message":"{\"method\":\"GET\",\"url\":\"/api/posts/67741a2a0d94e7ed5ab1b40e\",\"status\":\"304\",\"responseTime\":\"618.892\"}","timestamp":"2025-02-26T12:20:16.983Z"}
{"level":"\u001b[32minfo\u001b[39m","message":"{\"method\":\"GET\",\"url\":\"/api/posts/67741a2a0d94e7ed5ab1b40e\",\"status\":\"304\",\"responseTime\":\"508.570\"}","timestamp":"2025-02-26T12:20:17.495Z"}
{"level":"\u001b[32minfo\u001b[39m","message":"{\"method\":\"GET\",\"url\":\"/api/users/notification\",\"status\":\"304\",\"responseTime\":\"94.162\"}","timestamp":"2025-02-26T12:20:17.646Z"}
{"level":"\u001b[32minfo\u001b[39m","message":"{\"method\":\"GET\",\"url\":\"/api/users/notification\",\"status\":\"304\",\"responseTime\":\"155.228\"}","timestamp":"2025-02-26T12:20:17.836Z"}
{"level":"\u001b[32minfo\u001b[39m","message":"{\"method\":\"GET\",\"url\":\"/api/posts/getOwnerDetails/67741a2a0d94e7ed5ab1b40e\",\"status\":\"403\",\"responseTime\":\"230.642\"}","timestamp":"2025-02-26T12:20:20.759Z"}
{"level":"\u001b[32minfo\u001b[39m","message":"{\"method\":\"GET\",\"url\":\"/api/posts/getOwnerDetails/67741a2a0d94e7ed5ab1b40e\",\"status\":\"403\",\"responseTime\":\"249.044\"}","timestamp":"2025-02-26T12:20:40.586Z"}
{"level":"\u001b[32minfo\u001b[39m","message":"{\"method\":\"GET\",\"url\":\"/favicon.ico\",\"status\":\"404\",\"responseTime\":\"14.911\"}","timestamp":"2025-02-26T12:20:40.705Z"}
{"level":"\u001b[32minfo\u001b[39m","message":"{\"method\":\"GET\",\"url\":\"/api/posts/67741a2a0d94e7ed5ab1b40e\",\"status\":\"304\",\"responseTime\":\"316.828\"}","timestamp":"2025-02-26T12:22:23.186Z"}
{"level":"\u001b[32minfo\u001b[39m","message":"{\"method\":\"GET\",\"url\":\"/api/posts/67741a2a0d94e7ed5ab1b40e\",\"status\":\"304\",\"responseTime\":\"325.352\"}","timestamp":"2025-02-26T12:22:23.517Z"}
{"level":"\u001b[32minfo\u001b[39m","message":"{\"method\":\"GET\",\"url\":\"/api/users/notification\",\"status\":\"304\",\"responseTime\":\"89.960\"}","timestamp":"2025-02-26T12:22:23.666Z"}
{"level":"\u001b[32minfo\u001b[39m","message":"{\"method\":\"GET\",\"url\":\"/api/users/notification\",\"status\":\"304\",\"responseTime\":\"93.671\"}","timestamp":"2025-02-26T12:22:23.787Z"}
{"level":"\u001b[32minfo\u001b[39m","message":"{\"method\":\"GET\",\"url\":\"/api/posts/getOwnerDetails/67741a2a0d94e7ed5ab1b40e\",\"status\":\"403\",\"responseTime\":\"267.095\"}","timestamp":"2025-02-26T12:23:47.908Z"}
{"level":"\u001b[32minfo\u001b[39m","message":"{\"method\":\"GET\",\"url\":\"/api/posts/67741a2a0d94e7ed5ab1b40e\",\"status\":\"304\",\"responseTime\":\"352.381\"}","timestamp":"2025-02-26T12:24:10.164Z"}
{"level":"\u001b[32minfo\u001b[39m","message":"{\"method\":\"GET\",\"url\":\"/api/posts/67741a2a0d94e7ed5ab1b40e\",\"status\":\"304\",\"responseTime\":\"339.479\"}","timestamp":"2025-02-26T12:24:10.516Z"}
{"level":"\u001b[32minfo\u001b[39m","message":"{\"method\":\"GET\",\"url\":\"/api/users/notification\",\"status\":\"304\",\"responseTime\":\"91.526\"}","timestamp":"2025-02-26T12:24:10.694Z"}
{"level":"\u001b[32minfo\u001b[39m","message":"{\"method\":\"GET\",\"url\":\"/api/users/notification\",\"status\":\"304\",\"responseTime\":\"88.580\"}","timestamp":"2025-02-26T12:24:10.885Z"}
{"level":"\u001b[32minfo\u001b[39m","message":"{\"method\":\"GET\",\"url\":\"/api/posts/getOwnerDetails/67741a2a0d94e7ed5ab1b40e\",\"status\":\"403\",\"responseTime\":\"280.962\"}","timestamp":"2025-02-26T12:24:14.725Z"}
{"level":"\u001b[32minfo\u001b[39m","message":"{\"method\":\"GET\",\"url\":\"/api/posts/67741a2a0d94e7ed5ab1b40e\",\"status\":\"304\",\"responseTime\":\"307.727\"}","timestamp":"2025-02-26T12:26:41.843Z"}
{"level":"\u001b[32minfo\u001b[39m","message":"{\"method\":\"GET\",\"url\":\"/api/posts/67741a2a0d94e7ed5ab1b40e\",\"status\":\"304\",\"responseTime\":\"326.172\"}","timestamp":"2025-02-26T12:26:42.183Z"}
{"level":"\u001b[32minfo\u001b[39m","message":"{\"method\":\"GET\",\"url\":\"/api/users/notification\",\"status\":\"304\",\"responseTime\":\"102.334\"}","timestamp":"2025-02-26T12:26:42.384Z"}
{"level":"\u001b[32minfo\u001b[39m","message":"{\"method\":\"GET\",\"url\":\"/api/users/notification\",\"status\":\"304\",\"responseTime\":\"119.386\"}","timestamp":"2025-02-26T12:26:42.612Z"}
{"level":"\u001b[32minfo\u001b[39m","message":"{\"method\":\"GET\",\"url\":\"/api/posts/getOwnerDetails/67741a2a0d94e7ed5ab1b40e\",\"status\":\"403\",\"responseTime\":\"310.708\"}","timestamp":"2025-02-26T12:26:45.412Z"}
{"level":"\u001b[32minfo\u001b[39m","message":"{\"method\":\"GET\",\"url\":\"/api/posts/67741a2a0d94e7ed5ab1b40e\",\"status\":\"304\",\"responseTime\":\"322.245\"}","timestamp":"2025-02-26T12:43:29.981Z"}
{"level":"\u001b[32minfo\u001b[39m","message":"{\"method\":\"GET\",\"url\":\"/api/posts/67741a2a0d94e7ed5ab1b40e\",\"status\":\"304\",\"responseTime\":\"298.557\"}","timestamp":"2025-02-26T12:43:30.283Z"}
{"level":"\u001b[32minfo\u001b[39m","message":"{\"method\":\"GET\",\"url\":\"/api/users/notification\",\"status\":\"304\",\"responseTime\":\"98.313\"}","timestamp":"2025-02-26T12:43:30.434Z"}
{"level":"\u001b[32minfo\u001b[39m","message":"{\"method\":\"GET\",\"url\":\"/api/users/notification\",\"status\":\"304\",\"responseTime\":\"81.122\"}","timestamp":"2025-02-26T12:43:30.523Z"}
{"level":"\u001b[32minfo\u001b[39m","message":"{\"method\":\"GET\",\"url\":\"/api/posts/getOwnerDetails/67741a2a0d94e7ed5ab1b40e\",\"status\":\"403\",\"responseTime\":\"281.871\"}","timestamp":"2025-02-26T12:43:32.679Z"}
{"level":"\u001b[32minfo\u001b[39m","message":"{\"method\":\"GET\",\"url\":\"/api/posts/67741a2a0d94e7ed5ab1b40e\",\"status\":\"304\",\"responseTime\":\"326.469\"}","timestamp":"2025-02-26T12:43:48.997Z"}
{"level":"\u001b[32minfo\u001b[39m","message":"{\"method\":\"GET\",\"url\":\"/api/posts/67741a2a0d94e7ed5ab1b40e\",\"status\":\"304\",\"responseTime\":\"316.128\"}","timestamp":"2025-02-26T12:43:49.324Z"}
{"level":"\u001b[32minfo\u001b[39m","message":"{\"method\":\"GET\",\"url\":\"/api/users/notification\",\"status\":\"304\",\"responseTime\":\"86.322\"}","timestamp":"2025-02-26T12:43:49.474Z"}
{"level":"\u001b[32minfo\u001b[39m","message":"{\"method\":\"GET\",\"url\":\"/api/users/notification\",\"status\":\"304\",\"responseTime\":\"359.186\"}","timestamp":"2025-02-26T12:43:49.941Z"}
{"level":"\u001b[32minfo\u001b[39m","message":"{\"method\":\"GET\",\"url\":\"/api/posts/getOwnerDetails/67741a2a0d94e7ed5ab1b40e\",\"status\":\"403\",\"responseTime\":\"249.947\"}","timestamp":"2025-02-26T12:43:51.634Z"}
{"level":"\u001b[32minfo\u001b[39m","message":"{\"method\":\"GET\",\"url\":\"/api/users/notification\",\"status\":\"304\",\"responseTime\":\"92.625\"}","timestamp":"2025-02-26T12:43:57.083Z"}
{"level":"\u001b[32minfo\u001b[39m","message":"{\"method\":\"GET\",\"url\":\"/api/users/profilePosts\",\"status\":\"304\",\"responseTime\":\"319.370\"}","timestamp":"2025-02-26T12:43:57.244Z"}
{"level":"\u001b[32minfo\u001b[39m","message":"{\"method\":\"GET\",\"url\":\"/api/users/notification\",\"status\":\"304\",\"responseTime\":\"91.485\"}","timestamp":"2025-02-26T12:43:57.279Z"}
{"level":"\u001b[32minfo\u001b[39m","message":"{\"method\":\"GET\",\"url\":\"/api/users/notification\",\"status\":\"304\",\"responseTime\":\"315.655\"}","timestamp":"2025-02-26T12:46:30.650Z"}
{"level":"\u001b[32minfo\u001b[39m","message":"{\"method\":\"GET\",\"url\":\"/api/users/profilePosts\",\"status\":\"304\",\"responseTime\":\"580.380\"}","timestamp":"2025-02-26T12:46:30.886Z"}
{"level":"\u001b[32minfo\u001b[39m","message":"{\"method\":\"GET\",\"url\":\"/api/users/profilePosts\",\"status\":\"304\",\"responseTime\":\"236.144\"}","timestamp":"2025-02-26T12:46:31.125Z"}
{"level":"\u001b[32minfo\u001b[39m","message":"{\"method\":\"GET\",\"url\":\"/api/users/notification\",\"status\":\"304\",\"responseTime\":\"84.375\"}","timestamp":"2025-02-26T12:46:37.433Z"}
{"level":"\u001b[32minfo\u001b[39m","message":"{\"method\":\"GET\",\"url\":\"/api/users/profilePosts\",\"status\":\"304\",\"responseTime\":\"264.017\"}","timestamp":"2025-02-26T12:46:37.562Z"}
{"level":"\u001b[32minfo\u001b[39m","message":"{\"method\":\"GET\",\"url\":\"/api/users/profilePosts\",\"status\":\"304\",\"responseTime\":\"258.143\"}","timestamp":"2025-02-26T12:46:37.833Z"}
{"level":"\u001b[32minfo\u001b[39m","message":"{\"method\":\"GET\",\"url\":\"/api/users/notification\",\"status\":\"304\",\"responseTime\":\"2322.789\"}","timestamp":"2025-02-26T13:10:21.729Z"}
{"level":"\u001b[32minfo\u001b[39m","message":"{\"method\":\"GET\",\"url\":\"/api/posts/67741a2a0d94e7ed5ab1b40e\",\"status\":\"304\",\"responseTime\":\"2612.975\"}","timestamp":"2025-02-26T13:10:21.949Z"}
{"level":"\u001b[32minfo\u001b[39m","message":"{\"method\":\"GET\",\"url\":\"/api/posts/67741a2a0d94e7ed5ab1b40e\",\"status\":\"304\",\"responseTime\":\"327.094\"}","timestamp":"2025-02-26T13:10:22.300Z"}
{"level":"\u001b[32minfo\u001b[39m","message":"{\"method\":\"GET\",\"url\":\"/api/posts/67741a2a0d94e7ed5ab1b40e\",\"status\":\"304\",\"responseTime\":\"302.852\"}","timestamp":"2025-02-26T13:10:43.156Z"}
{"level":"\u001b[32minfo\u001b[39m","message":"{\"method\":\"GET\",\"url\":\"/api/posts/67741a2a0d94e7ed5ab1b40e\",\"status\":\"304\",\"responseTime\":\"361.722\"}","timestamp":"2025-02-26T13:10:43.524Z"}
{"level":"\u001b[32minfo\u001b[39m","message":"{\"method\":\"GET\",\"url\":\"/api/users/notification\",\"status\":\"304\",\"responseTime\":\"88.563\"}","timestamp":"2025-02-26T13:10:43.658Z"}
{"level":"\u001b[32minfo\u001b[39m","message":"{\"method\":\"GET\",\"url\":\"/api/users/notification\",\"status\":\"304\",\"responseTime\":\"87.832\"}","timestamp":"2025-02-26T13:10:43.757Z"}
{"level":"\u001b[32minfo\u001b[39m","message":"{\"method\":\"GET\",\"url\":\"/api/posts/getOwnerDetails/67741a2a0d94e7ed5ab1b40e\",\"status\":\"403\",\"responseTime\":\"296.093\"}","timestamp":"2025-02-26T13:10:46.211Z"}
{"level":"\u001b[32minfo\u001b[39m","message":"{\"method\":\"GET\",\"url\":\"/api/users/notification\",\"status\":\"304\",\"responseTime\":\"102.125\"}","timestamp":"2025-02-26T13:10:53.730Z"}
{"level":"\u001b[32minfo\u001b[39m","message":"{\"method\":\"GET\",\"url\":\"/api/users/notification\",\"status\":\"304\",\"responseTime\":\"80.605\"}","timestamp":"2025-02-26T13:10:53.817Z"}
{"level":"\u001b[32minfo\u001b[39m","message":"{\"method\":\"GET\",\"url\":\"/api/users/profilePosts\",\"status\":\"304\",\"responseTime\":\"288.989\"}","timestamp":"2025-02-26T13:10:53.892Z"}
{"level":"\u001b[32minfo\u001b[39m","message":"undefined logged out successfully","timestamp":"2025-02-26T13:10:58.634Z"}
{"level":"\u001b[32minfo\u001b[39m","message":"{\"method\":\"POST\",\"url\":\"/api/auth/logout\",\"status\":\"200\",\"responseTime\":\"1.935\"}","timestamp":"2025-02-26T13:10:58.637Z"}
{"level":"\u001b[32minfo\u001b[39m","message":"{\"method\":\"GET\",\"url\":\"/api/posts\",\"status\":\"304\",\"responseTime\":\"94.106\"}","timestamp":"2025-02-26T13:10:58.774Z"}
{"level":"\u001b[32minfo\u001b[39m","message":"{\"method\":\"GET\",\"url\":\"/api/posts\",\"status\":\"304\",\"responseTime\":\"107.896\"}","timestamp":"2025-02-26T13:11:27.994Z"}
{"level":"\u001b[32minfo\u001b[39m","message":"{\"method\":\"GET\",\"url\":\"/api/posts\",\"status\":\"304\",\"responseTime\":\"137.107\"}","timestamp":"2025-02-26T13:11:28.136Z"}
