{"level":"\u001b[32minfo\u001b[39m","message":"{\"method\":\"GET\",\"url\":\"/api/users/notification\",\"status\":\"401\",\"responseTime\":\"2.922\"}","timestamp":"2025-01-01T13:22:15.722Z"}
{"level":"\u001b[32minfo\u001b[39m","message":"{\"method\":\"GET\",\"url\":\"/api/posts\",\"status\":\"200\",\"responseTime\":\"1825.987\"}","timestamp":"2025-01-01T13:22:17.535Z"}
{"level":"\u001b[32minfo\u001b[39m","message":"{\"method\":\"GET\",\"url\":\"/api/posts\",\"status\":\"304\",\"responseTime\":\"78.942\"}","timestamp":"2025-01-01T13:22:17.618Z"}
{"level":"\u001b[32minfo\u001b[39m","message":"{\"method\":\"GET\",\"url\":\"/api/posts\",\"status\":\"304\",\"responseTime\":\"126.965\"}","timestamp":"2025-01-01T13:22:25.792Z"}
{"level":"\u001b[32minfo\u001b[39m","message":"{\"method\":\"GET\",\"url\":\"/api/posts\",\"status\":\"304\",\"responseTime\":\"83.907\"}","timestamp":"2025-01-01T13:22:25.883Z"}
{"level":"\u001b[32minfo\u001b[39m","message":"{\"method\":\"GET\",\"url\":\"/api/users/notification\",\"status\":\"401\",\"responseTime\":\"1.367\"}","timestamp":"2025-01-01T13:22:25.989Z"}
{"level":"\u001b[32minfo\u001b[39m","message":"{\"method\":\"GET\",\"url\":\"/api/users/notification\",\"status\":\"401\",\"responseTime\":\"0.845\"}","timestamp":"2025-01-01T13:22:25.997Z"}
{"level":"\u001b[32minfo\u001b[39m","message":"{\"method\":\"GET\",\"url\":\"/api/users/notification\",\"status\":\"401\",\"responseTime\":\"1.708\"}","timestamp":"2025-01-01T13:22:51.229Z"}
{"level":"\u001b[32minfo\u001b[39m","message":"{\"method\":\"GET\",\"url\":\"/api/users/notification\",\"status\":\"401\",\"responseTime\":\"0.746\"}","timestamp":"2025-01-01T13:22:51.242Z"}
{"level":"\u001b[32minfo\u001b[39m","message":"{\"method\":\"GET\",\"url\":\"/api/posts\",\"status\":\"304\",\"responseTime\":\"92.244\"}","timestamp":"2025-01-01T13:22:51.252Z"}
{"level":"\u001b[32minfo\u001b[39m","message":"{\"method\":\"GET\",\"url\":\"/api/posts\",\"status\":\"304\",\"responseTime\":\"90.881\"}","timestamp":"2025-01-01T13:22:51.349Z"}
{"level":"\u001b[32minfo\u001b[39m","message":"{\"method\":\"GET\",\"url\":\"/api/posts\",\"status\":\"304\",\"responseTime\":\"1486.868\"}","timestamp":"2025-01-01T13:28:39.231Z"}
{"level":"\u001b[32minfo\u001b[39m","message":"{\"method\":\"GET\",\"url\":\"/api/posts/6753076fbf37655f4e18d393\",\"status\":\"200\",\"responseTime\":\"266.340\"}","timestamp":"2025-01-01T13:29:08.978Z"}
{"level":"\u001b[32minfo\u001b[39m","message":"{\"method\":\"GET\",\"url\":\"/api/users/profilePosts\",\"status\":\"401\",\"responseTime\":\"12.260\"}","timestamp":"2025-01-01T13:29:30.329Z"}
{"level":"\u001b[32minfo\u001b[39m","message":"{\"method\":\"GET\",\"url\":\"/api/users/notification\",\"status\":\"401\",\"responseTime\":\"0.696\"}","timestamp":"2025-01-01T13:29:30.344Z"}
{"level":"\u001b[32minfo\u001b[39m","message":"{\"method\":\"GET\",\"url\":\"/api/users/notification\",\"status\":\"401\",\"responseTime\":\"0.616\"}","timestamp":"2025-01-01T13:29:30.353Z"}
{"level":"\u001b[32minfo\u001b[39m","message":"{\"method\":\"GET\",\"url\":\"/api/users/profilePosts\",\"status\":\"401\",\"responseTime\":\"0.528\"}","timestamp":"2025-01-01T13:29:33.122Z"}
{"level":"\u001b[32minfo\u001b[39m","message":"{\"method\":\"GET\",\"url\":\"/api/users/profilePosts\",\"status\":\"401\",\"responseTime\":\"0.857\"}","timestamp":"2025-01-01T13:29:33.130Z"}
{"level":"\u001b[32minfo\u001b[39m","message":"{\"method\":\"GET\",\"url\":\"/api/users/notification\",\"status\":\"401\",\"responseTime\":\"1.477\"}","timestamp":"2025-01-01T13:29:33.197Z"}
{"level":"\u001b[32minfo\u001b[39m","message":"{\"method\":\"GET\",\"url\":\"/api/users/notification\",\"status\":\"401\",\"responseTime\":\"0.851\"}","timestamp":"2025-01-01T13:29:33.204Z"}
{"level":"\u001b[32minfo\u001b[39m","message":"undefined logout successfully","timestamp":"2025-01-01T13:30:20.372Z"}
{"level":"\u001b[32minfo\u001b[39m","message":"{\"method\":\"POST\",\"url\":\"/api/auth/logout\",\"status\":\"200\",\"responseTime\":\"3.795\"}","timestamp":"2025-01-01T13:30:20.374Z"}
{"level":"\u001b[32minfo\u001b[39m","message":"{\"method\":\"GET\",\"url\":\"/api/posts\",\"status\":\"304\",\"responseTime\":\"75.823\"}","timestamp":"2025-01-01T13:30:20.643Z"}
{"level":"\u001b[32minfo\u001b[39m","message":"User-1 logged in successfully","timestamp":"2025-01-01T13:30:32.071Z"}
{"level":"\u001b[32minfo\u001b[39m","message":"{\"method\":\"POST\",\"url\":\"/api/auth/login\",\"status\":\"200\",\"responseTime\":\"165.934\"}","timestamp":"2025-01-01T13:30:32.072Z"}
{"level":"\u001b[32minfo\u001b[39m","message":"{\"method\":\"GET\",\"url\":\"/api/posts\",\"status\":\"304\",\"responseTime\":\"87.728\"}","timestamp":"2025-01-01T13:30:32.187Z"}
{"level":"\u001b[32minfo\u001b[39m","message":"{\"method\":\"GET\",\"url\":\"/api/users/notification\",\"status\":\"304\",\"responseTime\":\"710.258\"}","timestamp":"2025-01-01T13:30:32.846Z"}
{"level":"\u001b[32minfo\u001b[39m","message":"{\"method\":\"GET\",\"url\":\"/api/posts/6752d6e78f50cda3550dcf26\",\"status\":\"200\",\"responseTime\":\"399.566\"}","timestamp":"2025-01-01T13:30:40.505Z"}
{"level":"\u001b[32minfo\u001b[39m","message":"{\"method\":\"GET\",\"url\":\"/api/users/notification\",\"status\":\"304\",\"responseTime\":\"82.601\"}","timestamp":"2025-01-01T13:30:43.496Z"}
{"level":"\u001b[32minfo\u001b[39m","message":"{\"method\":\"GET\",\"url\":\"/api/users/notification\",\"status\":\"304\",\"responseTime\":\"75.581\"}","timestamp":"2025-01-01T13:30:43.574Z"}
{"level":"\u001b[32minfo\u001b[39m","message":"{\"method\":\"GET\",\"url\":\"/api/users/profilePosts\",\"status\":\"304\",\"responseTime\":\"268.982\"}","timestamp":"2025-01-01T13:30:43.646Z"}
{"level":"\u001b[32minfo\u001b[39m","message":"{\"method\":\"GET\",\"url\":\"/api/posts/6752e0ca8f50cda3550dcf30\",\"status\":\"200\",\"responseTime\":\"330.472\"}","timestamp":"2025-01-01T13:31:08.985Z"}
{"level":"\u001b[32minfo\u001b[39m","message":"{\"method\":\"GET\",\"url\":\"/api/users/notification\",\"status\":\"304\",\"responseTime\":\"110.900\"}","timestamp":"2025-01-01T13:31:09.141Z"}
{"level":"\u001b[32minfo\u001b[39m","message":"{\"method\":\"GET\",\"url\":\"/api/users/notification\",\"status\":\"304\",\"responseTime\":\"76.393\"}","timestamp":"2025-01-01T13:31:09.221Z"}
{"level":"\u001b[32minfo\u001b[39m","message":"{\"method\":\"GET\",\"url\":\"/api/users/notification\",\"status\":\"304\",\"responseTime\":\"86.625\"}","timestamp":"2025-01-01T13:31:17.084Z"}
{"level":"\u001b[32minfo\u001b[39m","message":"{\"method\":\"GET\",\"url\":\"/api/users/notification\",\"status\":\"304\",\"responseTime\":\"75.637\"}","timestamp":"2025-01-01T13:31:17.164Z"}
{"level":"\u001b[32minfo\u001b[39m","message":"{\"method\":\"GET\",\"url\":\"/api/users/profilePosts\",\"status\":\"304\",\"responseTime\":\"253.358\"}","timestamp":"2025-01-01T13:31:17.245Z"}
{"level":"\u001b[32minfo\u001b[39m","message":"{\"method\":\"GET\",\"url\":\"/api/users/profilePosts\",\"status\":\"304\",\"responseTime\":\"237.507\"}","timestamp":"2025-01-01T13:31:17.485Z"}
{"level":"\u001b[32minfo\u001b[39m","message":"{\"method\":\"GET\",\"url\":\"/api/users/notification\",\"status\":\"304\",\"responseTime\":\"89.364\"}","timestamp":"2025-01-01T13:32:47.803Z"}
{"level":"\u001b[32minfo\u001b[39m","message":"{\"method\":\"GET\",\"url\":\"/api/users/notification\",\"status\":\"304\",\"responseTime\":\"101.063\"}","timestamp":"2025-01-01T13:32:58.808Z"}
{"level":"\u001b[32minfo\u001b[39m","message":"{\"method\":\"GET\",\"url\":\"/api/users/notification\",\"status\":\"304\",\"responseTime\":\"85.313\"}","timestamp":"2025-01-01T13:33:02.363Z"}
{"level":"\u001b[32minfo\u001b[39m","message":"{\"method\":\"GET\",\"url\":\"/api/users/notification\",\"status\":\"304\",\"responseTime\":\"76.590\"}","timestamp":"2025-01-01T13:33:02.442Z"}
{"level":"\u001b[32minfo\u001b[39m","message":"{\"method\":\"GET\",\"url\":\"/api/users/profilePosts\",\"status\":\"304\",\"responseTime\":\"240.502\"}","timestamp":"2025-01-01T13:33:02.446Z"}
{"level":"\u001b[32minfo\u001b[39m","message":"{\"method\":\"GET\",\"url\":\"/api/users/profilePosts\",\"status\":\"304\",\"responseTime\":\"224.695\"}","timestamp":"2025-01-01T13:33:02.674Z"}
{"level":"\u001b[32minfo\u001b[39m","message":"{\"method\":\"GET\",\"url\":\"/api/posts\",\"status\":\"304\",\"responseTime\":\"86.286\"}","timestamp":"2025-01-01T13:33:13.380Z"}
{"level":"\u001b[32minfo\u001b[39m","message":"{\"method\":\"GET\",\"url\":\"/api/users/notification\",\"status\":\"304\",\"responseTime\":\"99.280\"}","timestamp":"2025-01-01T13:33:13.523Z"}
{"level":"\u001b[32minfo\u001b[39m","message":"{\"method\":\"GET\",\"url\":\"/api/posts\",\"status\":\"304\",\"responseTime\":\"100.930\"}","timestamp":"2025-01-01T13:33:13.576Z"}
{"level":"\u001b[32minfo\u001b[39m","message":"{\"method\":\"GET\",\"url\":\"/api/users/notification\",\"status\":\"304\",\"responseTime\":\"82.232\"}","timestamp":"2025-01-01T13:33:13.688Z"}
{"level":"\u001b[32minfo\u001b[39m","message":"{\"method\":\"GET\",\"url\":\"/api/users/notification\",\"status\":\"304\",\"responseTime\":\"89.206\"}","timestamp":"2025-01-01T13:34:46.762Z"}
{"level":"\u001b[32minfo\u001b[39m","message":"{\"method\":\"GET\",\"url\":\"/api/users/notification\",\"status\":\"304\",\"responseTime\":\"84.466\"}","timestamp":"2025-01-01T13:34:46.849Z"}
{"level":"\u001b[32minfo\u001b[39m","message":"{\"method\":\"GET\",\"url\":\"/api/users/profilePosts\",\"status\":\"304\",\"responseTime\":\"251.053\"}","timestamp":"2025-01-01T13:34:46.884Z"}
{"level":"\u001b[32minfo\u001b[39m","message":"{\"method\":\"GET\",\"url\":\"/api/users/notification\",\"status\":\"304\",\"responseTime\":\"83.214\"}","timestamp":"2025-01-01T13:35:07.803Z"}
{"level":"\u001b[32minfo\u001b[39m","message":"{\"method\":\"GET\",\"url\":\"/api/posts\",\"status\":\"304\",\"responseTime\":\"87.524\"}","timestamp":"2025-01-01T13:35:11.764Z"}
{"level":"\u001b[32minfo\u001b[39m","message":"{\"method\":\"GET\",\"url\":\"/api/users/notification\",\"status\":\"304\",\"responseTime\":\"82.822\"}","timestamp":"2025-01-01T13:35:11.830Z"}
{"level":"\u001b[32minfo\u001b[39m","message":"{\"method\":\"GET\",\"url\":\"/api/posts\",\"status\":\"304\",\"responseTime\":\"89.194\"}","timestamp":"2025-01-01T13:35:11.868Z"}
{"level":"\u001b[32minfo\u001b[39m","message":"{\"method\":\"GET\",\"url\":\"/api/users/notification\",\"status\":\"304\",\"responseTime\":\"76.778\"}","timestamp":"2025-01-01T13:35:11.912Z"}
{"level":"\u001b[32minfo\u001b[39m","message":"{\"method\":\"GET\",\"url\":\"/api/posts/6753081ebf37655f4e18d395\",\"status\":\"304\",\"responseTime\":\"316.399\"}","timestamp":"2025-01-01T13:38:22.940Z"}
{"level":"\u001b[32minfo\u001b[39m","message":"{\"method\":\"GET\",\"url\":\"/api/posts\",\"status\":\"304\",\"responseTime\":\"96.728\"}","timestamp":"2025-01-01T13:38:31.785Z"}
{"level":"\u001b[32minfo\u001b[39m","message":"{\"method\":\"GET\",\"url\":\"/api/posts\",\"status\":\"304\",\"responseTime\":\"74.377\"}","timestamp":"2025-01-01T13:38:31.864Z"}
{"level":"\u001b[32minfo\u001b[39m","message":"{\"method\":\"GET\",\"url\":\"/api/posts/6752d6e78f50cda3550dcf26\",\"status\":\"304\",\"responseTime\":\"363.231\"}","timestamp":"2025-01-01T13:39:11.259Z"}
{"level":"\u001b[32minfo\u001b[39m","message":"{\"method\":\"GET\",\"url\":\"/api/posts/6752d6e78f50cda3550dcf26\",\"status\":\"304\",\"responseTime\":\"306.114\"}","timestamp":"2025-01-01T13:41:00.194Z"}
{"level":"\u001b[32minfo\u001b[39m","message":"{\"method\":\"GET\",\"url\":\"/api/posts/6752d6e78f50cda3550dcf26\",\"status\":\"304\",\"responseTime\":\"325.613\"}","timestamp":"2025-01-01T13:41:00.522Z"}
{"level":"\u001b[32minfo\u001b[39m","message":"{\"method\":\"GET\",\"url\":\"/api/users/notification\",\"status\":\"304\",\"responseTime\":\"83.827\"}","timestamp":"2025-01-01T13:41:00.644Z"}
{"level":"\u001b[32minfo\u001b[39m","message":"{\"method\":\"GET\",\"url\":\"/api/users/notification\",\"status\":\"304\",\"responseTime\":\"80.443\"}","timestamp":"2025-01-01T13:41:00.733Z"}
{"level":"\u001b[32minfo\u001b[39m","message":"{\"method\":\"GET\",\"url\":\"/api/posts\",\"status\":\"304\",\"responseTime\":\"84.967\"}","timestamp":"2025-01-01T13:41:11.599Z"}
{"level":"\u001b[32minfo\u001b[39m","message":"{\"method\":\"GET\",\"url\":\"/api/users/notification\",\"status\":\"304\",\"responseTime\":\"97.924\"}","timestamp":"2025-01-01T13:41:11.635Z"}
{"level":"\u001b[32minfo\u001b[39m","message":"{\"method\":\"GET\",\"url\":\"/api/posts\",\"status\":\"304\",\"responseTime\":\"74.949\"}","timestamp":"2025-01-01T13:41:11.678Z"}
{"level":"\u001b[32minfo\u001b[39m","message":"{\"method\":\"GET\",\"url\":\"/api/users/notification\",\"status\":\"304\",\"responseTime\":\"86.738\"}","timestamp":"2025-01-01T13:41:11.725Z"}
{"level":"\u001b[32minfo\u001b[39m","message":"{\"method\":\"GET\",\"url\":\"/api/posts/6752dc838f50cda3550dcf2c\",\"status\":\"200\",\"responseTime\":\"348.489\"}","timestamp":"2025-01-01T13:41:14.465Z"}
{"level":"\u001b[32minfo\u001b[39m","message":"{\"method\":\"GET\",\"url\":\"/api/posts\",\"status\":\"304\",\"responseTime\":\"92.307\"}","timestamp":"2025-01-01T13:41:39.519Z"}
{"level":"\u001b[32minfo\u001b[39m","message":"{\"method\":\"GET\",\"url\":\"/api/users/notification\",\"status\":\"304\",\"responseTime\":\"84.524\"}","timestamp":"2025-01-01T13:41:39.563Z"}
{"level":"\u001b[32minfo\u001b[39m","message":"{\"method\":\"GET\",\"url\":\"/api/posts\",\"status\":\"304\",\"responseTime\":\"75.767\"}","timestamp":"2025-01-01T13:41:39.598Z"}
{"level":"\u001b[32minfo\u001b[39m","message":"{\"method\":\"GET\",\"url\":\"/api/users/notification\",\"status\":\"304\",\"responseTime\":\"86.325\"}","timestamp":"2025-01-01T13:41:39.654Z"}
{"level":"\u001b[32minfo\u001b[39m","message":"{\"method\":\"GET\",\"url\":\"/api/posts/6752d6e78f50cda3550dcf26\",\"status\":\"304\",\"responseTime\":\"322.224\"}","timestamp":"2025-01-01T13:41:41.743Z"}
{"level":"\u001b[32minfo\u001b[39m","message":"{\"method\":\"GET\",\"url\":\"/api/posts\",\"status\":\"304\",\"responseTime\":\"91.163\"}","timestamp":"2025-01-01T13:41:50.577Z"}
{"level":"\u001b[32minfo\u001b[39m","message":"{\"method\":\"GET\",\"url\":\"/api/users/notification\",\"status\":\"304\",\"responseTime\":\"82.482\"}","timestamp":"2025-01-01T13:41:50.646Z"}
{"level":"\u001b[32minfo\u001b[39m","message":"{\"method\":\"GET\",\"url\":\"/api/posts\",\"status\":\"304\",\"responseTime\":\"84.587\"}","timestamp":"2025-01-01T13:41:50.669Z"}
{"level":"\u001b[32minfo\u001b[39m","message":"{\"method\":\"GET\",\"url\":\"/api/users/notification\",\"status\":\"304\",\"responseTime\":\"75.846\"}","timestamp":"2025-01-01T13:41:50.724Z"}
{"level":"\u001b[32minfo\u001b[39m","message":"{\"method\":\"GET\",\"url\":\"/api/posts/67530640bf37655f4e18d391\",\"status\":\"200\",\"responseTime\":\"326.328\"}","timestamp":"2025-01-01T13:41:52.646Z"}
{"level":"\u001b[32minfo\u001b[39m","message":"{\"method\":\"GET\",\"url\":\"/api/posts/67530640bf37655f4e18d391\",\"status\":\"304\",\"responseTime\":\"305.540\"}","timestamp":"2025-01-01T13:45:14.012Z"}
{"level":"\u001b[32minfo\u001b[39m","message":"{\"method\":\"GET\",\"url\":\"/api/posts/67530640bf37655f4e18d391\",\"status\":\"304\",\"responseTime\":\"336.874\"}","timestamp":"2025-01-01T13:45:14.352Z"}
{"level":"\u001b[32minfo\u001b[39m","message":"{\"method\":\"GET\",\"url\":\"/api/users/notification\",\"status\":\"304\",\"responseTime\":\"82.866\"}","timestamp":"2025-01-01T13:45:14.470Z"}
{"level":"\u001b[32minfo\u001b[39m","message":"{\"method\":\"GET\",\"url\":\"/api/users/notification\",\"status\":\"304\",\"responseTime\":\"77.901\"}","timestamp":"2025-01-01T13:45:14.551Z"}
{"level":"\u001b[32minfo\u001b[39m","message":"{\"method\":\"GET\",\"url\":\"/api/posts\",\"status\":\"304\",\"responseTime\":\"93.850\"}","timestamp":"2025-01-01T13:47:50.787Z"}
{"level":"\u001b[32minfo\u001b[39m","message":"{\"method\":\"GET\",\"url\":\"/api/users/notification\",\"status\":\"304\",\"responseTime\":\"95.719\"}","timestamp":"2025-01-01T13:47:50.857Z"}
{"level":"\u001b[32minfo\u001b[39m","message":"{\"method\":\"GET\",\"url\":\"/api/posts\",\"status\":\"304\",\"responseTime\":\"81.230\"}","timestamp":"2025-01-01T13:47:50.875Z"}
{"level":"\u001b[32minfo\u001b[39m","message":"{\"method\":\"GET\",\"url\":\"/api/users/notification\",\"status\":\"304\",\"responseTime\":\"78.544\"}","timestamp":"2025-01-01T13:47:50.939Z"}
{"level":"\u001b[32minfo\u001b[39m","message":"{\"method\":\"GET\",\"url\":\"/api/posts/67530640bf37655f4e18d391\",\"status\":\"304\",\"responseTime\":\"352.874\"}","timestamp":"2025-01-01T13:47:58.757Z"}
{"level":"\u001b[32minfo\u001b[39m","message":"{\"method\":\"GET\",\"url\":\"/api/posts\",\"status\":\"304\",\"responseTime\":\"116.463\"}","timestamp":"2025-01-01T13:48:51.640Z"}
{"level":"\u001b[32minfo\u001b[39m","message":"{\"method\":\"GET\",\"url\":\"/api/users/notification\",\"status\":\"304\",\"responseTime\":\"103.826\"}","timestamp":"2025-01-01T13:48:51.751Z"}
{"level":"\u001b[32minfo\u001b[39m","message":"{\"method\":\"GET\",\"url\":\"/api/posts\",\"status\":\"304\",\"responseTime\":\"100.122\"}","timestamp":"2025-01-01T13:48:51.755Z"}
{"level":"\u001b[32minfo\u001b[39m","message":"{\"method\":\"GET\",\"url\":\"/api/users/notification\",\"status\":\"304\",\"responseTime\":\"80.713\"}","timestamp":"2025-01-01T13:48:51.839Z"}
{"level":"\u001b[32minfo\u001b[39m","message":"{\"method\":\"GET\",\"url\":\"/api/users/notification\",\"status\":\"304\",\"responseTime\":\"132.695\"}","timestamp":"2025-01-01T13:48:59.632Z"}
{"level":"\u001b[32minfo\u001b[39m","message":"{\"method\":\"GET\",\"url\":\"/api/users/notification\",\"status\":\"304\",\"responseTime\":\"81.655\"}","timestamp":"2025-01-01T13:48:59.717Z"}
{"level":"\u001b[32minfo\u001b[39m","message":"{\"method\":\"GET\",\"url\":\"/api/posts\",\"status\":\"304\",\"responseTime\":\"116.883\"}","timestamp":"2025-01-01T13:53:41.943Z"}
{"level":"\u001b[32minfo\u001b[39m","message":"{\"method\":\"GET\",\"url\":\"/api/users/notification\",\"status\":\"304\",\"responseTime\":\"80.819\"}","timestamp":"2025-01-01T13:53:42.015Z"}
{"level":"\u001b[32minfo\u001b[39m","message":"{\"method\":\"GET\",\"url\":\"/api/posts\",\"status\":\"304\",\"responseTime\":\"79.980\"}","timestamp":"2025-01-01T13:53:42.035Z"}
{"level":"\u001b[32minfo\u001b[39m","message":"{\"method\":\"GET\",\"url\":\"/api/users/notification\",\"status\":\"304\",\"responseTime\":\"77.754\"}","timestamp":"2025-01-01T13:53:42.099Z"}
