{"level":"\u001b[32minfo\u001b[39m","message":"{\"method\":\"GET\",\"url\":\"/api/users/notification\",\"status\":\"304\",\"responseTime\":\"1447.584\"}","timestamp":"2025-02-07T12:33:54.006Z"}
{"level":"\u001b[32minfo\u001b[39m","message":"{\"method\":\"GET\",\"url\":\"/api/posts\",\"status\":\"304\",\"responseTime\":\"1746.362\"}","timestamp":"2025-02-07T12:33:54.017Z"}
{"level":"\u001b[32minfo\u001b[39m","message":"{\"method\":\"GET\",\"url\":\"/api/users/notification\",\"status\":\"304\",\"responseTime\":\"76.202\"}","timestamp":"2025-02-07T12:33:54.100Z"}
{"level":"\u001b[32minfo\u001b[39m","message":"{\"method\":\"GET\",\"url\":\"/api/posts\",\"status\":\"304\",\"responseTime\":\"73.671\"}","timestamp":"2025-02-07T12:33:54.105Z"}
{"level":"\u001b[32minfo\u001b[39m","message":"{\"method\":\"GET\",\"url\":\"/api/posts\",\"status\":\"304\",\"responseTime\":\"80.333\"}","timestamp":"2025-02-07T12:33:54.211Z"}
{"level":"\u001b[32minfo\u001b[39m","message":"{\"method\":\"GET\",\"url\":\"/api/posts\",\"status\":\"304\",\"responseTime\":\"98.965\"}","timestamp":"2025-02-07T12:33:58.008Z"}
{"level":"\u001b[32minfo\u001b[39m","message":"{\"method\":\"GET\",\"url\":\"/api/posts\",\"status\":\"304\",\"responseTime\":\"82.060\"}","timestamp":"2025-02-07T12:33:58.101Z"}
{"level":"\u001b[32minfo\u001b[39m","message":"{\"method\":\"GET\",\"url\":\"/api/users/notification\",\"status\":\"304\",\"responseTime\":\"71.131\"}","timestamp":"2025-02-07T12:33:58.106Z"}
{"level":"\u001b[32minfo\u001b[39m","message":"{\"method\":\"GET\",\"url\":\"/api/users/notification\",\"status\":\"304\",\"responseTime\":\"70.740\"}","timestamp":"2025-02-07T12:33:58.185Z"}
{"level":"\u001b[32minfo\u001b[39m","message":"{\"method\":\"GET\",\"url\":\"/api/posts/67741a2a0d94e7ed5ab1b40e\",\"status\":\"304\",\"responseTime\":\"324.749\"}","timestamp":"2025-02-07T12:34:03.693Z"}
{"level":"\u001b[32minfo\u001b[39m","message":"{\"method\":\"POST\",\"url\":\"/api/chats\",\"status\":\"500\",\"responseTime\":\"36.297\"}","timestamp":"2025-02-07T12:34:06.571Z"}
{"level":"\u001b[32minfo\u001b[39m","message":"{\"method\":\"POST\",\"url\":\"/api/chats\",\"status\":\"500\",\"responseTime\":\"56.675\"}","timestamp":"2025-02-07T12:34:08.113Z"}
{"level":"\u001b[32minfo\u001b[39m","message":"{\"method\":\"POST\",\"url\":\"/api/chats\",\"status\":\"500\",\"responseTime\":\"25.200\"}","timestamp":"2025-02-07T12:34:09.627Z"}
{"level":"\u001b[32minfo\u001b[39m","message":"{\"method\":\"POST\",\"url\":\"/api/chats\",\"status\":\"500\",\"responseTime\":\"18.873\"}","timestamp":"2025-02-07T12:34:10.631Z"}
{"level":"\u001b[32minfo\u001b[39m","message":"{\"method\":\"GET\",\"url\":\"/api/posts\",\"status\":\"304\",\"responseTime\":\"102.812\"}","timestamp":"2025-02-07T12:34:37.009Z"}
{"level":"\u001b[32minfo\u001b[39m","message":"{\"method\":\"GET\",\"url\":\"/api/posts\",\"status\":\"304\",\"responseTime\":\"85.280\"}","timestamp":"2025-02-07T12:34:37.100Z"}
{"level":"\u001b[32minfo\u001b[39m","message":"{\"method\":\"GET\",\"url\":\"/api/posts/6752d6e78f50cda3550dcf26\",\"status\":\"304\",\"responseTime\":\"324.396\"}","timestamp":"2025-02-07T12:34:39.413Z"}
{"level":"\u001b[32minfo\u001b[39m","message":"{\"method\":\"GET\",\"url\":\"/api/users/notification\",\"status\":\"304\",\"responseTime\":\"69.650\"}","timestamp":"2025-02-07T12:34:43.352Z"}
{"level":"\u001b[32minfo\u001b[39m","message":"{\"method\":\"GET\",\"url\":\"/api/users/notification\",\"status\":\"304\",\"responseTime\":\"76.703\"}","timestamp":"2025-02-07T12:34:43.433Z"}
{"level":"\u001b[32minfo\u001b[39m","message":"{\"method\":\"GET\",\"url\":\"/api/chats\",\"status\":\"304\",\"responseTime\":\"245.847\"}","timestamp":"2025-02-07T12:34:43.443Z"}
{"level":"\u001b[32minfo\u001b[39m","message":"{\"method\":\"GET\",\"url\":\"/api/chats/67530b8bbf37655f4e18d398\",\"status\":\"200\",\"responseTime\":\"558.514\"}","timestamp":"2025-02-07T12:34:45.817Z"}
{"level":"\u001b[32minfo\u001b[39m","message":"{\"method\":\"GET\",\"url\":\"/api/posts\",\"status\":\"304\",\"responseTime\":\"85.249\"}","timestamp":"2025-02-07T12:34:50.572Z"}
{"level":"\u001b[32minfo\u001b[39m","message":"{\"method\":\"GET\",\"url\":\"/api/posts\",\"status\":\"304\",\"responseTime\":\"78.671\"}","timestamp":"2025-02-07T12:34:50.661Z"}
{"level":"\u001b[32minfo\u001b[39m","message":"{\"method\":\"GET\",\"url\":\"/api/users/notification\",\"status\":\"304\",\"responseTime\":\"77.340\"}","timestamp":"2025-02-07T12:34:50.679Z"}
{"level":"\u001b[32minfo\u001b[39m","message":"{\"method\":\"GET\",\"url\":\"/api/users/notification\",\"status\":\"304\",\"responseTime\":\"77.637\"}","timestamp":"2025-02-07T12:34:50.761Z"}
{"level":"\u001b[32minfo\u001b[39m","message":"{\"method\":\"GET\",\"url\":\"/api/posts/6753081ebf37655f4e18d395\",\"status\":\"304\",\"responseTime\":\"279.094\"}","timestamp":"2025-02-07T12:34:55.132Z"}
{"level":"\u001b[32minfo\u001b[39m","message":"{\"method\":\"POST\",\"url\":\"/api/chats\",\"status\":\"500\",\"responseTime\":\"17.137\"}","timestamp":"2025-02-07T12:34:58.249Z"}
{"level":"\u001b[32minfo\u001b[39m","message":"{\"method\":\"GET\",\"url\":\"/api/posts/6753081ebf37655f4e18d395\",\"status\":\"304\",\"responseTime\":\"1582.248\"}","timestamp":"2025-02-07T12:37:19.429Z"}
{"level":"\u001b[32minfo\u001b[39m","message":"{\"method\":\"GET\",\"url\":\"/api/posts/6753081ebf37655f4e18d395\",\"status\":\"304\",\"responseTime\":\"311.159\"}","timestamp":"2025-02-07T12:37:19.754Z"}
{"level":"\u001b[32minfo\u001b[39m","message":"{\"method\":\"GET\",\"url\":\"/api/users/notification\",\"status\":\"304\",\"responseTime\":\"82.743\"}","timestamp":"2025-02-07T12:37:19.946Z"}
{"level":"\u001b[32minfo\u001b[39m","message":"{\"method\":\"GET\",\"url\":\"/api/users/notification\",\"status\":\"304\",\"responseTime\":\"84.567\"}","timestamp":"2025-02-07T12:37:20.042Z"}
{"level":"\u001b[32minfo\u001b[39m","message":"{\"method\":\"POST\",\"url\":\"/api/chats\",\"status\":\"200\",\"responseTime\":\"102.897\"}","timestamp":"2025-02-07T12:37:22.547Z"}
{"level":"\u001b[32minfo\u001b[39m","message":"{\"method\":\"GET\",\"url\":\"/api/chats\",\"status\":\"200\",\"responseTime\":\"267.998\"}","timestamp":"2025-02-07T12:42:00.865Z"}
{"level":"\u001b[32minfo\u001b[39m","message":"{\"method\":\"GET\",\"url\":\"/api/chats\",\"status\":\"304\",\"responseTime\":\"209.919\"}","timestamp":"2025-02-07T12:42:01.084Z"}
{"level":"\u001b[32minfo\u001b[39m","message":"{\"method\":\"GET\",\"url\":\"/api/chats\",\"status\":\"304\",\"responseTime\":\"212.701\"}","timestamp":"2025-02-07T12:42:01.311Z"}
{"level":"\u001b[32minfo\u001b[39m","message":"{\"method\":\"GET\",\"url\":\"/api/chats\",\"status\":\"304\",\"responseTime\":\"235.805\"}","timestamp":"2025-02-07T12:42:01.557Z"}
{"level":"\u001b[32minfo\u001b[39m","message":"{\"method\":\"GET\",\"url\":\"/api/chats\",\"status\":\"304\",\"responseTime\":\"262.584\"}","timestamp":"2025-02-07T12:42:01.832Z"}
{"level":"\u001b[32minfo\u001b[39m","message":"{\"method\":\"GET\",\"url\":\"/api/chats\",\"status\":\"304\",\"responseTime\":\"220.168\"}","timestamp":"2025-02-07T12:42:42.684Z"}
{"level":"\u001b[32minfo\u001b[39m","message":"{\"method\":\"GET\",\"url\":\"/api/chats\",\"status\":\"304\",\"responseTime\":\"212.236\"}","timestamp":"2025-02-07T12:42:42.904Z"}
{"level":"\u001b[32minfo\u001b[39m","message":"{\"method\":\"GET\",\"url\":\"/api/users/notification\",\"status\":\"304\",\"responseTime\":\"1101.817\"}","timestamp":"2025-02-07T12:42:43.765Z"}
{"level":"\u001b[32minfo\u001b[39m","message":"{\"method\":\"GET\",\"url\":\"/api/users/notification\",\"status\":\"304\",\"responseTime\":\"106.493\"}","timestamp":"2025-02-07T12:42:43.881Z"}
{"level":"\u001b[32minfo\u001b[39m","message":"{\"method\":\"GET\",\"url\":\"/api/chats/67530b8bbf37655f4e18d398\",\"status\":\"200\",\"responseTime\":\"517.738\"}","timestamp":"2025-02-07T12:42:45.336Z"}
{"level":"\u001b[32minfo\u001b[39m","message":"{\"method\":\"GET\",\"url\":\"/api/posts\",\"status\":\"304\",\"responseTime\":\"115.694\"}","timestamp":"2025-02-07T12:42:56.415Z"}
{"level":"\u001b[32minfo\u001b[39m","message":"{\"method\":\"GET\",\"url\":\"/api/posts\",\"status\":\"304\",\"responseTime\":\"77.992\"}","timestamp":"2025-02-07T12:42:56.498Z"}
{"level":"\u001b[32minfo\u001b[39m","message":"{\"method\":\"GET\",\"url\":\"/api/users/notification\",\"status\":\"304\",\"responseTime\":\"83.420\"}","timestamp":"2025-02-07T12:42:56.552Z"}
{"level":"\u001b[32minfo\u001b[39m","message":"{\"method\":\"GET\",\"url\":\"/api/users/notification\",\"status\":\"304\",\"responseTime\":\"70.669\"}","timestamp":"2025-02-07T12:42:56.641Z"}
{"level":"\u001b[32minfo\u001b[39m","message":"{\"method\":\"GET\",\"url\":\"/api/posts/67741a2a0d94e7ed5ab1b40e\",\"status\":\"304\",\"responseTime\":\"279.631\"}","timestamp":"2025-02-07T12:43:00.323Z"}
{"level":"\u001b[32minfo\u001b[39m","message":"{\"method\":\"POST\",\"url\":\"/api/chats\",\"status\":\"201\",\"responseTime\":\"344.053\"}","timestamp":"2025-02-07T12:43:03.037Z"}
{"level":"\u001b[32minfo\u001b[39m","message":"{\"method\":\"GET\",\"url\":\"/api/users/notification\",\"status\":\"304\",\"responseTime\":\"86.278\"}","timestamp":"2025-02-07T12:43:03.190Z"}
{"level":"\u001b[32minfo\u001b[39m","message":"{\"method\":\"GET\",\"url\":\"/api/users/notification\",\"status\":\"304\",\"responseTime\":\"86.437\"}","timestamp":"2025-02-07T12:43:03.281Z"}
{"level":"\u001b[32minfo\u001b[39m","message":"{\"method\":\"GET\",\"url\":\"/api/chats\",\"status\":\"200\",\"responseTime\":\"304.574\"}","timestamp":"2025-02-07T12:43:03.361Z"}
{"level":"\u001b[32minfo\u001b[39m","message":"{\"method\":\"GET\",\"url\":\"/api/chats/67a5ffd69cef38f9d4bb495f\",\"status\":\"200\",\"responseTime\":\"522.034\"}","timestamp":"2025-02-07T12:43:09.393Z"}
{"level":"\u001b[32minfo\u001b[39m","message":"{\"method\":\"GET\",\"url\":\"/api/posts\",\"status\":\"304\",\"responseTime\":\"78.232\"}","timestamp":"2025-02-07T12:43:22.667Z"}
{"level":"\u001b[32minfo\u001b[39m","message":"{\"method\":\"GET\",\"url\":\"/api/posts\",\"status\":\"304\",\"responseTime\":\"63.601\"}","timestamp":"2025-02-07T12:43:22.735Z"}
{"level":"\u001b[32minfo\u001b[39m","message":"{\"method\":\"GET\",\"url\":\"/api/users/notification\",\"status\":\"304\",\"responseTime\":\"79.865\"}","timestamp":"2025-02-07T12:43:22.840Z"}
{"level":"\u001b[32minfo\u001b[39m","message":"{\"method\":\"GET\",\"url\":\"/api/users/notification\",\"status\":\"304\",\"responseTime\":\"80.858\"}","timestamp":"2025-02-07T12:43:22.931Z"}
{"level":"\u001b[32minfo\u001b[39m","message":"{\"method\":\"GET\",\"url\":\"/api/posts/6753076fbf37655f4e18d393\",\"status\":\"304\",\"responseTime\":\"294.918\"}","timestamp":"2025-02-07T12:43:29.419Z"}
{"level":"\u001b[32minfo\u001b[39m","message":"{\"method\":\"POST\",\"url\":\"/api/chats\",\"status\":\"200\",\"responseTime\":\"85.102\"}","timestamp":"2025-02-07T12:43:33.110Z"}
{"level":"\u001b[32minfo\u001b[39m","message":"{\"method\":\"GET\",\"url\":\"/api/users/notification\",\"status\":\"304\",\"responseTime\":\"86.347\"}","timestamp":"2025-02-07T12:43:33.260Z"}
{"level":"\u001b[32minfo\u001b[39m","message":"{\"method\":\"GET\",\"url\":\"/api/users/notification\",\"status\":\"304\",\"responseTime\":\"76.406\"}","timestamp":"2025-02-07T12:43:33.340Z"}
{"level":"\u001b[32minfo\u001b[39m","message":"{\"method\":\"GET\",\"url\":\"/api/chats\",\"status\":\"200\",\"responseTime\":\"293.620\"}","timestamp":"2025-02-07T12:43:33.420Z"}
{"level":"\u001b[32minfo\u001b[39m","message":"{\"method\":\"GET\",\"url\":\"/api/chats/67530b8bbf37655f4e18d398\",\"status\":\"200\",\"responseTime\":\"626.179\"}","timestamp":"2025-02-07T12:43:39.113Z"}
{"level":"\u001b[32minfo\u001b[39m","message":"{\"method\":\"GET\",\"url\":\"/api/users/profilePosts\",\"status\":\"304\",\"responseTime\":\"233.608\"}","timestamp":"2025-02-07T12:44:04.682Z"}
{"level":"\u001b[32minfo\u001b[39m","message":"undefined logged out successfully","timestamp":"2025-02-07T12:44:06.137Z"}
{"level":"\u001b[32minfo\u001b[39m","message":"{\"method\":\"POST\",\"url\":\"/api/auth/logout\",\"status\":\"200\",\"responseTime\":\"1.975\"}","timestamp":"2025-02-07T12:44:06.139Z"}
{"level":"\u001b[32minfo\u001b[39m","message":"{\"method\":\"GET\",\"url\":\"/api/posts\",\"status\":\"304\",\"responseTime\":\"149.027\"}","timestamp":"2025-02-07T12:44:06.326Z"}
{"level":"\u001b[32minfo\u001b[39m","message":"User-2 logged in successfully","timestamp":"2025-02-07T12:44:15.828Z"}
{"level":"\u001b[32minfo\u001b[39m","message":"{\"method\":\"POST\",\"url\":\"/api/auth/login\",\"status\":\"200\",\"responseTime\":\"212.839\"}","timestamp":"2025-02-07T12:44:15.830Z"}
{"level":"\u001b[32minfo\u001b[39m","message":"{\"method\":\"GET\",\"url\":\"/api/users/notification\",\"status\":\"304\",\"responseTime\":\"63.556\"}","timestamp":"2025-02-07T12:44:15.954Z"}
{"level":"\u001b[32minfo\u001b[39m","message":"{\"method\":\"GET\",\"url\":\"/api/posts\",\"status\":\"304\",\"responseTime\":\"94.766\"}","timestamp":"2025-02-07T12:44:15.958Z"}
{"level":"\u001b[32minfo\u001b[39m","message":"{\"method\":\"GET\",\"url\":\"/api/posts/6752d6e78f50cda3550dcf26\",\"status\":\"304\",\"responseTime\":\"287.637\"}","timestamp":"2025-02-07T12:44:18.049Z"}
{"level":"\u001b[32minfo\u001b[39m","message":"{\"method\":\"GET\",\"url\":\"/api/users/notification\",\"status\":\"304\",\"responseTime\":\"76.241\"}","timestamp":"2025-02-07T12:44:21.261Z"}
{"level":"\u001b[32minfo\u001b[39m","message":"{\"method\":\"GET\",\"url\":\"/api/chats\",\"status\":\"200\",\"responseTime\":\"178.008\"}","timestamp":"2025-02-07T12:44:21.298Z"}
{"level":"\u001b[32minfo\u001b[39m","message":"{\"method\":\"GET\",\"url\":\"/api/users/notification\",\"status\":\"304\",\"responseTime\":\"71.906\"}","timestamp":"2025-02-07T12:44:21.338Z"}
{"level":"\u001b[32minfo\u001b[39m","message":"{\"method\":\"GET\",\"url\":\"/api/posts\",\"status\":\"304\",\"responseTime\":\"89.671\"}","timestamp":"2025-02-07T12:44:23.985Z"}
{"level":"\u001b[32minfo\u001b[39m","message":"{\"method\":\"GET\",\"url\":\"/api/posts\",\"status\":\"304\",\"responseTime\":\"91.011\"}","timestamp":"2025-02-07T12:44:24.106Z"}
{"level":"\u001b[32minfo\u001b[39m","message":"{\"method\":\"GET\",\"url\":\"/api/users/notification\",\"status\":\"304\",\"responseTime\":\"118.579\"}","timestamp":"2025-02-07T12:44:24.126Z"}
{"level":"\u001b[32minfo\u001b[39m","message":"{\"method\":\"GET\",\"url\":\"/api/users/notification\",\"status\":\"304\",\"responseTime\":\"88.727\"}","timestamp":"2025-02-07T12:44:24.220Z"}
{"level":"\u001b[32minfo\u001b[39m","message":"{\"method\":\"GET\",\"url\":\"/api/posts/6753076fbf37655f4e18d393\",\"status\":\"304\",\"responseTime\":\"288.594\"}","timestamp":"2025-02-07T12:44:27.029Z"}
{"level":"\u001b[32minfo\u001b[39m","message":"{\"method\":\"GET\",\"url\":\"/api/posts\",\"status\":\"304\",\"responseTime\":\"92.956\"}","timestamp":"2025-02-07T12:44:30.938Z"}
{"level":"\u001b[32minfo\u001b[39m","message":"{\"method\":\"GET\",\"url\":\"/api/users/notification\",\"status\":\"304\",\"responseTime\":\"82.433\"}","timestamp":"2025-02-07T12:44:31.029Z"}
{"level":"\u001b[32minfo\u001b[39m","message":"{\"method\":\"GET\",\"url\":\"/api/posts\",\"status\":\"304\",\"responseTime\":\"96.785\"}","timestamp":"2025-02-07T12:44:31.051Z"}
{"level":"\u001b[32minfo\u001b[39m","message":"{\"method\":\"GET\",\"url\":\"/api/users/notification\",\"status\":\"304\",\"responseTime\":\"96.421\"}","timestamp":"2025-02-07T12:44:31.129Z"}
{"level":"\u001b[32minfo\u001b[39m","message":"{\"method\":\"GET\",\"url\":\"/api/posts/67741a2a0d94e7ed5ab1b40e\",\"status\":\"200\",\"responseTime\":\"270.207\"}","timestamp":"2025-02-07T12:44:33.550Z"}
{"level":"\u001b[32minfo\u001b[39m","message":"{\"method\":\"POST\",\"url\":\"/api/chats\",\"status\":\"201\",\"responseTime\":\"281.435\"}","timestamp":"2025-02-07T12:44:35.831Z"}
{"level":"\u001b[32minfo\u001b[39m","message":"{\"method\":\"GET\",\"url\":\"/api/users/notification\",\"status\":\"304\",\"responseTime\":\"67.818\"}","timestamp":"2025-02-07T12:44:35.959Z"}
{"level":"\u001b[32minfo\u001b[39m","message":"{\"method\":\"GET\",\"url\":\"/api/users/notification\",\"status\":\"304\",\"responseTime\":\"60.866\"}","timestamp":"2025-02-07T12:44:36.023Z"}
{"level":"\u001b[32minfo\u001b[39m","message":"{\"method\":\"GET\",\"url\":\"/api/chats\",\"status\":\"200\",\"responseTime\":\"201.630\"}","timestamp":"2025-02-07T12:44:36.079Z"}
{"level":"\u001b[32minfo\u001b[39m","message":"{\"method\":\"GET\",\"url\":\"/api/chats/67a600339cef38f9d4bb4960\",\"status\":\"200\",\"responseTime\":\"512.255\"}","timestamp":"2025-02-07T12:44:39.055Z"}
{"level":"\u001b[32minfo\u001b[39m","message":"{\"method\":\"GET\",\"url\":\"/api/posts\",\"status\":\"304\",\"responseTime\":\"94.049\"}","timestamp":"2025-02-07T12:44:43.910Z"}
{"level":"\u001b[32minfo\u001b[39m","message":"{\"method\":\"GET\",\"url\":\"/api/posts\",\"status\":\"304\",\"responseTime\":\"81.381\"}","timestamp":"2025-02-07T12:44:43.996Z"}
{"level":"\u001b[32minfo\u001b[39m","message":"{\"method\":\"GET\",\"url\":\"/api/users/notification\",\"status\":\"304\",\"responseTime\":\"64.467\"}","timestamp":"2025-02-07T12:44:44.009Z"}
{"level":"\u001b[32minfo\u001b[39m","message":"{\"method\":\"GET\",\"url\":\"/api/users/notification\",\"status\":\"304\",\"responseTime\":\"99.353\"}","timestamp":"2025-02-07T12:44:44.112Z"}
{"level":"\u001b[32minfo\u001b[39m","message":"{\"method\":\"GET\",\"url\":\"/api/posts/67741a2a0d94e7ed5ab1b40e\",\"status\":\"304\",\"responseTime\":\"285.998\"}","timestamp":"2025-02-07T12:44:46.189Z"}
{"level":"\u001b[32minfo\u001b[39m","message":"{\"method\":\"POST\",\"url\":\"/api/chats\",\"status\":\"200\",\"responseTime\":\"74.589\"}","timestamp":"2025-02-07T12:44:48.359Z"}
{"level":"\u001b[32minfo\u001b[39m","message":"{\"method\":\"GET\",\"url\":\"/api/users/notification\",\"status\":\"304\",\"responseTime\":\"75.641\"}","timestamp":"2025-02-07T12:44:48.487Z"}
{"level":"\u001b[32minfo\u001b[39m","message":"{\"method\":\"GET\",\"url\":\"/api/users/notification\",\"status\":\"304\",\"responseTime\":\"71.917\"}","timestamp":"2025-02-07T12:44:48.563Z"}
{"level":"\u001b[32minfo\u001b[39m","message":"{\"method\":\"GET\",\"url\":\"/api/chats\",\"status\":\"200\",\"responseTime\":\"222.667\"}","timestamp":"2025-02-07T12:44:48.619Z"}
{"level":"\u001b[32minfo\u001b[39m","message":"{\"method\":\"GET\",\"url\":\"/api/posts\",\"status\":\"304\",\"responseTime\":\"79.578\"}","timestamp":"2025-02-07T12:44:51.219Z"}
{"level":"\u001b[32minfo\u001b[39m","message":"{\"method\":\"GET\",\"url\":\"/api/posts\",\"status\":\"304\",\"responseTime\":\"81.669\"}","timestamp":"2025-02-07T12:44:51.307Z"}
{"level":"\u001b[32minfo\u001b[39m","message":"{\"method\":\"GET\",\"url\":\"/api/users/notification\",\"status\":\"304\",\"responseTime\":\"80.417\"}","timestamp":"2025-02-07T12:44:51.361Z"}
{"level":"\u001b[32minfo\u001b[39m","message":"{\"method\":\"GET\",\"url\":\"/api/users/notification\",\"status\":\"304\",\"responseTime\":\"67.994\"}","timestamp":"2025-02-07T12:44:51.438Z"}
{"level":"\u001b[32minfo\u001b[39m","message":"{\"method\":\"GET\",\"url\":\"/api/posts/6752e0ca8f50cda3550dcf30\",\"status\":\"304\",\"responseTime\":\"281.562\"}","timestamp":"2025-02-07T12:44:59.378Z"}
{"level":"\u001b[32minfo\u001b[39m","message":"{\"method\":\"POST\",\"url\":\"/api/chats\",\"status\":\"201\",\"responseTime\":\"320.474\"}","timestamp":"2025-02-07T12:45:01.921Z"}
{"level":"\u001b[32minfo\u001b[39m","message":"{\"method\":\"GET\",\"url\":\"/api/users/notification\",\"status\":\"304\",\"responseTime\":\"71.024\"}","timestamp":"2025-02-07T12:45:02.068Z"}
{"level":"\u001b[32minfo\u001b[39m","message":"{\"method\":\"GET\",\"url\":\"/api/users/notification\",\"status\":\"304\",\"responseTime\":\"61.889\"}","timestamp":"2025-02-07T12:45:02.133Z"}
{"level":"\u001b[32minfo\u001b[39m","message":"{\"method\":\"GET\",\"url\":\"/api/chats\",\"status\":\"200\",\"responseTime\":\"275.407\"}","timestamp":"2025-02-07T12:45:02.258Z"}
{"level":"\u001b[32minfo\u001b[39m","message":"{\"method\":\"GET\",\"url\":\"/api/chats/67530b8bbf37655f4e18d398\",\"status\":\"200\",\"responseTime\":\"540.804\"}","timestamp":"2025-02-07T12:45:07.496Z"}
{"level":"\u001b[32minfo\u001b[39m","message":"{\"method\":\"GET\",\"url\":\"/api/chats/67a6004d9cef38f9d4bb4961\",\"status\":\"200\",\"responseTime\":\"494.170\"}","timestamp":"2025-02-07T12:45:12.137Z"}
{"level":"\u001b[32minfo\u001b[39m","message":"{\"method\":\"GET\",\"url\":\"/api/posts\",\"status\":\"304\",\"responseTime\":\"95.854\"}","timestamp":"2025-02-07T12:45:17.861Z"}
{"level":"\u001b[32minfo\u001b[39m","message":"{\"method\":\"GET\",\"url\":\"/api/users/notification\",\"status\":\"304\",\"responseTime\":\"82.585\"}","timestamp":"2025-02-07T12:45:17.934Z"}
{"level":"\u001b[32minfo\u001b[39m","message":"{\"method\":\"GET\",\"url\":\"/api/posts\",\"status\":\"304\",\"responseTime\":\"75.337\"}","timestamp":"2025-02-07T12:45:17.942Z"}
{"level":"\u001b[32minfo\u001b[39m","message":"{\"method\":\"GET\",\"url\":\"/api/users/notification\",\"status\":\"304\",\"responseTime\":\"67.712\"}","timestamp":"2025-02-07T12:45:18.006Z"}
{"level":"\u001b[32minfo\u001b[39m","message":"{\"method\":\"GET\",\"url\":\"/api/posts/6752db7b8f50cda3550dcf2a\",\"status\":\"200\",\"responseTime\":\"267.722\"}","timestamp":"2025-02-07T12:45:20.125Z"}
{"level":"\u001b[32minfo\u001b[39m","message":"{\"method\":\"POST\",\"url\":\"/api/chats\",\"status\":\"200\",\"responseTime\":\"75.203\"}","timestamp":"2025-02-07T12:45:22.704Z"}
{"level":"\u001b[32minfo\u001b[39m","message":"{\"method\":\"GET\",\"url\":\"/api/users/notification\",\"status\":\"304\",\"responseTime\":\"68.166\"}","timestamp":"2025-02-07T12:45:22.834Z"}
{"level":"\u001b[32minfo\u001b[39m","message":"{\"method\":\"GET\",\"url\":\"/api/users/notification\",\"status\":\"304\",\"responseTime\":\"67.250\"}","timestamp":"2025-02-07T12:45:22.904Z"}
{"level":"\u001b[32minfo\u001b[39m","message":"{\"method\":\"GET\",\"url\":\"/api/chats\",\"status\":\"200\",\"responseTime\":\"275.911\"}","timestamp":"2025-02-07T12:45:23.034Z"}
{"level":"\u001b[32minfo\u001b[39m","message":"{\"method\":\"GET\",\"url\":\"/api/posts\",\"status\":\"304\",\"responseTime\":\"87.902\"}","timestamp":"2025-02-07T12:45:26.616Z"}
{"level":"\u001b[32minfo\u001b[39m","message":"{\"method\":\"GET\",\"url\":\"/api/users/notification\",\"status\":\"304\",\"responseTime\":\"68.843\"}","timestamp":"2025-02-07T12:45:26.675Z"}
{"level":"\u001b[32minfo\u001b[39m","message":"{\"method\":\"GET\",\"url\":\"/api/posts\",\"status\":\"304\",\"responseTime\":\"71.964\"}","timestamp":"2025-02-07T12:45:26.695Z"}
{"level":"\u001b[32minfo\u001b[39m","message":"{\"method\":\"GET\",\"url\":\"/api/users/notification\",\"status\":\"304\",\"responseTime\":\"85.605\"}","timestamp":"2025-02-07T12:45:26.766Z"}
{"level":"\u001b[32minfo\u001b[39m","message":"{\"method\":\"GET\",\"url\":\"/api/posts/67530640bf37655f4e18d391\",\"status\":\"200\",\"responseTime\":\"294.857\"}","timestamp":"2025-02-07T12:45:29.096Z"}
{"level":"\u001b[32minfo\u001b[39m","message":"{\"method\":\"GET\",\"url\":\"/api/posts\",\"status\":\"304\",\"responseTime\":\"115.063\"}","timestamp":"2025-02-07T12:45:33.167Z"}
{"level":"\u001b[32minfo\u001b[39m","message":"{\"method\":\"GET\",\"url\":\"/api/users/notification\",\"status\":\"304\",\"responseTime\":\"82.287\"}","timestamp":"2025-02-07T12:45:33.224Z"}
{"level":"\u001b[32minfo\u001b[39m","message":"{\"method\":\"GET\",\"url\":\"/api/posts\",\"status\":\"304\",\"responseTime\":\"74.798\"}","timestamp":"2025-02-07T12:45:33.247Z"}
{"level":"\u001b[32minfo\u001b[39m","message":"{\"method\":\"GET\",\"url\":\"/api/users/notification\",\"status\":\"304\",\"responseTime\":\"66.713\"}","timestamp":"2025-02-07T12:45:33.294Z"}
{"level":"\u001b[32minfo\u001b[39m","message":"{\"method\":\"GET\",\"url\":\"/api/posts/6752e0ca8f50cda3550dcf30\",\"status\":\"304\",\"responseTime\":\"276.354\"}","timestamp":"2025-02-07T12:45:36.234Z"}
{"level":"\u001b[32minfo\u001b[39m","message":"{\"method\":\"POST\",\"url\":\"/api/chats\",\"status\":\"200\",\"responseTime\":\"76.422\"}","timestamp":"2025-02-07T12:45:38.145Z"}
{"level":"\u001b[32minfo\u001b[39m","message":"{\"method\":\"GET\",\"url\":\"/api/users/notification\",\"status\":\"304\",\"responseTime\":\"63.944\"}","timestamp":"2025-02-07T12:45:38.255Z"}
{"level":"\u001b[32minfo\u001b[39m","message":"{\"method\":\"GET\",\"url\":\"/api/users/notification\",\"status\":\"304\",\"responseTime\":\"75.284\"}","timestamp":"2025-02-07T12:45:38.334Z"}
{"level":"\u001b[32minfo\u001b[39m","message":"{\"method\":\"GET\",\"url\":\"/api/chats\",\"status\":\"200\",\"responseTime\":\"280.103\"}","timestamp":"2025-02-07T12:45:38.459Z"}
{"level":"\u001b[32minfo\u001b[39m","message":"{\"method\":\"GET\",\"url\":\"/api/chats/67530b8bbf37655f4e18d398\",\"status\":\"200\",\"responseTime\":\"542.979\"}","timestamp":"2025-02-07T12:46:01.179Z"}
{"level":"\u001b[32minfo\u001b[39m","message":"{\"method\":\"GET\",\"url\":\"/api/chats\",\"status\":\"401\",\"responseTime\":\"5.771\"}","timestamp":"2025-02-07T12:56:24.476Z"}
{"level":"\u001b[32minfo\u001b[39m","message":"User-1 logged in successfully","timestamp":"2025-02-07T12:56:37.894Z"}
{"level":"\u001b[32minfo\u001b[39m","message":"{\"method\":\"POST\",\"url\":\"/api/auth/login\",\"status\":\"200\",\"responseTime\":\"282.654\"}","timestamp":"2025-02-07T12:56:37.896Z"}
{"level":"\u001b[32minfo\u001b[39m","message":"{\"method\":\"GET\",\"url\":\"/api/chats\",\"status\":\"200\",\"responseTime\":\"397.594\"}","timestamp":"2025-02-07T12:56:46.196Z"}
{"level":"\u001b[32minfo\u001b[39m","message":"{\"method\":\"GET\",\"url\":\"/api/users/notification\",\"status\":\"304\",\"responseTime\":\"2370.534\"}","timestamp":"2025-02-07T13:03:34.498Z"}
{"level":"\u001b[32minfo\u001b[39m","message":"{\"method\":\"GET\",\"url\":\"/api/chats\",\"status\":\"200\",\"responseTime\":\"2553.144\"}","timestamp":"2025-02-07T13:03:34.578Z"}
{"level":"\u001b[32minfo\u001b[39m","message":"{\"method\":\"GET\",\"url\":\"/api/users/notification\",\"status\":\"304\",\"responseTime\":\"107.819\"}","timestamp":"2025-02-07T13:03:34.617Z"}
{"level":"\u001b[32minfo\u001b[39m","message":"{\"method\":\"GET\",\"url\":\"/api/chats\",\"status\":\"304\",\"responseTime\":\"286.645\"}","timestamp":"2025-02-07T13:03:34.907Z"}
{"level":"\u001b[32minfo\u001b[39m","message":"{\"method\":\"GET\",\"url\":\"/api/chats/67530b8bbf37655f4e18d398\",\"status\":\"200\",\"responseTime\":\"570.755\"}","timestamp":"2025-02-07T13:03:41.040Z"}
{"level":"\u001b[32minfo\u001b[39m","message":"{\"method\":\"GET\",\"url\":\"/api/posts\",\"status\":\"304\",\"responseTime\":\"92.304\"}","timestamp":"2025-02-07T13:03:47.148Z"}
{"level":"\u001b[32minfo\u001b[39m","message":"{\"method\":\"GET\",\"url\":\"/api/users/notification\",\"status\":\"304\",\"responseTime\":\"74.024\"}","timestamp":"2025-02-07T13:03:47.169Z"}
{"level":"\u001b[32minfo\u001b[39m","message":"{\"method\":\"GET\",\"url\":\"/api/posts\",\"status\":\"304\",\"responseTime\":\"79.410\"}","timestamp":"2025-02-07T13:03:47.231Z"}
{"level":"\u001b[32minfo\u001b[39m","message":"{\"method\":\"GET\",\"url\":\"/api/users/notification\",\"status\":\"304\",\"responseTime\":\"64.912\"}","timestamp":"2025-02-07T13:03:47.239Z"}
{"level":"\u001b[32minfo\u001b[39m","message":"{\"method\":\"GET\",\"url\":\"/api/posts/67741a2a0d94e7ed5ab1b40e\",\"status\":\"304\",\"responseTime\":\"292.373\"}","timestamp":"2025-02-07T13:03:49.867Z"}
{"level":"\u001b[32minfo\u001b[39m","message":"{\"method\":\"POST\",\"url\":\"/api/chats\",\"status\":\"200\",\"responseTime\":\"81.748\"}","timestamp":"2025-02-07T13:03:52.388Z"}
{"level":"\u001b[32minfo\u001b[39m","message":"{\"method\":\"GET\",\"url\":\"/api/users/notification\",\"status\":\"304\",\"responseTime\":\"68.596\"}","timestamp":"2025-02-07T13:03:52.546Z"}
{"level":"\u001b[32minfo\u001b[39m","message":"{\"method\":\"GET\",\"url\":\"/api/users/notification\",\"status\":\"304\",\"responseTime\":\"62.952\"}","timestamp":"2025-02-07T13:03:52.615Z"}
{"level":"\u001b[32minfo\u001b[39m","message":"{\"method\":\"GET\",\"url\":\"/api/chats\",\"status\":\"200\",\"responseTime\":\"305.257\"}","timestamp":"2025-02-07T13:03:52.776Z"}
{"level":"\u001b[32minfo\u001b[39m","message":"{\"method\":\"GET\",\"url\":\"/api/users/notification\",\"status\":\"304\",\"responseTime\":\"70.231\"}","timestamp":"2025-02-07T13:05:59.683Z"}
{"level":"\u001b[32minfo\u001b[39m","message":"{\"method\":\"GET\",\"url\":\"/api/chats\",\"status\":\"200\",\"responseTime\":\"213.725\"}","timestamp":"2025-02-07T13:05:59.725Z"}
{"level":"\u001b[32minfo\u001b[39m","message":"{\"method\":\"GET\",\"url\":\"/api/users/notification\",\"status\":\"304\",\"responseTime\":\"72.437\"}","timestamp":"2025-02-07T13:05:59.758Z"}
{"level":"\u001b[32minfo\u001b[39m","message":"{\"method\":\"GET\",\"url\":\"/api/chats\",\"status\":\"304\",\"responseTime\":\"214.956\"}","timestamp":"2025-02-07T13:05:59.945Z"}
{"level":"\u001b[32minfo\u001b[39m","message":"{\"method\":\"GET\",\"url\":\"/api/chats\",\"status\":\"200\",\"responseTime\":\"72.757\"}","timestamp":"2025-02-07T13:06:29.125Z"}
{"level":"\u001b[32minfo\u001b[39m","message":"{\"method\":\"GET\",\"url\":\"/api/users/notification\",\"status\":\"304\",\"responseTime\":\"75.735\"}","timestamp":"2025-02-07T13:06:29.183Z"}
{"level":"\u001b[32minfo\u001b[39m","message":"{\"method\":\"GET\",\"url\":\"/api/chats\",\"status\":\"304\",\"responseTime\":\"63.861\"}","timestamp":"2025-02-07T13:06:29.201Z"}
{"level":"\u001b[32minfo\u001b[39m","message":"{\"method\":\"GET\",\"url\":\"/api/users/notification\",\"status\":\"304\",\"responseTime\":\"76.519\"}","timestamp":"2025-02-07T13:06:29.262Z"}
{"level":"\u001b[32minfo\u001b[39m","message":"{\"method\":\"GET\",\"url\":\"/api/posts\",\"status\":\"304\",\"responseTime\":\"92.916\"}","timestamp":"2025-02-07T13:06:32.850Z"}
{"level":"\u001b[32minfo\u001b[39m","message":"{\"method\":\"GET\",\"url\":\"/api/users/notification\",\"status\":\"304\",\"responseTime\":\"83.837\"}","timestamp":"2025-02-07T13:06:32.926Z"}
{"level":"\u001b[32minfo\u001b[39m","message":"{\"method\":\"GET\",\"url\":\"/api/posts\",\"status\":\"304\",\"responseTime\":\"82.068\"}","timestamp":"2025-02-07T13:06:32.936Z"}
{"level":"\u001b[32minfo\u001b[39m","message":"{\"method\":\"GET\",\"url\":\"/api/users/notification\",\"status\":\"304\",\"responseTime\":\"63.421\"}","timestamp":"2025-02-07T13:06:32.994Z"}
{"level":"\u001b[32minfo\u001b[39m","message":"{\"method\":\"GET\",\"url\":\"/api/posts/6752d6e78f50cda3550dcf26\",\"status\":\"304\",\"responseTime\":\"454.711\"}","timestamp":"2025-02-07T13:06:34.711Z"}
{"level":"\u001b[32minfo\u001b[39m","message":"{\"method\":\"POST\",\"url\":\"/api/chats\",\"status\":\"201\",\"responseTime\":\"300.405\"}","timestamp":"2025-02-07T13:06:37.348Z"}
{"level":"\u001b[32minfo\u001b[39m","message":"{\"method\":\"GET\",\"url\":\"/api/users/notification\",\"status\":\"304\",\"responseTime\":\"68.527\"}","timestamp":"2025-02-07T13:06:37.464Z"}
{"level":"\u001b[32minfo\u001b[39m","message":"{\"method\":\"GET\",\"url\":\"/api/chats\",\"status\":\"200\",\"responseTime\":\"140.379\"}","timestamp":"2025-02-07T13:06:37.524Z"}
{"level":"\u001b[32minfo\u001b[39m","message":"{\"method\":\"GET\",\"url\":\"/api/users/notification\",\"status\":\"304\",\"responseTime\":\"62.240\"}","timestamp":"2025-02-07T13:06:37.529Z"}
{"level":"\u001b[32minfo\u001b[39m","message":"{\"method\":\"GET\",\"url\":\"/api/chats/67a6055d9cef38f9d4bb4962\",\"status\":\"200\",\"responseTime\":\"521.190\"}","timestamp":"2025-02-07T13:06:40.044Z"}
{"level":"\u001b[32minfo\u001b[39m","message":"{\"method\":\"POST\",\"url\":\"/api/messages/67a6055d9cef38f9d4bb4962\",\"status\":\"200\",\"responseTime\":\"641.737\"}","timestamp":"2025-02-07T13:06:49.987Z"}
{"level":"\u001b[32minfo\u001b[39m","message":"{\"method\":\"GET\",\"url\":\"/api/posts\",\"status\":\"304\",\"responseTime\":\"76.368\"}","timestamp":"2025-02-07T13:06:56.330Z"}
{"level":"\u001b[32minfo\u001b[39m","message":"{\"method\":\"GET\",\"url\":\"/api/users/notification\",\"status\":\"304\",\"responseTime\":\"91.755\"}","timestamp":"2025-02-07T13:06:56.393Z"}
{"level":"\u001b[32minfo\u001b[39m","message":"{\"method\":\"GET\",\"url\":\"/api/posts\",\"status\":\"304\",\"responseTime\":\"72.004\"}","timestamp":"2025-02-07T13:06:56.408Z"}
{"level":"\u001b[32minfo\u001b[39m","message":"{\"method\":\"GET\",\"url\":\"/api/users/notification\",\"status\":\"304\",\"responseTime\":\"78.521\"}","timestamp":"2025-02-07T13:06:56.474Z"}
{"level":"\u001b[32minfo\u001b[39m","message":"{\"method\":\"GET\",\"url\":\"/api/posts/6752db7b8f50cda3550dcf2a\",\"status\":\"304\",\"responseTime\":\"281.991\"}","timestamp":"2025-02-07T13:06:58.385Z"}
{"level":"\u001b[32minfo\u001b[39m","message":"{\"method\":\"POST\",\"url\":\"/api/chats\",\"status\":\"200\",\"responseTime\":\"78.761\"}","timestamp":"2025-02-07T13:07:00.767Z"}
{"level":"\u001b[32minfo\u001b[39m","message":"{\"method\":\"GET\",\"url\":\"/api/users/notification\",\"status\":\"304\",\"responseTime\":\"78.227\"}","timestamp":"2025-02-07T13:07:00.956Z"}
{"level":"\u001b[32minfo\u001b[39m","message":"{\"method\":\"GET\",\"url\":\"/api/chats\",\"status\":\"200\",\"responseTime\":\"147.961\"}","timestamp":"2025-02-07T13:07:00.984Z"}
{"level":"\u001b[32minfo\u001b[39m","message":"{\"method\":\"GET\",\"url\":\"/api/users/notification\",\"status\":\"304\",\"responseTime\":\"83.337\"}","timestamp":"2025-02-07T13:07:01.044Z"}
{"level":"\u001b[32minfo\u001b[39m","message":"{\"method\":\"GET\",\"url\":\"/api/chats/67a6055d9cef38f9d4bb4962\",\"status\":\"200\",\"responseTime\":\"530.822\"}","timestamp":"2025-02-07T13:07:03.728Z"}
{"level":"\u001b[32minfo\u001b[39m","message":"{\"method\":\"GET\",\"url\":\"/api/posts\",\"status\":\"304\",\"responseTime\":\"84.589\"}","timestamp":"2025-02-07T13:07:08.966Z"}
{"level":"\u001b[32minfo\u001b[39m","message":"{\"method\":\"GET\",\"url\":\"/api/users/notification\",\"status\":\"304\",\"responseTime\":\"62.715\"}","timestamp":"2025-02-07T13:07:09.022Z"}
{"level":"\u001b[32minfo\u001b[39m","message":"{\"method\":\"GET\",\"url\":\"/api/posts\",\"status\":\"304\",\"responseTime\":\"63.288\"}","timestamp":"2025-02-07T13:07:09.038Z"}
{"level":"\u001b[32minfo\u001b[39m","message":"{\"method\":\"GET\",\"url\":\"/api/users/notification\",\"status\":\"304\",\"responseTime\":\"68.469\"}","timestamp":"2025-02-07T13:07:09.093Z"}
{"level":"\u001b[32minfo\u001b[39m","message":"{\"method\":\"GET\",\"url\":\"/api/posts/67741a2a0d94e7ed5ab1b40e\",\"status\":\"304\",\"responseTime\":\"635.640\"}","timestamp":"2025-02-07T13:07:11.803Z"}
{"level":"\u001b[32minfo\u001b[39m","message":"{\"method\":\"POST\",\"url\":\"/api/chats\",\"status\":\"201\",\"responseTime\":\"300.782\"}","timestamp":"2025-02-07T13:07:14.828Z"}
{"level":"\u001b[32minfo\u001b[39m","message":"{\"method\":\"GET\",\"url\":\"/api/users/notification\",\"status\":\"304\",\"responseTime\":\"63.460\"}","timestamp":"2025-02-07T13:07:14.944Z"}
{"level":"\u001b[32minfo\u001b[39m","message":"{\"method\":\"GET\",\"url\":\"/api/users/notification\",\"status\":\"304\",\"responseTime\":\"80.988\"}","timestamp":"2025-02-07T13:07:15.029Z"}
{"level":"\u001b[32minfo\u001b[39m","message":"{\"method\":\"GET\",\"url\":\"/api/chats\",\"status\":\"200\",\"responseTime\":\"217.026\"}","timestamp":"2025-02-07T13:07:15.084Z"}
{"level":"\u001b[32minfo\u001b[39m","message":"{\"method\":\"GET\",\"url\":\"/api/chats/67a605829cef38f9d4bb4964\",\"status\":\"200\",\"responseTime\":\"544.402\"}","timestamp":"2025-02-07T13:07:16.876Z"}
{"level":"\u001b[32minfo\u001b[39m","message":"{\"method\":\"POST\",\"url\":\"/api/messages/67a605829cef38f9d4bb4964\",\"status\":\"200\",\"responseTime\":\"597.637\"}","timestamp":"2025-02-07T13:07:25.727Z"}
{"level":"\u001b[32minfo\u001b[39m","message":"{\"method\":\"GET\",\"url\":\"/api/users/notification\",\"status\":\"304\",\"responseTime\":\"121.488\"}","timestamp":"2025-02-07T13:07:30.177Z"}
{"level":"\u001b[32minfo\u001b[39m","message":"{\"method\":\"GET\",\"url\":\"/api/posts\",\"status\":\"304\",\"responseTime\":\"146.259\"}","timestamp":"2025-02-07T13:07:30.180Z"}
{"level":"\u001b[32minfo\u001b[39m","message":"{\"method\":\"GET\",\"url\":\"/api/users/notification\",\"status\":\"304\",\"responseTime\":\"75.249\"}","timestamp":"2025-02-07T13:07:30.257Z"}
{"level":"\u001b[32minfo\u001b[39m","message":"{\"method\":\"GET\",\"url\":\"/api/posts\",\"status\":\"304\",\"responseTime\":\"76.654\"}","timestamp":"2025-02-07T13:07:30.261Z"}
{"level":"\u001b[32minfo\u001b[39m","message":"{\"method\":\"GET\",\"url\":\"/api/posts/67741a2a0d94e7ed5ab1b40e\",\"status\":\"304\",\"responseTime\":\"277.941\"}","timestamp":"2025-02-07T13:07:33.206Z"}
{"level":"\u001b[32minfo\u001b[39m","message":"{\"method\":\"POST\",\"url\":\"/api/chats\",\"status\":\"200\",\"responseTime\":\"117.471\"}","timestamp":"2025-02-07T13:07:34.953Z"}
{"level":"\u001b[32minfo\u001b[39m","message":"{\"method\":\"GET\",\"url\":\"/api/users/notification\",\"status\":\"304\",\"responseTime\":\"75.539\"}","timestamp":"2025-02-07T13:07:35.099Z"}
{"level":"\u001b[32minfo\u001b[39m","message":"{\"method\":\"GET\",\"url\":\"/api/users/notification\",\"status\":\"304\",\"responseTime\":\"68.532\"}","timestamp":"2025-02-07T13:07:35.173Z"}
{"level":"\u001b[32minfo\u001b[39m","message":"{\"method\":\"GET\",\"url\":\"/api/chats\",\"status\":\"200\",\"responseTime\":\"216.909\"}","timestamp":"2025-02-07T13:07:35.235Z"}
{"level":"\u001b[32minfo\u001b[39m","message":"{\"method\":\"GET\",\"url\":\"/api/users/profilePosts\",\"status\":\"200\",\"responseTime\":\"240.493\"}","timestamp":"2025-02-07T13:07:42.053Z"}
{"level":"\u001b[32minfo\u001b[39m","message":"undefined logged out successfully","timestamp":"2025-02-07T13:07:43.638Z"}
{"level":"\u001b[32minfo\u001b[39m","message":"{\"method\":\"POST\",\"url\":\"/api/auth/logout\",\"status\":\"200\",\"responseTime\":\"37.717\"}","timestamp":"2025-02-07T13:07:43.640Z"}
{"level":"\u001b[32minfo\u001b[39m","message":"{\"method\":\"GET\",\"url\":\"/api/posts\",\"status\":\"304\",\"responseTime\":\"99.722\"}","timestamp":"2025-02-07T13:07:43.779Z"}
{"level":"\u001b[32minfo\u001b[39m","message":"User-1 logged in successfully","timestamp":"2025-02-07T13:07:51.019Z"}
{"level":"\u001b[32minfo\u001b[39m","message":"{\"method\":\"POST\",\"url\":\"/api/auth/login\",\"status\":\"200\",\"responseTime\":\"271.235\"}","timestamp":"2025-02-07T13:07:51.020Z"}
{"level":"\u001b[32minfo\u001b[39m","message":"{\"method\":\"GET\",\"url\":\"/api/users/notification\",\"status\":\"200\",\"responseTime\":\"69.529\"}","timestamp":"2025-02-07T13:07:51.164Z"}
{"level":"\u001b[32minfo\u001b[39m","message":"{\"method\":\"GET\",\"url\":\"/api/posts\",\"status\":\"304\",\"responseTime\":\"80.157\"}","timestamp":"2025-02-07T13:07:51.171Z"}
{"level":"\u001b[32minfo\u001b[39m","message":"{\"method\":\"GET\",\"url\":\"/api/users/notification\",\"status\":\"304\",\"responseTime\":\"79.617\"}","timestamp":"2025-02-07T13:07:53.534Z"}
{"level":"\u001b[32minfo\u001b[39m","message":"{\"method\":\"GET\",\"url\":\"/api/chats\",\"status\":\"200\",\"responseTime\":\"199.843\"}","timestamp":"2025-02-07T13:07:53.614Z"}
{"level":"\u001b[32minfo\u001b[39m","message":"{\"method\":\"GET\",\"url\":\"/api/users/notification\",\"status\":\"304\",\"responseTime\":\"79.609\"}","timestamp":"2025-02-07T13:07:53.618Z"}
{"level":"\u001b[32minfo\u001b[39m","message":"{\"method\":\"GET\",\"url\":\"/api/chats/67a6055d9cef38f9d4bb4962\",\"status\":\"200\",\"responseTime\":\"528.649\"}","timestamp":"2025-02-07T13:08:08.287Z"}
{"level":"\u001b[32minfo\u001b[39m","message":"{\"method\":\"GET\",\"url\":\"/api/posts\",\"status\":\"304\",\"responseTime\":\"81.608\"}","timestamp":"2025-02-07T13:08:15.918Z"}
{"level":"\u001b[32minfo\u001b[39m","message":"{\"method\":\"GET\",\"url\":\"/api/users/notification\",\"status\":\"200\",\"responseTime\":\"66.321\"}","timestamp":"2025-02-07T13:08:15.933Z"}
{"level":"\u001b[32minfo\u001b[39m","message":"{\"method\":\"GET\",\"url\":\"/api/posts\",\"status\":\"304\",\"responseTime\":\"68.372\"}","timestamp":"2025-02-07T13:08:15.990Z"}
{"level":"\u001b[32minfo\u001b[39m","message":"{\"method\":\"GET\",\"url\":\"/api/users/notification\",\"status\":\"304\",\"responseTime\":\"85.546\"}","timestamp":"2025-02-07T13:08:16.023Z"}
{"level":"\u001b[32minfo\u001b[39m","message":"{\"method\":\"GET\",\"url\":\"/api/posts/6753081ebf37655f4e18d395\",\"status\":\"304\",\"responseTime\":\"294.558\"}","timestamp":"2025-02-07T13:08:18.924Z"}
{"level":"\u001b[32minfo\u001b[39m","message":"{\"method\":\"POST\",\"url\":\"/api/chats\",\"status\":\"201\",\"responseTime\":\"289.161\"}","timestamp":"2025-02-07T13:08:21.485Z"}
{"level":"\u001b[32minfo\u001b[39m","message":"{\"method\":\"GET\",\"url\":\"/api/users/notification\",\"status\":\"304\",\"responseTime\":\"68.764\"}","timestamp":"2025-02-07T13:08:21.614Z"}
{"level":"\u001b[32minfo\u001b[39m","message":"{\"method\":\"GET\",\"url\":\"/api/users/notification\",\"status\":\"304\",\"responseTime\":\"75.707\"}","timestamp":"2025-02-07T13:08:21.693Z"}
{"level":"\u001b[32minfo\u001b[39m","message":"{\"method\":\"GET\",\"url\":\"/api/chats\",\"status\":\"200\",\"responseTime\":\"284.072\"}","timestamp":"2025-02-07T13:08:21.802Z"}
{"level":"\u001b[32minfo\u001b[39m","message":"{\"method\":\"GET\",\"url\":\"/api/chats\",\"status\":\"200\",\"responseTime\":\"294.454\"}","timestamp":"2025-02-07T13:08:58.022Z"}
{"level":"\u001b[32minfo\u001b[39m","message":"{\"method\":\"GET\",\"url\":\"/api/chats\",\"status\":\"304\",\"responseTime\":\"279.364\"}","timestamp":"2025-02-07T13:15:56.700Z"}
{"level":"\u001b[32minfo\u001b[39m","message":"{\"method\":\"GET\",\"url\":\"/api/users/notification\",\"status\":\"304\",\"responseTime\":\"87.524\"}","timestamp":"2025-02-07T13:15:56.704Z"}
{"level":"\u001b[32minfo\u001b[39m","message":"{\"method\":\"GET\",\"url\":\"/api/users/notification\",\"status\":\"304\",\"responseTime\":\"66.004\"}","timestamp":"2025-02-07T13:15:56.781Z"}
{"level":"\u001b[32minfo\u001b[39m","message":"{\"method\":\"GET\",\"url\":\"/api/chats\",\"status\":\"304\",\"responseTime\":\"280.645\"}","timestamp":"2025-02-07T13:15:56.991Z"}
{"level":"\u001b[32minfo\u001b[39m","message":"{\"method\":\"GET\",\"url\":\"/api/chats\",\"status\":\"200\",\"responseTime\":\"84.825\"}","timestamp":"2025-02-07T13:16:49.761Z"}
{"level":"\u001b[32minfo\u001b[39m","message":"{\"method\":\"GET\",\"url\":\"/api/chats\",\"status\":\"304\",\"responseTime\":\"88.098\"}","timestamp":"2025-02-07T13:16:49.856Z"}
{"level":"\u001b[32minfo\u001b[39m","message":"{\"method\":\"GET\",\"url\":\"/api/users/notification\",\"status\":\"304\",\"responseTime\":\"82.660\"}","timestamp":"2025-02-07T13:16:49.931Z"}
{"level":"\u001b[32minfo\u001b[39m","message":"{\"method\":\"GET\",\"url\":\"/api/chats\",\"status\":\"200\",\"responseTime\":\"69.334\"}","timestamp":"2025-02-07T13:16:49.942Z"}
{"level":"\u001b[32minfo\u001b[39m","message":"{\"method\":\"GET\",\"url\":\"/api/users/notification\",\"status\":\"304\",\"responseTime\":\"71.868\"}","timestamp":"2025-02-07T13:16:50.005Z"}
{"level":"\u001b[32minfo\u001b[39m","message":"{\"method\":\"GET\",\"url\":\"/api/posts\",\"status\":\"304\",\"responseTime\":\"76.096\"}","timestamp":"2025-02-07T13:16:51.871Z"}
{"level":"\u001b[32minfo\u001b[39m","message":"{\"method\":\"GET\",\"url\":\"/api/posts\",\"status\":\"304\",\"responseTime\":\"96.387\"}","timestamp":"2025-02-07T13:16:51.977Z"}
{"level":"\u001b[32minfo\u001b[39m","message":"{\"method\":\"GET\",\"url\":\"/api/users/notification\",\"status\":\"304\",\"responseTime\":\"75.189\"}","timestamp":"2025-02-07T13:16:51.981Z"}
{"level":"\u001b[32minfo\u001b[39m","message":"{\"method\":\"GET\",\"url\":\"/api/users/notification\",\"status\":\"304\",\"responseTime\":\"76.387\"}","timestamp":"2025-02-07T13:16:52.062Z"}
{"level":"\u001b[32minfo\u001b[39m","message":"{\"method\":\"GET\",\"url\":\"/api/chats\",\"status\":\"200\",\"responseTime\":\"103.161\"}","timestamp":"2025-02-07T13:16:53.921Z"}
{"level":"\u001b[32minfo\u001b[39m","message":"{\"method\":\"GET\",\"url\":\"/api/users/notification\",\"status\":\"304\",\"responseTime\":\"77.388\"}","timestamp":"2025-02-07T13:16:53.940Z"}
{"level":"\u001b[32minfo\u001b[39m","message":"{\"method\":\"GET\",\"url\":\"/api/users/notification\",\"status\":\"304\",\"responseTime\":\"76.915\"}","timestamp":"2025-02-07T13:16:54.021Z"}
{"level":"\u001b[32minfo\u001b[39m","message":"{\"method\":\"GET\",\"url\":\"/api/posts\",\"status\":\"304\",\"responseTime\":\"87.254\"}","timestamp":"2025-02-07T13:16:57.874Z"}
{"level":"\u001b[32minfo\u001b[39m","message":"{\"method\":\"GET\",\"url\":\"/api/users/notification\",\"status\":\"304\",\"responseTime\":\"90.362\"}","timestamp":"2025-02-07T13:16:57.982Z"}
{"level":"\u001b[32minfo\u001b[39m","message":"{\"method\":\"GET\",\"url\":\"/api/posts\",\"status\":\"304\",\"responseTime\":\"84.938\"}","timestamp":"2025-02-07T13:16:57.985Z"}
{"level":"\u001b[32minfo\u001b[39m","message":"{\"method\":\"GET\",\"url\":\"/api/users/notification\",\"status\":\"304\",\"responseTime\":\"80.173\"}","timestamp":"2025-02-07T13:16:58.068Z"}
{"level":"\u001b[32minfo\u001b[39m","message":"{\"method\":\"GET\",\"url\":\"/api/posts/67741a2a0d94e7ed5ab1b40e\",\"status\":\"200\",\"responseTime\":\"303.113\"}","timestamp":"2025-02-07T13:17:00.999Z"}
{"level":"\u001b[32minfo\u001b[39m","message":"{\"method\":\"POST\",\"url\":\"/api/chats\",\"status\":\"201\",\"responseTime\":\"309.001\"}","timestamp":"2025-02-07T13:17:03.701Z"}
{"level":"\u001b[32minfo\u001b[39m","message":"{\"method\":\"GET\",\"url\":\"/api/users/notification\",\"status\":\"304\",\"responseTime\":\"73.876\"}","timestamp":"2025-02-07T13:17:03.849Z"}
{"level":"\u001b[32minfo\u001b[39m","message":"{\"method\":\"GET\",\"url\":\"/api/chats\",\"status\":\"200\",\"responseTime\":\"152.347\"}","timestamp":"2025-02-07T13:17:03.918Z"}
{"level":"\u001b[32minfo\u001b[39m","message":"{\"method\":\"GET\",\"url\":\"/api/users/notification\",\"status\":\"304\",\"responseTime\":\"68.648\"}","timestamp":"2025-02-07T13:17:03.922Z"}
{"level":"\u001b[32minfo\u001b[39m","message":"{\"method\":\"GET\",\"url\":\"/api/chats/67a607cf9cef38f9d4bb4967\",\"status\":\"200\",\"responseTime\":\"530.524\"}","timestamp":"2025-02-07T13:17:06.241Z"}
{"level":"\u001b[32minfo\u001b[39m","message":"{\"method\":\"POST\",\"url\":\"/api/messages/67a607cf9cef38f9d4bb4967\",\"status\":\"200\",\"responseTime\":\"584.534\"}","timestamp":"2025-02-07T13:17:12.711Z"}
{"level":"\u001b[32minfo\u001b[39m","message":"{\"method\":\"GET\",\"url\":\"/api/posts\",\"status\":\"304\",\"responseTime\":\"110.380\"}","timestamp":"2025-02-07T13:17:17.218Z"}
{"level":"\u001b[32minfo\u001b[39m","message":"{\"method\":\"GET\",\"url\":\"/api/posts\",\"status\":\"304\",\"responseTime\":\"82.271\"}","timestamp":"2025-02-07T13:17:17.309Z"}
{"level":"\u001b[32minfo\u001b[39m","message":"{\"method\":\"GET\",\"url\":\"/api/users/notification\",\"status\":\"304\",\"responseTime\":\"71.745\"}","timestamp":"2025-02-07T13:17:17.313Z"}
{"level":"\u001b[32minfo\u001b[39m","message":"{\"method\":\"GET\",\"url\":\"/api/users/notification\",\"status\":\"304\",\"responseTime\":\"81.149\"}","timestamp":"2025-02-07T13:17:17.398Z"}
{"level":"\u001b[32minfo\u001b[39m","message":"{\"method\":\"GET\",\"url\":\"/api/posts/6753081ebf37655f4e18d395\",\"status\":\"304\",\"responseTime\":\"276.933\"}","timestamp":"2025-02-07T13:17:26.848Z"}
{"level":"\u001b[32minfo\u001b[39m","message":"{\"method\":\"POST\",\"url\":\"/api/chats\",\"status\":\"201\",\"responseTime\":\"411.561\"}","timestamp":"2025-02-07T13:17:29.711Z"}
{"level":"\u001b[32minfo\u001b[39m","message":"{\"method\":\"GET\",\"url\":\"/api/users/notification\",\"status\":\"304\",\"responseTime\":\"101.982\"}","timestamp":"2025-02-07T13:17:29.872Z"}
{"level":"\u001b[32minfo\u001b[39m","message":"{\"method\":\"GET\",\"url\":\"/api/users/notification\",\"status\":\"304\",\"responseTime\":\"64.482\"}","timestamp":"2025-02-07T13:17:29.942Z"}
{"level":"\u001b[32minfo\u001b[39m","message":"{\"method\":\"GET\",\"url\":\"/api/chats\",\"status\":\"200\",\"responseTime\":\"261.887\"}","timestamp":"2025-02-07T13:17:30.011Z"}
{"level":"\u001b[32minfo\u001b[39m","message":"{\"method\":\"GET\",\"url\":\"/api/chats/67a607e99cef38f9d4bb4969\",\"status\":\"200\",\"responseTime\":\"532.283\"}","timestamp":"2025-02-07T13:17:32.001Z"}
{"level":"\u001b[32minfo\u001b[39m","message":"{\"method\":\"POST\",\"url\":\"/api/messages/67a607e99cef38f9d4bb4969\",\"status\":\"200\",\"responseTime\":\"592.237\"}","timestamp":"2025-02-07T13:17:40.011Z"}
{"level":"\u001b[32minfo\u001b[39m","message":"{\"method\":\"GET\",\"url\":\"/api/users/profilePosts\",\"status\":\"200\",\"responseTime\":\"221.952\"}","timestamp":"2025-02-07T13:17:43.111Z"}
{"level":"\u001b[32minfo\u001b[39m","message":"undefined logged out successfully","timestamp":"2025-02-07T13:17:44.466Z"}
{"level":"\u001b[32minfo\u001b[39m","message":"{\"method\":\"POST\",\"url\":\"/api/auth/logout\",\"status\":\"200\",\"responseTime\":\"0.586\"}","timestamp":"2025-02-07T13:17:44.468Z"}
{"level":"\u001b[32minfo\u001b[39m","message":"{\"method\":\"GET\",\"url\":\"/api/posts\",\"status\":\"304\",\"responseTime\":\"98.096\"}","timestamp":"2025-02-07T13:17:44.609Z"}
{"level":"\u001b[32minfo\u001b[39m","message":"User-2 logged in successfully","timestamp":"2025-02-07T13:17:53.314Z"}
{"level":"\u001b[32minfo\u001b[39m","message":"{\"method\":\"POST\",\"url\":\"/api/auth/login\",\"status\":\"200\",\"responseTime\":\"227.582\"}","timestamp":"2025-02-07T13:17:53.316Z"}
{"level":"\u001b[32minfo\u001b[39m","message":"{\"method\":\"GET\",\"url\":\"/api/posts\",\"status\":\"304\",\"responseTime\":\"85.564\"}","timestamp":"2025-02-07T13:17:53.433Z"}
{"level":"\u001b[32minfo\u001b[39m","message":"{\"method\":\"GET\",\"url\":\"/api/users/notification\",\"status\":\"200\",\"responseTime\":\"79.551\"}","timestamp":"2025-02-07T13:17:53.458Z"}
{"level":"\u001b[32minfo\u001b[39m","message":"{\"method\":\"GET\",\"url\":\"/api/users/notification\",\"status\":\"304\",\"responseTime\":\"93.077\"}","timestamp":"2025-02-07T13:17:55.680Z"}
{"level":"\u001b[32minfo\u001b[39m","message":"{\"method\":\"GET\",\"url\":\"/api/chats\",\"status\":\"200\",\"responseTime\":\"175.548\"}","timestamp":"2025-02-07T13:17:55.713Z"}
{"level":"\u001b[32minfo\u001b[39m","message":"{\"method\":\"GET\",\"url\":\"/api/users/notification\",\"status\":\"304\",\"responseTime\":\"65.285\"}","timestamp":"2025-02-07T13:17:55.748Z"}
{"level":"\u001b[32minfo\u001b[39m","message":"{\"method\":\"GET\",\"url\":\"/api/chats/67a607e99cef38f9d4bb4969\",\"status\":\"200\",\"responseTime\":\"534.016\"}","timestamp":"2025-02-07T13:17:57.833Z"}
{"level":"\u001b[32minfo\u001b[39m","message":"{\"method\":\"POST\",\"url\":\"/api/messages/67a607e99cef38f9d4bb4969\",\"status\":\"200\",\"responseTime\":\"618.086\"}","timestamp":"2025-02-07T13:18:04.820Z"}
{"level":"\u001b[32minfo\u001b[39m","message":"{\"method\":\"GET\",\"url\":\"/api/users/profilePosts\",\"status\":\"200\",\"responseTime\":\"219.665\"}","timestamp":"2025-02-07T13:18:07.531Z"}
{"level":"\u001b[32minfo\u001b[39m","message":"{\"method\":\"GET\",\"url\":\"/api/posts\",\"status\":\"304\",\"responseTime\":\"83.028\"}","timestamp":"2025-02-07T13:18:09.650Z"}
{"level":"\u001b[32minfo\u001b[39m","message":"{\"method\":\"GET\",\"url\":\"/api/posts\",\"status\":\"304\",\"responseTime\":\"85.149\"}","timestamp":"2025-02-07T13:18:09.755Z"}
{"level":"\u001b[32minfo\u001b[39m","message":"{\"method\":\"GET\",\"url\":\"/api/users/notification\",\"status\":\"200\",\"responseTime\":\"66.029\"}","timestamp":"2025-02-07T13:18:09.763Z"}
{"level":"\u001b[32minfo\u001b[39m","message":"{\"method\":\"GET\",\"url\":\"/api/users/notification\",\"status\":\"304\",\"responseTime\":\"79.721\"}","timestamp":"2025-02-07T13:18:09.847Z"}
{"level":"\u001b[32minfo\u001b[39m","message":"{\"method\":\"GET\",\"url\":\"/api/posts/6752d6e78f50cda3550dcf26\",\"status\":\"304\",\"responseTime\":\"316.675\"}","timestamp":"2025-02-07T13:18:14.358Z"}
{"level":"\u001b[32minfo\u001b[39m","message":"{\"method\":\"POST\",\"url\":\"/api/chats\",\"status\":\"201\",\"responseTime\":\"320.486\"}","timestamp":"2025-02-07T13:18:16.737Z"}
{"level":"\u001b[32minfo\u001b[39m","message":"{\"method\":\"GET\",\"url\":\"/api/users/notification\",\"status\":\"304\",\"responseTime\":\"73.164\"}","timestamp":"2025-02-07T13:18:16.878Z"}
{"level":"\u001b[32minfo\u001b[39m","message":"{\"method\":\"GET\",\"url\":\"/api/users/notification\",\"status\":\"304\",\"responseTime\":\"76.495\"}","timestamp":"2025-02-07T13:18:16.960Z"}
{"level":"\u001b[32minfo\u001b[39m","message":"{\"method\":\"GET\",\"url\":\"/api/chats\",\"status\":\"200\",\"responseTime\":\"236.239\"}","timestamp":"2025-02-07T13:18:17.027Z"}
{"level":"\u001b[32minfo\u001b[39m","message":"{\"method\":\"GET\",\"url\":\"/api/chats/67a608189cef38f9d4bb496c\",\"status\":\"200\",\"responseTime\":\"557.495\"}","timestamp":"2025-02-07T13:18:23.827Z"}
{"level":"\u001b[32minfo\u001b[39m","message":"{\"method\":\"POST\",\"url\":\"/api/messages/67a608189cef38f9d4bb496c\",\"status\":\"200\",\"responseTime\":\"581.513\"}","timestamp":"2025-02-07T13:18:31.220Z"}
{"level":"\u001b[32minfo\u001b[39m","message":"{\"method\":\"GET\",\"url\":\"/api/chats/67a607e99cef38f9d4bb4969\",\"status\":\"200\",\"responseTime\":\"549.200\"}","timestamp":"2025-02-07T13:18:35.051Z"}
{"level":"\u001b[32minfo\u001b[39m","message":"{\"method\":\"GET\",\"url\":\"/api/posts\",\"status\":\"304\",\"responseTime\":\"90.803\"}","timestamp":"2025-02-07T13:18:39.232Z"}
{"level":"\u001b[32minfo\u001b[39m","message":"{\"method\":\"GET\",\"url\":\"/api/users/notification\",\"status\":\"304\",\"responseTime\":\"68.012\"}","timestamp":"2025-02-07T13:18:39.287Z"}
{"level":"\u001b[32minfo\u001b[39m","message":"{\"method\":\"GET\",\"url\":\"/api/posts\",\"status\":\"304\",\"responseTime\":\"64.818\"}","timestamp":"2025-02-07T13:18:39.302Z"}
{"level":"\u001b[32minfo\u001b[39m","message":"{\"method\":\"GET\",\"url\":\"/api/users/notification\",\"status\":\"304\",\"responseTime\":\"75.532\"}","timestamp":"2025-02-07T13:18:39.367Z"}
{"level":"\u001b[32minfo\u001b[39m","message":"{\"method\":\"GET\",\"url\":\"/api/users/notification\",\"status\":\"304\",\"responseTime\":\"67.625\"}","timestamp":"2025-02-07T13:18:40.737Z"}
{"level":"\u001b[32minfo\u001b[39m","message":"{\"method\":\"GET\",\"url\":\"/api/users/notification\",\"status\":\"304\",\"responseTime\":\"74.483\"}","timestamp":"2025-02-07T13:18:40.816Z"}
{"level":"\u001b[32minfo\u001b[39m","message":"{\"method\":\"GET\",\"url\":\"/api/chats\",\"status\":\"200\",\"responseTime\":\"264.480\"}","timestamp":"2025-02-07T13:18:40.867Z"}
{"level":"\u001b[32minfo\u001b[39m","message":"{\"method\":\"GET\",\"url\":\"/api/users/profilePosts\",\"status\":\"304\",\"responseTime\":\"222.875\"}","timestamp":"2025-02-07T13:18:42.510Z"}
{"level":"\u001b[32minfo\u001b[39m","message":"undefined logged out successfully","timestamp":"2025-02-07T13:18:43.994Z"}
{"level":"\u001b[32minfo\u001b[39m","message":"{\"method\":\"POST\",\"url\":\"/api/auth/logout\",\"status\":\"200\",\"responseTime\":\"0.631\"}","timestamp":"2025-02-07T13:18:43.996Z"}
{"level":"\u001b[32minfo\u001b[39m","message":"{\"method\":\"GET\",\"url\":\"/api/posts\",\"status\":\"304\",\"responseTime\":\"75.473\"}","timestamp":"2025-02-07T13:18:44.115Z"}
{"level":"\u001b[32minfo\u001b[39m","message":"User-1 logged in successfully","timestamp":"2025-02-07T13:18:52.223Z"}
{"level":"\u001b[32minfo\u001b[39m","message":"{\"method\":\"POST\",\"url\":\"/api/auth/login\",\"status\":\"200\",\"responseTime\":\"209.052\"}","timestamp":"2025-02-07T13:18:52.224Z"}
{"level":"\u001b[32minfo\u001b[39m","message":"{\"method\":\"GET\",\"url\":\"/api/posts\",\"status\":\"304\",\"responseTime\":\"85.051\"}","timestamp":"2025-02-07T13:18:52.356Z"}
{"level":"\u001b[32minfo\u001b[39m","message":"{\"method\":\"GET\",\"url\":\"/api/users/notification\",\"status\":\"200\",\"responseTime\":\"77.412\"}","timestamp":"2025-02-07T13:18:52.362Z"}
{"level":"\u001b[32minfo\u001b[39m","message":"{\"method\":\"GET\",\"url\":\"/api/users/notification\",\"status\":\"304\",\"responseTime\":\"65.911\"}","timestamp":"2025-02-07T13:18:54.260Z"}
{"level":"\u001b[32minfo\u001b[39m","message":"{\"method\":\"GET\",\"url\":\"/api/users/notification\",\"status\":\"304\",\"responseTime\":\"75.469\"}","timestamp":"2025-02-07T13:18:54.338Z"}
{"level":"\u001b[32minfo\u001b[39m","message":"{\"method\":\"GET\",\"url\":\"/api/chats\",\"status\":\"200\",\"responseTime\":\"298.826\"}","timestamp":"2025-02-07T13:18:54.439Z"}
{"level":"\u001b[32minfo\u001b[39m","message":"{\"method\":\"GET\",\"url\":\"/api/users/notification\",\"status\":\"304\",\"responseTime\":\"79.251\"}","timestamp":"2025-02-07T13:27:59.906Z"}
{"level":"\u001b[32minfo\u001b[39m","message":"{\"method\":\"GET\",\"url\":\"/api/users/notification\",\"status\":\"304\",\"responseTime\":\"82.249\"}","timestamp":"2025-02-07T13:27:59.992Z"}
{"level":"\u001b[32minfo\u001b[39m","message":"{\"method\":\"GET\",\"url\":\"/api/chats\",\"status\":\"304\",\"responseTime\":\"281.596\"}","timestamp":"2025-02-07T13:27:59.995Z"}
{"level":"\u001b[32minfo\u001b[39m","message":"{\"method\":\"GET\",\"url\":\"/api/chats\",\"status\":\"304\",\"responseTime\":\"280.939\"}","timestamp":"2025-02-07T13:28:00.278Z"}
{"level":"\u001b[32minfo\u001b[39m","message":"{\"method\":\"GET\",\"url\":\"/api/chats\",\"status\":\"200\",\"responseTime\":\"132.772\"}","timestamp":"2025-02-07T13:28:36.231Z"}
{"level":"\u001b[32minfo\u001b[39m","message":"{\"method\":\"GET\",\"url\":\"/api/users/notification\",\"status\":\"200\",\"responseTime\":\"72.126\"}","timestamp":"2025-02-07T13:28:36.242Z"}
{"level":"\u001b[32minfo\u001b[39m","message":"{\"method\":\"GET\",\"url\":\"/api/users/notification\",\"status\":\"304\",\"responseTime\":\"74.471\"}","timestamp":"2025-02-07T13:28:36.324Z"}
{"level":"\u001b[32minfo\u001b[39m","message":"{\"method\":\"GET\",\"url\":\"/api/chats\",\"status\":\"304\",\"responseTime\":\"151.794\"}","timestamp":"2025-02-07T13:28:36.388Z"}
{"level":"\u001b[32minfo\u001b[39m","message":"{\"method\":\"GET\",\"url\":\"/api/posts\",\"status\":\"304\",\"responseTime\":\"98.155\"}","timestamp":"2025-02-07T13:28:41.011Z"}
{"level":"\u001b[32minfo\u001b[39m","message":"{\"method\":\"GET\",\"url\":\"/api/users/notification\",\"status\":\"304\",\"responseTime\":\"78.397\"}","timestamp":"2025-02-07T13:28:41.019Z"}
{"level":"\u001b[32minfo\u001b[39m","message":"{\"method\":\"GET\",\"url\":\"/api/posts\",\"status\":\"304\",\"responseTime\":\"72.205\"}","timestamp":"2025-02-07T13:28:41.088Z"}
{"level":"\u001b[32minfo\u001b[39m","message":"{\"method\":\"GET\",\"url\":\"/api/users/notification\",\"status\":\"304\",\"responseTime\":\"69.326\"}","timestamp":"2025-02-07T13:28:41.093Z"}
{"level":"\u001b[32minfo\u001b[39m","message":"{\"method\":\"GET\",\"url\":\"/api/users/notification\",\"status\":\"304\",\"responseTime\":\"71.804\"}","timestamp":"2025-02-07T13:28:43.368Z"}
{"level":"\u001b[32minfo\u001b[39m","message":"{\"method\":\"GET\",\"url\":\"/api/chats\",\"status\":\"304\",\"responseTime\":\"127.315\"}","timestamp":"2025-02-07T13:28:43.397Z"}
{"level":"\u001b[32minfo\u001b[39m","message":"{\"method\":\"GET\",\"url\":\"/api/users/notification\",\"status\":\"304\",\"responseTime\":\"77.483\"}","timestamp":"2025-02-07T13:28:43.448Z"}
{"level":"\u001b[32minfo\u001b[39m","message":"{\"method\":\"GET\",\"url\":\"/api/chats/67a608189cef38f9d4bb496c\",\"status\":\"200\",\"responseTime\":\"517.471\"}","timestamp":"2025-02-07T13:28:45.231Z"}
{"level":"\u001b[32minfo\u001b[39m","message":"{\"method\":\"GET\",\"url\":\"/api/posts\",\"status\":\"304\",\"responseTime\":\"81.042\"}","timestamp":"2025-02-07T13:28:47.257Z"}
{"level":"\u001b[32minfo\u001b[39m","message":"{\"method\":\"GET\",\"url\":\"/api/users/notification\",\"status\":\"200\",\"responseTime\":\"75.704\"}","timestamp":"2025-02-07T13:28:47.307Z"}
{"level":"\u001b[32minfo\u001b[39m","message":"{\"method\":\"GET\",\"url\":\"/api/posts\",\"status\":\"304\",\"responseTime\":\"66.536\"}","timestamp":"2025-02-07T13:28:47.330Z"}
{"level":"\u001b[32minfo\u001b[39m","message":"{\"method\":\"GET\",\"url\":\"/api/users/notification\",\"status\":\"304\",\"responseTime\":\"66.389\"}","timestamp":"2025-02-07T13:28:47.378Z"}
{"level":"\u001b[32minfo\u001b[39m","message":"{\"method\":\"GET\",\"url\":\"/api/users/notification\",\"status\":\"304\",\"responseTime\":\"75.500\"}","timestamp":"2025-02-07T13:28:48.720Z"}
{"level":"\u001b[32minfo\u001b[39m","message":"{\"method\":\"GET\",\"url\":\"/api/chats\",\"status\":\"200\",\"responseTime\":\"137.536\"}","timestamp":"2025-02-07T13:28:48.758Z"}
{"level":"\u001b[32minfo\u001b[39m","message":"{\"method\":\"GET\",\"url\":\"/api/users/notification\",\"status\":\"304\",\"responseTime\":\"87.061\"}","timestamp":"2025-02-07T13:28:48.810Z"}
{"level":"\u001b[32minfo\u001b[39m","message":"{\"method\":\"GET\",\"url\":\"/api/posts\",\"status\":\"304\",\"responseTime\":\"76.201\"}","timestamp":"2025-02-07T13:28:51.321Z"}
{"level":"\u001b[32minfo\u001b[39m","message":"{\"method\":\"GET\",\"url\":\"/api/users/notification\",\"status\":\"304\",\"responseTime\":\"76.743\"}","timestamp":"2025-02-07T13:28:51.371Z"}
{"level":"\u001b[32minfo\u001b[39m","message":"{\"method\":\"GET\",\"url\":\"/api/posts\",\"status\":\"304\",\"responseTime\":\"67.259\"}","timestamp":"2025-02-07T13:28:51.396Z"}
{"level":"\u001b[32minfo\u001b[39m","message":"{\"method\":\"GET\",\"url\":\"/api/users/notification\",\"status\":\"304\",\"responseTime\":\"73.704\"}","timestamp":"2025-02-07T13:28:51.447Z"}
{"level":"\u001b[32minfo\u001b[39m","message":"{\"method\":\"GET\",\"url\":\"/api/posts/6753081ebf37655f4e18d395\",\"status\":\"304\",\"responseTime\":\"269.807\"}","timestamp":"2025-02-07T13:28:54.289Z"}
{"level":"\u001b[32minfo\u001b[39m","message":"{\"method\":\"POST\",\"url\":\"/api/chats\",\"status\":\"201\",\"responseTime\":\"277.833\"}","timestamp":"2025-02-07T13:28:56.781Z"}
{"level":"\u001b[32minfo\u001b[39m","message":"{\"method\":\"GET\",\"url\":\"/api/users/notification\",\"status\":\"304\",\"responseTime\":\"76.064\"}","timestamp":"2025-02-07T13:28:56.890Z"}
{"level":"\u001b[32minfo\u001b[39m","message":"{\"method\":\"GET\",\"url\":\"/api/users/notification\",\"status\":\"304\",\"responseTime\":\"67.748\"}","timestamp":"2025-02-07T13:28:56.959Z"}
{"level":"\u001b[32minfo\u001b[39m","message":"{\"method\":\"GET\",\"url\":\"/api/chats\",\"status\":\"200\",\"responseTime\":\"221.578\"}","timestamp":"2025-02-07T13:28:57.028Z"}
{"level":"\u001b[32minfo\u001b[39m","message":"{\"method\":\"GET\",\"url\":\"/api/chats/67a60a989cef38f9d4bb496e\",\"status\":\"200\",\"responseTime\":\"537.349\"}","timestamp":"2025-02-07T13:29:02.563Z"}
{"level":"\u001b[32minfo\u001b[39m","message":"{\"method\":\"GET\",\"url\":\"/api/users/notification\",\"status\":\"304\",\"responseTime\":\"64.953\"}","timestamp":"2025-02-07T13:31:50.232Z"}
{"level":"\u001b[32minfo\u001b[39m","message":"{\"method\":\"GET\",\"url\":\"/api/users/notification\",\"status\":\"304\",\"responseTime\":\"63.227\"}","timestamp":"2025-02-07T13:31:50.298Z"}
{"level":"\u001b[32minfo\u001b[39m","message":"{\"method\":\"GET\",\"url\":\"/api/chats\",\"status\":\"200\",\"responseTime\":\"206.829\"}","timestamp":"2025-02-07T13:31:50.301Z"}
{"level":"\u001b[32minfo\u001b[39m","message":"{\"method\":\"GET\",\"url\":\"/api/chats\",\"status\":\"304\",\"responseTime\":\"225.754\"}","timestamp":"2025-02-07T13:31:50.528Z"}
{"level":"\u001b[32minfo\u001b[39m","message":"{\"method\":\"GET\",\"url\":\"/api/chats\",\"status\":\"200\",\"responseTime\":\"69.317\"}","timestamp":"2025-02-07T13:32:18.579Z"}
{"level":"\u001b[32minfo\u001b[39m","message":"{\"method\":\"GET\",\"url\":\"/api/chats\",\"status\":\"304\",\"responseTime\":\"74.317\"}","timestamp":"2025-02-07T13:32:18.657Z"}
{"level":"\u001b[32minfo\u001b[39m","message":"{\"method\":\"GET\",\"url\":\"/api/users/notification\",\"status\":\"304\",\"responseTime\":\"70.385\"}","timestamp":"2025-02-07T13:32:18.659Z"}
{"level":"\u001b[32minfo\u001b[39m","message":"{\"method\":\"GET\",\"url\":\"/api/users/notification\",\"status\":\"304\",\"responseTime\":\"58.463\"}","timestamp":"2025-02-07T13:32:18.720Z"}
{"level":"\u001b[32minfo\u001b[39m","message":"{\"method\":\"GET\",\"url\":\"/api/posts\",\"status\":\"304\",\"responseTime\":\"115.087\"}","timestamp":"2025-02-07T13:32:20.323Z"}
{"level":"\u001b[32minfo\u001b[39m","message":"{\"method\":\"GET\",\"url\":\"/api/users/notification\",\"status\":\"304\",\"responseTime\":\"76.470\"}","timestamp":"2025-02-07T13:32:20.337Z"}
{"level":"\u001b[32minfo\u001b[39m","message":"{\"method\":\"GET\",\"url\":\"/api/posts\",\"status\":\"304\",\"responseTime\":\"65.727\"}","timestamp":"2025-02-07T13:32:20.392Z"}
{"level":"\u001b[32minfo\u001b[39m","message":"{\"method\":\"GET\",\"url\":\"/api/users/notification\",\"status\":\"304\",\"responseTime\":\"58.182\"}","timestamp":"2025-02-07T13:32:20.398Z"}
{"level":"\u001b[32minfo\u001b[39m","message":"{\"method\":\"GET\",\"url\":\"/api/posts/67530640bf37655f4e18d391\",\"status\":\"200\",\"responseTime\":\"267.376\"}","timestamp":"2025-02-07T13:32:23.808Z"}
{"level":"\u001b[32minfo\u001b[39m","message":"{\"method\":\"POST\",\"url\":\"/api/chats\",\"status\":\"201\",\"responseTime\":\"275.442\"}","timestamp":"2025-02-07T13:32:26.040Z"}
{"level":"\u001b[32minfo\u001b[39m","message":"{\"method\":\"GET\",\"url\":\"/api/users/notification\",\"status\":\"304\",\"responseTime\":\"64.349\"}","timestamp":"2025-02-07T13:32:26.138Z"}
{"level":"\u001b[32minfo\u001b[39m","message":"{\"method\":\"GET\",\"url\":\"/api/users/notification\",\"status\":\"304\",\"responseTime\":\"62.195\"}","timestamp":"2025-02-07T13:32:26.203Z"}
{"level":"\u001b[32minfo\u001b[39m","message":"{\"method\":\"GET\",\"url\":\"/api/chats\",\"status\":\"200\",\"responseTime\":\"142.138\"}","timestamp":"2025-02-07T13:32:26.205Z"}
{"level":"\u001b[32minfo\u001b[39m","message":"{\"method\":\"GET\",\"url\":\"/api/posts\",\"status\":\"304\",\"responseTime\":\"86.125\"}","timestamp":"2025-02-07T13:32:29.104Z"}
{"level":"\u001b[32minfo\u001b[39m","message":"{\"method\":\"GET\",\"url\":\"/api/users/notification\",\"status\":\"304\",\"responseTime\":\"69.221\"}","timestamp":"2025-02-07T13:32:29.119Z"}
{"level":"\u001b[32minfo\u001b[39m","message":"{\"method\":\"GET\",\"url\":\"/api/posts\",\"status\":\"304\",\"responseTime\":\"73.667\"}","timestamp":"2025-02-07T13:32:29.182Z"}
{"level":"\u001b[32minfo\u001b[39m","message":"{\"method\":\"GET\",\"url\":\"/api/users/notification\",\"status\":\"304\",\"responseTime\":\"98.486\"}","timestamp":"2025-02-07T13:32:29.222Z"}
{"level":"\u001b[32minfo\u001b[39m","message":"{\"method\":\"GET\",\"url\":\"/api/users/notification\",\"status\":\"304\",\"responseTime\":\"70.568\"}","timestamp":"2025-02-07T13:32:31.249Z"}
{"level":"\u001b[32minfo\u001b[39m","message":"{\"method\":\"GET\",\"url\":\"/api/chats\",\"status\":\"304\",\"responseTime\":\"125.272\"}","timestamp":"2025-02-07T13:32:31.278Z"}
{"level":"\u001b[32minfo\u001b[39m","message":"{\"method\":\"GET\",\"url\":\"/api/users/notification\",\"status\":\"304\",\"responseTime\":\"75.498\"}","timestamp":"2025-02-07T13:32:31.327Z"}
{"level":"\u001b[32minfo\u001b[39m","message":"{\"method\":\"GET\",\"url\":\"/api/posts\",\"status\":\"304\",\"responseTime\":\"82.419\"}","timestamp":"2025-02-07T13:32:33.359Z"}
{"level":"\u001b[32minfo\u001b[39m","message":"{\"method\":\"GET\",\"url\":\"/api/users/notification\",\"status\":\"304\",\"responseTime\":\"67.735\"}","timestamp":"2025-02-07T13:32:33.363Z"}
{"level":"\u001b[32minfo\u001b[39m","message":"{\"method\":\"GET\",\"url\":\"/api/users/notification\",\"status\":\"304\",\"responseTime\":\"65.133\"}","timestamp":"2025-02-07T13:32:33.437Z"}
{"level":"\u001b[32minfo\u001b[39m","message":"{\"method\":\"GET\",\"url\":\"/api/posts\",\"status\":\"304\",\"responseTime\":\"75.686\"}","timestamp":"2025-02-07T13:32:33.443Z"}
{"level":"\u001b[32minfo\u001b[39m","message":"{\"method\":\"GET\",\"url\":\"/api/posts/6753076fbf37655f4e18d393\",\"status\":\"304\",\"responseTime\":\"286.978\"}","timestamp":"2025-02-07T13:32:36.619Z"}
{"level":"\u001b[32minfo\u001b[39m","message":"{\"method\":\"POST\",\"url\":\"/api/chats\",\"status\":\"200\",\"responseTime\":\"79.937\"}","timestamp":"2025-02-07T13:32:39.221Z"}
{"level":"\u001b[32minfo\u001b[39m","message":"{\"method\":\"GET\",\"url\":\"/api/users/notification\",\"status\":\"304\",\"responseTime\":\"68.400\"}","timestamp":"2025-02-07T13:32:39.318Z"}
{"level":"\u001b[32minfo\u001b[39m","message":"{\"method\":\"GET\",\"url\":\"/api/users/notification\",\"status\":\"304\",\"responseTime\":\"76.476\"}","timestamp":"2025-02-07T13:32:39.397Z"}
{"level":"\u001b[32minfo\u001b[39m","message":"{\"method\":\"GET\",\"url\":\"/api/chats\",\"status\":\"200\",\"responseTime\":\"157.271\"}","timestamp":"2025-02-07T13:32:39.401Z"}
{"level":"\u001b[32minfo\u001b[39m","message":"{\"method\":\"GET\",\"url\":\"/api/chats/67a60b699cef38f9d4bb496f\",\"status\":\"200\",\"responseTime\":\"513.877\"}","timestamp":"2025-02-07T13:32:41.772Z"}
{"level":"\u001b[32minfo\u001b[39m","message":"{\"method\":\"GET\",\"url\":\"/api/posts\",\"status\":\"304\",\"responseTime\":\"92.024\"}","timestamp":"2025-02-07T13:32:43.814Z"}
{"level":"\u001b[32minfo\u001b[39m","message":"{\"method\":\"GET\",\"url\":\"/api/users/notification\",\"status\":\"304\",\"responseTime\":\"73.354\"}","timestamp":"2025-02-07T13:32:43.866Z"}
{"level":"\u001b[32minfo\u001b[39m","message":"{\"method\":\"GET\",\"url\":\"/api/posts\",\"status\":\"304\",\"responseTime\":\"72.126\"}","timestamp":"2025-02-07T13:32:43.888Z"}
{"level":"\u001b[32minfo\u001b[39m","message":"{\"method\":\"GET\",\"url\":\"/api/users/notification\",\"status\":\"304\",\"responseTime\":\"69.788\"}","timestamp":"2025-02-07T13:32:43.938Z"}
{"level":"\u001b[32minfo\u001b[39m","message":"{\"method\":\"GET\",\"url\":\"/api/posts/6753081ebf37655f4e18d395\",\"status\":\"304\",\"responseTime\":\"264.569\"}","timestamp":"2025-02-07T13:32:47.578Z"}
{"level":"\u001b[32minfo\u001b[39m","message":"{\"method\":\"POST\",\"url\":\"/api/chats\",\"status\":\"200\",\"responseTime\":\"69.427\"}","timestamp":"2025-02-07T13:32:49.737Z"}
{"level":"\u001b[32minfo\u001b[39m","message":"{\"method\":\"GET\",\"url\":\"/api/users/notification\",\"status\":\"304\",\"responseTime\":\"68.681\"}","timestamp":"2025-02-07T13:32:49.828Z"}
{"level":"\u001b[32minfo\u001b[39m","message":"{\"method\":\"GET\",\"url\":\"/api/chats\",\"status\":\"200\",\"responseTime\":\"144.499\"}","timestamp":"2025-02-07T13:32:49.898Z"}
{"level":"\u001b[32minfo\u001b[39m","message":"{\"method\":\"GET\",\"url\":\"/api/users/notification\",\"status\":\"304\",\"responseTime\":\"70.396\"}","timestamp":"2025-02-07T13:32:49.900Z"}
{"level":"\u001b[32minfo\u001b[39m","message":"{\"method\":\"GET\",\"url\":\"/api/chats/67a60b699cef38f9d4bb496f\",\"status\":\"200\",\"responseTime\":\"489.628\"}","timestamp":"2025-02-07T13:32:53.481Z"}
{"level":"\u001b[32minfo\u001b[39m","message":"{\"method\":\"POST\",\"url\":\"/api/messages/67a60b699cef38f9d4bb496f\",\"status\":\"200\",\"responseTime\":\"605.590\"}","timestamp":"2025-02-07T13:32:59.986Z"}
{"level":"\u001b[32minfo\u001b[39m","message":"{\"method\":\"GET\",\"url\":\"/api/posts\",\"status\":\"304\",\"responseTime\":\"78.355\"}","timestamp":"2025-02-07T13:33:03.772Z"}
{"level":"\u001b[32minfo\u001b[39m","message":"{\"method\":\"GET\",\"url\":\"/api/users/notification\",\"status\":\"304\",\"responseTime\":\"73.657\"}","timestamp":"2025-02-07T13:33:03.827Z"}
{"level":"\u001b[32minfo\u001b[39m","message":"{\"method\":\"GET\",\"url\":\"/api/posts\",\"status\":\"304\",\"responseTime\":\"63.366\"}","timestamp":"2025-02-07T13:33:03.840Z"}
{"level":"\u001b[32minfo\u001b[39m","message":"{\"method\":\"GET\",\"url\":\"/api/users/notification\",\"status\":\"304\",\"responseTime\":\"68.304\"}","timestamp":"2025-02-07T13:33:03.898Z"}
{"level":"\u001b[32minfo\u001b[39m","message":"{\"method\":\"GET\",\"url\":\"/api/posts/67530640bf37655f4e18d391\",\"status\":\"304\",\"responseTime\":\"297.582\"}","timestamp":"2025-02-07T13:33:06.945Z"}
{"level":"\u001b[32minfo\u001b[39m","message":"{\"method\":\"POST\",\"url\":\"/api/chats\",\"status\":\"200\",\"responseTime\":\"87.660\"}","timestamp":"2025-02-07T13:33:08.807Z"}
{"level":"\u001b[32minfo\u001b[39m","message":"{\"method\":\"GET\",\"url\":\"/api/users/notification\",\"status\":\"304\",\"responseTime\":\"66.014\"}","timestamp":"2025-02-07T13:33:08.901Z"}
{"level":"\u001b[32minfo\u001b[39m","message":"{\"method\":\"GET\",\"url\":\"/api/chats\",\"status\":\"200\",\"responseTime\":\"128.022\"}","timestamp":"2025-02-07T13:33:08.957Z"}
{"level":"\u001b[32minfo\u001b[39m","message":"{\"method\":\"GET\",\"url\":\"/api/users/notification\",\"status\":\"304\",\"responseTime\":\"64.707\"}","timestamp":"2025-02-07T13:33:08.968Z"}
{"level":"\u001b[32minfo\u001b[39m","message":"{\"method\":\"GET\",\"url\":\"/api/posts\",\"status\":\"304\",\"responseTime\":\"96.279\"}","timestamp":"2025-02-07T13:33:11.789Z"}
{"level":"\u001b[32minfo\u001b[39m","message":"{\"method\":\"GET\",\"url\":\"/api/users/notification\",\"status\":\"304\",\"responseTime\":\"75.164\"}","timestamp":"2025-02-07T13:33:11.817Z"}
{"level":"\u001b[32minfo\u001b[39m","message":"{\"method\":\"GET\",\"url\":\"/api/posts\",\"status\":\"304\",\"responseTime\":\"80.827\"}","timestamp":"2025-02-07T13:33:11.872Z"}
{"level":"\u001b[32minfo\u001b[39m","message":"{\"method\":\"GET\",\"url\":\"/api/users/notification\",\"status\":\"304\",\"responseTime\":\"62.427\"}","timestamp":"2025-02-07T13:33:11.882Z"}
{"level":"\u001b[32minfo\u001b[39m","message":"{\"method\":\"GET\",\"url\":\"/api/posts\",\"status\":\"304\",\"responseTime\":\"83.491\"}","timestamp":"2025-02-07T13:54:58.565Z"}
{"level":"\u001b[32minfo\u001b[39m","message":"{\"method\":\"GET\",\"url\":\"/api/users/notification\",\"status\":\"304\",\"responseTime\":\"80.204\"}","timestamp":"2025-02-07T13:54:58.659Z"}
{"level":"\u001b[32minfo\u001b[39m","message":"{\"method\":\"GET\",\"url\":\"/api/posts\",\"status\":\"304\",\"responseTime\":\"95.504\"}","timestamp":"2025-02-07T13:54:58.670Z"}
{"level":"\u001b[32minfo\u001b[39m","message":"{\"method\":\"GET\",\"url\":\"/api/users/notification\",\"status\":\"304\",\"responseTime\":\"73.427\"}","timestamp":"2025-02-07T13:54:58.748Z"}
{"level":"\u001b[32minfo\u001b[39m","message":"{\"method\":\"GET\",\"url\":\"/api/posts\",\"status\":\"304\",\"responseTime\":\"108.700\"}","timestamp":"2025-02-07T14:02:35.185Z"}
{"level":"\u001b[32minfo\u001b[39m","message":"{\"method\":\"GET\",\"url\":\"/api/posts\",\"status\":\"304\",\"responseTime\":\"75.291\"}","timestamp":"2025-02-07T14:02:35.265Z"}
{"level":"\u001b[32minfo\u001b[39m","message":"{\"method\":\"GET\",\"url\":\"/api/users/notification\",\"status\":\"304\",\"responseTime\":\"65.773\"}","timestamp":"2025-02-07T14:02:35.312Z"}
{"level":"\u001b[32minfo\u001b[39m","message":"{\"method\":\"GET\",\"url\":\"/api/users/notification\",\"status\":\"304\",\"responseTime\":\"82.801\"}","timestamp":"2025-02-07T14:02:35.398Z"}
{"level":"\u001b[32minfo\u001b[39m","message":"{\"method\":\"GET\",\"url\":\"/api/posts/6753076fbf37655f4e18d393\",\"status\":\"304\",\"responseTime\":\"1837.585\"}","timestamp":"2025-02-07T14:10:59.988Z"}
{"level":"\u001b[32minfo\u001b[39m","message":"{\"method\":\"GET\",\"url\":\"/api/posts\",\"status\":\"304\",\"responseTime\":\"82.526\"}","timestamp":"2025-02-07T14:11:05.465Z"}
{"level":"\u001b[32minfo\u001b[39m","message":"{\"method\":\"GET\",\"url\":\"/api/posts\",\"status\":\"304\",\"responseTime\":\"90.275\"}","timestamp":"2025-02-07T14:11:05.559Z"}
{"level":"\u001b[32minfo\u001b[39m","message":"{\"method\":\"GET\",\"url\":\"/api/users/notification\",\"status\":\"304\",\"responseTime\":\"430.026\"}","timestamp":"2025-02-07T14:11:05.963Z"}
{"level":"\u001b[32minfo\u001b[39m","message":"{\"method\":\"GET\",\"url\":\"/api/users/notification\",\"status\":\"304\",\"responseTime\":\"67.415\"}","timestamp":"2025-02-07T14:11:06.033Z"}
{"level":"\u001b[32minfo\u001b[39m","message":"{\"method\":\"GET\",\"url\":\"/api/posts/6752dc838f50cda3550dcf2c\",\"status\":\"304\",\"responseTime\":\"317.758\"}","timestamp":"2025-02-07T14:11:32.675Z"}
{"level":"\u001b[32minfo\u001b[39m","message":"{\"method\":\"GET\",\"url\":\"/api/posts\",\"status\":\"304\",\"responseTime\":\"72.480\"}","timestamp":"2025-02-07T14:11:35.938Z"}
{"level":"\u001b[32minfo\u001b[39m","message":"{\"method\":\"GET\",\"url\":\"/api/users/notification\",\"status\":\"304\",\"responseTime\":\"75.041\"}","timestamp":"2025-02-07T14:11:35.972Z"}
{"level":"\u001b[32minfo\u001b[39m","message":"{\"method\":\"GET\",\"url\":\"/api/posts\",\"status\":\"304\",\"responseTime\":\"79.970\"}","timestamp":"2025-02-07T14:11:36.021Z"}
{"level":"\u001b[32minfo\u001b[39m","message":"{\"method\":\"GET\",\"url\":\"/api/users/notification\",\"status\":\"304\",\"responseTime\":\"77.230\"}","timestamp":"2025-02-07T14:11:36.052Z"}
{"level":"\u001b[32minfo\u001b[39m","message":"{\"method\":\"GET\",\"url\":\"/api/users/notification\",\"status\":\"304\",\"responseTime\":\"81.169\"}","timestamp":"2025-02-07T14:13:12.274Z"}
{"level":"\u001b[32minfo\u001b[39m","message":"{\"method\":\"GET\",\"url\":\"/api/users/notification\",\"status\":\"304\",\"responseTime\":\"85.259\"}","timestamp":"2025-02-07T14:13:12.362Z"}
{"level":"\u001b[32minfo\u001b[39m","message":"{\"method\":\"GET\",\"url\":\"/api/users/profilePosts\",\"status\":\"200\",\"responseTime\":\"252.804\"}","timestamp":"2025-02-07T14:13:12.417Z"}
{"level":"\u001b[32minfo\u001b[39m","message":"undefined logged out successfully","timestamp":"2025-02-07T14:13:16.426Z"}
{"level":"\u001b[32minfo\u001b[39m","message":"{\"method\":\"POST\",\"url\":\"/api/auth/logout\",\"status\":\"200\",\"responseTime\":\"1.375\"}","timestamp":"2025-02-07T14:13:16.428Z"}
{"level":"\u001b[32minfo\u001b[39m","message":"{\"method\":\"GET\",\"url\":\"/api/posts\",\"status\":\"304\",\"responseTime\":\"79.085\"}","timestamp":"2025-02-07T14:13:16.536Z"}
{"level":"\u001b[32minfo\u001b[39m","message":"User-1 logged in successfully","timestamp":"2025-02-07T14:16:17.272Z"}
{"level":"\u001b[32minfo\u001b[39m","message":"{\"method\":\"POST\",\"url\":\"/api/auth/login\",\"status\":\"200\",\"responseTime\":\"169.909\"}","timestamp":"2025-02-07T14:16:17.273Z"}
{"level":"\u001b[32minfo\u001b[39m","message":"{\"method\":\"GET\",\"url\":\"/api/posts\",\"status\":\"304\",\"responseTime\":\"94.556\"}","timestamp":"2025-02-07T14:16:17.374Z"}
{"level":"\u001b[32minfo\u001b[39m","message":"{\"method\":\"GET\",\"url\":\"/api/users/notification\",\"status\":\"304\",\"responseTime\":\"70.803\"}","timestamp":"2025-02-07T14:16:17.376Z"}
{"level":"\u001b[32minfo\u001b[39m","message":"{\"method\":\"GET\",\"url\":\"/api/posts/6752d6e78f50cda3550dcf26\",\"status\":\"304\",\"responseTime\":\"288.576\"}","timestamp":"2025-02-07T14:16:21.261Z"}
{"level":"\u001b[32minfo\u001b[39m","message":"{\"method\":\"GET\",\"url\":\"/api/posts\",\"status\":\"304\",\"responseTime\":\"73.772\"}","timestamp":"2025-02-07T14:16:23.955Z"}
{"level":"\u001b[32minfo\u001b[39m","message":"{\"method\":\"GET\",\"url\":\"/api/users/notification\",\"status\":\"304\",\"responseTime\":\"72.112\"}","timestamp":"2025-02-07T14:16:23.981Z"}
{"level":"\u001b[32minfo\u001b[39m","message":"{\"method\":\"GET\",\"url\":\"/api/posts\",\"status\":\"304\",\"responseTime\":\"66.699\"}","timestamp":"2025-02-07T14:16:24.025Z"}
{"level":"\u001b[32minfo\u001b[39m","message":"{\"method\":\"GET\",\"url\":\"/api/users/notification\",\"status\":\"304\",\"responseTime\":\"75.350\"}","timestamp":"2025-02-07T14:16:24.061Z"}
{"level":"\u001b[32minfo\u001b[39m","message":"{\"method\":\"GET\",\"url\":\"/api/posts\",\"status\":\"304\",\"responseTime\":\"75.314\"}","timestamp":"2025-02-07T14:19:04.115Z"}
{"level":"\u001b[32minfo\u001b[39m","message":"{\"method\":\"GET\",\"url\":\"/api/users/notification\",\"status\":\"304\",\"responseTime\":\"78.459\"}","timestamp":"2025-02-07T14:19:04.188Z"}
{"level":"\u001b[32minfo\u001b[39m","message":"{\"method\":\"GET\",\"url\":\"/api/posts\",\"status\":\"304\",\"responseTime\":\"78.694\"}","timestamp":"2025-02-07T14:19:04.198Z"}
{"level":"\u001b[32minfo\u001b[39m","message":"{\"method\":\"GET\",\"url\":\"/api/users/notification\",\"status\":\"304\",\"responseTime\":\"63.070\"}","timestamp":"2025-02-07T14:19:04.259Z"}
{"level":"\u001b[32minfo\u001b[39m","message":"{\"method\":\"GET\",\"url\":\"/api/users/notification\",\"status\":\"304\",\"responseTime\":\"63.483\"}","timestamp":"2025-02-07T14:19:09.520Z"}
{"level":"\u001b[32minfo\u001b[39m","message":"{\"method\":\"GET\",\"url\":\"/api/chats\",\"status\":\"304\",\"responseTime\":\"147.394\"}","timestamp":"2025-02-07T14:19:09.572Z"}
{"level":"\u001b[32minfo\u001b[39m","message":"{\"method\":\"GET\",\"url\":\"/api/users/notification\",\"status\":\"304\",\"responseTime\":\"60.325\"}","timestamp":"2025-02-07T14:19:09.582Z"}
{"level":"\u001b[32minfo\u001b[39m","message":"{\"method\":\"GET\",\"url\":\"/api/posts\",\"status\":\"304\",\"responseTime\":\"85.515\"}","timestamp":"2025-02-07T14:19:12.168Z"}
{"level":"\u001b[32minfo\u001b[39m","message":"{\"method\":\"GET\",\"url\":\"/api/users/notification\",\"status\":\"304\",\"responseTime\":\"73.413\"}","timestamp":"2025-02-07T14:19:12.217Z"}
{"level":"\u001b[32minfo\u001b[39m","message":"{\"method\":\"GET\",\"url\":\"/api/posts\",\"status\":\"304\",\"responseTime\":\"73.766\"}","timestamp":"2025-02-07T14:19:12.245Z"}
{"level":"\u001b[32minfo\u001b[39m","message":"{\"method\":\"GET\",\"url\":\"/api/users/notification\",\"status\":\"304\",\"responseTime\":\"68.901\"}","timestamp":"2025-02-07T14:19:12.288Z"}
{"level":"\u001b[32minfo\u001b[39m","message":"{\"method\":\"GET\",\"url\":\"/api/posts/67741a2a0d94e7ed5ab1b40e\",\"status\":\"304\",\"responseTime\":\"269.978\"}","timestamp":"2025-02-07T14:19:14.449Z"}
{"level":"\u001b[32minfo\u001b[39m","message":"{\"method\":\"POST\",\"url\":\"/api/chats\",\"status\":\"201\",\"responseTime\":\"291.592\"}","timestamp":"2025-02-07T14:19:17.161Z"}
{"level":"\u001b[32minfo\u001b[39m","message":"{\"method\":\"GET\",\"url\":\"/api/users/notification\",\"status\":\"304\",\"responseTime\":\"65.177\"}","timestamp":"2025-02-07T14:19:17.268Z"}
{"level":"\u001b[32minfo\u001b[39m","message":"{\"method\":\"GET\",\"url\":\"/api/users/notification\",\"status\":\"304\",\"responseTime\":\"67.588\"}","timestamp":"2025-02-07T14:19:17.337Z"}
{"level":"\u001b[32minfo\u001b[39m","message":"{\"method\":\"GET\",\"url\":\"/api/chats\",\"status\":\"200\",\"responseTime\":\"211.764\"}","timestamp":"2025-02-07T14:19:17.408Z"}
{"level":"\u001b[32minfo\u001b[39m","message":"{\"method\":\"GET\",\"url\":\"/api/posts\",\"status\":\"304\",\"responseTime\":\"82.335\"}","timestamp":"2025-02-07T14:19:19.496Z"}
{"level":"\u001b[32minfo\u001b[39m","message":"{\"method\":\"GET\",\"url\":\"/api/users/notification\",\"status\":\"304\",\"responseTime\":\"80.656\"}","timestamp":"2025-02-07T14:19:19.583Z"}
{"level":"\u001b[32minfo\u001b[39m","message":"{\"method\":\"GET\",\"url\":\"/api/posts\",\"status\":\"304\",\"responseTime\":\"72.626\"}","timestamp":"2025-02-07T14:19:19.587Z"}
{"level":"\u001b[32minfo\u001b[39m","message":"{\"method\":\"GET\",\"url\":\"/api/users/notification\",\"status\":\"304\",\"responseTime\":\"57.257\"}","timestamp":"2025-02-07T14:19:19.647Z"}
{"level":"\u001b[32minfo\u001b[39m","message":"{\"method\":\"GET\",\"url\":\"/api/posts/67741a2a0d94e7ed5ab1b40e\",\"status\":\"304\",\"responseTime\":\"255.879\"}","timestamp":"2025-02-07T14:19:21.787Z"}
{"level":"\u001b[32minfo\u001b[39m","message":"{\"method\":\"POST\",\"url\":\"/api/chats\",\"status\":\"200\",\"responseTime\":\"120.288\"}","timestamp":"2025-02-07T14:19:23.464Z"}
{"level":"\u001b[32minfo\u001b[39m","message":"{\"method\":\"GET\",\"url\":\"/api/users/notification\",\"status\":\"304\",\"responseTime\":\"76.837\"}","timestamp":"2025-02-07T14:19:23.578Z"}
{"level":"\u001b[32minfo\u001b[39m","message":"{\"method\":\"GET\",\"url\":\"/api/users/notification\",\"status\":\"304\",\"responseTime\":\"67.401\"}","timestamp":"2025-02-07T14:19:23.647Z"}
{"level":"\u001b[32minfo\u001b[39m","message":"{\"method\":\"GET\",\"url\":\"/api/chats\",\"status\":\"200\",\"responseTime\":\"199.746\"}","timestamp":"2025-02-07T14:19:23.687Z"}
{"level":"\u001b[32minfo\u001b[39m","message":"{\"method\":\"GET\",\"url\":\"/api/users/profilePosts\",\"status\":\"304\",\"responseTime\":\"225.069\"}","timestamp":"2025-02-07T14:19:25.931Z"}
{"level":"\u001b[32minfo\u001b[39m","message":"undefined logged out successfully","timestamp":"2025-02-07T14:19:28.876Z"}
{"level":"\u001b[32minfo\u001b[39m","message":"{\"method\":\"POST\",\"url\":\"/api/auth/logout\",\"status\":\"200\",\"responseTime\":\"0.536\"}","timestamp":"2025-02-07T14:19:28.877Z"}
{"level":"\u001b[32minfo\u001b[39m","message":"{\"method\":\"GET\",\"url\":\"/api/posts\",\"status\":\"304\",\"responseTime\":\"75.896\"}","timestamp":"2025-02-07T14:19:28.975Z"}
