{"level":"\u001b[32minfo\u001b[39m","message":"{\"method\":\"GET\",\"url\":\"/api/users/notification\",\"status\":\"304\",\"responseTime\":\"2186.156\"}","timestamp":"2025-04-05T14:20:42.195Z"}
{"level":"\u001b[32minfo\u001b[39m","message":"{\"method\":\"GET\",\"url\":\"/api/posts\",\"status\":\"304\",\"responseTime\":\"2306.742\"}","timestamp":"2025-04-05T14:20:42.223Z"}
{"level":"\u001b[32minfo\u001b[39m","message":"{\"method\":\"GET\",\"url\":\"/api/users/notification\",\"status\":\"304\",\"responseTime\":\"70.255\"}","timestamp":"2025-04-05T14:20:42.273Z"}
{"level":"\u001b[32minfo\u001b[39m","message":"{\"method\":\"GET\",\"url\":\"/api/posts\",\"status\":\"304\",\"responseTime\":\"64.664\"}","timestamp":"2025-04-05T14:20:42.293Z"}
{"level":"\u001b[32minfo\u001b[39m","message":"{\"method\":\"GET\",\"url\":\"/api/posts\",\"status\":\"304\",\"responseTime\":\"80.029\"}","timestamp":"2025-04-05T14:20:42.384Z"}
{"level":"\u001b[32minfo\u001b[39m","message":"{\"method\":\"GET\",\"url\":\"/api/posts\",\"status\":\"304\",\"responseTime\":\"74.181\"}","timestamp":"2025-04-05T14:20:45.158Z"}
{"level":"\u001b[32minfo\u001b[39m","message":"{\"method\":\"GET\",\"url\":\"/api/users/notification\",\"status\":\"304\",\"responseTime\":\"77.751\"}","timestamp":"2025-04-05T14:20:45.202Z"}
{"level":"\u001b[32minfo\u001b[39m","message":"{\"method\":\"GET\",\"url\":\"/api/posts\",\"status\":\"304\",\"responseTime\":\"84.446\"}","timestamp":"2025-04-05T14:20:45.247Z"}
{"level":"\u001b[32minfo\u001b[39m","message":"{\"method\":\"GET\",\"url\":\"/api/users/notification\",\"status\":\"304\",\"responseTime\":\"85.491\"}","timestamp":"2025-04-05T14:20:45.292Z"}
{"level":"\u001b[32minfo\u001b[39m","message":"{\"method\":\"GET\",\"url\":\"/api/users/notification\",\"status\":\"304\",\"responseTime\":\"101.759\"}","timestamp":"2025-04-05T14:20:46.948Z"}
{"level":"\u001b[32minfo\u001b[39m","message":"{\"method\":\"GET\",\"url\":\"/api/users/notification\",\"status\":\"304\",\"responseTime\":\"72.343\"}","timestamp":"2025-04-05T14:20:47.023Z"}
{"level":"\u001b[32minfo\u001b[39m","message":"{\"method\":\"GET\",\"url\":\"/api/users/profilePosts\",\"status\":\"304\",\"responseTime\":\"220.114\"}","timestamp":"2025-04-05T14:20:47.039Z"}
{"level":"\u001b[32minfo\u001b[39m","message":"undefined logged out successfully","timestamp":"2025-04-05T14:20:48.304Z"}
{"level":"\u001b[32minfo\u001b[39m","message":"{\"method\":\"POST\",\"url\":\"/api/auth/logout\",\"status\":\"200\",\"responseTime\":\"1.438\"}","timestamp":"2025-04-05T14:20:48.305Z"}
{"level":"\u001b[32minfo\u001b[39m","message":"{\"method\":\"GET\",\"url\":\"/api/posts\",\"status\":\"304\",\"responseTime\":\"85.067\"}","timestamp":"2025-04-05T14:20:48.407Z"}
{"level":"\u001b[32minfo\u001b[39m","message":"{\"method\":\"GET\",\"url\":\"/api/posts\",\"status\":\"304\",\"responseTime\":\"56.423\"}","timestamp":"2025-04-05T14:20:56.263Z"}
{"level":"\u001b[32minfo\u001b[39m","message":"{\"method\":\"GET\",\"url\":\"/api/posts\",\"status\":\"304\",\"responseTime\":\"76.592\"}","timestamp":"2025-04-05T14:20:56.346Z"}
{"level":"\u001b[32minfo\u001b[39m","message":"{\"method\":\"GET\",\"url\":\"/api/posts\",\"status\":\"304\",\"responseTime\":\"78.900\"}","timestamp":"2025-04-05T14:22:59.807Z"}
{"level":"\u001b[32minfo\u001b[39m","message":"{\"method\":\"GET\",\"url\":\"/api/posts\",\"status\":\"304\",\"responseTime\":\"73.836\"}","timestamp":"2025-04-05T14:22:59.887Z"}
{"level":"\u001b[32minfo\u001b[39m","message":"{\"method\":\"GET\",\"url\":\"/api/posts\",\"status\":\"304\",\"responseTime\":\"76.722\"}","timestamp":"2025-04-05T14:23:07.668Z"}
{"level":"\u001b[32minfo\u001b[39m","message":"{\"method\":\"GET\",\"url\":\"/api/posts\",\"status\":\"304\",\"responseTime\":\"63.973\"}","timestamp":"2025-04-05T14:23:07.737Z"}
{"level":"\u001b[32minfo\u001b[39m","message":"{\"method\":\"GET\",\"url\":\"/api/posts\",\"status\":\"304\",\"responseTime\":\"77.539\"}","timestamp":"2025-04-05T14:23:12.719Z"}
{"level":"\u001b[32minfo\u001b[39m","message":"{\"method\":\"GET\",\"url\":\"/api/posts\",\"status\":\"304\",\"responseTime\":\"75.127\"}","timestamp":"2025-04-05T14:23:12.811Z"}
{"level":"\u001b[32minfo\u001b[39m","message":"{\"method\":\"GET\",\"url\":\"/api/posts\",\"status\":\"304\",\"responseTime\":\"65.207\"}","timestamp":"2025-04-05T14:23:14.949Z"}
{"level":"\u001b[32minfo\u001b[39m","message":"{\"method\":\"GET\",\"url\":\"/api/posts\",\"status\":\"304\",\"responseTime\":\"66.352\"}","timestamp":"2025-04-05T14:23:15.021Z"}
{"level":"\u001b[32minfo\u001b[39m","message":"{\"method\":\"GET\",\"url\":\"/api/posts\",\"status\":\"304\",\"responseTime\":\"94.156\"}","timestamp":"2025-04-05T14:23:22.729Z"}
{"level":"\u001b[32minfo\u001b[39m","message":"{\"method\":\"GET\",\"url\":\"/api/posts\",\"status\":\"304\",\"responseTime\":\"71.875\"}","timestamp":"2025-04-05T14:23:22.808Z"}
{"level":"\u001b[32minfo\u001b[39m","message":"{\"method\":\"GET\",\"url\":\"/api/posts\",\"status\":\"304\",\"responseTime\":\"77.050\"}","timestamp":"2025-04-05T14:23:47.600Z"}
{"level":"\u001b[32minfo\u001b[39m","message":"{\"method\":\"GET\",\"url\":\"/api/posts\",\"status\":\"304\",\"responseTime\":\"90.700\"}","timestamp":"2025-04-05T14:23:47.696Z"}
{"level":"\u001b[32minfo\u001b[39m","message":"{\"method\":\"GET\",\"url\":\"/api/posts\",\"status\":\"304\",\"responseTime\":\"81.836\"}","timestamp":"2025-04-05T14:24:20.830Z"}
{"level":"\u001b[32minfo\u001b[39m","message":"{\"method\":\"GET\",\"url\":\"/api/posts\",\"status\":\"304\",\"responseTime\":\"65.661\"}","timestamp":"2025-04-05T14:24:20.901Z"}
{"level":"\u001b[32minfo\u001b[39m","message":"{\"method\":\"GET\",\"url\":\"/api/posts\",\"status\":\"304\",\"responseTime\":\"81.242\"}","timestamp":"2025-04-05T14:24:38.239Z"}
{"level":"\u001b[32minfo\u001b[39m","message":"{\"method\":\"GET\",\"url\":\"/api/posts\",\"status\":\"304\",\"responseTime\":\"62.972\"}","timestamp":"2025-04-05T14:24:38.304Z"}
{"level":"\u001b[32minfo\u001b[39m","message":"{\"method\":\"GET\",\"url\":\"/api/posts\",\"status\":\"304\",\"responseTime\":\"75.465\"}","timestamp":"2025-04-05T14:24:40.642Z"}
{"level":"\u001b[32minfo\u001b[39m","message":"{\"method\":\"GET\",\"url\":\"/api/posts\",\"status\":\"304\",\"responseTime\":\"63.692\"}","timestamp":"2025-04-05T14:24:40.710Z"}
{"level":"\u001b[32minfo\u001b[39m","message":"{\"method\":\"GET\",\"url\":\"/api/posts\",\"status\":\"304\",\"responseTime\":\"88.046\"}","timestamp":"2025-04-05T14:24:46.049Z"}
{"level":"\u001b[32minfo\u001b[39m","message":"{\"method\":\"GET\",\"url\":\"/api/posts\",\"status\":\"304\",\"responseTime\":\"92.080\"}","timestamp":"2025-04-05T14:24:46.157Z"}
{"level":"\u001b[32minfo\u001b[39m","message":"{\"method\":\"GET\",\"url\":\"/api/posts\",\"status\":\"304\",\"responseTime\":\"76.028\"}","timestamp":"2025-04-05T14:26:59.217Z"}
{"level":"\u001b[32minfo\u001b[39m","message":"{\"method\":\"GET\",\"url\":\"/api/posts\",\"status\":\"304\",\"responseTime\":\"65.371\"}","timestamp":"2025-04-05T14:26:59.294Z"}
{"level":"\u001b[32minfo\u001b[39m","message":"{\"method\":\"GET\",\"url\":\"/api/posts\",\"status\":\"304\",\"responseTime\":\"79.349\"}","timestamp":"2025-04-05T14:27:01.889Z"}
{"level":"\u001b[32minfo\u001b[39m","message":"{\"method\":\"GET\",\"url\":\"/api/posts\",\"status\":\"304\",\"responseTime\":\"80.595\"}","timestamp":"2025-04-05T14:27:01.981Z"}
{"level":"\u001b[32minfo\u001b[39m","message":"{\"method\":\"GET\",\"url\":\"/api/posts\",\"status\":\"304\",\"responseTime\":\"70.410\"}","timestamp":"2025-04-05T14:27:17.256Z"}
{"level":"\u001b[32minfo\u001b[39m","message":"{\"method\":\"GET\",\"url\":\"/api/posts\",\"status\":\"304\",\"responseTime\":\"78.620\"}","timestamp":"2025-04-05T14:27:17.353Z"}
{"level":"\u001b[32minfo\u001b[39m","message":"{\"method\":\"GET\",\"url\":\"/api/posts\",\"status\":\"304\",\"responseTime\":\"69.517\"}","timestamp":"2025-04-05T14:27:50.814Z"}
{"level":"\u001b[32minfo\u001b[39m","message":"{\"method\":\"GET\",\"url\":\"/api/posts\",\"status\":\"304\",\"responseTime\":\"76.278\"}","timestamp":"2025-04-05T14:27:50.903Z"}
{"level":"\u001b[32minfo\u001b[39m","message":"{\"method\":\"GET\",\"url\":\"/api/posts\",\"status\":\"304\",\"responseTime\":\"83.149\"}","timestamp":"2025-04-05T14:27:52.673Z"}
{"level":"\u001b[32minfo\u001b[39m","message":"{\"method\":\"GET\",\"url\":\"/api/posts\",\"status\":\"304\",\"responseTime\":\"67.903\"}","timestamp":"2025-04-05T14:27:52.743Z"}
{"level":"\u001b[32minfo\u001b[39m","message":"{\"method\":\"GET\",\"url\":\"/api/posts?type=rent&city=Gachibowli&minPrice=1&maxPrice=111111&bedroom=1\",\"status\":\"200\",\"responseTime\":\"72.087\"}","timestamp":"2025-04-05T14:28:12.939Z"}
{"level":"\u001b[32minfo\u001b[39m","message":"{\"method\":\"GET\",\"url\":\"/api/posts\",\"status\":\"304\",\"responseTime\":\"86.917\"}","timestamp":"2025-04-05T14:28:16.253Z"}
{"level":"\u001b[32minfo\u001b[39m","message":"{\"method\":\"GET\",\"url\":\"/api/posts\",\"status\":\"304\",\"responseTime\":\"69.340\"}","timestamp":"2025-04-05T14:28:16.324Z"}
{"level":"\u001b[32minfo\u001b[39m","message":"satya logged in successfully","timestamp":"2025-04-05T14:28:21.475Z"}
{"level":"\u001b[32minfo\u001b[39m","message":"{\"method\":\"POST\",\"url\":\"/api/auth/login\",\"status\":\"200\",\"responseTime\":\"166.062\"}","timestamp":"2025-04-05T14:28:21.477Z"}
{"level":"\u001b[32minfo\u001b[39m","message":"{\"method\":\"GET\",\"url\":\"/api/users/notification\",\"status\":\"304\",\"responseTime\":\"66.498\"}","timestamp":"2025-04-05T14:28:21.572Z"}
{"level":"\u001b[32minfo\u001b[39m","message":"{\"method\":\"GET\",\"url\":\"/api/posts\",\"status\":\"304\",\"responseTime\":\"77.643\"}","timestamp":"2025-04-05T14:28:21.574Z"}
{"level":"\u001b[32minfo\u001b[39m","message":"{\"method\":\"GET\",\"url\":\"/api/users/notification\",\"status\":\"304\",\"responseTime\":\"59.026\"}","timestamp":"2025-04-05T14:28:23.767Z"}
{"level":"\u001b[32minfo\u001b[39m","message":"{\"method\":\"GET\",\"url\":\"/api/users/notification\",\"status\":\"304\",\"responseTime\":\"68.145\"}","timestamp":"2025-04-05T14:28:23.838Z"}
{"level":"\u001b[32minfo\u001b[39m","message":"{\"method\":\"GET\",\"url\":\"/api/users/profilePosts\",\"status\":\"304\",\"responseTime\":\"225.322\"}","timestamp":"2025-04-05T14:28:23.911Z"}
{"level":"\u001b[32minfo\u001b[39m","message":"{\"method\":\"GET\",\"url\":\"/api/chats\",\"status\":\"200\",\"responseTime\":\"364.216\"}","timestamp":"2025-04-05T14:28:26.943Z"}
{"level":"\u001b[32minfo\u001b[39m","message":"{\"method\":\"GET\",\"url\":\"/api/users/profilePosts\",\"status\":\"304\",\"responseTime\":\"234.758\"}","timestamp":"2025-04-05T14:28:29.930Z"}
{"level":"\u001b[32minfo\u001b[39m","message":"{\"method\":\"GET\",\"url\":\"/api/posts\",\"status\":\"304\",\"responseTime\":\"88.983\"}","timestamp":"2025-04-05T14:28:31.922Z"}
{"level":"\u001b[32minfo\u001b[39m","message":"{\"method\":\"GET\",\"url\":\"/api/users/notification\",\"status\":\"304\",\"responseTime\":\"96.587\"}","timestamp":"2025-04-05T14:28:31.989Z"}
{"level":"\u001b[32minfo\u001b[39m","message":"{\"method\":\"GET\",\"url\":\"/api/posts\",\"status\":\"304\",\"responseTime\":\"75.564\"}","timestamp":"2025-04-05T14:28:32.002Z"}
{"level":"\u001b[32minfo\u001b[39m","message":"{\"method\":\"GET\",\"url\":\"/api/users/notification\",\"status\":\"304\",\"responseTime\":\"77.014\"}","timestamp":"2025-04-05T14:28:32.069Z"}
{"level":"\u001b[32minfo\u001b[39m","message":"{\"method\":\"GET\",\"url\":\"/api/users/notification\",\"status\":\"304\",\"responseTime\":\"98.047\"}","timestamp":"2025-04-05T14:31:44.261Z"}
{"level":"\u001b[32minfo\u001b[39m","message":"{\"method\":\"GET\",\"url\":\"/api/users/notification\",\"status\":\"304\",\"responseTime\":\"96.350\"}","timestamp":"2025-04-05T14:31:51.261Z"}
{"level":"\u001b[32minfo\u001b[39m","message":"{\"method\":\"GET\",\"url\":\"/api/posts\",\"status\":\"304\",\"responseTime\":\"94.913\"}","timestamp":"2025-04-05T14:32:46.040Z"}
{"level":"\u001b[32minfo\u001b[39m","message":"{\"method\":\"GET\",\"url\":\"/api/users/notification\",\"status\":\"304\",\"responseTime\":\"71.137\"}","timestamp":"2025-04-05T14:32:46.121Z"}
{"level":"\u001b[32minfo\u001b[39m","message":"{\"method\":\"GET\",\"url\":\"/api/posts\",\"status\":\"304\",\"responseTime\":\"67.013\"}","timestamp":"2025-04-05T14:32:46.124Z"}
{"level":"\u001b[32minfo\u001b[39m","message":"{\"method\":\"GET\",\"url\":\"/api/users/notification\",\"status\":\"304\",\"responseTime\":\"60.503\"}","timestamp":"2025-04-05T14:32:46.188Z"}
{"level":"\u001b[32minfo\u001b[39m","message":"{\"method\":\"GET\",\"url\":\"/api/posts\",\"status\":\"304\",\"responseTime\":\"89.972\"}","timestamp":"2025-04-05T14:33:54.173Z"}
{"level":"\u001b[32minfo\u001b[39m","message":"{\"method\":\"GET\",\"url\":\"/api/users/notification\",\"status\":\"304\",\"responseTime\":\"79.553\"}","timestamp":"2025-04-05T14:33:54.245Z"}
{"level":"\u001b[32minfo\u001b[39m","message":"{\"method\":\"GET\",\"url\":\"/api/posts\",\"status\":\"304\",\"responseTime\":\"94.364\"}","timestamp":"2025-04-05T14:33:54.273Z"}
{"level":"\u001b[32minfo\u001b[39m","message":"{\"method\":\"GET\",\"url\":\"/api/users/notification\",\"status\":\"304\",\"responseTime\":\"67.469\"}","timestamp":"2025-04-05T14:33:54.316Z"}
{"level":"\u001b[32minfo\u001b[39m","message":"{\"method\":\"GET\",\"url\":\"/api/posts\",\"status\":\"304\",\"responseTime\":\"90.881\"}","timestamp":"2025-04-05T14:34:01.630Z"}
{"level":"\u001b[32minfo\u001b[39m","message":"{\"method\":\"GET\",\"url\":\"/api/users/notification\",\"status\":\"304\",\"responseTime\":\"73.895\"}","timestamp":"2025-04-05T14:34:01.685Z"}
{"level":"\u001b[32minfo\u001b[39m","message":"{\"method\":\"GET\",\"url\":\"/api/posts\",\"status\":\"304\",\"responseTime\":\"67.236\"}","timestamp":"2025-04-05T14:34:01.701Z"}
{"level":"\u001b[32minfo\u001b[39m","message":"{\"method\":\"GET\",\"url\":\"/api/users/notification\",\"status\":\"304\",\"responseTime\":\"86.235\"}","timestamp":"2025-04-05T14:34:01.774Z"}
{"level":"\u001b[32minfo\u001b[39m","message":"{\"method\":\"GET\",\"url\":\"/api/users/notification\",\"status\":\"304\",\"responseTime\":\"70.304\"}","timestamp":"2025-04-05T14:34:15.440Z"}
{"level":"\u001b[32minfo\u001b[39m","message":"{\"method\":\"GET\",\"url\":\"/api/users/notification\",\"status\":\"304\",\"responseTime\":\"66.191\"}","timestamp":"2025-04-05T14:34:15.508Z"}
{"level":"\u001b[32minfo\u001b[39m","message":"{\"method\":\"GET\",\"url\":\"/api/users/profilePosts\",\"status\":\"304\",\"responseTime\":\"237.880\"}","timestamp":"2025-04-05T14:34:15.580Z"}
{"level":"\u001b[32minfo\u001b[39m","message":"undefined logged out successfully","timestamp":"2025-04-05T14:34:17.031Z"}
{"level":"\u001b[32minfo\u001b[39m","message":"{\"method\":\"POST\",\"url\":\"/api/auth/logout\",\"status\":\"200\",\"responseTime\":\"0.499\"}","timestamp":"2025-04-05T14:34:17.032Z"}
{"level":"\u001b[32minfo\u001b[39m","message":"{\"method\":\"GET\",\"url\":\"/api/posts\",\"status\":\"304\",\"responseTime\":\"106.791\"}","timestamp":"2025-04-05T14:34:17.156Z"}
{"level":"\u001b[32minfo\u001b[39m","message":"{\"method\":\"GET\",\"url\":\"/api/posts\",\"status\":\"304\",\"responseTime\":\"103.478\"}","timestamp":"2025-04-05T14:35:07.798Z"}
{"level":"\u001b[32minfo\u001b[39m","message":"{\"method\":\"GET\",\"url\":\"/api/posts\",\"status\":\"304\",\"responseTime\":\"84.740\"}","timestamp":"2025-04-05T14:35:07.889Z"}
