{"level":"\u001b[32minfo\u001b[39m","message":"{\"method\":\"GET\",\"url\":\"/api/users/notification\",\"status\":\"304\",\"responseTime\":\"2482.519\"}","timestamp":"2024-12-01T12:51:37.823Z"}
{"level":"\u001b[32minfo\u001b[39m","message":"{\"method\":\"GET\",\"url\":\"/api/users/notification\",\"status\":\"304\",\"responseTime\":\"84.360\"}","timestamp":"2024-12-01T12:51:37.961Z"}
{"level":"\u001b[32minfo\u001b[39m","message":"{\"method\":\"GET\",\"url\":\"/api/users/profilePosts\",\"status\":\"304\",\"responseTime\":\"2824.512\"}","timestamp":"2024-12-01T12:51:38.030Z"}
{"level":"\u001b[32minfo\u001b[39m","message":"{\"method\":\"GET\",\"url\":\"/api/users/notification\",\"status\":\"304\",\"responseTime\":\"98.418\"}","timestamp":"2024-12-01T12:51:38.065Z"}
{"level":"\u001b[32minfo\u001b[39m","message":"{\"method\":\"GET\",\"url\":\"/api/users/notification\",\"status\":\"304\",\"responseTime\":\"64.587\"}","timestamp":"2024-12-01T12:51:38.135Z"}
{"level":"\u001b[32minfo\u001b[39m","message":"{\"method\":\"GET\",\"url\":\"/api/chats\",\"status\":\"304\",\"responseTime\":\"2945.563\"}","timestamp":"2024-12-01T12:51:38.216Z"}
{"level":"\u001b[32minfo\u001b[39m","message":"{\"method\":\"GET\",\"url\":\"/api/users/profilePosts\",\"status\":\"304\",\"responseTime\":\"253.274\"}","timestamp":"2024-12-01T12:51:38.288Z"}
{"level":"\u001b[32minfo\u001b[39m","message":"{\"method\":\"GET\",\"url\":\"/api/chats\",\"status\":\"304\",\"responseTime\":\"145.308\"}","timestamp":"2024-12-01T12:51:38.366Z"}
{"level":"\u001b[32minfo\u001b[39m","message":"{\"method\":\"GET\",\"url\":\"/api/users/notification\",\"status\":\"304\",\"responseTime\":\"82.754\"}","timestamp":"2024-12-01T12:51:39.473Z"}
{"level":"\u001b[32minfo\u001b[39m","message":"{\"method\":\"GET\",\"url\":\"/api/chats\",\"status\":\"304\",\"responseTime\":\"148.134\"}","timestamp":"2024-12-01T12:51:39.508Z"}
{"level":"\u001b[32minfo\u001b[39m","message":"{\"method\":\"GET\",\"url\":\"/api/users/notification\",\"status\":\"304\",\"responseTime\":\"89.238\"}","timestamp":"2024-12-01T12:51:39.567Z"}
{"level":"\u001b[32minfo\u001b[39m","message":"{\"method\":\"GET\",\"url\":\"/api/users/profilePosts\",\"status\":\"304\",\"responseTime\":\"232.680\"}","timestamp":"2024-12-01T12:51:39.579Z"}
{"level":"\u001b[32minfo\u001b[39m","message":"{\"method\":\"POST\",\"url\":\"/api/auth/logout\",\"status\":\"200\",\"responseTime\":\"2.485\"}","timestamp":"2024-12-01T12:51:41.031Z"}
{"level":"\u001b[32minfo\u001b[39m","message":"{\"method\":\"POST\",\"url\":\"/api/auth/login\",\"status\":\"200\",\"responseTime\":\"220.124\"}","timestamp":"2024-12-01T12:52:27.891Z"}
{"level":"\u001b[32minfo\u001b[39m","message":"{\"method\":\"GET\",\"url\":\"/api/users/notification\",\"status\":\"304\",\"responseTime\":\"97.663\"}","timestamp":"2024-12-01T12:52:28.043Z"}
{"level":"\u001b[32minfo\u001b[39m","message":"{\"method\":\"GET\",\"url\":\"/api/users/notification\",\"status\":\"304\",\"responseTime\":\"80.391\"}","timestamp":"2024-12-01T12:52:28.128Z"}
{"level":"\u001b[32minfo\u001b[39m","message":"hello","timestamp":"2024-12-01T12:56:31.704Z"}
{"level":"\u001b[32minfo\u001b[39m","message":"{\"method\":\"GET\",\"url\":\"/api/users/notification\",\"status\":\"304\",\"responseTime\":\"2195.711\"}","timestamp":"2024-12-01T15:47:20.935Z"}
{"level":"\u001b[32minfo\u001b[39m","message":"{\"method\":\"GET\",\"url\":\"/api/users/notification\",\"status\":\"304\",\"responseTime\":\"81.361\"}","timestamp":"2024-12-01T15:47:21.033Z"}
{"level":"\u001b[32minfo\u001b[39m","message":"{\"method\":\"GET\",\"url\":\"/api/users/profilePosts\",\"status\":\"304\",\"responseTime\":\"223.173\"}","timestamp":"2024-12-01T15:47:21.493Z"}
{"level":"\u001b[32minfo\u001b[39m","message":"{\"method\":\"GET\",\"url\":\"/api/users/notification\",\"status\":\"304\",\"responseTime\":\"401.512\"}","timestamp":"2024-12-01T15:47:21.708Z"}
{"level":"\u001b[32minfo\u001b[39m","message":"{\"method\":\"GET\",\"url\":\"/api/chats\",\"status\":\"304\",\"responseTime\":\"508.956\"}","timestamp":"2024-12-01T15:47:21.786Z"}
{"level":"\u001b[32minfo\u001b[39m","message":"{\"method\":\"GET\",\"url\":\"/api/users/notification\",\"status\":\"304\",\"responseTime\":\"78.943\"}","timestamp":"2024-12-01T15:47:21.793Z"}
{"level":"\u001b[32minfo\u001b[39m","message":"{\"method\":\"POST\",\"url\":\"/api/auth/logout\",\"status\":\"200\",\"responseTime\":\"2.220\"}","timestamp":"2024-12-01T15:47:23.474Z"}
{"level":"\u001b[32minfo\u001b[39m","message":"{\"method\":\"POST\",\"url\":\"/api/auth/logout\",\"status\":\"200\",\"responseTime\":\"1.484\"}","timestamp":"2024-12-01T15:47:25.471Z"}
{"level":"\u001b[32minfo\u001b[39m","message":"{\"method\":\"GET\",\"url\":\"/api/chats\",\"status\":\"401\",\"responseTime\":\"1.423\"}","timestamp":"2024-12-01T15:47:27.782Z"}
{"level":"\u001b[32minfo\u001b[39m","message":"{\"method\":\"GET\",\"url\":\"/api/users/profilePosts\",\"status\":\"401\",\"responseTime\":\"1.224\"}","timestamp":"2024-12-01T15:47:27.790Z"}
{"level":"\u001b[32minfo\u001b[39m","message":"{\"method\":\"POST\",\"url\":\"/api/auth/logout\",\"status\":\"200\",\"responseTime\":\"1.090\"}","timestamp":"2024-12-01T15:47:30.040Z"}
{"level":"\u001b[32minfo\u001b[39m","message":"{\"method\":\"GET\",\"url\":\"/api/users/notification\",\"status\":\"401\",\"responseTime\":\"1.148\"}","timestamp":"2024-12-01T15:47:34.130Z"}
{"level":"\u001b[32minfo\u001b[39m","message":"{\"method\":\"GET\",\"url\":\"/api/users/notification\",\"status\":\"401\",\"responseTime\":\"0.995\"}","timestamp":"2024-12-01T15:47:34.149Z"}
{"level":"\u001b[32minfo\u001b[39m","message":"{\"method\":\"POST\",\"url\":\"/api/auth/register\",\"status\":\"500\",\"responseTime\":\"3036.239\"}","timestamp":"2024-12-01T15:53:17.859Z"}
{"level":"\u001b[32minfo\u001b[39m","message":"{\"method\":\"POST\",\"url\":\"/api/auth/register\",\"status\":\"500\",\"responseTime\":\"273.050\"}","timestamp":"2024-12-01T15:53:48.244Z"}
{"level":"\u001b[32minfo\u001b[39m","message":"{\"method\":\"POST\",\"url\":\"/api/auth/register\",\"status\":\"500\",\"responseTime\":\"299.830\"}","timestamp":"2024-12-01T15:54:58.813Z"}
{"level":"\u001b[32minfo\u001b[39m","message":"{\"method\":\"POST\",\"url\":\"/api/auth/register\",\"status\":\"500\",\"responseTime\":\"320.233\"}","timestamp":"2024-12-01T15:55:41.662Z"}
{"level":"\u001b[32minfo\u001b[39m","message":"{\"method\":\"POST\",\"url\":\"/api/auth/register\",\"status\":\"500\",\"responseTime\":\"280.387\"}","timestamp":"2024-12-01T15:56:07.774Z"}
{"level":"\u001b[32minfo\u001b[39m","message":"{\"method\":\"GET\",\"url\":\"/api/auth/register\",\"status\":\"404\",\"responseTime\":\"5.437\"}","timestamp":"2024-12-01T15:56:29.383Z"}
{"level":"\u001b[32minfo\u001b[39m","message":"{\"method\":\"GET\",\"url\":\"/api/users/notification\",\"status\":\"401\",\"responseTime\":\"4.334\"}","timestamp":"2024-12-01T16:06:16.204Z"}
{"level":"\u001b[32minfo\u001b[39m","message":"{\"method\":\"GET\",\"url\":\"/api/users/notification\",\"status\":\"401\",\"responseTime\":\"2.728\"}","timestamp":"2024-12-01T16:06:16.221Z"}
{"level":"\u001b[32minfo\u001b[39m","message":"{\"method\":\"GET\",\"url\":\"/api/users/notification\",\"status\":\"401\",\"responseTime\":\"1.148\"}","timestamp":"2024-12-01T16:06:37.338Z"}
{"level":"\u001b[32minfo\u001b[39m","message":"{\"method\":\"GET\",\"url\":\"/api/users/notification\",\"status\":\"401\",\"responseTime\":\"2.838\"}","timestamp":"2024-12-01T16:06:37.353Z"}
{"level":"\u001b[32minfo\u001b[39m","message":"{\"method\":\"POST\",\"url\":\"/api/auth/register\",\"status\":\"500\",\"responseTime\":\"296.063\"}","timestamp":"2024-12-01T16:06:49.480Z"}
{"level":"\u001b[32minfo\u001b[39m","message":"{\"method\":\"GET\",\"url\":\"/api/auth/register\",\"status\":\"404\",\"responseTime\":\"3.215\"}","timestamp":"2024-12-01T16:07:01.434Z"}
{"level":"\u001b[32minfo\u001b[39m","message":"{\"method\":\"POST\",\"url\":\"/api/auth/register\",\"status\":\"500\",\"responseTime\":\"320.171\"}","timestamp":"2024-12-01T16:07:12.435Z"}
{"level":"\u001b[32minfo\u001b[39m","message":"{\"method\":\"POST\",\"url\":\"/api/auth/register\",\"status\":\"500\",\"responseTime\":\"336.119\"}","timestamp":"2024-12-01T16:07:49.524Z"}
{"level":"\u001b[32minfo\u001b[39m","message":"{\"method\":\"POST\",\"url\":\"/api/auth/register\",\"status\":\"500\",\"responseTime\":\"321.253\"}","timestamp":"2024-12-01T16:08:11.544Z"}
{"level":"\u001b[32minfo\u001b[39m","message":"{\"method\":\"POST\",\"url\":\"/api/auth/login\",\"status\":\"200\",\"responseTime\":\"315.768\"}","timestamp":"2024-12-01T16:08:33.241Z"}
{"level":"\u001b[32minfo\u001b[39m","message":"{\"method\":\"GET\",\"url\":\"/api/users/notification\",\"status\":\"200\",\"responseTime\":\"100.710\"}","timestamp":"2024-12-01T16:08:33.380Z"}
{"level":"\u001b[32minfo\u001b[39m","message":"{\"method\":\"GET\",\"url\":\"/api/users/notification\",\"status\":\"304\",\"responseTime\":\"75.123\"}","timestamp":"2024-12-01T16:08:33.459Z"}
{"level":"\u001b[32minfo\u001b[39m","message":"{\"method\":\"GET\",\"url\":\"/api/users/profilePosts\",\"status\":\"200\",\"responseTime\":\"320.727\"}","timestamp":"2024-12-01T16:08:35.677Z"}
{"level":"\u001b[32minfo\u001b[39m","message":"{\"method\":\"GET\",\"url\":\"/api/users/notification\",\"status\":\"304\",\"responseTime\":\"1445.589\"}","timestamp":"2024-12-01T16:08:36.836Z"}
{"level":"\u001b[32minfo\u001b[39m","message":"{\"method\":\"GET\",\"url\":\"/api/users/notification\",\"status\":\"304\",\"responseTime\":\"69.284\"}","timestamp":"2024-12-01T16:08:36.909Z"}
{"level":"\u001b[32minfo\u001b[39m","message":"{\"method\":\"GET\",\"url\":\"/api/chats\",\"status\":\"200\",\"responseTime\":\"1551.180\"}","timestamp":"2024-12-01T16:08:36.914Z"}
{"level":"\u001b[32minfo\u001b[39m","message":"{\"method\":\"GET\",\"url\":\"/api/users/notification\",\"status\":\"304\",\"responseTime\":\"82.536\"}","timestamp":"2024-12-01T16:09:47.823Z"}
{"level":"\u001b[32minfo\u001b[39m","message":"{\"method\":\"GET\",\"url\":\"/api/chats\",\"status\":\"304\",\"responseTime\":\"159.984\"}","timestamp":"2024-12-01T16:09:47.871Z"}
{"level":"\u001b[32minfo\u001b[39m","message":"{\"method\":\"GET\",\"url\":\"/api/users/notification\",\"status\":\"304\",\"responseTime\":\"90.919\"}","timestamp":"2024-12-01T16:09:47.918Z"}
{"level":"\u001b[32minfo\u001b[39m","message":"{\"method\":\"GET\",\"url\":\"/api/users/notification\",\"status\":\"401\",\"responseTime\":\"0.563\"}","timestamp":"2024-12-01T16:09:47.924Z"}
{"level":"\u001b[32minfo\u001b[39m","message":"{\"method\":\"GET\",\"url\":\"/api/users/notification\",\"status\":\"401\",\"responseTime\":\"0.557\"}","timestamp":"2024-12-01T16:09:47.931Z"}
{"level":"\u001b[32minfo\u001b[39m","message":"{\"method\":\"GET\",\"url\":\"/api/users/profilePosts\",\"status\":\"304\",\"responseTime\":\"244.755\"}","timestamp":"2024-12-01T16:09:47.949Z"}
{"level":"\u001b[32minfo\u001b[39m","message":"{\"method\":\"GET\",\"url\":\"/api/chats\",\"status\":\"304\",\"responseTime\":\"156.127\"}","timestamp":"2024-12-01T16:09:48.034Z"}
{"level":"\u001b[32minfo\u001b[39m","message":"{\"method\":\"GET\",\"url\":\"/api/users/profilePosts\",\"status\":\"304\",\"responseTime\":\"226.024\"}","timestamp":"2024-12-01T16:09:48.183Z"}
{"level":"\u001b[32minfo\u001b[39m","message":"{\"method\":\"POST\",\"url\":\"/api/auth/logout\",\"status\":\"200\",\"responseTime\":\"1.345\"}","timestamp":"2024-12-01T16:09:51.705Z"}
{"level":"\u001b[32minfo\u001b[39m","message":"{\"method\":\"POST\",\"url\":\"/api/auth/login\",\"status\":\"200\",\"responseTime\":\"227.109\"}","timestamp":"2024-12-01T16:09:59.790Z"}
{"level":"\u001b[32minfo\u001b[39m","message":"{\"method\":\"GET\",\"url\":\"/api/users/notification\",\"status\":\"304\",\"responseTime\":\"72.445\"}","timestamp":"2024-12-01T16:09:59.890Z"}
{"level":"\u001b[32minfo\u001b[39m","message":"{\"method\":\"GET\",\"url\":\"/api/users/notification\",\"status\":\"304\",\"responseTime\":\"86.990\"}","timestamp":"2024-12-01T16:09:59.980Z"}
{"level":"\u001b[32minfo\u001b[39m","message":"{\"method\":\"GET\",\"url\":\"/api/users/notification\",\"status\":\"304\",\"responseTime\":\"170.024\"}","timestamp":"2024-12-01T16:17:00.693Z"}
{"level":"\u001b[32minfo\u001b[39m","message":"{\"method\":\"GET\",\"url\":\"/api/users/notification\",\"status\":\"304\",\"responseTime\":\"79.571\"}","timestamp":"2024-12-01T16:17:00.775Z"}
{"level":"\u001b[32minfo\u001b[39m","message":"{\"method\":\"GET\",\"url\":\"/api/users/notification\",\"status\":\"304\",\"responseTime\":\"67.393\"}","timestamp":"2024-12-01T16:17:02.566Z"}
{"level":"\u001b[32minfo\u001b[39m","message":"{\"method\":\"GET\",\"url\":\"/api/chats\",\"status\":\"304\",\"responseTime\":\"155.674\"}","timestamp":"2024-12-01T16:17:02.628Z"}
{"level":"\u001b[32minfo\u001b[39m","message":"{\"method\":\"GET\",\"url\":\"/api/users/notification\",\"status\":\"304\",\"responseTime\":\"68.262\"}","timestamp":"2024-12-01T16:17:02.638Z"}
{"level":"\u001b[32minfo\u001b[39m","message":"{\"method\":\"GET\",\"url\":\"/api/users/profilePosts\",\"status\":\"304\",\"responseTime\":\"247.537\"}","timestamp":"2024-12-01T16:17:02.714Z"}
{"level":"\u001b[32minfo\u001b[39m","message":"{\"method\":\"POST\",\"url\":\"/api/auth/logout\",\"status\":\"200\",\"responseTime\":\"0.598\"}","timestamp":"2024-12-01T16:17:03.981Z"}
{"level":"\u001b[32minfo\u001b[39m","message":"{\"method\":\"POST\",\"url\":\"/api/auth/login\",\"status\":\"200\",\"responseTime\":\"222.700\"}","timestamp":"2024-12-01T16:17:12.803Z"}
{"level":"\u001b[32minfo\u001b[39m","message":"{\"method\":\"GET\",\"url\":\"/api/users/notification\",\"status\":\"304\",\"responseTime\":\"85.475\"}","timestamp":"2024-12-01T16:17:12.926Z"}
{"level":"\u001b[32minfo\u001b[39m","message":"{\"method\":\"GET\",\"url\":\"/api/users/notification\",\"status\":\"304\",\"responseTime\":\"65.623\"}","timestamp":"2024-12-01T16:17:12.995Z"}
{"level":"\u001b[32minfo\u001b[39m","message":"{\"method\":\"GET\",\"url\":\"/api/users/notification\",\"status\":\"304\",\"responseTime\":\"63.585\"}","timestamp":"2024-12-01T16:20:17.621Z"}
{"level":"\u001b[32minfo\u001b[39m","message":"{\"method\":\"GET\",\"url\":\"/api/chats\",\"status\":\"304\",\"responseTime\":\"136.538\"}","timestamp":"2024-12-01T16:20:17.680Z"}
{"level":"\u001b[32minfo\u001b[39m","message":"{\"method\":\"GET\",\"url\":\"/api/users/notification\",\"status\":\"304\",\"responseTime\":\"70.623\"}","timestamp":"2024-12-01T16:20:17.696Z"}
{"level":"\u001b[32minfo\u001b[39m","message":"{\"method\":\"GET\",\"url\":\"/api/users/profilePosts\",\"status\":\"304\",\"responseTime\":\"225.583\"}","timestamp":"2024-12-01T16:20:17.764Z"}
{"level":"\u001b[32minfo\u001b[39m","message":"{\"method\":\"GET\",\"url\":\"/api/users/notification\",\"status\":\"401\",\"responseTime\":\"12.879\"}","timestamp":"2024-12-01T16:25:19.804Z"}
{"level":"\u001b[32minfo\u001b[39m","message":"{\"method\":\"GET\",\"url\":\"/api/users/notification\",\"status\":\"401\",\"responseTime\":\"3.647\"}","timestamp":"2024-12-01T16:25:19.880Z"}
{"level":"\u001b[32minfo\u001b[39m","message":"{\"method\":\"GET\",\"url\":\"/api/chats\",\"status\":\"304\",\"responseTime\":\"2263.997\"}","timestamp":"2024-12-01T16:25:21.992Z"}
{"level":"\u001b[32minfo\u001b[39m","message":"{\"method\":\"GET\",\"url\":\"/api/chats\",\"status\":\"304\",\"responseTime\":\"123.119\"}","timestamp":"2024-12-01T16:25:22.120Z"}
{"level":"\u001b[32minfo\u001b[39m","message":"{\"method\":\"GET\",\"url\":\"/api/users/profilePosts\",\"status\":\"304\",\"responseTime\":\"2431.171\"}","timestamp":"2024-12-01T16:25:22.126Z"}
{"level":"\u001b[32minfo\u001b[39m","message":"{\"method\":\"GET\",\"url\":\"/api/users/notification\",\"status\":\"304\",\"responseTime\":\"2532.635\"}","timestamp":"2024-12-01T16:25:22.275Z"}
{"level":"\u001b[32minfo\u001b[39m","message":"{\"method\":\"GET\",\"url\":\"/api/users/profilePosts\",\"status\":\"304\",\"responseTime\":\"208.835\"}","timestamp":"2024-12-01T16:25:22.341Z"}
{"level":"\u001b[32minfo\u001b[39m","message":"{\"method\":\"GET\",\"url\":\"/api/users/notification\",\"status\":\"304\",\"responseTime\":\"66.040\"}","timestamp":"2024-12-01T16:25:22.345Z"}
{"level":"\u001b[32minfo\u001b[39m","message":"{\"method\":\"GET\",\"url\":\"/api/users/notification\",\"status\":\"304\",\"responseTime\":\"84.563\"}","timestamp":"2024-12-01T16:25:24.501Z"}
{"level":"\u001b[32minfo\u001b[39m","message":"{\"method\":\"GET\",\"url\":\"/api/users/notification\",\"status\":\"304\",\"responseTime\":\"82.147\"}","timestamp":"2024-12-01T16:25:24.590Z"}
{"level":"\u001b[32minfo\u001b[39m","message":"{\"method\":\"GET\",\"url\":\"/api/users/notification\",\"status\":\"304\",\"responseTime\":\"82.707\"}","timestamp":"2024-12-01T16:25:27.048Z"}
{"level":"\u001b[32minfo\u001b[39m","message":"{\"method\":\"GET\",\"url\":\"/api/chats\",\"status\":\"304\",\"responseTime\":\"166.102\"}","timestamp":"2024-12-01T16:25:27.111Z"}
{"level":"\u001b[32minfo\u001b[39m","message":"{\"method\":\"GET\",\"url\":\"/api/users/notification\",\"status\":\"304\",\"responseTime\":\"67.965\"}","timestamp":"2024-12-01T16:25:27.120Z"}
{"level":"\u001b[32minfo\u001b[39m","message":"{\"method\":\"GET\",\"url\":\"/api/users/profilePosts\",\"status\":\"304\",\"responseTime\":\"233.195\"}","timestamp":"2024-12-01T16:25:27.171Z"}
{"level":"\u001b[32minfo\u001b[39m","message":"{\"method\":\"POST\",\"url\":\"/api/auth/logout\",\"status\":\"200\",\"responseTime\":\"1.968\"}","timestamp":"2024-12-01T16:25:28.533Z"}
{"level":"\u001b[32minfo\u001b[39m","message":"User logged in successfully: User-2","timestamp":"2024-12-01T16:25:41.614Z"}
{"level":"\u001b[32minfo\u001b[39m","message":"{\"method\":\"POST\",\"url\":\"/api/auth/login\",\"status\":\"200\",\"responseTime\":\"205.091\"}","timestamp":"2024-12-01T16:25:41.617Z"}
{"level":"\u001b[32minfo\u001b[39m","message":"{\"method\":\"GET\",\"url\":\"/api/users/notification\",\"status\":\"304\",\"responseTime\":\"82.681\"}","timestamp":"2024-12-01T16:25:41.730Z"}
{"level":"\u001b[32minfo\u001b[39m","message":"{\"method\":\"GET\",\"url\":\"/api/users/notification\",\"status\":\"304\",\"responseTime\":\"76.408\"}","timestamp":"2024-12-01T16:25:41.812Z"}
{"level":"\u001b[32minfo\u001b[39m","message":"{\"method\":\"GET\",\"url\":\"/api/users/notification\",\"status\":\"304\",\"responseTime\":\"123.534\"}","timestamp":"2024-12-01T16:27:21.378Z"}
{"level":"\u001b[32minfo\u001b[39m","message":"{\"method\":\"GET\",\"url\":\"/api/users/notification\",\"status\":\"304\",\"responseTime\":\"75.819\"}","timestamp":"2024-12-01T16:27:21.459Z"}
{"level":"\u001b[32minfo\u001b[39m","message":"{\"method\":\"GET\",\"url\":\"/api/users/notification\",\"status\":\"304\",\"responseTime\":\"68.907\"}","timestamp":"2024-12-01T16:27:24.862Z"}
{"level":"\u001b[32minfo\u001b[39m","message":"{\"method\":\"GET\",\"url\":\"/api/chats\",\"status\":\"200\",\"responseTime\":\"154.897\"}","timestamp":"2024-12-01T16:27:24.918Z"}
{"level":"\u001b[32minfo\u001b[39m","message":"{\"method\":\"GET\",\"url\":\"/api/users/notification\",\"status\":\"304\",\"responseTime\":\"72.647\"}","timestamp":"2024-12-01T16:27:24.939Z"}
{"level":"\u001b[32minfo\u001b[39m","message":"{\"method\":\"GET\",\"url\":\"/api/users/profilePosts\",\"status\":\"200\",\"responseTime\":\"230.230\"}","timestamp":"2024-12-01T16:27:24.992Z"}
{"level":"\u001b[32minfo\u001b[39m","message":"{\"method\":\"POST\",\"url\":\"/api/auth/logout\",\"status\":\"200\",\"responseTime\":\"1.174\"}","timestamp":"2024-12-01T16:27:26.471Z"}
{"level":"\u001b[32minfo\u001b[39m","message":"{\"method\":\"POST\",\"url\":\"/api/auth/login\",\"status\":\"400\",\"responseTime\":\"569.651\"}","timestamp":"2024-12-01T16:27:35.636Z"}
{"level":"\u001b[32minfo\u001b[39m","message":"User logged in successfully: User-1","timestamp":"2024-12-01T16:28:23.919Z"}
{"level":"\u001b[32minfo\u001b[39m","message":"{\"method\":\"POST\",\"url\":\"/api/auth/login\",\"status\":\"200\",\"responseTime\":\"193.669\"}","timestamp":"2024-12-01T16:28:23.921Z"}
{"level":"\u001b[32minfo\u001b[39m","message":"{\"method\":\"GET\",\"url\":\"/api/users/notification\",\"status\":\"304\",\"responseTime\":\"73.774\"}","timestamp":"2024-12-01T16:28:24.027Z"}
{"level":"\u001b[32minfo\u001b[39m","message":"{\"method\":\"GET\",\"url\":\"/api/users/notification\",\"status\":\"304\",\"responseTime\":\"77.705\"}","timestamp":"2024-12-01T16:28:24.107Z"}
{"level":"\u001b[32minfo\u001b[39m","message":"{\"method\":\"GET\",\"url\":\"/api/users/notification\",\"status\":\"304\",\"responseTime\":\"85.283\"}","timestamp":"2024-12-01T16:29:24.610Z"}
{"level":"\u001b[32minfo\u001b[39m","message":"{\"method\":\"GET\",\"url\":\"/api/users/notification\",\"status\":\"304\",\"responseTime\":\"73.777\"}","timestamp":"2024-12-01T16:29:24.688Z"}
{"level":"\u001b[32minfo\u001b[39m","message":"{\"method\":\"GET\",\"url\":\"/api/users/notification\",\"status\":\"304\",\"responseTime\":\"74.569\"}","timestamp":"2024-12-01T16:29:26.490Z"}
{"level":"\u001b[32minfo\u001b[39m","message":"{\"method\":\"GET\",\"url\":\"/api/chats\",\"status\":\"200\",\"responseTime\":\"158.295\"}","timestamp":"2024-12-01T16:29:26.549Z"}
{"level":"\u001b[32minfo\u001b[39m","message":"{\"method\":\"GET\",\"url\":\"/api/users/notification\",\"status\":\"304\",\"responseTime\":\"70.231\"}","timestamp":"2024-12-01T16:29:26.563Z"}
{"level":"\u001b[32minfo\u001b[39m","message":"{\"method\":\"GET\",\"url\":\"/api/users/profilePosts\",\"status\":\"200\",\"responseTime\":\"246.377\"}","timestamp":"2024-12-01T16:29:26.625Z"}
{"level":"\u001b[32minfo\u001b[39m","message":"{\"method\":\"POST\",\"url\":\"/api/auth/logout\",\"status\":\"200\",\"responseTime\":\"0.603\"}","timestamp":"2024-12-01T16:29:27.836Z"}
{"level":"\u001b[32minfo\u001b[39m","message":"{\"method\":\"POST\",\"url\":\"/api/auth/login\",\"status\":\"400\",\"responseTime\":\"187.964\"}","timestamp":"2024-12-01T16:29:36.198Z"}
{"level":"\u001b[32minfo\u001b[39m","message":"User logged in successfully: User-1","timestamp":"2024-12-01T16:29:42.633Z"}
{"level":"\u001b[32minfo\u001b[39m","message":"{\"method\":\"POST\",\"url\":\"/api/auth/login\",\"status\":\"200\",\"responseTime\":\"202.675\"}","timestamp":"2024-12-01T16:29:42.634Z"}
{"level":"\u001b[32minfo\u001b[39m","message":"{\"method\":\"GET\",\"url\":\"/api/users/notification\",\"status\":\"304\",\"responseTime\":\"112.118\"}","timestamp":"2024-12-01T16:29:42.778Z"}
{"level":"\u001b[32minfo\u001b[39m","message":"{\"method\":\"GET\",\"url\":\"/api/users/notification\",\"status\":\"304\",\"responseTime\":\"66.362\"}","timestamp":"2024-12-01T16:29:42.848Z"}
{"level":"\u001b[32minfo\u001b[39m","message":"{\"method\":\"GET\",\"url\":\"/api/users/notification\",\"status\":\"304\",\"responseTime\":\"76.634\"}","timestamp":"2024-12-01T16:30:08.574Z"}
{"level":"\u001b[32minfo\u001b[39m","message":"{\"method\":\"GET\",\"url\":\"/api/chats\",\"status\":\"304\",\"responseTime\":\"157.760\"}","timestamp":"2024-12-01T16:30:08.641Z"}
{"level":"\u001b[32minfo\u001b[39m","message":"{\"method\":\"GET\",\"url\":\"/api/users/notification\",\"status\":\"304\",\"responseTime\":\"68.303\"}","timestamp":"2024-12-01T16:30:08.648Z"}
{"level":"\u001b[32minfo\u001b[39m","message":"{\"method\":\"GET\",\"url\":\"/api/users/profilePosts\",\"status\":\"304\",\"responseTime\":\"232.670\"}","timestamp":"2024-12-01T16:30:08.710Z"}
{"level":"\u001b[32minfo\u001b[39m","message":"{\"method\":\"POST\",\"url\":\"/api/auth/logout\",\"status\":\"200\",\"responseTime\":\"0.597\"}","timestamp":"2024-12-01T16:30:10.189Z"}
{"level":"\u001b[32minfo\u001b[39m","message":"{\"method\":\"POST\",\"url\":\"/api/auth/login\",\"status\":\"400\",\"responseTime\":\"90.363\"}","timestamp":"2024-12-01T16:30:21.283Z"}
{"level":"\u001b[32minfo\u001b[39m","message":"User logged in successfully: User-1","timestamp":"2024-12-01T16:30:27.849Z"}
{"level":"\u001b[32minfo\u001b[39m","message":"{\"method\":\"POST\",\"url\":\"/api/auth/login\",\"status\":\"200\",\"responseTime\":\"232.004\"}","timestamp":"2024-12-01T16:30:27.851Z"}
{"level":"\u001b[32minfo\u001b[39m","message":"{\"method\":\"GET\",\"url\":\"/api/users/notification\",\"status\":\"304\",\"responseTime\":\"214.399\"}","timestamp":"2024-12-01T16:30:28.092Z"}
{"level":"\u001b[32minfo\u001b[39m","message":"{\"method\":\"GET\",\"url\":\"/api/users/notification\",\"status\":\"304\",\"responseTime\":\"60.153\"}","timestamp":"2024-12-01T16:30:28.156Z"}
{"level":"\u001b[32minfo\u001b[39m","message":"{\"method\":\"GET\",\"url\":\"/api/chats\",\"status\":\"-\",\"responseTime\":\"-\"}","timestamp":"2024-12-01T16:32:29.104Z"}
{"level":"\u001b[32minfo\u001b[39m","message":"{\"method\":\"GET\",\"url\":\"/api/users/notification\",\"status\":\"-\",\"responseTime\":\"-\"}","timestamp":"2024-12-01T16:32:29.115Z"}
{"level":"\u001b[32minfo\u001b[39m","message":"{\"method\":\"GET\",\"url\":\"/api/users/profilePosts\",\"status\":\"-\",\"responseTime\":\"-\"}","timestamp":"2024-12-01T16:32:29.119Z"}
{"level":"\u001b[32minfo\u001b[39m","message":"{\"method\":\"GET\",\"url\":\"/api/users/notification\",\"status\":\"200\",\"responseTime\":\"336.510\"}","timestamp":"2024-12-01T16:32:29.781Z"}
{"level":"\u001b[32minfo\u001b[39m","message":"{\"method\":\"GET\",\"url\":\"/api/users/notification\",\"status\":\"304\",\"responseTime\":\"107.762\"}","timestamp":"2024-12-01T16:32:29.899Z"}
{"level":"\u001b[32minfo\u001b[39m","message":"{\"method\":\"GET\",\"url\":\"/api/chats\",\"status\":\"200\",\"responseTime\":\"505.443\"}","timestamp":"2024-12-01T16:32:29.904Z"}
{"level":"\u001b[32minfo\u001b[39m","message":"{\"method\":\"GET\",\"url\":\"/api/chats\",\"status\":\"304\",\"responseTime\":\"128.586\"}","timestamp":"2024-12-01T16:32:30.038Z"}
{"level":"\u001b[32minfo\u001b[39m","message":"{\"method\":\"GET\",\"url\":\"/api/users/profilePosts\",\"status\":\"200\",\"responseTime\":\"793.152\"}","timestamp":"2024-12-01T16:32:30.181Z"}
{"level":"\u001b[32minfo\u001b[39m","message":"{\"method\":\"GET\",\"url\":\"/api/users/profilePosts\",\"status\":\"304\",\"responseTime\":\"224.449\"}","timestamp":"2024-12-01T16:32:30.411Z"}
{"level":"\u001b[32minfo\u001b[39m","message":"{\"method\":\"POST\",\"url\":\"/api/auth/logout\",\"status\":\"200\",\"responseTime\":\"2.769\"}","timestamp":"2024-12-01T16:32:31.510Z"}
{"level":"\u001b[32minfo\u001b[39m","message":"User registered  successfully: User-001","timestamp":"2024-12-01T16:32:54.871Z"}
{"level":"\u001b[32minfo\u001b[39m","message":"{\"method\":\"POST\",\"url\":\"/api/auth/register\",\"status\":\"201\",\"responseTime\":\"418.219\"}","timestamp":"2024-12-01T16:32:54.874Z"}
{"level":"\u001b[32minfo\u001b[39m","message":"User logged in successfully: User-001","timestamp":"2024-12-01T16:33:06.593Z"}
{"level":"\u001b[32minfo\u001b[39m","message":"{\"method\":\"POST\",\"url\":\"/api/auth/login\",\"status\":\"200\",\"responseTime\":\"239.692\"}","timestamp":"2024-12-01T16:33:06.595Z"}
{"level":"\u001b[32minfo\u001b[39m","message":"{\"method\":\"GET\",\"url\":\"/api/users/notification\",\"status\":\"304\",\"responseTime\":\"92.736\"}","timestamp":"2024-12-01T16:33:06.718Z"}
{"level":"\u001b[32minfo\u001b[39m","message":"{\"method\":\"GET\",\"url\":\"/api/users/notification\",\"status\":\"304\",\"responseTime\":\"76.433\"}","timestamp":"2024-12-01T16:33:06.800Z"}
{"level":"\u001b[32minfo\u001b[39m","message":"{\"method\":\"GET\",\"url\":\"/api/chats\",\"status\":\"200\",\"responseTime\":\"66.965\"}","timestamp":"2024-12-01T16:33:09.198Z"}
{"level":"\u001b[32minfo\u001b[39m","message":"{\"method\":\"GET\",\"url\":\"/api/users/notification\",\"status\":\"304\",\"responseTime\":\"75.625\"}","timestamp":"2024-12-01T16:33:09.228Z"}
{"level":"\u001b[32minfo\u001b[39m","message":"{\"method\":\"GET\",\"url\":\"/api/users/profilePosts\",\"status\":\"200\",\"responseTime\":\"173.740\"}","timestamp":"2024-12-01T16:33:09.298Z"}
{"level":"\u001b[32minfo\u001b[39m","message":"{\"method\":\"GET\",\"url\":\"/api/users/notification\",\"status\":\"304\",\"responseTime\":\"70.145\"}","timestamp":"2024-12-01T16:33:09.302Z"}
{"level":"\u001b[32minfo\u001b[39m","message":"{\"method\":\"POST\",\"url\":\"/api/auth/logout\",\"status\":\"200\",\"responseTime\":\"0.843\"}","timestamp":"2024-12-01T16:34:30.086Z"}
{"level":"\u001b[32minfo\u001b[39m","message":"User logged in successfully: User-1","timestamp":"2024-12-01T16:34:40.767Z"}
{"level":"\u001b[32minfo\u001b[39m","message":"{\"method\":\"POST\",\"url\":\"/api/auth/login\",\"status\":\"200\",\"responseTime\":\"212.278\"}","timestamp":"2024-12-01T16:34:40.769Z"}
{"level":"\u001b[32minfo\u001b[39m","message":"{\"method\":\"GET\",\"url\":\"/api/users/notification\",\"status\":\"304\",\"responseTime\":\"108.088\"}","timestamp":"2024-12-01T16:34:40.905Z"}
{"level":"\u001b[32minfo\u001b[39m","message":"{\"method\":\"GET\",\"url\":\"/api/users/notification\",\"status\":\"304\",\"responseTime\":\"156.270\"}","timestamp":"2024-12-01T16:34:41.065Z"}
{"level":"\u001b[32minfo\u001b[39m","message":"{\"method\":\"POST\",\"url\":\"/api/auth/logout\",\"status\":\"200\",\"responseTime\":\"7.083\"}","timestamp":"2024-12-01T16:35:29.287Z"}
{"level":"\u001b[32minfo\u001b[39m","message":"{\"method\":\"GET\",\"url\":\"/api/users/notification\",\"status\":\"304\",\"responseTime\":\"1827.595\"}","timestamp":"2024-12-01T16:35:31.093Z"}
{"level":"\u001b[32minfo\u001b[39m","message":"{\"method\":\"GET\",\"url\":\"/api/users/notification\",\"status\":\"304\",\"responseTime\":\"77.602\"}","timestamp":"2024-12-01T16:35:31.175Z"}
{"level":"\u001b[32minfo\u001b[39m","message":"{\"method\":\"GET\",\"url\":\"/api/users/profilePosts\",\"status\":\"200\",\"responseTime\":\"2098.142\"}","timestamp":"2024-12-01T16:35:31.331Z"}
{"level":"\u001b[32minfo\u001b[39m","message":"{\"method\":\"GET\",\"url\":\"/api/chats\",\"status\":\"200\",\"responseTime\":\"2252.375\"}","timestamp":"2024-12-01T16:35:31.505Z"}
{"level":"\u001b[32minfo\u001b[39m","message":"User-1 logged in successfully","timestamp":"2024-12-01T16:35:46.899Z"}
{"level":"\u001b[32minfo\u001b[39m","message":"{\"method\":\"POST\",\"url\":\"/api/auth/login\",\"status\":\"200\",\"responseTime\":\"249.439\"}","timestamp":"2024-12-01T16:35:46.902Z"}
{"level":"\u001b[32minfo\u001b[39m","message":"{\"method\":\"GET\",\"url\":\"/api/users/notification\",\"status\":\"304\",\"responseTime\":\"83.246\"}","timestamp":"2024-12-01T16:35:47.028Z"}
{"level":"\u001b[32minfo\u001b[39m","message":"{\"method\":\"GET\",\"url\":\"/api/users/notification\",\"status\":\"304\",\"responseTime\":\"73.493\"}","timestamp":"2024-12-01T16:35:47.105Z"}
